2020-10-22 17:27:59  :: Net Contracts for Security V20 :100
2020-10-22 17:27:59  :: Net Contracts for Security X20 :-10
2020-10-22 17:27:59  :: Net Contracts for Security Z20 :-5
2020-10-22 17:27:59  :: Base Margin for FirmId BLKFILLS:0
2020-10-22 17:27:59  :: Net Contracts for Security V20 :100
2020-10-22 17:27:59  :: Net Contracts for Security X20 :-10
2020-10-22 17:27:59  :: Net Contracts for Security Z20 :-5
2020-10-22 17:27:59  :: Base Margin for FirmId BLKFILLS:0
2020-10-22 17:28:00  :: Net Contracts for Security V20 :100
2020-10-22 17:28:00  :: Net Contracts for Security X20 :-10
2020-10-22 17:28:00  :: Net Contracts for Security Z20 :-5
2020-10-22 17:28:00  :: Base Margin for FirmId BLKFILLS:0
2020-10-22 17:28:55  :: Net Contracts for Security V20 :100
2020-10-22 17:28:55  :: Net Contracts for Security X20 :-10
2020-10-22 17:28:55  :: Net Contracts for Security Z20 :-5
2020-10-22 17:28:55  :: Base Margin for FirmId BLKFILLS:0
2020-10-22 17:28:55  :: Net Contracts for Security V20 :100
2020-10-22 17:28:55  :: Net Contracts for Security X20 :-10
2020-10-22 17:28:55  :: Net Contracts for Security Z20 :-5
2020-10-22 17:28:55  :: Base Margin for FirmId BLKFILLS:0
2020-10-22 17:28:57  :: Net Contracts for Security V20 :100
2020-10-22 17:28:57  :: Net Contracts for Security X20 :-10
2020-10-22 17:28:57  :: Net Contracts for Security Z20 :-5
2020-10-22 17:28:57  :: Base Margin for FirmId BLKFILLS:0
2020-10-22 17:30:56  :: Net Contracts for Security V20 :100
2020-10-22 17:30:56  :: Net Contracts for Security X20 :-10
2020-10-22 17:30:56  :: Net Contracts for Security Z20 :-5
2020-10-22 17:30:56  :: Base Margin for FirmId BLKFILLS:0
2020-10-22 17:32:33  :: Net Contracts for Security V20 :100
2020-10-22 17:32:33  :: Net Contracts for Security X20 :-10
2020-10-22 17:32:33  :: Net Contracts for Security Z20 :-5
2020-10-22 17:32:33  :: Base Margin for FirmId BLKFILLS:0
2020-10-22 17:33:58  :: Net Contracts for Security V20 :100
2020-10-22 17:33:58  :: Net Contracts for Security X20 :-10
2020-10-22 17:33:58  :: Net Contracts for Security Z20 :-5
2020-10-22 17:33:58  :: Base Margin for FirmId BLKFILLS:262643.68925
2020-10-22 17:34:13  :: Net Contracts for Security V20 :100
2020-10-22 17:34:13  :: Net Contracts for Security X20 :-10
2020-10-22 17:34:13  :: Net Contracts for Security Z20 :-5
2020-10-22 17:34:13  :: Base Margin for FirmId BLKFILLS:0
2020-10-22 17:34:33  :: Net Contracts for Security V20 :100
2020-10-22 17:34:41  :: Net Contracts for Security X20 :-10
2020-10-22 17:34:41  :: Net Contracts for Security Z20 :-5
2020-10-22 17:34:41  :: Base Margin for FirmId BLKFILLS:0
2020-10-22 17:35:10  :: Net Contracts for Security V20 :100
2020-10-22 17:35:10  :: Net Contracts for Security X20 :-10
2020-10-22 17:35:10  :: Net Contracts for Security Z20 :-5
2020-10-22 17:35:10  :: Base Margin for FirmId BLKFILLS:262643.68925
