2020-11-02 9:55:04  :: Net Contracts for Security X20 :-10
2020-11-02 9:55:04  :: Net Contracts for Security Z20 :0
2020-11-02 9:55:04  :: Net Contracts for Security F21 :0
2020-11-02 9:55:04  :: Base Margin for FirmId TSTFRM1:39794.3565
2020-11-02 9:55:04  :: Net Contracts for Security X20 :-10
2020-11-02 9:55:04  :: Net Contracts for Security Z20 :0
2020-11-02 9:55:04  :: Net Contracts for Security F21 :0
2020-11-02 9:55:04  :: Base Margin for FirmId TSTFRM1:39794.3565
2020-11-02 9:55:04  :: Net Contracts for Security X20 :0
2020-11-02 9:55:04  :: Net Contracts for Security Z20 :0
2020-11-02 9:55:04  :: Net Contracts for Security F21 :0
2020-11-02 9:55:04  :: Base Margin for FirmId MMF02:0
2020-11-02 9:55:04  :: Net Contracts for Security X20 :0
2020-11-02 9:55:04  :: Net Contracts for Security Z20 :0
2020-11-02 9:55:04  :: Net Contracts for Security F21 :0
2020-11-02 9:55:04  :: Base Margin for FirmId MMF02:0
2020-11-02 9:55:04  :: Net Contracts for Security X20 :0
2020-11-02 9:55:04  :: Net Contracts for Security Z20 :0
2020-11-02 9:55:04  :: Net Contracts for Security F21 :0
2020-11-02 9:55:04  :: Base Margin for FirmId BRADTR:0
2020-11-02 9:55:04  :: Net Contracts for Security X20 :0
2020-11-02 9:55:04  :: Net Contracts for Security Z20 :0
2020-11-02 9:55:04  :: Net Contracts for Security F21 :0
2020-11-02 9:55:04  :: Base Margin for FirmId BRADTR:0
2020-11-02 9:55:04  :: Net Contracts for Security X20 :10
2020-11-02 9:55:04  :: Net Contracts for Security Z20 :0
2020-11-02 9:55:04  :: Net Contracts for Security F21 :0
2020-11-02 9:55:04  :: Base Margin for FirmId JAMES:39794.3565
2020-11-02 9:55:04  :: Net Contracts for Security X20 :10
2020-11-02 9:55:04  :: Net Contracts for Security Z20 :0
2020-11-02 9:55:04  :: Net Contracts for Security F21 :0
2020-11-02 9:55:04  :: Base Margin for FirmId JAMES:39794.3565
2020-11-02 9:55:04  :: Net Contracts for Security X20 :0
2020-11-02 9:55:04  :: Net Contracts for Security Z20 :0
2020-11-02 9:55:04  :: Net Contracts for Security F21 :0
2020-11-02 9:55:04  :: Base Margin for FirmId XBTO01:0
2020-11-02 9:55:04  :: Net Contracts for Security X20 :0
2020-11-02 9:55:04  :: Net Contracts for Security Z20 :0
2020-11-02 9:55:04  :: Net Contracts for Security F21 :0
2020-11-02 9:55:04  :: Base Margin for FirmId XBTO01:0
2020-11-02 9:55:04  :: Net Contracts for Security X20 :0
2020-11-02 9:55:04  :: Net Contracts for Security Z20 :0
2020-11-02 9:55:04  :: Net Contracts for Security F21 :0
2020-11-02 9:55:04  :: Base Margin for FirmId F110:0
2020-11-02 9:55:04  :: Net Contracts for Security X20 :0
2020-11-02 9:55:04  :: Net Contracts for Security Z20 :0
2020-11-02 9:55:04  :: Net Contracts for Security F21 :0
2020-11-02 9:55:04  :: Base Margin for FirmId F110:0
2020-11-02 9:55:04  :: Net Contracts for Security X20 :0
2020-11-02 9:55:04  :: Net Contracts for Security Z20 :0
2020-11-02 9:55:04  :: Net Contracts for Security F21 :0
2020-11-02 9:55:04  :: Base Margin for FirmId F220:0
2020-11-02 9:55:04  :: Net Contracts for Security X20 :0
2020-11-02 9:55:04  :: Net Contracts for Security Z20 :0
2020-11-02 9:55:04  :: Net Contracts for Security F21 :0
2020-11-02 9:55:04  :: Base Margin for FirmId F220:0
2020-11-02 9:55:04  :: Net Contracts for Security X20 :0
2020-11-02 9:55:04  :: Net Contracts for Security Z20 :0
2020-11-02 9:55:04  :: Net Contracts for Security F21 :0
2020-11-02 9:55:04  :: Base Margin for FirmId ECOP00:0
2020-11-02 9:55:04  :: Net Contracts for Security X20 :0
2020-11-02 9:55:04  :: Net Contracts for Security Z20 :0
2020-11-02 9:55:04  :: Net Contracts for Security F21 :0
2020-11-02 9:55:04  :: Base Margin for FirmId ECOP00:0
2020-11-02 9:55:04  :: Net Contracts for Security X20 :0
2020-11-02 9:55:04  :: Net Contracts for Security Z20 :0
2020-11-02 9:55:04  :: Net Contracts for Security F21 :0
2020-11-02 9:55:04  :: Base Margin for FirmId BLKFILLS:0
2020-11-02 9:55:04  :: Net Contracts for Security X20 :0
2020-11-02 9:55:04  :: Net Contracts for Security Z20 :0
2020-11-02 9:55:04  :: Net Contracts for Security F21 :0
2020-11-02 9:55:04  :: Base Margin for FirmId BLKFILLS:0
2020-11-02 9:55:04  :: Net Contracts for Security X20 :0
2020-11-02 9:55:04  :: Net Contracts for Security Z20 :0
2020-11-02 9:55:04  :: Net Contracts for Security F21 :0
2020-11-02 9:55:04  :: Base Margin for FirmId MMF10:0
2020-11-02 9:55:04  :: Net Contracts for Security X20 :0
2020-11-02 9:55:04  :: Net Contracts for Security Z20 :0
2020-11-02 9:55:04  :: Net Contracts for Security F21 :0
2020-11-02 9:55:04  :: Base Margin for FirmId MMF10:0
