2020-10-23 10:08:28  :: Net Contracts for Security V20 :100
2020-10-23 10:08:28  :: Net Contracts for Security X20 :-10
2020-10-23 10:08:28  :: Net Contracts for Security Z20 :-5
2020-10-23 10:08:28  :: Base Margin for FirmId BLKFILLS:262643.68925
2020-10-23 10:08:28  :: Net Contracts for Security V20 :100
2020-10-23 10:08:28  :: Net Contracts for Security X20 :-10
2020-10-23 10:08:28  :: Net Contracts for Security Z20 :-5
2020-10-23 10:08:28  :: Base Margin for FirmId BLKFILLS:262643.68925
2020-10-23 10:10:01  :: Net Contracts for Security V20 :100
2020-10-23 10:10:01  :: Net Contracts for Security X20 :-10
2020-10-23 10:10:01  :: Net Contracts for Security Z20 :-5
2020-10-23 10:10:01  :: Base Margin for FirmId BLKFILLS:262643.68925
2020-10-23 10:10:01  :: Net Contracts for Security V20 :100
2020-10-23 10:10:01  :: Net Contracts for Security X20 :-10
2020-10-23 10:10:01  :: Net Contracts for Security Z20 :-5
2020-10-23 10:10:01  :: Base Margin for FirmId BLKFILLS:262643.68925
2020-10-23 10:10:06  :: Net Contracts for Security V20 :100
2020-10-23 10:10:06  :: Net Contracts for Security X20 :-10
2020-10-23 10:10:06  :: Net Contracts for Security Z20 :-5
2020-10-23 10:10:06  :: Base Margin for FirmId BLKFILLS:262643.68925
2020-10-23 10:10:06  :: Net Contracts for Security V20 :100
2020-10-23 10:10:06  :: Net Contracts for Security X20 :-10
2020-10-23 10:10:06  :: Net Contracts for Security Z20 :-5
2020-10-23 10:10:06  :: Base Margin for FirmId BLKFILLS:262643.68925
2020-10-23 10:15:46  :: Net Contracts for Security V20 :100
2020-10-23 10:15:46  :: Net Contracts for Security X20 :-10
2020-10-23 10:15:46  :: Net Contracts for Security Z20 :-5
2020-10-23 10:15:46  :: Base Margin for FirmId BLKFILLS:262643.68925
2020-10-23 10:15:46  :: Net Contracts for Security V20 :100
2020-10-23 10:15:46  :: Net Contracts for Security X20 :-10
2020-10-23 10:15:46  :: Net Contracts for Security Z20 :-5
2020-10-23 10:15:46  :: Base Margin for FirmId BLKFILLS:262643.68925
2020-10-23 10:15:46  :: Net Contracts for Security V20 :5
2020-10-23 10:15:46  :: Net Contracts for Security X20 :0
2020-10-23 10:15:46  :: Net Contracts for Security Z20 :0
2020-10-23 10:15:46  :: Base Margin for FirmId TSTFRM1:11418.712
2020-10-23 10:15:46  :: Net Contracts for Security V20 :5
2020-10-23 10:15:46  :: Net Contracts for Security X20 :0
2020-10-23 10:15:46  :: Net Contracts for Security Z20 :0
2020-10-23 10:15:46  :: Base Margin for FirmId TSTFRM1:11418.712
2020-10-23 10:15:46  :: Net Contracts for Security V20 :0
2020-10-23 10:15:46  :: Net Contracts for Security X20 :-65
2020-10-23 10:15:46  :: Net Contracts for Security Z20 :0
2020-10-23 10:15:46  :: Base Margin for FirmId MMF02:148452.17725
2020-10-23 10:15:46  :: Net Contracts for Security V20 :0
2020-10-23 10:15:46  :: Net Contracts for Security X20 :-65
2020-10-23 10:15:46  :: Net Contracts for Security Z20 :0
2020-10-23 10:15:46  :: Base Margin for FirmId MMF02:148452.17725
2020-10-23 10:15:46  :: Net Contracts for Security V20 :-400
2020-10-23 10:15:46  :: Net Contracts for Security X20 :400
2020-10-23 10:15:46  :: Net Contracts for Security Z20 :0
2020-10-23 10:15:46  :: Base Margin for FirmId BRADTR:1827048.82
2020-10-23 10:15:46  :: Net Contracts for Security V20 :-400
2020-10-23 10:15:46  :: Net Contracts for Security X20 :400
2020-10-23 10:15:46  :: Net Contracts for Security Z20 :0
2020-10-23 10:15:46  :: Base Margin for FirmId BRADTR:1827048.82
2020-10-23 10:15:46  :: Net Contracts for Security V20 :10
2020-10-23 10:15:46  :: Net Contracts for Security X20 :30
2020-10-23 10:15:46  :: Net Contracts for Security Z20 :0
2020-10-23 10:15:46  :: Base Margin for FirmId JAMES:91353.8135
2020-10-23 10:15:46  :: Net Contracts for Security V20 :10
2020-10-23 10:15:46  :: Net Contracts for Security X20 :30
2020-10-23 10:15:46  :: Net Contracts for Security Z20 :0
2020-10-23 10:15:46  :: Base Margin for FirmId JAMES:91353.8135
2020-10-23 10:15:46  :: Net Contracts for Security V20 :-35
2020-10-23 10:15:46  :: Net Contracts for Security X20 :-325
2020-10-23 10:15:46  :: Net Contracts for Security Z20 :115
2020-10-23 10:15:46  :: Base Margin for FirmId MMF10:1085096.8835
2020-10-23 10:15:46  :: Net Contracts for Security V20 :-35
2020-10-23 10:15:46  :: Net Contracts for Security X20 :-325
2020-10-23 10:15:46  :: Net Contracts for Security Z20 :115
2020-10-23 10:15:46  :: Base Margin for FirmId MMF10:1085096.8835
2020-10-23 10:15:46  :: Net Contracts for Security V20 :0
2020-10-23 10:15:46  :: Net Contracts for Security X20 :0
2020-10-23 10:15:46  :: Net Contracts for Security Z20 :0
2020-10-23 10:15:46  :: Base Margin for FirmId XBTO01:0
2020-10-23 10:15:46  :: Net Contracts for Security V20 :0
2020-10-23 10:15:46  :: Net Contracts for Security X20 :0
2020-10-23 10:15:46  :: Net Contracts for Security Z20 :0
2020-10-23 10:15:46  :: Base Margin for FirmId XBTO01:0
2020-10-23 10:15:46  :: Net Contracts for Security V20 :20
2020-10-23 10:15:46  :: Net Contracts for Security X20 :-30
2020-10-23 10:15:46  :: Net Contracts for Security Z20 :-110
2020-10-23 10:15:46  :: Base Margin for FirmId F110:365665.598
2020-10-23 10:15:46  :: Net Contracts for Security V20 :20
2020-10-23 10:15:46  :: Net Contracts for Security X20 :-30
2020-10-23 10:15:46  :: Net Contracts for Security Z20 :-110
2020-10-23 10:15:46  :: Base Margin for FirmId F110:365665.598
2020-10-23 10:15:46  :: Net Contracts for Security V20 :300
2020-10-23 10:15:46  :: Net Contracts for Security X20 :0
2020-10-23 10:15:46  :: Net Contracts for Security Z20 :0
2020-10-23 10:15:46  :: Base Margin for FirmId GLOBUSA:685122.72
2020-10-23 10:15:46  :: Net Contracts for Security V20 :300
2020-10-23 10:15:46  :: Net Contracts for Security X20 :0
2020-10-23 10:15:46  :: Net Contracts for Security Z20 :0
2020-10-23 10:15:46  :: Base Margin for FirmId GLOBUSA:685122.72
2020-10-23 10:15:46  :: Net Contracts for Security V20 :0
2020-10-23 10:15:46  :: Net Contracts for Security X20 :0
2020-10-23 10:15:46  :: Net Contracts for Security Z20 :0
2020-10-23 10:15:46  :: Base Margin for FirmId ECOP00:0
2020-10-23 10:15:46  :: Net Contracts for Security V20 :0
2020-10-23 10:15:46  :: Net Contracts for Security X20 :0
2020-10-23 10:15:46  :: Net Contracts for Security Z20 :0
2020-10-23 10:15:46  :: Base Margin for FirmId ECOP00:0
2020-10-23 10:16:38  :: Net Contracts for Security V20 :100
2020-10-23 10:16:38  :: Net Contracts for Security X20 :-10
2020-10-23 10:16:38  :: Net Contracts for Security Z20 :-5
2020-10-23 10:16:38  :: Base Margin for FirmId BLKFILLS:262643.68925
2020-10-23 10:16:38  :: Net Contracts for Security V20 :100
2020-10-23 10:16:38  :: Net Contracts for Security X20 :-10
2020-10-23 10:16:38  :: Net Contracts for Security Z20 :-5
2020-10-23 10:16:38  :: Base Margin for FirmId BLKFILLS:262643.68925
2020-10-23 10:16:38  :: Net Contracts for Security V20 :5
2020-10-23 10:16:38  :: Net Contracts for Security X20 :0
2020-10-23 10:16:38  :: Net Contracts for Security Z20 :0
2020-10-23 10:16:38  :: Base Margin for FirmId TSTFRM1:11418.712
2020-10-23 10:16:38  :: Net Contracts for Security V20 :5
2020-10-23 10:16:38  :: Net Contracts for Security X20 :0
2020-10-23 10:16:38  :: Net Contracts for Security Z20 :0
2020-10-23 10:16:38  :: Base Margin for FirmId TSTFRM1:11418.712
2020-10-23 10:16:38  :: Net Contracts for Security V20 :0
2020-10-23 10:16:38  :: Net Contracts for Security X20 :-65
2020-10-23 10:16:38  :: Net Contracts for Security Z20 :0
2020-10-23 10:16:38  :: Base Margin for FirmId MMF02:148452.17725
2020-10-23 10:16:38  :: Net Contracts for Security V20 :0
2020-10-23 10:16:38  :: Net Contracts for Security X20 :-65
2020-10-23 10:16:38  :: Net Contracts for Security Z20 :0
2020-10-23 10:16:38  :: Base Margin for FirmId MMF02:148452.17725
2020-10-23 10:16:38  :: Net Contracts for Security V20 :-400
2020-10-23 10:16:38  :: Net Contracts for Security X20 :400
2020-10-23 10:16:38  :: Net Contracts for Security Z20 :0
2020-10-23 10:16:38  :: Base Margin for FirmId BRADTR:1827048.82
2020-10-23 10:16:38  :: Net Contracts for Security V20 :-400
2020-10-23 10:16:38  :: Net Contracts for Security X20 :400
2020-10-23 10:16:38  :: Net Contracts for Security Z20 :0
2020-10-23 10:16:38  :: Base Margin for FirmId BRADTR:1827048.82
2020-10-23 10:16:38  :: Net Contracts for Security V20 :10
2020-10-23 10:16:38  :: Net Contracts for Security X20 :30
2020-10-23 10:16:38  :: Net Contracts for Security Z20 :0
2020-10-23 10:16:38  :: Base Margin for FirmId JAMES:91353.8135
2020-10-23 10:16:38  :: Net Contracts for Security V20 :10
2020-10-23 10:16:38  :: Net Contracts for Security X20 :30
2020-10-23 10:16:38  :: Net Contracts for Security Z20 :0
2020-10-23 10:16:38  :: Base Margin for FirmId JAMES:91353.8135
2020-10-23 10:16:38  :: Net Contracts for Security V20 :-35
2020-10-23 10:16:38  :: Net Contracts for Security X20 :-325
2020-10-23 10:16:38  :: Net Contracts for Security Z20 :115
2020-10-23 10:16:38  :: Base Margin for FirmId MMF10:1085096.8835
2020-10-23 10:16:38  :: Net Contracts for Security V20 :-35
2020-10-23 10:16:38  :: Net Contracts for Security X20 :-325
2020-10-23 10:16:38  :: Net Contracts for Security Z20 :115
2020-10-23 10:16:38  :: Base Margin for FirmId MMF10:1085096.8835
2020-10-23 10:16:38  :: Net Contracts for Security V20 :0
2020-10-23 10:16:38  :: Net Contracts for Security X20 :0
2020-10-23 10:16:38  :: Net Contracts for Security Z20 :0
2020-10-23 10:16:38  :: Base Margin for FirmId XBTO01:0
2020-10-23 10:16:38  :: Net Contracts for Security V20 :0
2020-10-23 10:16:38  :: Net Contracts for Security X20 :0
2020-10-23 10:16:38  :: Net Contracts for Security Z20 :0
2020-10-23 10:16:38  :: Base Margin for FirmId XBTO01:0
2020-10-23 10:16:38  :: Net Contracts for Security V20 :20
2020-10-23 10:16:38  :: Net Contracts for Security X20 :-30
2020-10-23 10:16:38  :: Net Contracts for Security Z20 :-110
2020-10-23 10:16:38  :: Base Margin for FirmId F110:365665.598
2020-10-23 10:16:38  :: Net Contracts for Security V20 :20
2020-10-23 10:16:38  :: Net Contracts for Security X20 :-30
2020-10-23 10:16:38  :: Net Contracts for Security Z20 :-110
2020-10-23 10:16:38  :: Base Margin for FirmId F110:365665.598
2020-10-23 10:16:38  :: Net Contracts for Security V20 :300
2020-10-23 10:16:38  :: Net Contracts for Security X20 :0
2020-10-23 10:16:38  :: Net Contracts for Security Z20 :0
2020-10-23 10:16:38  :: Base Margin for FirmId GLOBUSA:685122.72
2020-10-23 10:16:38  :: Net Contracts for Security V20 :300
2020-10-23 10:16:38  :: Net Contracts for Security X20 :0
2020-10-23 10:16:38  :: Net Contracts for Security Z20 :0
2020-10-23 10:16:38  :: Base Margin for FirmId GLOBUSA:685122.72
2020-10-23 10:16:38  :: Net Contracts for Security V20 :0
2020-10-23 10:16:38  :: Net Contracts for Security X20 :0
2020-10-23 10:16:38  :: Net Contracts for Security Z20 :0
2020-10-23 10:16:38  :: Base Margin for FirmId ECOP00:0
2020-10-23 10:16:38  :: Net Contracts for Security V20 :0
2020-10-23 10:16:38  :: Net Contracts for Security X20 :0
2020-10-23 10:16:38  :: Net Contracts for Security Z20 :0
2020-10-23 10:16:38  :: Base Margin for FirmId ECOP00:0
2020-10-23 19:11:42  :: Net Contracts for Security V20 :0
2020-10-23 19:11:42  :: Net Contracts for Security X20 :0
2020-10-23 19:11:42  :: Net Contracts for Security Z20 :0
2020-10-23 19:11:42  :: Base Margin for FirmId BLKFILLS:0
2020-10-23 19:11:42  :: Net Contracts for Security V20 :0
2020-10-23 19:11:42  :: Net Contracts for Security X20 :0
2020-10-23 19:11:42  :: Net Contracts for Security Z20 :0
2020-10-23 19:11:42  :: Base Margin for FirmId BLKFILLS:0
2020-10-23 19:11:49  :: Net Contracts for Security V20 :5
2020-10-23 19:11:49  :: Net Contracts for Security X20 :0
2020-10-23 19:11:49  :: Net Contracts for Security Z20 :0
2020-10-23 19:11:49  :: Base Margin for FirmId TSTFRM1:12058.8765
2020-10-23 19:11:49  :: Net Contracts for Security V20 :5
2020-10-23 19:11:49  :: Net Contracts for Security X20 :0
2020-10-23 19:11:49  :: Net Contracts for Security Z20 :0
2020-10-23 19:11:49  :: Base Margin for FirmId TSTFRM1:12058.8765
2020-10-23 19:11:49  :: Net Contracts for Security V20 :0
2020-10-23 19:11:49  :: Net Contracts for Security X20 :-65
2020-10-23 19:11:49  :: Net Contracts for Security Z20 :0
2020-10-23 19:11:49  :: Base Margin for FirmId MMF02:156774.31575
2020-10-23 19:11:49  :: Net Contracts for Security V20 :0
2020-10-23 19:11:49  :: Net Contracts for Security X20 :-65
2020-10-23 19:11:49  :: Net Contracts for Security Z20 :0
2020-10-23 19:11:49  :: Base Margin for FirmId MMF02:156774.31575
2020-10-23 19:11:49  :: Net Contracts for Security V20 :-400
2020-10-23 19:11:49  :: Net Contracts for Security X20 :400
2020-10-23 19:11:49  :: Net Contracts for Security Z20 :0
2020-10-23 19:11:49  :: Base Margin for FirmId BRADTR:1929475.14
2020-10-23 19:11:49  :: Net Contracts for Security V20 :-400
2020-10-23 19:11:49  :: Net Contracts for Security X20 :400
2020-10-23 19:11:49  :: Net Contracts for Security Z20 :0
2020-10-23 19:11:49  :: Base Margin for FirmId BRADTR:1929475.14
2020-10-23 19:11:49  :: Net Contracts for Security V20 :10
2020-10-23 19:11:49  :: Net Contracts for Security X20 :30
2020-10-23 19:11:49  :: Net Contracts for Security Z20 :0
2020-10-23 19:11:49  :: Base Margin for FirmId JAMES:96475.1295
2020-10-23 19:11:49  :: Net Contracts for Security V20 :10
2020-10-23 19:11:49  :: Net Contracts for Security X20 :30
2020-10-23 19:11:49  :: Net Contracts for Security Z20 :0
2020-10-23 19:11:49  :: Base Margin for FirmId JAMES:96475.1295
2020-10-23 19:11:49  :: Net Contracts for Security V20 :-35
2020-10-23 19:11:49  :: Net Contracts for Security X20 :-325
2020-10-23 19:11:49  :: Net Contracts for Security Z20 :115
2020-10-23 19:11:49  :: Base Margin for FirmId MMF10:1145912.511
2020-10-23 19:11:49  :: Net Contracts for Security V20 :-35
2020-10-23 19:11:49  :: Net Contracts for Security X20 :-325
2020-10-23 19:11:49  :: Net Contracts for Security Z20 :115
2020-10-23 19:11:49  :: Base Margin for FirmId MMF10:1145912.511
2020-10-23 19:11:49  :: Net Contracts for Security V20 :0
2020-10-23 19:11:49  :: Net Contracts for Security X20 :0
2020-10-23 19:11:49  :: Net Contracts for Security Z20 :0
2020-10-23 19:11:49  :: Base Margin for FirmId XBTO01:0
2020-10-23 19:11:49  :: Net Contracts for Security V20 :0
2020-10-23 19:11:49  :: Net Contracts for Security X20 :0
2020-10-23 19:11:49  :: Net Contracts for Security Z20 :0
2020-10-23 19:11:49  :: Base Margin for FirmId XBTO01:0
2020-10-23 19:11:49  :: Net Contracts for Security V20 :120
2020-10-23 19:11:49  :: Net Contracts for Security X20 :-40
2020-10-23 19:11:49  :: Net Contracts for Security Z20 :-115
2020-10-23 19:11:49  :: Base Margin for FirmId F110:663518.33475
2020-10-23 19:11:49  :: Net Contracts for Security V20 :120
2020-10-23 19:11:49  :: Net Contracts for Security X20 :-40
2020-10-23 19:11:49  :: Net Contracts for Security Z20 :-115
2020-10-23 19:11:49  :: Base Margin for FirmId F110:663518.33475
2020-10-23 19:11:49  :: Net Contracts for Security V20 :300
2020-10-23 19:11:49  :: Net Contracts for Security X20 :0
2020-10-23 19:11:49  :: Net Contracts for Security Z20 :0
2020-10-23 19:11:49  :: Base Margin for FirmId GLOBUSA:723532.59
2020-10-23 19:11:49  :: Net Contracts for Security V20 :300
2020-10-23 19:11:49  :: Net Contracts for Security X20 :0
2020-10-23 19:11:49  :: Net Contracts for Security Z20 :0
2020-10-23 19:11:49  :: Base Margin for FirmId GLOBUSA:723532.59
2020-10-23 19:11:49  :: Net Contracts for Security V20 :0
2020-10-23 19:11:49  :: Net Contracts for Security X20 :0
2020-10-23 19:11:49  :: Net Contracts for Security Z20 :0
2020-10-23 19:11:49  :: Base Margin for FirmId ECOP00:0
2020-10-23 19:11:49  :: Net Contracts for Security V20 :0
2020-10-23 19:11:49  :: Net Contracts for Security X20 :0
2020-10-23 19:11:49  :: Net Contracts for Security Z20 :0
2020-10-23 19:11:49  :: Base Margin for FirmId ECOP00:0
