2020-12-16 18:10:04  :: Net Contracts for Security Z20 :100
2020-12-16 18:10:04  :: Net Contracts for Security F21 :0
2020-12-16 18:10:04  :: Net Contracts for Security G21 :-100
2020-12-16 18:10:04  :: Net Contracts for Security H21 :0
2020-12-16 18:10:04  :: Net Contracts for Security M21 :0
2020-12-16 18:10:04  :: Net Contracts for Security Q21 :0
2020-12-16 18:10:04  :: Base Margin for FirmId BRADTR:991163.99
2020-12-16 18:10:04  :: Net Contracts for Security Z20 :100
2020-12-16 18:10:04  :: Net Contracts for Security F21 :0
2020-12-16 18:10:04  :: Net Contracts for Security G21 :-100
2020-12-16 18:10:04  :: Net Contracts for Security H21 :0
2020-12-16 18:10:04  :: Net Contracts for Security M21 :0
2020-12-16 18:10:04  :: Net Contracts for Security Q21 :0
2020-12-16 18:10:04  :: Base Margin for FirmId BRADTR:991163.99
2020-12-16 18:10:04  :: Net Contracts for Security Z20 :-100
2020-12-16 18:10:04  :: Net Contracts for Security F21 :0
2020-12-16 18:10:04  :: Net Contracts for Security G21 :100
2020-12-16 18:10:04  :: Net Contracts for Security H21 :0
2020-12-16 18:10:04  :: Net Contracts for Security M21 :0
2020-12-16 18:10:04  :: Net Contracts for Security Q21 :0
2020-12-16 18:10:04  :: Base Margin for FirmId XBTO01:991163.99
2020-12-16 18:10:04  :: Net Contracts for Security Z20 :-100
2020-12-16 18:10:04  :: Net Contracts for Security F21 :0
2020-12-16 18:10:04  :: Net Contracts for Security G21 :100
2020-12-16 18:10:04  :: Net Contracts for Security H21 :0
2020-12-16 18:10:04  :: Net Contracts for Security M21 :0
2020-12-16 18:10:04  :: Net Contracts for Security Q21 :0
2020-12-16 18:10:04  :: Base Margin for FirmId XBTO01:991163.99
2020-12-16 18:10:04  :: Net Contracts for Security Z20 :100
2020-12-16 18:10:04  :: Net Contracts for Security F21 :0
2020-12-16 18:10:04  :: Net Contracts for Security G21 :0
2020-12-16 18:10:04  :: Net Contracts for Security H21 :0
2020-12-16 18:10:04  :: Net Contracts for Security M21 :0
2020-12-16 18:10:04  :: Net Contracts for Security Q21 :0
2020-12-16 18:10:04  :: Base Margin for FirmId GLOBUSA:632831.995
2020-12-16 18:10:04  :: Net Contracts for Security Z20 :100
2020-12-16 18:10:04  :: Net Contracts for Security F21 :0
2020-12-16 18:10:04  :: Net Contracts for Security G21 :0
2020-12-16 18:10:04  :: Net Contracts for Security H21 :0
2020-12-16 18:10:04  :: Net Contracts for Security M21 :0
2020-12-16 18:10:04  :: Net Contracts for Security Q21 :0
2020-12-16 18:10:04  :: Base Margin for FirmId GLOBUSA:632831.995
2020-12-16 18:10:04  :: Net Contracts for Security Z20 :-100
2020-12-16 18:10:04  :: Net Contracts for Security F21 :0
2020-12-16 18:10:04  :: Net Contracts for Security G21 :0
2020-12-16 18:10:04  :: Net Contracts for Security H21 :0
2020-12-16 18:10:04  :: Net Contracts for Security M21 :0
2020-12-16 18:10:04  :: Net Contracts for Security Q21 :0
2020-12-16 18:10:04  :: Base Margin for FirmId BLKFILLS:632831.995
2020-12-16 18:10:04  :: Net Contracts for Security Z20 :-100
2020-12-16 18:10:04  :: Net Contracts for Security F21 :0
2020-12-16 18:10:04  :: Net Contracts for Security G21 :0
2020-12-16 18:10:04  :: Net Contracts for Security H21 :0
2020-12-16 18:10:04  :: Net Contracts for Security M21 :0
2020-12-16 18:10:04  :: Net Contracts for Security Q21 :0
2020-12-16 18:10:04  :: Base Margin for FirmId BLKFILLS:632831.995
2020-12-16 18:26:10  :: Net Contracts for Security Z20 :200
2020-12-16 18:26:10  :: Net Contracts for Security F21 :0
2020-12-16 18:26:10  :: Net Contracts for Security G21 :-200
2020-12-16 18:26:10  :: Net Contracts for Security H21 :0
2020-12-16 18:26:10  :: Net Contracts for Security M21 :0
2020-12-16 18:26:10  :: Net Contracts for Security Q21 :0
2020-12-16 18:26:10  :: Base Margin for FirmId BRADTR:1982327.98
2020-12-16 18:26:10  :: Net Contracts for Security Z20 :100
2020-12-16 18:26:10  :: Net Contracts for Security F21 :0
2020-12-16 18:26:10  :: Net Contracts for Security G21 :-100
2020-12-16 18:26:10  :: Net Contracts for Security H21 :0
2020-12-16 18:26:10  :: Net Contracts for Security M21 :0
2020-12-16 18:26:10  :: Net Contracts for Security Q21 :0
2020-12-16 18:26:10  :: Base Margin for FirmId BRADTR:991163.99
2020-12-16 18:26:10  :: Net Contracts for Security Z20 :-200
2020-12-16 18:26:10  :: Net Contracts for Security F21 :0
2020-12-16 18:26:10  :: Net Contracts for Security G21 :200
2020-12-16 18:26:10  :: Net Contracts for Security H21 :0
2020-12-16 18:26:10  :: Net Contracts for Security M21 :0
2020-12-16 18:26:10  :: Net Contracts for Security Q21 :0
2020-12-16 18:26:10  :: Base Margin for FirmId XBTO01:1982327.98
2020-12-16 18:26:10  :: Net Contracts for Security Z20 :-100
2020-12-16 18:26:10  :: Net Contracts for Security F21 :0
2020-12-16 18:26:10  :: Net Contracts for Security G21 :100
2020-12-16 18:26:10  :: Net Contracts for Security H21 :0
2020-12-16 18:26:10  :: Net Contracts for Security M21 :0
2020-12-16 18:26:10  :: Net Contracts for Security Q21 :0
2020-12-16 18:26:10  :: Base Margin for FirmId XBTO01:991163.99
2020-12-16 18:26:10  :: Net Contracts for Security Z20 :200
2020-12-16 18:26:10  :: Net Contracts for Security F21 :0
2020-12-16 18:26:10  :: Net Contracts for Security G21 :0
2020-12-16 18:26:10  :: Net Contracts for Security H21 :0
2020-12-16 18:26:10  :: Net Contracts for Security M21 :0
2020-12-16 18:26:10  :: Net Contracts for Security Q21 :0
2020-12-16 18:26:10  :: Base Margin for FirmId GLOBUSA:1265663.99
2020-12-16 18:26:10  :: Net Contracts for Security Z20 :100
2020-12-16 18:26:10  :: Net Contracts for Security F21 :0
2020-12-16 18:26:10  :: Net Contracts for Security G21 :0
2020-12-16 18:26:10  :: Net Contracts for Security H21 :0
2020-12-16 18:26:10  :: Net Contracts for Security M21 :0
2020-12-16 18:26:10  :: Net Contracts for Security Q21 :0
2020-12-16 18:26:10  :: Base Margin for FirmId GLOBUSA:632831.995
2020-12-16 18:26:10  :: Net Contracts for Security Z20 :-200
2020-12-16 18:26:10  :: Net Contracts for Security F21 :0
2020-12-16 18:26:10  :: Net Contracts for Security G21 :0
2020-12-16 18:26:10  :: Net Contracts for Security H21 :0
2020-12-16 18:26:10  :: Net Contracts for Security M21 :0
2020-12-16 18:26:10  :: Net Contracts for Security Q21 :0
2020-12-16 18:26:10  :: Base Margin for FirmId BLKFILLS:1265663.99
2020-12-16 18:26:10  :: Net Contracts for Security Z20 :-100
2020-12-16 18:26:10  :: Net Contracts for Security F21 :0
2020-12-16 18:26:10  :: Net Contracts for Security G21 :0
2020-12-16 18:26:10  :: Net Contracts for Security H21 :0
2020-12-16 18:26:10  :: Net Contracts for Security M21 :0
2020-12-16 18:26:10  :: Net Contracts for Security Q21 :0
2020-12-16 18:26:10  :: Base Margin for FirmId BLKFILLS:632831.995
2020-12-16 18:30:37  :: Net Contracts for Security Z20 :0
2020-12-16 18:30:37  :: Net Contracts for Security F21 :0
2020-12-16 18:30:37  :: Net Contracts for Security G21 :0
2020-12-16 18:30:37  :: Net Contracts for Security H21 :0
2020-12-16 18:30:37  :: Net Contracts for Security M21 :0
2020-12-16 18:30:37  :: Net Contracts for Security Q21 :0
2020-12-16 18:30:37  :: Base Margin for FirmId BRADTR:0
2020-12-16 18:30:37  :: Net Contracts for Security Z20 :100
2020-12-16 18:30:37  :: Net Contracts for Security F21 :0
2020-12-16 18:30:37  :: Net Contracts for Security G21 :-100
2020-12-16 18:30:37  :: Net Contracts for Security H21 :0
2020-12-16 18:30:37  :: Net Contracts for Security M21 :0
2020-12-16 18:30:37  :: Net Contracts for Security Q21 :0
2020-12-16 18:30:37  :: Base Margin for FirmId BRADTR:991163.99
2020-12-16 18:30:37  :: Net Contracts for Security Z20 :0
2020-12-16 18:30:37  :: Net Contracts for Security F21 :0
2020-12-16 18:30:37  :: Net Contracts for Security G21 :0
2020-12-16 18:30:37  :: Net Contracts for Security H21 :0
2020-12-16 18:30:37  :: Net Contracts for Security M21 :0
2020-12-16 18:30:37  :: Net Contracts for Security Q21 :0
2020-12-16 18:30:37  :: Base Margin for FirmId XBTO01:0
2020-12-16 18:30:37  :: Net Contracts for Security Z20 :-100
2020-12-16 18:30:37  :: Net Contracts for Security F21 :0
2020-12-16 18:30:37  :: Net Contracts for Security G21 :100
2020-12-16 18:30:37  :: Net Contracts for Security H21 :0
2020-12-16 18:30:37  :: Net Contracts for Security M21 :0
2020-12-16 18:30:37  :: Net Contracts for Security Q21 :0
2020-12-16 18:30:37  :: Base Margin for FirmId XBTO01:991163.99
2020-12-16 18:30:37  :: Net Contracts for Security Z20 :0
2020-12-16 18:30:37  :: Net Contracts for Security F21 :0
2020-12-16 18:30:37  :: Net Contracts for Security G21 :0
2020-12-16 18:30:37  :: Net Contracts for Security H21 :0
2020-12-16 18:30:37  :: Net Contracts for Security M21 :0
2020-12-16 18:30:37  :: Net Contracts for Security Q21 :0
2020-12-16 18:30:37  :: Base Margin for FirmId GLOBUSA:0
2020-12-16 18:30:37  :: Net Contracts for Security Z20 :100
2020-12-16 18:30:37  :: Net Contracts for Security F21 :0
2020-12-16 18:30:37  :: Net Contracts for Security G21 :0
2020-12-16 18:30:37  :: Net Contracts for Security H21 :0
2020-12-16 18:30:37  :: Net Contracts for Security M21 :0
2020-12-16 18:30:37  :: Net Contracts for Security Q21 :0
2020-12-16 18:30:37  :: Base Margin for FirmId GLOBUSA:632831.995
2020-12-16 18:30:37  :: Net Contracts for Security Z20 :0
2020-12-16 18:30:37  :: Net Contracts for Security F21 :0
2020-12-16 18:30:37  :: Net Contracts for Security G21 :0
2020-12-16 18:30:37  :: Net Contracts for Security H21 :0
2020-12-16 18:30:37  :: Net Contracts for Security M21 :0
2020-12-16 18:30:37  :: Net Contracts for Security Q21 :0
2020-12-16 18:30:37  :: Base Margin for FirmId BLKFILLS:0
2020-12-16 18:30:37  :: Net Contracts for Security Z20 :-100
2020-12-16 18:30:37  :: Net Contracts for Security F21 :0
2020-12-16 18:30:37  :: Net Contracts for Security G21 :0
2020-12-16 18:30:37  :: Net Contracts for Security H21 :0
2020-12-16 18:30:37  :: Net Contracts for Security M21 :0
2020-12-16 18:30:37  :: Net Contracts for Security Q21 :0
2020-12-16 18:30:37  :: Base Margin for FirmId BLKFILLS:632831.995
2020-12-16 18:34:09  :: Net Contracts for Security Z20 :0
2020-12-16 18:34:09  :: Net Contracts for Security F21 :0
2020-12-16 18:34:09  :: Net Contracts for Security G21 :0
2020-12-16 18:34:09  :: Net Contracts for Security H21 :0
2020-12-16 18:34:09  :: Net Contracts for Security M21 :0
2020-12-16 18:34:09  :: Net Contracts for Security Q21 :0
2020-12-16 18:34:09  :: Base Margin for FirmId BRADTR:0
2020-12-16 18:34:34  :: Net Contracts for Security Z20 :100
2020-12-16 18:34:34  :: Net Contracts for Security F21 :0
2020-12-16 18:34:34  :: Net Contracts for Security G21 :-100
2020-12-16 18:34:34  :: Net Contracts for Security H21 :0
2020-12-16 18:34:34  :: Net Contracts for Security M21 :0
2020-12-16 18:34:34  :: Net Contracts for Security Q21 :0
2020-12-16 18:34:34  :: Base Margin for FirmId BRADTR:991163.99
2020-12-16 18:46:01  :: Final Net Contracts for Security Id Z20:0
2020-12-16 18:46:01  :: Final Net Contracts for Security Id F21:0
2020-12-16 18:46:01  :: Final Net Contracts for Security Id G21:0
2020-12-16 18:46:01  :: Final Net Contracts for Security Id H21:0
2020-12-16 18:46:01  :: Final Net Contracts for Security Id M21:0
2020-12-16 18:46:01  :: Final Net Contracts for Security Id Q21:0
2020-12-16 18:52:58  :: Final Net Contracts for Security Id Z20:0
2020-12-16 18:52:58  :: Final Net Contracts for Security Id F21:0
2020-12-16 18:52:58  :: Final Net Contracts for Security Id G21:0
2020-12-16 18:52:58  :: Final Net Contracts for Security Id H21:0
2020-12-16 18:52:58  :: Final Net Contracts for Security Id M21:0
2020-12-16 18:52:58  :: Final Net Contracts for Security Id Q21:0
2020-12-16 18:53:01  :: Final Net Contracts for Security Id Z20:100
2020-12-16 18:53:01  :: Final Net Contracts for Security Id F21:0
2020-12-16 18:53:01  :: Final Net Contracts for Security Id G21:-100
2020-12-16 18:53:01  :: Final Net Contracts for Security Id H21:0
2020-12-16 18:53:01  :: Final Net Contracts for Security Id M21:0
2020-12-16 18:53:01  :: Final Net Contracts for Security Id Q21:0
2020-12-16 18:54:38  :: Final Net Contracts for Security Id Z20:0
2020-12-16 18:54:38  :: Final Net Contracts for Security Id F21:0
2020-12-16 18:54:38  :: Final Net Contracts for Security Id G21:0
2020-12-16 18:54:38  :: Final Net Contracts for Security Id H21:0
2020-12-16 18:54:38  :: Final Net Contracts for Security Id M21:0
2020-12-16 18:54:38  :: Final Net Contracts for Security Id Q21:0
2020-12-16 18:54:38  :: Final Net Contracts for Security Id Z20:100
2020-12-16 18:54:38  :: Final Net Contracts for Security Id F21:0
2020-12-16 18:54:38  :: Final Net Contracts for Security Id G21:-100
2020-12-16 18:54:38  :: Final Net Contracts for Security Id H21:0
2020-12-16 18:54:38  :: Final Net Contracts for Security Id M21:0
2020-12-16 18:54:38  :: Final Net Contracts for Security Id Q21:0
2020-12-16 18:55:24  :: Final Net Contracts for Security Id Z20:0
2020-12-16 18:55:24  :: Final Net Contracts for Security Id F21:0
2020-12-16 18:55:24  :: Final Net Contracts for Security Id G21:0
2020-12-16 18:55:24  :: Final Net Contracts for Security Id H21:0
2020-12-16 18:55:24  :: Final Net Contracts for Security Id M21:0
2020-12-16 18:55:24  :: Final Net Contracts for Security Id Q21:0
2020-12-16 18:55:24  :: Final Net Contracts for Security Id Z20:100
2020-12-16 18:55:24  :: Final Net Contracts for Security Id F21:0
2020-12-16 18:55:24  :: Final Net Contracts for Security Id G21:-100
2020-12-16 18:55:24  :: Final Net Contracts for Security Id H21:0
2020-12-16 18:55:24  :: Final Net Contracts for Security Id M21:0
2020-12-16 18:55:24  :: Final Net Contracts for Security Id Q21:0
2020-12-16 18:55:24  :: Final Net Contracts for Security Id Z20:0
2020-12-16 18:55:24  :: Final Net Contracts for Security Id F21:0
2020-12-16 18:55:24  :: Final Net Contracts for Security Id G21:0
2020-12-16 18:55:24  :: Final Net Contracts for Security Id H21:0
2020-12-16 18:55:24  :: Final Net Contracts for Security Id M21:0
2020-12-16 18:55:24  :: Final Net Contracts for Security Id Q21:0
2020-12-16 18:55:24  :: Final Net Contracts for Security Id Z20:-100
2020-12-16 18:55:24  :: Final Net Contracts for Security Id F21:0
2020-12-16 18:55:24  :: Final Net Contracts for Security Id G21:100
2020-12-16 18:55:24  :: Final Net Contracts for Security Id H21:0
2020-12-16 18:55:24  :: Final Net Contracts for Security Id M21:0
2020-12-16 18:55:24  :: Final Net Contracts for Security Id Q21:0
2020-12-16 18:55:24  :: Final Net Contracts for Security Id Z20:0
2020-12-16 18:55:24  :: Final Net Contracts for Security Id F21:0
2020-12-16 18:55:24  :: Final Net Contracts for Security Id G21:0
2020-12-16 18:55:24  :: Final Net Contracts for Security Id H21:0
2020-12-16 18:55:24  :: Final Net Contracts for Security Id M21:0
2020-12-16 18:55:24  :: Final Net Contracts for Security Id Q21:0
2020-12-16 18:55:24  :: Final Net Contracts for Security Id Z20:100
2020-12-16 18:55:24  :: Final Net Contracts for Security Id F21:0
2020-12-16 18:55:24  :: Final Net Contracts for Security Id G21:0
2020-12-16 18:55:24  :: Final Net Contracts for Security Id H21:0
2020-12-16 18:55:24  :: Final Net Contracts for Security Id M21:0
2020-12-16 18:55:24  :: Final Net Contracts for Security Id Q21:0
2020-12-16 18:55:24  :: Final Net Contracts for Security Id Z20:0
2020-12-16 18:55:24  :: Final Net Contracts for Security Id F21:0
2020-12-16 18:55:24  :: Final Net Contracts for Security Id G21:0
2020-12-16 18:55:24  :: Final Net Contracts for Security Id H21:0
2020-12-16 18:55:24  :: Final Net Contracts for Security Id M21:0
2020-12-16 18:55:24  :: Final Net Contracts for Security Id Q21:0
2020-12-16 18:55:24  :: Final Net Contracts for Security Id Z20:-100
2020-12-16 18:55:24  :: Final Net Contracts for Security Id F21:0
2020-12-16 18:55:24  :: Final Net Contracts for Security Id G21:0
2020-12-16 18:55:24  :: Final Net Contracts for Security Id H21:0
2020-12-16 18:55:24  :: Final Net Contracts for Security Id M21:0
2020-12-16 18:55:24  :: Final Net Contracts for Security Id Q21:0
2020-12-16 18:55:45  :: Final Net Contracts for Security Id Z20:0
2020-12-16 18:55:45  :: Final Net Contracts for Security Id F21:0
2020-12-16 18:55:45  :: Final Net Contracts for Security Id G21:0
2020-12-16 18:55:45  :: Final Net Contracts for Security Id H21:0
2020-12-16 18:55:45  :: Final Net Contracts for Security Id M21:0
2020-12-16 18:55:45  :: Final Net Contracts for Security Id Q21:0
2020-12-16 18:55:46  :: Final Net Contracts for Security Id Z20:100
2020-12-16 18:55:46  :: Final Net Contracts for Security Id F21:0
2020-12-16 18:55:46  :: Final Net Contracts for Security Id G21:-100
2020-12-16 18:55:46  :: Final Net Contracts for Security Id H21:0
2020-12-16 18:55:46  :: Final Net Contracts for Security Id M21:0
2020-12-16 18:55:46  :: Final Net Contracts for Security Id Q21:0
2020-12-16 18:56:15  :: Final Net Contracts for Security Id Z20:100
2020-12-16 18:56:15  :: Final Net Contracts for Security Id F21:0
2020-12-16 18:56:15  :: Final Net Contracts for Security Id G21:-100
2020-12-16 18:56:15  :: Final Net Contracts for Security Id H21:0
2020-12-16 18:56:15  :: Final Net Contracts for Security Id M21:0
2020-12-16 18:56:15  :: Final Net Contracts for Security Id Q21:0
2020-12-16 18:57:03  :: Final Net Contracts for Security Id Z20:0
2020-12-16 18:57:03  :: Final Net Contracts for Security Id F21:0
2020-12-16 18:57:03  :: Final Net Contracts for Security Id G21:0
2020-12-16 18:57:03  :: Final Net Contracts for Security Id H21:0
2020-12-16 18:57:03  :: Final Net Contracts for Security Id M21:0
2020-12-16 18:57:03  :: Final Net Contracts for Security Id Q21:0
2020-12-16 18:57:03  :: Final Net Contracts for Security Id Z20:100
2020-12-16 18:57:03  :: Final Net Contracts for Security Id F21:0
2020-12-16 18:57:03  :: Final Net Contracts for Security Id G21:-100
2020-12-16 18:57:03  :: Final Net Contracts for Security Id H21:0
2020-12-16 18:57:03  :: Final Net Contracts for Security Id M21:0
2020-12-16 18:57:03  :: Final Net Contracts for Security Id Q21:0
2020-12-16 18:57:03  :: Final Net Contracts for Security Id Z20:0
2020-12-16 18:57:03  :: Final Net Contracts for Security Id F21:0
2020-12-16 18:57:03  :: Final Net Contracts for Security Id G21:0
2020-12-16 18:57:03  :: Final Net Contracts for Security Id H21:0
2020-12-16 18:57:03  :: Final Net Contracts for Security Id M21:0
2020-12-16 18:57:03  :: Final Net Contracts for Security Id Q21:0
2020-12-16 18:57:03  :: Final Net Contracts for Security Id Z20:-100
2020-12-16 18:57:03  :: Final Net Contracts for Security Id F21:0
2020-12-16 18:57:03  :: Final Net Contracts for Security Id G21:100
2020-12-16 18:57:03  :: Final Net Contracts for Security Id H21:0
2020-12-16 18:57:03  :: Final Net Contracts for Security Id M21:0
2020-12-16 18:57:03  :: Final Net Contracts for Security Id Q21:0
2020-12-16 18:57:03  :: Final Net Contracts for Security Id Z20:0
2020-12-16 18:57:03  :: Final Net Contracts for Security Id F21:0
2020-12-16 18:57:03  :: Final Net Contracts for Security Id G21:0
2020-12-16 18:57:03  :: Final Net Contracts for Security Id H21:0
2020-12-16 18:57:03  :: Final Net Contracts for Security Id M21:0
2020-12-16 18:57:03  :: Final Net Contracts for Security Id Q21:0
2020-12-16 18:57:03  :: Final Net Contracts for Security Id Z20:100
2020-12-16 18:57:03  :: Final Net Contracts for Security Id F21:0
2020-12-16 18:57:03  :: Final Net Contracts for Security Id G21:0
2020-12-16 18:57:03  :: Final Net Contracts for Security Id H21:0
2020-12-16 18:57:03  :: Final Net Contracts for Security Id M21:0
2020-12-16 18:57:03  :: Final Net Contracts for Security Id Q21:0
2020-12-16 18:57:03  :: Final Net Contracts for Security Id Z20:0
2020-12-16 18:57:03  :: Final Net Contracts for Security Id F21:0
2020-12-16 18:57:03  :: Final Net Contracts for Security Id G21:0
2020-12-16 18:57:03  :: Final Net Contracts for Security Id H21:0
2020-12-16 18:57:03  :: Final Net Contracts for Security Id M21:0
2020-12-16 18:57:03  :: Final Net Contracts for Security Id Q21:0
2020-12-16 18:57:03  :: Final Net Contracts for Security Id Z20:-100
2020-12-16 18:57:03  :: Final Net Contracts for Security Id F21:0
2020-12-16 18:57:03  :: Final Net Contracts for Security Id G21:0
2020-12-16 18:57:03  :: Final Net Contracts for Security Id H21:0
2020-12-16 18:57:03  :: Final Net Contracts for Security Id M21:0
2020-12-16 18:57:03  :: Final Net Contracts for Security Id Q21:0
