2020-11-10 9:15:18  :: Net Contracts for Security 10X20 :0
2020-11-10 9:15:18  :: Net Contracts for Security 11X20 :0
2020-11-10 9:15:18  :: Net Contracts for Security 12X20 :0
2020-11-10 9:15:18  :: Net Contracts for Security X20 :3600
2020-11-10 9:15:18  :: Net Contracts for Security Z20 :0
2020-11-10 9:15:18  :: Net Contracts for Security F21 :0
2020-11-10 9:15:18  :: Base Margin for FirmId F110:16376121
2020-11-10 9:15:18  :: Net Contracts for Security 10X20 :0
2020-11-10 9:15:18  :: Net Contracts for Security 11X20 :0
2020-11-10 9:15:18  :: Net Contracts for Security 12X20 :0
2020-11-10 9:15:18  :: Net Contracts for Security X20 :3600
2020-11-10 9:15:18  :: Net Contracts for Security Z20 :0
2020-11-10 9:15:18  :: Net Contracts for Security F21 :0
2020-11-10 9:15:18  :: Base Margin for FirmId F110:16376121
2020-11-10 9:15:18  :: Net Contracts for Security 10X20 :-30
2020-11-10 9:15:18  :: Net Contracts for Security 11X20 :0
2020-11-10 9:15:18  :: Net Contracts for Security 12X20 :0
2020-11-10 9:15:18  :: Net Contracts for Security X20 :-10
2020-11-10 9:15:18  :: Net Contracts for Security Z20 :0
2020-11-10 9:15:18  :: Net Contracts for Security F21 :0
2020-11-10 9:15:18  :: Base Margin for FirmId MMF02:164439.225
2020-11-10 9:15:18  :: Net Contracts for Security 10X20 :-30
2020-11-10 9:15:18  :: Net Contracts for Security 11X20 :0
2020-11-10 9:15:18  :: Net Contracts for Security 12X20 :0
2020-11-10 9:15:18  :: Net Contracts for Security X20 :-10
2020-11-10 9:15:18  :: Net Contracts for Security Z20 :0
2020-11-10 9:15:18  :: Net Contracts for Security F21 :0
2020-11-10 9:15:18  :: Base Margin for FirmId MMF02:164439.225
2020-11-10 9:15:18  :: Net Contracts for Security 10X20 :0
2020-11-10 9:15:18  :: Net Contracts for Security 11X20 :0
2020-11-10 9:15:18  :: Net Contracts for Security 12X20 :0
2020-11-10 9:15:18  :: Net Contracts for Security X20 :-3600
2020-11-10 9:15:18  :: Net Contracts for Security Z20 :0
2020-11-10 9:15:18  :: Net Contracts for Security F21 :0
2020-11-10 9:15:18  :: Base Margin for FirmId F220:16376121
2020-11-10 9:15:18  :: Net Contracts for Security 10X20 :0
2020-11-10 9:15:18  :: Net Contracts for Security 11X20 :0
2020-11-10 9:15:18  :: Net Contracts for Security 12X20 :0
2020-11-10 9:15:18  :: Net Contracts for Security X20 :-3600
2020-11-10 9:15:18  :: Net Contracts for Security Z20 :0
2020-11-10 9:15:18  :: Net Contracts for Security F21 :0
2020-11-10 9:15:18  :: Base Margin for FirmId F220:16376121
2020-11-10 9:15:18  :: Net Contracts for Security 10X20 :-20
2020-11-10 9:15:18  :: Net Contracts for Security 11X20 :0
2020-11-10 9:15:18  :: Net Contracts for Security 12X20 :0
2020-11-10 9:15:18  :: Net Contracts for Security X20 :-10
2020-11-10 9:15:18  :: Net Contracts for Security Z20 :0
2020-11-10 9:15:18  :: Net Contracts for Security F21 :0
2020-11-10 9:15:18  :: Base Margin for FirmId TSTFRM1:124789.225
2020-11-10 9:15:18  :: Net Contracts for Security 10X20 :-20
2020-11-10 9:15:18  :: Net Contracts for Security 11X20 :0
2020-11-10 9:15:18  :: Net Contracts for Security 12X20 :0
2020-11-10 9:15:18  :: Net Contracts for Security X20 :-10
2020-11-10 9:15:18  :: Net Contracts for Security Z20 :0
2020-11-10 9:15:18  :: Net Contracts for Security F21 :0
2020-11-10 9:15:18  :: Base Margin for FirmId TSTFRM1:124789.225
2020-11-10 9:15:18  :: Net Contracts for Security 10X20 :20
2020-11-10 9:15:18  :: Net Contracts for Security 11X20 :0
2020-11-10 9:15:18  :: Net Contracts for Security 12X20 :0
2020-11-10 9:15:18  :: Net Contracts for Security X20 :10
2020-11-10 9:15:18  :: Net Contracts for Security Z20 :0
2020-11-10 9:15:18  :: Net Contracts for Security F21 :0
2020-11-10 9:15:18  :: Base Margin for FirmId JAMES:124789.225
2020-11-10 9:15:18  :: Net Contracts for Security 10X20 :20
2020-11-10 9:15:18  :: Net Contracts for Security 11X20 :0
2020-11-10 9:15:18  :: Net Contracts for Security 12X20 :0
2020-11-10 9:15:18  :: Net Contracts for Security X20 :10
2020-11-10 9:15:18  :: Net Contracts for Security Z20 :0
2020-11-10 9:15:18  :: Net Contracts for Security F21 :0
2020-11-10 9:15:18  :: Base Margin for FirmId JAMES:124789.225
2020-11-10 9:15:18  :: Net Contracts for Security 10X20 :0
2020-11-10 9:15:18  :: Net Contracts for Security 11X20 :0
2020-11-10 9:15:18  :: Net Contracts for Security 12X20 :0
2020-11-10 9:15:18  :: Net Contracts for Security X20 :15
2020-11-10 9:15:18  :: Net Contracts for Security Z20 :0
2020-11-10 9:15:18  :: Net Contracts for Security F21 :0
2020-11-10 9:15:18  :: Base Margin for FirmId XBTO01:68233.8375
2020-11-10 9:15:18  :: Net Contracts for Security 10X20 :0
2020-11-10 9:15:18  :: Net Contracts for Security 11X20 :0
2020-11-10 9:15:18  :: Net Contracts for Security 12X20 :0
2020-11-10 9:15:18  :: Net Contracts for Security X20 :15
2020-11-10 9:15:18  :: Net Contracts for Security Z20 :0
2020-11-10 9:15:18  :: Net Contracts for Security F21 :0
2020-11-10 9:15:18  :: Base Margin for FirmId XBTO01:68233.8375
2020-11-10 9:15:18  :: Net Contracts for Security 10X20 :30
2020-11-10 9:15:18  :: Net Contracts for Security 11X20 :0
2020-11-10 9:15:18  :: Net Contracts for Security 12X20 :0
2020-11-10 9:15:18  :: Net Contracts for Security X20 :-5
2020-11-10 9:15:18  :: Net Contracts for Security Z20 :0
2020-11-10 9:15:18  :: Net Contracts for Security F21 :0
2020-11-10 9:15:18  :: Base Margin for FirmId GLOBUSA:141694.6125
2020-11-10 9:15:18  :: Net Contracts for Security 10X20 :30
2020-11-10 9:15:18  :: Net Contracts for Security 11X20 :0
2020-11-10 9:15:18  :: Net Contracts for Security 12X20 :0
2020-11-10 9:15:18  :: Net Contracts for Security X20 :-5
2020-11-10 9:15:18  :: Net Contracts for Security Z20 :0
2020-11-10 9:15:18  :: Net Contracts for Security F21 :0
2020-11-10 9:15:18  :: Base Margin for FirmId GLOBUSA:141694.6125
2020-11-10 10:39:27  :: Net Contracts for Security 10X20 :0
2020-11-10 10:39:27  :: Net Contracts for Security 11X20 :0
2020-11-10 10:39:27  :: Net Contracts for Security 12X20 :0
2020-11-10 10:39:27  :: Net Contracts for Security X20 :3600
2020-11-10 10:39:27  :: Net Contracts for Security Z20 :0
2020-11-10 10:39:27  :: Net Contracts for Security F21 :0
2020-11-10 10:39:27  :: Base Margin for FirmId F110:16376121
2020-11-10 10:39:27  :: Net Contracts for Security 10X20 :0
2020-11-10 10:39:27  :: Net Contracts for Security 11X20 :0
2020-11-10 10:39:27  :: Net Contracts for Security 12X20 :0
2020-11-10 10:39:27  :: Net Contracts for Security X20 :3600
2020-11-10 10:39:27  :: Net Contracts for Security Z20 :0
2020-11-10 10:39:27  :: Net Contracts for Security F21 :0
2020-11-10 10:39:27  :: Base Margin for FirmId F110:16376121
2020-11-10 10:39:27  :: Net Contracts for Security 10X20 :-30
2020-11-10 10:39:27  :: Net Contracts for Security 11X20 :0
2020-11-10 10:39:27  :: Net Contracts for Security 12X20 :0
2020-11-10 10:39:27  :: Net Contracts for Security X20 :-10
2020-11-10 10:39:27  :: Net Contracts for Security Z20 :0
2020-11-10 10:39:27  :: Net Contracts for Security F21 :0
2020-11-10 10:39:27  :: Base Margin for FirmId MMF02:164439.225
2020-11-10 10:39:27  :: Net Contracts for Security 10X20 :-30
2020-11-10 10:39:27  :: Net Contracts for Security 11X20 :0
2020-11-10 10:39:27  :: Net Contracts for Security 12X20 :0
2020-11-10 10:39:27  :: Net Contracts for Security X20 :-10
2020-11-10 10:39:27  :: Net Contracts for Security Z20 :0
2020-11-10 10:39:27  :: Net Contracts for Security F21 :0
2020-11-10 10:39:27  :: Base Margin for FirmId MMF02:164439.225
2020-11-10 10:39:27  :: Net Contracts for Security 10X20 :0
2020-11-10 10:39:27  :: Net Contracts for Security 11X20 :0
2020-11-10 10:39:27  :: Net Contracts for Security 12X20 :0
2020-11-10 10:39:27  :: Net Contracts for Security X20 :-3600
2020-11-10 10:39:27  :: Net Contracts for Security Z20 :0
2020-11-10 10:39:27  :: Net Contracts for Security F21 :0
2020-11-10 10:39:27  :: Base Margin for FirmId F220:16376121
2020-11-10 10:39:27  :: Net Contracts for Security 10X20 :0
2020-11-10 10:39:27  :: Net Contracts for Security 11X20 :0
2020-11-10 10:39:27  :: Net Contracts for Security 12X20 :0
2020-11-10 10:39:27  :: Net Contracts for Security X20 :-3600
2020-11-10 10:39:27  :: Net Contracts for Security Z20 :0
2020-11-10 10:39:27  :: Net Contracts for Security F21 :0
2020-11-10 10:39:27  :: Base Margin for FirmId F220:16376121
2020-11-10 10:39:27  :: Net Contracts for Security 10X20 :-20
2020-11-10 10:39:27  :: Net Contracts for Security 11X20 :0
2020-11-10 10:39:27  :: Net Contracts for Security 12X20 :0
2020-11-10 10:39:27  :: Net Contracts for Security X20 :-10
2020-11-10 10:39:27  :: Net Contracts for Security Z20 :0
2020-11-10 10:39:27  :: Net Contracts for Security F21 :0
2020-11-10 10:39:27  :: Base Margin for FirmId TSTFRM1:124789.225
2020-11-10 10:39:27  :: Net Contracts for Security 10X20 :-20
2020-11-10 10:39:27  :: Net Contracts for Security 11X20 :0
2020-11-10 10:39:27  :: Net Contracts for Security 12X20 :0
2020-11-10 10:39:27  :: Net Contracts for Security X20 :-10
2020-11-10 10:39:27  :: Net Contracts for Security Z20 :0
2020-11-10 10:39:27  :: Net Contracts for Security F21 :0
2020-11-10 10:39:27  :: Base Margin for FirmId TSTFRM1:124789.225
2020-11-10 10:39:27  :: Net Contracts for Security 10X20 :20
2020-11-10 10:39:27  :: Net Contracts for Security 11X20 :0
2020-11-10 10:39:27  :: Net Contracts for Security 12X20 :0
2020-11-10 10:39:27  :: Net Contracts for Security X20 :10
2020-11-10 10:39:27  :: Net Contracts for Security Z20 :0
2020-11-10 10:39:27  :: Net Contracts for Security F21 :0
2020-11-10 10:39:27  :: Base Margin for FirmId JAMES:124789.225
2020-11-10 10:39:27  :: Net Contracts for Security 10X20 :20
2020-11-10 10:39:27  :: Net Contracts for Security 11X20 :0
2020-11-10 10:39:27  :: Net Contracts for Security 12X20 :0
2020-11-10 10:39:27  :: Net Contracts for Security X20 :10
2020-11-10 10:39:27  :: Net Contracts for Security Z20 :0
2020-11-10 10:39:27  :: Net Contracts for Security F21 :0
2020-11-10 10:39:27  :: Base Margin for FirmId JAMES:124789.225
2020-11-10 10:39:27  :: Net Contracts for Security 10X20 :0
2020-11-10 10:39:27  :: Net Contracts for Security 11X20 :0
2020-11-10 10:39:27  :: Net Contracts for Security 12X20 :0
2020-11-10 10:39:27  :: Net Contracts for Security X20 :15
2020-11-10 10:39:27  :: Net Contracts for Security Z20 :0
2020-11-10 10:39:27  :: Net Contracts for Security F21 :0
2020-11-10 10:39:27  :: Base Margin for FirmId XBTO01:68233.8375
2020-11-10 10:39:27  :: Net Contracts for Security 10X20 :0
2020-11-10 10:39:27  :: Net Contracts for Security 11X20 :0
2020-11-10 10:39:27  :: Net Contracts for Security 12X20 :0
2020-11-10 10:39:27  :: Net Contracts for Security X20 :15
2020-11-10 10:39:27  :: Net Contracts for Security Z20 :0
2020-11-10 10:39:27  :: Net Contracts for Security F21 :0
2020-11-10 10:39:27  :: Base Margin for FirmId XBTO01:68233.8375
2020-11-10 10:39:27  :: Net Contracts for Security 10X20 :30
2020-11-10 10:39:27  :: Net Contracts for Security 11X20 :0
2020-11-10 10:39:27  :: Net Contracts for Security 12X20 :0
2020-11-10 10:39:27  :: Net Contracts for Security X20 :-5
2020-11-10 10:39:27  :: Net Contracts for Security Z20 :0
2020-11-10 10:39:27  :: Net Contracts for Security F21 :0
2020-11-10 10:39:27  :: Base Margin for FirmId GLOBUSA:141694.6125
2020-11-10 10:39:27  :: Net Contracts for Security 10X20 :30
2020-11-10 10:39:27  :: Net Contracts for Security 11X20 :0
2020-11-10 10:39:27  :: Net Contracts for Security 12X20 :0
2020-11-10 10:39:27  :: Net Contracts for Security X20 :-5
2020-11-10 10:39:27  :: Net Contracts for Security Z20 :0
2020-11-10 10:39:27  :: Net Contracts for Security F21 :0
2020-11-10 10:39:27  :: Base Margin for FirmId GLOBUSA:141694.6125
