2019-08-13 10:13:07  :: Initializing Mock Server...
2019-08-13 10:13:07  :: Initializing all collections...
2019-08-13 10:13:07  :: Creating history service for controller HistoryServiceController on URL http://localhost:29400/
2019-08-13 10:13:08  :: Collections Initialized...
2019-08-13 10:13:40  :: Connecting for the first time to client 4022
2019-08-13 10:13:40  :: Connected for the first time to client 4022
2019-08-13 12:34:00  :: Initializing Mock Server...
2019-08-13 12:34:00  :: Initializing all collections...
2019-08-13 12:34:01  :: Creating history service for controller HistoryServiceController on URL http://localhost:29400/
2019-08-13 12:34:02  :: Collections Initialized...
2019-08-13 12:34:20  :: Connecting for the first time to client 3745
2019-08-13 12:34:20  :: Connected for the first time to client 3745
2019-08-13 12:34:51  :: OnMessage TokenRequest from IP -> 127.0.0.1
2019-08-13 12:36:21  :: Initializing Mock Server...
2019-08-13 12:36:21  :: Initializing all collections...
2019-08-13 12:36:21  :: Creating history service for controller HistoryServiceController on URL http://localhost:29400/
2019-08-13 12:36:21  :: Collections Initialized...
2019-08-13 12:36:33  :: Connecting for the first time to client 3908
2019-08-13 12:36:33  :: Connected for the first time to client 3908
2019-08-13 12:36:39  :: OnMessage TokenRequest from IP -> 127.0.0.1
2019-08-13 12:37:33  :: Initializing Mock Server...
2019-08-13 12:37:33  :: Initializing all collections...
2019-08-13 12:37:34  :: Creating history service for controller HistoryServiceController on URL http://localhost:29400/
2019-08-13 12:37:34  :: Collections Initialized...
2019-08-13 12:37:41  :: Connecting for the first time to client 3994
2019-08-13 12:37:41  :: Connected for the first time to client 3994
2019-08-13 12:37:46  :: OnMessage TokenRequest from IP -> 127.0.0.1
2019-08-13 12:38:02  :: OnMessage ClientLogin from IP -> 127.0.0.1
2019-08-13 12:38:02  :: Incoming Login request for user 
2019-08-13 12:38:02  :: user  Rejected because of wrong user or password
2019-08-13 12:38:02  ::  OnClose for client 3994
2019-08-13 12:38:02  :: Turning threads off on socket disconnection
2019-08-13 12:42:20  :: Initializing Mock Server...
2019-08-13 12:42:20  :: Initializing all collections...
2019-08-13 12:42:20  :: Creating history service for controller HistoryServiceController on URL http://localhost:29400/
2019-08-13 12:42:20  :: Collections Initialized...
2019-08-13 12:42:29  :: Connecting for the first time to client 4216
2019-08-13 12:42:29  :: Connected for the first time to client 4216
2019-08-13 12:42:35  :: OnMessage TokenRequest from IP -> 127.0.0.1
2019-08-13 12:42:35  :: OnMessage ClientLogin from IP -> 127.0.0.1
2019-08-13 12:43:24  :: Initializing Mock Server...
2019-08-13 12:43:24  :: Initializing all collections...
2019-08-13 12:43:25  :: Creating history service for controller HistoryServiceController on URL http://localhost:29400/
2019-08-13 12:43:25  :: Collections Initialized...
2019-08-13 12:47:06  :: Initializing Mock Server...
2019-08-13 12:47:06  :: Initializing all collections...
2019-08-13 12:47:06  :: Creating history service for controller HistoryServiceController on URL http://localhost:29400/
2019-08-13 12:47:06  :: Collections Initialized...
2019-08-13 12:47:28  :: Connecting for the first time to client 4581
2019-08-13 12:47:28  :: Connected for the first time to client 4581
2019-08-13 12:47:31  :: OnMessage TokenRequest from IP -> 127.0.0.1
2019-08-13 12:47:39  :: OnMessage ClientLogin from IP -> 127.0.0.1
2019-08-13 12:49:07  :: Initializing Mock Server...
2019-08-13 12:49:07  :: Initializing all collections...
2019-08-13 12:49:07  :: Creating history service for controller HistoryServiceController on URL http://localhost:29400/
2019-08-13 12:49:07  :: Collections Initialized...
2019-08-13 12:49:14  :: Connecting for the first time to client 4664
2019-08-13 12:49:14  :: Connected for the first time to client 4664
2019-08-13 12:49:17  :: OnMessage TokenRequest from IP -> 127.0.0.1
2019-08-13 12:49:19  :: OnMessage ClientLogin from IP -> 127.0.0.1
