2020-06-07 11:05:01  :: Initializing Mock Server...
2020-06-07 11:05:01  :: Initializing all collections...
2020-06-07 11:05:02  :: Creating history service for controller HistoryServiceController on URL http://localhost:29400/
2020-06-07 11:05:03  :: Collections Initialized...
2020-06-07 11:05:41  :: Received REST request for record type O fromDate=2019-01-01 toDate=2019-11-12
2020-06-07 11:07:23  :: Received REST request for record type T fromDate=2019-01-01 toDate=2019-11-12
2020-06-07 11:08:01  :: Received REST request for record type T fromDate=2019-01-01 toDate=2019-11-12
2020-06-07 11:11:49  :: Initializing Mock Server...
2020-06-07 11:11:49  :: Initializing all collections...
2020-06-07 11:11:49  :: Creating history service for controller HistoryServiceController on URL http://localhost:29400/
2020-06-07 11:11:49  :: Collections Initialized...
2020-06-07 11:11:52  :: Received REST request for record type T fromDate=2019-01-01 toDate=2019-11-12 pageNo=1 recordPage=1 sort= filter=
2020-06-07 11:11:54  :: Received REST request for record type O fromDate=2019-01-01 toDate=2019-11-12 pageNo=1 recordPage=1 sort= filter=
2020-06-07 11:13:09  :: Received REST request for record type O fromDate=2019-01-01 toDate=2019-11-12 pageNo=1 recordPage=1 sort= filter=
2020-06-07 11:13:34  :: Received REST request for record type O fromDate=2019-01-01 toDate=2019-11-12 pageNo=1 recordPage=1 sort= filter=
2020-06-07 11:15:38  :: Initializing Mock Server...
2020-06-07 11:15:38  :: Initializing all collections...
2020-06-07 11:15:40  :: Creating history service for controller HistoryServiceController on URL http://localhost:29400/
2020-06-07 11:15:40  :: Collections Initialized...
2020-06-07 11:15:56  :: Received REST request for record type O fromDate=2019-01-01 toDate=2019-11-12 pageNo=2 recordPage=2 sort=UpdatedAt|DESC filter=Side|contains|66
2020-06-07 11:15:56  :: Received REST request for record type O fromDate=2019-01-01 toDate=2019-11-12 pageNo=2 recordPage=2 sort=UpdatedAt|DESC filter=Side|contains|66
2020-06-07 11:16:19  :: Received REST request for record type O fromDate=2019-01-01 toDate=2019-11-12 pageNo=1 recordPage=100 sort=UpdatedAt|DESC filter=Side|contains|66
2020-06-07 11:16:29  :: Received REST request for record type T fromDate=2019-01-01 toDate=2019-11-12 pageNo=1 recordPage=100 sort=UpdatedAt|DESC filter=Side|contains|66
