2019-04-17 11:55:08  :: Initializing Mock Simulated Server...
2019-04-17 11:55:08  :: Initializing all collections...
2019-04-17 11:55:09  :: 4/17/2019 11:55:09 AMBaseCommunicationModule.LoadConfig
2019-04-17 11:55:09  :: Loading config:.\BitMex\incomingBitmex.xml
2019-04-17 11:55:09  :: Processing config:.\BitMex\incomingBitmex.xml
2019-04-17 11:55:09  :: Ending GetConfiguracion .\BitMex\incomingBitmex.xml
2019-04-17 11:55:12  :: Collections Initialized...
2019-04-17 11:55:35  :: Incoming Login request for user MM1_CLOBUI
2019-04-17 11:55:35  :: user MM1_CLOBUI Successfully logged in
2019-04-17 11:56:07  :: Initializing Mock Simulated Server...
2019-04-17 11:56:07  :: Initializing all collections...
2019-04-17 11:56:07  :: 4/17/2019 11:56:07 AMBaseCommunicationModule.LoadConfig
2019-04-17 11:56:07  :: Loading config:.\BitMex\incomingBitmex.xml
2019-04-17 11:56:07  :: Processing config:.\BitMex\incomingBitmex.xml
2019-04-17 11:56:07  :: Ending GetConfiguracion .\BitMex\incomingBitmex.xml
2019-04-17 11:56:10  :: Collections Initialized...
2019-04-17 11:56:13  :: Incoming Login request for user MM1_CLOBUI
2019-04-17 11:56:13  :: user MM1_CLOBUI Successfully logged in
2019-04-17 11:56:42  :: Initializing Mock Simulated Server...
2019-04-17 11:56:42  :: Initializing all collections...
2019-04-17 11:56:43  :: 4/17/2019 11:56:43 AMBaseCommunicationModule.LoadConfig
2019-04-17 11:56:43  :: Loading config:.\BitMex\incomingBitmex.xml
2019-04-17 11:56:43  :: Processing config:.\BitMex\incomingBitmex.xml
2019-04-17 11:56:43  :: Ending GetConfiguracion .\BitMex\incomingBitmex.xml
2019-04-17 11:56:46  :: Collections Initialized...
2019-04-17 11:56:51  :: Incoming Login request for user MM2_CLOBUI2
2019-04-17 11:56:51  :: user MM2_CLOBUI2 Successfully logged in
