2019-06-04 15:14:25  :: Initializing Mock Simulated Server...
2019-06-04 15:14:25  :: Initializing all collections...
2019-06-04 15:14:26  :: 6/4/2019 3:14:26 PMBaseCommunicationModule.LoadConfig
2019-06-04 15:14:26  :: Loading config:.\BitMex\incomingBitmex.xml
2019-06-04 15:14:26  :: Processing config:.\BitMex\incomingBitmex.xml
2019-06-04 15:14:26  :: Ending GetConfiguracion .\BitMex\incomingBitmex.xml
2019-06-04 15:14:26  :: Initializing WSMarketDataManager @ BitMexInstructionBasedMarketClient
2019-06-04 15:14:38  :: Connected: True - Error Message: 
2019-06-04 15:14:38  :: Initializing SecurityListManager @ BitMexInstructionBasedMarketClient
2019-06-04 15:14:38  :: Assigning events @ BitMexInstructionBasedMarketClient
2019-06-04 15:14:38  :: 6/4/2019 3:14:38 PMOrderRouterBase.LoadConfig
2019-06-04 15:14:38  :: Loading config:.\BitMex\outgoingBitmex.xml
2019-06-04 15:14:38  :: Processing config:.\BitMex\outgoingBitmex.xml
2019-06-04 15:14:38  :: Ending GetConfiguracion .\BitMex\outgoingBitmex.xml
2019-06-04 15:14:39  :: Collections Initialized...
2019-06-04 15:17:10  :: Initializing Mock Simulated Server...
2019-06-04 15:17:10  :: Initializing all collections...
2019-06-04 15:17:10  :: 6/4/2019 3:17:10 PMBaseCommunicationModule.LoadConfig
2019-06-04 15:17:10  :: Loading config:.\BitMex\incomingBitmex.xml
2019-06-04 15:17:10  :: Processing config:.\BitMex\incomingBitmex.xml
2019-06-04 15:17:10  :: Ending GetConfiguracion .\BitMex\incomingBitmex.xml
2019-06-04 15:17:10  :: Initializing WSMarketDataManager @ BitMexInstructionBasedMarketClient
2019-06-04 15:17:13  :: Connected: True - Error Message: 
2019-06-04 15:17:13  :: Initializing SecurityListManager @ BitMexInstructionBasedMarketClient
2019-06-04 15:17:13  :: Assigning events @ BitMexInstructionBasedMarketClient
2019-06-04 15:17:13  :: 6/4/2019 3:17:13 PMOrderRouterBase.LoadConfig
2019-06-04 15:17:13  :: Loading config:.\BitMex\outgoingBitmex.xml
2019-06-04 15:17:13  :: Processing config:.\BitMex\outgoingBitmex.xml
2019-06-04 15:17:13  :: Ending GetConfiguracion .\BitMex\outgoingBitmex.xml
2019-06-04 15:17:14  :: Collections Initialized...
2019-06-04 15:17:14  :: Successfully subscribed to execution event 
2019-06-04 15:17:24  :: Connecting for the first time to client 15882
2019-06-04 15:17:24  :: Connected for the first time to client 15882
2019-06-04 15:17:33  :: Incoming Login request for user MM1_CLOBUI
2019-06-04 15:17:33  :: user MM1_CLOBUI Successfully logged in
2019-06-04 15:17:49  :: Incoming subscription for Service: TI - Service key: XBT-USD - UUID: APIClientUUID SubscriptionType: S UserId: MM1_CLOBUI JsonToken:eyJhbGciOiJIUzI1NiIsInR5cCI6IkpXVCJ9.eyJpYXQiOjE1NTEzODY5NjksImV4cCI
2019-06-04 15:18:46  :: Initializing Mock Simulated Server...
2019-06-04 15:18:46  :: Initializing all collections...
2019-06-04 15:18:46  :: 6/4/2019 3:18:46 PMBaseCommunicationModule.LoadConfig
2019-06-04 15:18:46  :: Loading config:.\BitMex\incomingBitmex.xml
2019-06-04 15:18:46  :: Processing config:.\BitMex\incomingBitmex.xml
2019-06-04 15:18:47  :: Ending GetConfiguracion .\BitMex\incomingBitmex.xml
2019-06-04 15:18:47  :: Initializing WSMarketDataManager @ BitMexInstructionBasedMarketClient
2019-06-04 15:18:59  :: Connected: True - Error Message: 
2019-06-04 15:18:59  :: Initializing SecurityListManager @ BitMexInstructionBasedMarketClient
2019-06-04 15:18:59  :: Assigning events @ BitMexInstructionBasedMarketClient
2019-06-04 15:18:59  :: 6/4/2019 3:18:59 PMOrderRouterBase.LoadConfig
2019-06-04 15:18:59  :: Loading config:.\BitMex\outgoingBitmex.xml
2019-06-04 15:18:59  :: Processing config:.\BitMex\outgoingBitmex.xml
2019-06-04 15:18:59  :: Ending GetConfiguracion .\BitMex\outgoingBitmex.xml
2019-06-04 15:19:00  :: Collections Initialized...
2019-06-04 15:19:00  :: Successfully subscribed to execution event 
2019-06-04 15:19:08  :: Connecting for the first time to client 16000
2019-06-04 15:19:08  :: Connected for the first time to client 16000
2019-06-04 15:19:41  :: Incoming Login request for user MM1_CLOBUI
2019-06-04 15:19:41  :: user MM1_CLOBUI Successfully logged in
2019-06-04 15:19:46  :: Incoming subscription for Service: TI - Service key: XBT-USD - UUID: APIClientUUID SubscriptionType: S UserId: MM1_CLOBUI JsonToken:eyJhbGciOiJIUzI1NiIsInR5cCI6IkpXVCJ9.eyJpYXQiOjE1NTEzODY5NjksImV4cCI
2019-06-04 15:19:47  :: Incoming subscription for Service: TI - Service key: XBT-USD - UUID: APIClientUUID SubscriptionType: S UserId: MM1_CLOBUI JsonToken:eyJhbGciOiJIUzI1NiIsInR5cCI6IkpXVCJ9.eyJpYXQiOjE1NTEzODY5NjksImV4cCI
2019-06-04 15:20:07  :: Incoming subscription for Service: TI - Service key: XBT-USD2 - UUID: APIClientUUID SubscriptionType: S UserId: MM1_CLOBUI JsonToken:eyJhbGciOiJIUzI1NiIsInR5cCI6IkpXVCJ9.eyJpYXQiOjE1NTEzODY5NjksImV4cCI
