2020-01-09 17:34:03  :: Initializing Mock Server...
2020-01-09 17:34:03  :: Initializing all collections...
2020-01-09 17:34:06  :: Creating history service for controller HistoryServiceController on URL http://localhost:29400/
2020-01-09 17:34:07  :: Collections Initialized...
2020-01-09 17:34:20  :: Connecting for the first time to client 3276
2020-01-09 17:34:20  :: Connected for the first time to client 3276
2020-01-09 17:35:11  :: Initializing Mock Server...
2020-01-09 17:35:11  :: Initializing all collections...
2020-01-09 17:35:13  :: Creating history service for controller HistoryServiceController on URL http://localhost:29400/
2020-01-09 17:35:13  :: Collections Initialized...
2020-01-09 17:35:30  :: Connecting for the first time to client 3326
2020-01-09 17:35:30  :: Connected for the first time to client 3326
2020-01-09 17:35:31  :: OnMessage TokenRequest from IP -> 127.0.0.1
2020-01-09 17:35:31  :: OnMessage ClientLoginRequest from IP -> 127.0.0.1
2020-01-09 17:35:31  :: Sending ClientLoginResponse with UUID b78594e2-7551-4939-8020-b80de6cf31bf
2020-01-09 17:35:31  :: Sending Instrument Batch 
2020-01-09 17:35:32  :: Sending ClientInstrumentState 
2020-01-09 17:35:32  :: Sending ClientInstrumentState 
2020-01-09 17:35:32  :: Sending ClientInstrumentState 
2020-01-09 17:35:32  :: Sending ClientInstrumentState 
2020-01-09 17:35:32  :: Sending ClientInstrumentState 
2020-01-09 17:35:32  :: Sending ClientInstrumentState 
2020-01-09 17:35:32  :: Sending ClientInstrumentState 
2020-01-09 17:35:32  :: Sending ClientInstrumentState 
2020-01-09 17:35:32  :: Sending ClientInstrumentState 
2020-01-09 17:35:32  :: Sending ClientInstrumentState 
2020-01-09 17:35:32  :: Sending ClientInstrumentState 
2020-01-09 17:35:32  :: Sending ClientInstrumentState 
2020-01-09 17:35:32  :: Sending ClientInstrumentState 
2020-01-09 17:35:32  :: Sending ClientInstrumentState 
2020-01-09 17:35:32  :: Sending ClientInstrumentState 
2020-01-09 17:35:32  :: Sending ClientInstrumentState 
2020-01-09 17:35:32  :: Sending ClientInstrumentState 
2020-01-09 17:35:32  :: Sending ClientInstrumentState 
2020-01-09 17:35:32  :: Sending ClientInstrumentState 
2020-01-09 17:35:32  :: Sending ClientInstrumentState 
2020-01-09 17:35:32  :: Sending ClientUserRecord
2020-01-09 17:35:32  :: Sending ClientMarketStateBatch
2020-01-09 17:35:32  :: Sending ClientAccountRecordBatch 
2020-01-09 17:36:05  :: Turning threads off on socket disconnection
2020-01-09 17:36:08  :: Turning threads off on socket disconnection
2020-01-09 17:36:11  :: Turning threads off on socket disconnection
2020-01-09 17:36:14  :: Turning threads off on socket disconnection
