2019-04-11 14:55:21  :: Initializing Mock Server...
2019-04-11 14:55:21  :: Initializing all collections...
2019-04-11 14:55:22  :: Collections Initialized...
2019-04-11 14:56:33  :: Initializing Mock Server...
2019-04-11 14:56:33  :: Initializing all collections...
2019-04-11 14:56:33  :: Collections Initialized...
2019-04-11 14:56:41  :: Incoming Login request for user MM1_CLOBUI
2019-04-11 14:56:41  :: user MM1_CLOBUI Successfully logged in
2019-04-11 14:56:41  :: Incoming subscription for service LD
2019-04-11 14:57:08  :: Incoming Login request for user MM1_CLOBUI
2019-04-11 14:57:08  :: user MM1_CLOBUI Successfully logged in
2019-04-11 14:57:08  :: Incoming subscription for service LD
2019-04-11 14:57:22  :: Initializing Mock Server...
2019-04-11 14:57:22  :: Initializing all collections...
2019-04-11 14:57:22  :: Collections Initialized...
2019-04-11 14:57:27  :: Incoming Login request for user MM1_CLOBUI
2019-04-11 14:57:27  :: user MM1_CLOBUI Successfully logged in
2019-04-11 14:57:27  :: Incoming subscription for service LD
2019-04-11 14:57:49  :: Initializing Mock Server...
2019-04-11 14:57:49  :: Initializing all collections...
2019-04-11 14:57:49  :: Collections Initialized...
2019-04-11 14:57:57  :: Incoming Login request for user MM1_CLOBUI
2019-04-11 14:57:57  :: user MM1_CLOBUI Successfully logged in
2019-04-11 14:57:57  :: Incoming subscription for service LD
2019-04-11 14:59:37  :: Initializing Mock Server...
2019-04-11 14:59:37  :: Initializing all collections...
2019-04-11 14:59:37  :: Collections Initialized...
2019-04-11 14:59:52  :: Incoming Login request for user MM1_CLOBUI
2019-04-11 14:59:52  :: user MM1_CLOBUI Successfully logged in
2019-04-11 14:59:52  :: Incoming subscription for service LD
2019-04-11 15:00:51  :: Initializing Mock Server...
2019-04-11 15:00:51  :: Initializing all collections...
2019-04-11 15:00:51  :: Collections Initialized...
2019-04-11 15:01:02  :: Incoming Login request for user MM1_CLOBUI
2019-04-11 15:01:02  :: user MM1_CLOBUI Successfully logged in
2019-04-11 15:01:02  :: Incoming subscription for service LD
2019-04-11 15:01:54  :: Initializing Mock Server...
2019-04-11 15:01:54  :: Initializing all collections...
2019-04-11 15:01:54  :: Collections Initialized...
2019-04-11 15:02:01  :: Incoming Login request for user MM1_CLOBUI
2019-04-11 15:02:01  :: user MM1_CLOBUI Successfully logged in
2019-04-11 15:02:01  :: Incoming subscription for service LD
2019-04-11 15:08:42  :: Initializing Mock Server...
2019-04-11 15:08:42  :: Initializing all collections...
2019-04-11 15:08:43  :: Error initializing collections: Unexpected character encountered while parsing value: A. Path '[0].BidOrAsk', line 2, position 140....
2019-04-11 15:11:36  :: Incoming Login request for user MM1_CLOBUI
2019-04-11 15:11:36  :: user MM1_CLOBUI Successfully logged in
2019-04-11 15:11:36  :: Incoming subscription for service LD
2019-04-11 15:12:44  :: Incoming Login request for user MM1_CLOBUI
2019-04-11 15:12:44  :: user MM1_CLOBUI Successfully logged in
2019-04-11 15:12:44  :: Incoming subscription for service LD
2019-04-11 15:13:28  :: Incoming Login request for user MM1_CLOBUI
2019-04-11 15:13:28  :: user MM1_CLOBUI Successfully logged in
2019-04-11 15:13:28  :: Incoming subscription for service LD
2019-04-11 15:14:01  :: Initializing Mock Server...
2019-04-11 15:14:01  :: Initializing all collections...
2019-04-11 15:14:01  :: Collections Initialized...
2019-04-11 15:14:16  :: Initializing Mock Server...
2019-04-11 15:14:16  :: Initializing all collections...
2019-04-11 15:14:25  :: Collections Initialized...
2019-04-11 15:14:44  :: Incoming Login request for user MM1_CLOBUI
2019-04-11 15:14:44  :: user MM1_CLOBUI Successfully logged in
2019-04-11 15:14:44  :: Incoming subscription for service LD
