2019-07-25 17:29:35  :: Initializing Mock Server...
2019-07-25 17:29:35  :: Initializing all collections...
2019-07-25 17:29:35  :: Collections Initialized...
2019-07-25 17:30:14  :: Connecting for the first time to client 13321
2019-07-25 17:30:14  :: Connected for the first time to client 13321
2019-07-25 17:30:35  :: OnMessage ClientLogin from IP -> 127.0.0.1
2019-07-25 17:30:35  :: Incoming Login request for user SIMUSER_13_UI1
2019-07-25 17:30:35  :: user SIMUSER_13_UI1 Rejected because of wrong user or password
2019-07-25 17:30:35  ::  OnClose for client 13321
2019-07-25 17:30:35  :: Turning threads off on socket disconnection
2019-07-25 17:30:50  :: Connecting second client 13339.  Removing previous client
2019-07-25 17:30:50  :: Turning threads off on socket disconnection
2019-07-25 17:30:50  :: Connected second client 13339.  Removing previous client
2019-07-25 17:30:51  :: OnMessage ClientLogin from IP -> 127.0.0.1
2019-07-25 17:30:51  :: Incoming Login request for user MM1_CLOBUI2
2019-07-25 17:30:51  :: user MM1_CLOBUI2 Successfully logged in
2019-07-25 17:30:52  :: OnMessage ClientHeartbeatResponse from IP -> 127.0.0.1
2019-07-25 17:30:54  :: OnMessage ClientHeartbeatResponse from IP -> 127.0.0.1
2019-07-25 17:30:56  :: OnMessage ClientHeartbeatResponse from IP -> 127.0.0.1
2019-07-25 17:30:58  :: OnMessage ClientHeartbeatResponse from IP -> 127.0.0.1
2019-07-25 17:31:00  :: OnMessage ClientHeartbeatResponse from IP -> 127.0.0.1
2019-07-25 17:31:02  :: OnMessage ClientHeartbeatResponse from IP -> 127.0.0.1
2019-07-25 17:31:04  :: OnMessage ClientHeartbeatResponse from IP -> 127.0.0.1
2019-07-25 17:31:06  :: OnMessage ClientHeartbeatResponse from IP -> 127.0.0.1
2019-07-25 17:31:08  :: OnMessage ClientHeartbeatResponse from IP -> 127.0.0.1
2019-07-25 17:31:10  :: OnMessage ClientHeartbeatResponse from IP -> 127.0.0.1
2019-07-25 17:31:12  :: OnMessage ClientHeartbeatResponse from IP -> 127.0.0.1
2019-07-25 17:31:14  :: OnMessage ClientHeartbeatResponse from IP -> 127.0.0.1
2019-07-25 17:31:16  :: OnMessage ClientHeartbeatResponse from IP -> 127.0.0.1
2019-07-25 17:31:18  :: OnMessage ClientHeartbeatResponse from IP -> 127.0.0.1
2019-07-25 17:31:20  :: OnMessage ClientHeartbeatResponse from IP -> 127.0.0.1
2019-07-25 17:31:22  :: OnMessage Subscribe from IP -> 127.0.0.1
2019-07-25 17:31:22  :: Incoming subscription for service FO - ServiceKey:100,B,SWP-XBT-USD-G19,2000,0.01
2019-07-25 17:31:41  :: Processing fill offers for Qty 100 Side B Initial Price 2000 and Step 0.01 for Symbol SWP-XBT-USD-G19
2019-07-25 17:31:54  :: Sending specific offer for Price 2000 Qty 1
2019-07-25 17:31:55  :: Sending LgacyOrderAck ...
2019-07-25 17:31:55  :: Evaluating price levels ...
2019-07-25 17:31:55  :: Sending new bid entry: Price=2000.0 Size=1.0 ...
2019-07-25 17:31:55  :: Evaluating LegacyOrderRecord ...
2019-07-25 17:31:55  :: Creating new order in Orders collection for ClOrderId = d39d7e2f-0c0d-4519-b165-417298beffff
2019-07-25 17:31:55  :: Updating quotes ...
2019-07-25 17:31:55  :: Updating best bid and ask for symbol SWP-XBT-USD-G19
2019-07-25 17:31:57  :: Sending specific offer for Price 1999.99 Qty 1
2019-07-25 17:31:57  :: Sending LgacyOrderAck ...
2019-07-25 17:31:57  :: Evaluating price levels ...
2019-07-25 17:31:57  :: Sending new bid entry: Price=1999.99 Size=1.0 ...
2019-07-25 17:31:57  :: Evaluating LegacyOrderRecord ...
2019-07-25 17:31:57  :: Creating new order in Orders collection for ClOrderId = 87c21353-9cc5-47a8-b525-57df7c1c4b20
2019-07-25 17:31:57  :: Updating quotes ...
2019-07-25 17:31:57  :: Updating best bid and ask for symbol SWP-XBT-USD-G19
2019-07-25 17:31:57  :: Sending specific offer for Price 1999.98 Qty 1
2019-07-25 17:31:57  :: Sending LgacyOrderAck ...
2019-07-25 17:31:57  :: Evaluating price levels ...
2019-07-25 17:31:57  :: Sending new bid entry: Price=1999.98 Size=1.0 ...
2019-07-25 17:31:57  :: Evaluating LegacyOrderRecord ...
2019-07-25 17:31:57  :: Creating new order in Orders collection for ClOrderId = 5c4edd8d-ad11-47ef-9d49-8bda4ee9eb51
2019-07-25 17:31:57  :: Updating quotes ...
2019-07-25 17:31:57  :: Updating best bid and ask for symbol SWP-XBT-USD-G19
2019-07-25 17:31:57  :: Sending specific offer for Price 1999.97 Qty 1
2019-07-25 17:31:57  :: Sending LgacyOrderAck ...
2019-07-25 17:31:57  :: Evaluating price levels ...
2019-07-25 17:31:57  :: Sending new bid entry: Price=1999.97 Size=1.0 ...
2019-07-25 17:31:57  :: Evaluating LegacyOrderRecord ...
2019-07-25 17:31:57  :: Creating new order in Orders collection for ClOrderId = 9756febb-1733-4990-8aee-58f148ca5e76
2019-07-25 17:31:57  :: Updating quotes ...
2019-07-25 17:31:57  :: Updating best bid and ask for symbol SWP-XBT-USD-G19
2019-07-25 17:31:57  :: Sending specific offer for Price 1999.96 Qty 1
2019-07-25 17:31:57  :: Sending LgacyOrderAck ...
2019-07-25 17:31:57  :: Evaluating price levels ...
2019-07-25 17:31:57  :: Sending new bid entry: Price=1999.96 Size=1.0 ...
2019-07-25 17:31:57  :: Evaluating LegacyOrderRecord ...
2019-07-25 17:31:57  :: Creating new order in Orders collection for ClOrderId = 4747cdde-d634-4270-ad2b-d0c267d6ca36
2019-07-25 17:31:57  :: Updating quotes ...
2019-07-25 17:31:57  :: Updating best bid and ask for symbol SWP-XBT-USD-G19
2019-07-25 17:31:57  :: Sending specific offer for Price 1999.95 Qty 1
2019-07-25 17:31:57  :: Sending LgacyOrderAck ...
2019-07-25 17:31:57  :: Evaluating price levels ...
2019-07-25 17:31:57  :: Sending new bid entry: Price=1999.95 Size=1.0 ...
2019-07-25 17:31:57  :: Evaluating LegacyOrderRecord ...
2019-07-25 17:31:57  :: Creating new order in Orders collection for ClOrderId = 3823d1d4-b544-4eef-b98b-91f194dfd88e
2019-07-25 17:31:57  :: Updating quotes ...
2019-07-25 17:31:57  :: Updating best bid and ask for symbol SWP-XBT-USD-G19
2019-07-25 17:31:57  :: Sending specific offer for Price 1999.94 Qty 1
2019-07-25 17:31:57  :: Sending LgacyOrderAck ...
2019-07-25 17:31:57  :: Evaluating price levels ...
2019-07-25 17:31:57  :: Sending new bid entry: Price=1999.94 Size=1.0 ...
2019-07-25 17:31:57  :: Evaluating LegacyOrderRecord ...
2019-07-25 17:31:57  :: Creating new order in Orders collection for ClOrderId = d8dde9b6-09c1-4aee-8900-f378c53607c9
2019-07-25 17:31:57  :: Updating quotes ...
2019-07-25 17:31:57  :: Updating best bid and ask for symbol SWP-XBT-USD-G19
2019-07-25 17:31:57  :: Sending specific offer for Price 1999.93 Qty 1
2019-07-25 17:31:57  :: Sending LgacyOrderAck ...
2019-07-25 17:31:57  :: Evaluating price levels ...
2019-07-25 17:31:57  :: Sending new bid entry: Price=1999.93 Size=1.0 ...
2019-07-25 17:31:57  :: Evaluating LegacyOrderRecord ...
2019-07-25 17:31:57  :: Creating new order in Orders collection for ClOrderId = afb2ef73-bb01-46bc-9f82-0f94c594970c
2019-07-25 17:31:57  :: Updating quotes ...
2019-07-25 17:31:57  :: Updating best bid and ask for symbol SWP-XBT-USD-G19
2019-07-25 17:31:57  :: Sending specific offer for Price 1999.92 Qty 1
2019-07-25 17:31:57  :: Sending LgacyOrderAck ...
2019-07-25 17:31:57  :: Evaluating price levels ...
2019-07-25 17:31:57  :: Sending new bid entry: Price=1999.92 Size=1.0 ...
2019-07-25 17:31:57  :: Evaluating LegacyOrderRecord ...
2019-07-25 17:31:57  :: Creating new order in Orders collection for ClOrderId = 12fad49e-a1d0-47e2-84b8-bce868b986b1
2019-07-25 17:31:57  :: Updating quotes ...
2019-07-25 17:31:57  :: Updating best bid and ask for symbol SWP-XBT-USD-G19
2019-07-25 17:31:57  :: Sending specific offer for Price 1999.91 Qty 1
2019-07-25 17:31:57  :: Sending LgacyOrderAck ...
2019-07-25 17:31:57  :: Evaluating price levels ...
2019-07-25 17:31:57  :: Sending new bid entry: Price=1999.91 Size=1.0 ...
2019-07-25 17:31:57  :: Evaluating LegacyOrderRecord ...
2019-07-25 17:31:57  :: Creating new order in Orders collection for ClOrderId = 1496ec57-d8a5-41c7-b019-15a157c82d4d
2019-07-25 17:31:57  :: Updating quotes ...
2019-07-25 17:31:57  :: Updating best bid and ask for symbol SWP-XBT-USD-G19
2019-07-25 17:31:57  :: Sending specific offer for Price 1999.90 Qty 1
2019-07-25 17:31:57  :: Sending LgacyOrderAck ...
2019-07-25 17:31:57  :: Evaluating price levels ...
2019-07-25 17:31:57  :: Sending new bid entry: Price=1999.90 Size=1.0 ...
2019-07-25 17:31:57  :: Evaluating LegacyOrderRecord ...
2019-07-25 17:31:57  :: Creating new order in Orders collection for ClOrderId = dab37cdb-bacf-4027-bc02-2a3b6e400f07
2019-07-25 17:31:57  :: Updating quotes ...
2019-07-25 17:31:57  :: Updating best bid and ask for symbol SWP-XBT-USD-G19
2019-07-25 17:31:57  :: Sending specific offer for Price 1999.89 Qty 1
2019-07-25 17:31:57  :: Sending LgacyOrderAck ...
2019-07-25 17:31:57  :: Evaluating price levels ...
2019-07-25 17:31:57  :: Sending new bid entry: Price=1999.89 Size=1.0 ...
2019-07-25 17:31:57  :: Evaluating LegacyOrderRecord ...
2019-07-25 17:31:57  :: Creating new order in Orders collection for ClOrderId = 187e337e-6eba-45a4-b76a-80c212a68f32
2019-07-25 17:31:57  :: Updating quotes ...
2019-07-25 17:31:57  :: Updating best bid and ask for symbol SWP-XBT-USD-G19
2019-07-25 17:31:57  :: Sending specific offer for Price 1999.88 Qty 1
2019-07-25 17:31:57  :: Sending LgacyOrderAck ...
2019-07-25 17:31:57  :: Evaluating price levels ...
2019-07-25 17:31:57  :: Sending new bid entry: Price=1999.88 Size=1.0 ...
2019-07-25 17:31:57  :: Evaluating LegacyOrderRecord ...
2019-07-25 17:31:57  :: Creating new order in Orders collection for ClOrderId = 4af8fffc-5005-4e3e-8ca2-e2d0ed75acec
2019-07-25 17:31:57  :: Updating quotes ...
2019-07-25 17:31:57  :: Updating best bid and ask for symbol SWP-XBT-USD-G19
2019-07-25 17:31:57  :: Sending specific offer for Price 1999.87 Qty 1
2019-07-25 17:31:57  :: Sending LgacyOrderAck ...
2019-07-25 17:31:57  :: Evaluating price levels ...
2019-07-25 17:31:57  :: Sending new bid entry: Price=1999.87 Size=1.0 ...
2019-07-25 17:31:57  :: Evaluating LegacyOrderRecord ...
2019-07-25 17:31:57  :: Creating new order in Orders collection for ClOrderId = b9eec55f-eb19-4a38-84b5-9bc625b0f2d1
2019-07-25 17:31:57  :: Updating quotes ...
2019-07-25 17:31:57  :: Updating best bid and ask for symbol SWP-XBT-USD-G19
2019-07-25 17:31:57  :: Sending specific offer for Price 1999.86 Qty 1
2019-07-25 17:31:57  :: Sending LgacyOrderAck ...
2019-07-25 17:31:57  :: Evaluating price levels ...
2019-07-25 17:31:57  :: Sending new bid entry: Price=1999.86 Size=1.0 ...
2019-07-25 17:31:57  :: Evaluating LegacyOrderRecord ...
2019-07-25 17:31:57  :: Creating new order in Orders collection for ClOrderId = 0c271d67-a698-4958-af26-dc718cebfe8f
2019-07-25 17:31:57  :: Updating quotes ...
2019-07-25 17:31:57  :: Updating best bid and ask for symbol SWP-XBT-USD-G19
2019-07-25 17:31:57  :: Sending specific offer for Price 1999.85 Qty 1
2019-07-25 17:31:57  :: Sending LgacyOrderAck ...
2019-07-25 17:31:57  :: Evaluating price levels ...
2019-07-25 17:31:57  :: Sending new bid entry: Price=1999.85 Size=1.0 ...
2019-07-25 17:31:57  :: Evaluating LegacyOrderRecord ...
2019-07-25 17:31:57  :: Creating new order in Orders collection for ClOrderId = bdbae759-3187-4ee7-906e-c791dd78c828
2019-07-25 17:31:57  :: Updating quotes ...
2019-07-25 17:31:57  :: Updating best bid and ask for symbol SWP-XBT-USD-G19
2019-07-25 17:31:57  :: Sending specific offer for Price 1999.84 Qty 1
2019-07-25 17:31:57  :: Sending LgacyOrderAck ...
2019-07-25 17:31:57  :: Evaluating price levels ...
2019-07-25 17:31:57  :: Sending new bid entry: Price=1999.84 Size=1.0 ...
2019-07-25 17:31:57  :: Evaluating LegacyOrderRecord ...
2019-07-25 17:31:57  :: Creating new order in Orders collection for ClOrderId = 21ba51c4-d4be-4e61-8b6c-5d9ab69837c1
2019-07-25 17:31:57  :: Updating quotes ...
2019-07-25 17:31:57  :: Updating best bid and ask for symbol SWP-XBT-USD-G19
2019-07-25 17:31:57  :: Sending specific offer for Price 1999.83 Qty 1
2019-07-25 17:31:57  :: Sending LgacyOrderAck ...
2019-07-25 17:31:57  :: Evaluating price levels ...
2019-07-25 17:31:57  :: Sending new bid entry: Price=1999.83 Size=1.0 ...
2019-07-25 17:31:57  :: Evaluating LegacyOrderRecord ...
2019-07-25 17:31:57  :: Creating new order in Orders collection for ClOrderId = a1493066-0dd7-4cfd-abc2-7ada27220223
2019-07-25 17:31:57  :: Updating quotes ...
2019-07-25 17:31:57  :: Updating best bid and ask for symbol SWP-XBT-USD-G19
2019-07-25 17:31:57  :: Sending specific offer for Price 1999.82 Qty 1
2019-07-25 17:31:57  :: Sending LgacyOrderAck ...
2019-07-25 17:31:57  :: Evaluating price levels ...
2019-07-25 17:31:57  :: Sending new bid entry: Price=1999.82 Size=1.0 ...
2019-07-25 17:31:57  :: Evaluating LegacyOrderRecord ...
2019-07-25 17:31:57  :: Creating new order in Orders collection for ClOrderId = c4571eed-8eb4-44c6-98b6-a751caa7fa40
2019-07-25 17:31:57  :: Updating quotes ...
2019-07-25 17:31:57  :: Updating best bid and ask for symbol SWP-XBT-USD-G19
2019-07-25 17:31:57  :: Sending specific offer for Price 1999.81 Qty 1
2019-07-25 17:31:57  :: Sending LgacyOrderAck ...
2019-07-25 17:31:57  :: Evaluating price levels ...
2019-07-25 17:31:57  :: Sending new bid entry: Price=1999.81 Size=1.0 ...
2019-07-25 17:31:57  :: Evaluating LegacyOrderRecord ...
2019-07-25 17:31:57  :: Creating new order in Orders collection for ClOrderId = 6b030b9a-9f36-49c6-b7fb-ecef1bca3f43
2019-07-25 17:31:57  :: Updating quotes ...
2019-07-25 17:31:57  :: Updating best bid and ask for symbol SWP-XBT-USD-G19
2019-07-25 17:31:57  :: Sending specific offer for Price 1999.80 Qty 1
2019-07-25 17:31:57  :: Sending LgacyOrderAck ...
2019-07-25 17:31:57  :: Evaluating price levels ...
2019-07-25 17:31:57  :: Sending new bid entry: Price=1999.80 Size=1.0 ...
2019-07-25 17:31:57  :: Evaluating LegacyOrderRecord ...
2019-07-25 17:31:57  :: Creating new order in Orders collection for ClOrderId = 334d754e-3c88-4369-8e1e-6362751ccf4d
2019-07-25 17:31:57  :: Updating quotes ...
2019-07-25 17:31:57  :: Updating best bid and ask for symbol SWP-XBT-USD-G19
2019-07-25 17:31:57  :: Sending specific offer for Price 1999.79 Qty 1
2019-07-25 17:31:57  :: Sending LgacyOrderAck ...
2019-07-25 17:31:57  :: Evaluating price levels ...
2019-07-25 17:31:57  :: Sending new bid entry: Price=1999.79 Size=1.0 ...
2019-07-25 17:31:57  :: Evaluating LegacyOrderRecord ...
2019-07-25 17:31:57  :: Creating new order in Orders collection for ClOrderId = c4faff47-e6ec-4d41-9f78-0bd24f3bd3d0
2019-07-25 17:31:57  :: Updating quotes ...
2019-07-25 17:31:57  :: Updating best bid and ask for symbol SWP-XBT-USD-G19
2019-07-25 17:31:57  :: Sending specific offer for Price 1999.78 Qty 1
2019-07-25 17:31:57  :: Sending LgacyOrderAck ...
2019-07-25 17:31:57  :: Evaluating price levels ...
2019-07-25 17:31:57  :: Sending new bid entry: Price=1999.78 Size=1.0 ...
2019-07-25 17:31:57  :: Evaluating LegacyOrderRecord ...
2019-07-25 17:31:57  :: Creating new order in Orders collection for ClOrderId = d300f7b8-9389-487b-a242-9dbe2cc90094
2019-07-25 17:31:57  :: Updating quotes ...
2019-07-25 17:31:57  :: Updating best bid and ask for symbol SWP-XBT-USD-G19
2019-07-25 17:31:57  :: Sending specific offer for Price 1999.77 Qty 1
2019-07-25 17:31:57  :: Sending LgacyOrderAck ...
2019-07-25 17:31:57  :: Evaluating price levels ...
2019-07-25 17:31:57  :: Sending new bid entry: Price=1999.77 Size=1.0 ...
2019-07-25 17:31:57  :: Evaluating LegacyOrderRecord ...
2019-07-25 17:31:57  :: Creating new order in Orders collection for ClOrderId = d3de0cc4-8980-4730-bf0c-be1098bcfa7a
2019-07-25 17:31:57  :: Updating quotes ...
2019-07-25 17:31:57  :: Updating best bid and ask for symbol SWP-XBT-USD-G19
2019-07-25 17:31:57  :: Sending specific offer for Price 1999.76 Qty 1
2019-07-25 17:31:57  :: Sending LgacyOrderAck ...
2019-07-25 17:31:57  :: Evaluating price levels ...
2019-07-25 17:31:57  :: Sending new bid entry: Price=1999.76 Size=1.0 ...
2019-07-25 17:31:57  :: Evaluating LegacyOrderRecord ...
2019-07-25 17:31:57  :: Creating new order in Orders collection for ClOrderId = 5a74ba7a-2f1d-4eb1-b508-2eb4b2804cc6
2019-07-25 17:31:57  :: Updating quotes ...
2019-07-25 17:31:57  :: Updating best bid and ask for symbol SWP-XBT-USD-G19
2019-07-25 17:31:57  :: Sending specific offer for Price 1999.75 Qty 1
2019-07-25 17:31:57  :: Sending LgacyOrderAck ...
2019-07-25 17:31:57  :: Evaluating price levels ...
2019-07-25 17:31:57  :: Sending new bid entry: Price=1999.75 Size=1.0 ...
2019-07-25 17:31:57  :: Evaluating LegacyOrderRecord ...
2019-07-25 17:31:57  :: Creating new order in Orders collection for ClOrderId = 5e742751-aaa4-48f7-ad31-26230803df1f
2019-07-25 17:31:57  :: Updating quotes ...
2019-07-25 17:31:57  :: Updating best bid and ask for symbol SWP-XBT-USD-G19
2019-07-25 17:31:57  :: Sending specific offer for Price 1999.74 Qty 1
2019-07-25 17:31:57  :: Sending LgacyOrderAck ...
2019-07-25 17:31:57  :: Evaluating price levels ...
2019-07-25 17:31:57  :: Sending new bid entry: Price=1999.74 Size=1.0 ...
2019-07-25 17:31:57  :: Evaluating LegacyOrderRecord ...
2019-07-25 17:31:57  :: Creating new order in Orders collection for ClOrderId = d201a43f-c839-4604-a839-460248936efe
2019-07-25 17:31:57  :: Updating quotes ...
2019-07-25 17:31:57  :: Updating best bid and ask for symbol SWP-XBT-USD-G19
2019-07-25 17:31:57  :: Sending specific offer for Price 1999.73 Qty 1
2019-07-25 17:31:57  :: Sending LgacyOrderAck ...
2019-07-25 17:31:57  :: Evaluating price levels ...
2019-07-25 17:31:57  :: Sending new bid entry: Price=1999.73 Size=1.0 ...
2019-07-25 17:31:57  :: Evaluating LegacyOrderRecord ...
2019-07-25 17:31:57  :: Creating new order in Orders collection for ClOrderId = 5a8ef856-7a1a-4736-a0de-e89ae48e598f
2019-07-25 17:31:57  :: Updating quotes ...
2019-07-25 17:31:57  :: Updating best bid and ask for symbol SWP-XBT-USD-G19
2019-07-25 17:31:57  :: Sending specific offer for Price 1999.72 Qty 1
2019-07-25 17:31:57  :: Sending LgacyOrderAck ...
2019-07-25 17:31:57  :: Evaluating price levels ...
2019-07-25 17:31:57  :: Sending new bid entry: Price=1999.72 Size=1.0 ...
2019-07-25 17:31:57  :: Evaluating LegacyOrderRecord ...
2019-07-25 17:31:57  :: Creating new order in Orders collection for ClOrderId = 228e8ecb-b7a9-4135-a516-b8e2953a733e
2019-07-25 17:31:57  :: Updating quotes ...
2019-07-25 17:31:57  :: Updating best bid and ask for symbol SWP-XBT-USD-G19
2019-07-25 17:31:57  :: Sending specific offer for Price 1999.71 Qty 1
2019-07-25 17:31:57  :: Sending LgacyOrderAck ...
2019-07-25 17:31:57  :: Evaluating price levels ...
2019-07-25 17:31:57  :: Sending new bid entry: Price=1999.71 Size=1.0 ...
2019-07-25 17:31:57  :: Evaluating LegacyOrderRecord ...
2019-07-25 17:31:57  :: Creating new order in Orders collection for ClOrderId = c8d33a58-baa3-43fb-a914-9979d644885e
2019-07-25 17:31:57  :: Updating quotes ...
2019-07-25 17:31:57  :: Updating best bid and ask for symbol SWP-XBT-USD-G19
2019-07-25 17:31:57  :: Sending specific offer for Price 1999.70 Qty 1
2019-07-25 17:31:57  :: Sending LgacyOrderAck ...
2019-07-25 17:31:57  :: Evaluating price levels ...
2019-07-25 17:31:57  :: Sending new bid entry: Price=1999.70 Size=1.0 ...
2019-07-25 17:31:57  :: Evaluating LegacyOrderRecord ...
2019-07-25 17:31:57  :: Creating new order in Orders collection for ClOrderId = ba64c691-68cb-4d3d-b131-8eeda93b954c
2019-07-25 17:31:57  :: Updating quotes ...
2019-07-25 17:31:57  :: Updating best bid and ask for symbol SWP-XBT-USD-G19
2019-07-25 17:31:57  :: Sending specific offer for Price 1999.69 Qty 1
2019-07-25 17:31:57  :: Sending LgacyOrderAck ...
2019-07-25 17:31:57  :: Evaluating price levels ...
2019-07-25 17:31:57  :: Sending new bid entry: Price=1999.69 Size=1.0 ...
2019-07-25 17:31:57  :: Evaluating LegacyOrderRecord ...
2019-07-25 17:31:57  :: Creating new order in Orders collection for ClOrderId = 34799b5c-378c-46bb-9501-292719d18dd6
2019-07-25 17:31:57  :: Updating quotes ...
2019-07-25 17:31:57  :: Updating best bid and ask for symbol SWP-XBT-USD-G19
2019-07-25 17:31:57  :: Sending specific offer for Price 1999.68 Qty 1
2019-07-25 17:31:57  :: Sending LgacyOrderAck ...
2019-07-25 17:31:57  :: Evaluating price levels ...
2019-07-25 17:31:57  :: Sending new bid entry: Price=1999.68 Size=1.0 ...
2019-07-25 17:31:57  :: Evaluating LegacyOrderRecord ...
2019-07-25 17:31:57  :: Creating new order in Orders collection for ClOrderId = 4d71d91b-12c1-406d-9185-a52fe1bf5e0a
2019-07-25 17:31:57  :: Updating quotes ...
2019-07-25 17:31:57  :: Updating best bid and ask for symbol SWP-XBT-USD-G19
2019-07-25 17:31:57  :: Sending specific offer for Price 1999.67 Qty 1
2019-07-25 17:31:57  :: Sending LgacyOrderAck ...
2019-07-25 17:31:57  :: Evaluating price levels ...
2019-07-25 17:31:57  :: Sending new bid entry: Price=1999.67 Size=1.0 ...
2019-07-25 17:31:57  :: Evaluating LegacyOrderRecord ...
2019-07-25 17:31:57  :: Creating new order in Orders collection for ClOrderId = e87bebe5-1571-4c56-bf1c-56d788fd2e5e
2019-07-25 17:31:57  :: Updating quotes ...
2019-07-25 17:31:57  :: Updating best bid and ask for symbol SWP-XBT-USD-G19
2019-07-25 17:31:57  :: Sending specific offer for Price 1999.66 Qty 1
2019-07-25 17:31:57  :: Sending LgacyOrderAck ...
2019-07-25 17:31:57  :: Evaluating price levels ...
2019-07-25 17:31:57  :: Sending new bid entry: Price=1999.66 Size=1.0 ...
2019-07-25 17:31:57  :: Evaluating LegacyOrderRecord ...
2019-07-25 17:31:57  :: Creating new order in Orders collection for ClOrderId = e29772a1-56aa-4b67-9707-163cfcddfd64
2019-07-25 17:31:57  :: Updating quotes ...
2019-07-25 17:31:57  :: Updating best bid and ask for symbol SWP-XBT-USD-G19
2019-07-25 17:31:57  :: Sending specific offer for Price 1999.65 Qty 1
2019-07-25 17:31:57  :: Sending LgacyOrderAck ...
2019-07-25 17:31:57  :: Evaluating price levels ...
2019-07-25 17:31:57  :: Sending new bid entry: Price=1999.65 Size=1.0 ...
2019-07-25 17:31:57  :: Evaluating LegacyOrderRecord ...
2019-07-25 17:31:57  :: Creating new order in Orders collection for ClOrderId = ce51b6f8-e3ff-41bc-9abd-5c3d3de506d7
2019-07-25 17:31:57  :: Updating quotes ...
2019-07-25 17:31:57  :: Updating best bid and ask for symbol SWP-XBT-USD-G19
2019-07-25 17:31:57  :: Sending specific offer for Price 1999.64 Qty 1
2019-07-25 17:31:57  :: Sending LgacyOrderAck ...
2019-07-25 17:31:57  :: Evaluating price levels ...
2019-07-25 17:31:57  :: Sending new bid entry: Price=1999.64 Size=1.0 ...
2019-07-25 17:31:57  :: Evaluating LegacyOrderRecord ...
2019-07-25 17:31:57  :: Creating new order in Orders collection for ClOrderId = 6c3b6b0e-323f-47b0-b2df-3963ed47fca4
2019-07-25 17:31:57  :: Updating quotes ...
2019-07-25 17:31:57  :: Updating best bid and ask for symbol SWP-XBT-USD-G19
2019-07-25 17:31:57  :: Sending specific offer for Price 1999.63 Qty 1
2019-07-25 17:31:57  :: Sending LgacyOrderAck ...
2019-07-25 17:31:57  :: Evaluating price levels ...
2019-07-25 17:31:57  :: Sending new bid entry: Price=1999.63 Size=1.0 ...
2019-07-25 17:31:57  :: Evaluating LegacyOrderRecord ...
2019-07-25 17:31:57  :: Creating new order in Orders collection for ClOrderId = cc697594-f609-4c60-a718-4c5b4a46a5db
2019-07-25 17:31:57  :: Updating quotes ...
2019-07-25 17:31:57  :: Updating best bid and ask for symbol SWP-XBT-USD-G19
2019-07-25 17:31:57  :: Sending specific offer for Price 1999.62 Qty 1
2019-07-25 17:31:57  :: Sending LgacyOrderAck ...
2019-07-25 17:31:57  :: Evaluating price levels ...
2019-07-25 17:31:57  :: Sending new bid entry: Price=1999.62 Size=1.0 ...
2019-07-25 17:31:57  :: Evaluating LegacyOrderRecord ...
2019-07-25 17:31:57  :: Creating new order in Orders collection for ClOrderId = c0d9c158-0736-4bab-b0a6-12b35a67e8e4
2019-07-25 17:31:57  :: Updating quotes ...
2019-07-25 17:31:57  :: Updating best bid and ask for symbol SWP-XBT-USD-G19
2019-07-25 17:31:57  :: Sending specific offer for Price 1999.61 Qty 1
2019-07-25 17:31:57  :: Sending LgacyOrderAck ...
2019-07-25 17:31:57  :: Evaluating price levels ...
2019-07-25 17:31:57  :: Sending new bid entry: Price=1999.61 Size=1.0 ...
2019-07-25 17:31:57  :: Evaluating LegacyOrderRecord ...
2019-07-25 17:31:57  :: Creating new order in Orders collection for ClOrderId = 93ff22c0-38c2-42ef-b9f1-43df3261bfdb
2019-07-25 17:31:57  :: Updating quotes ...
2019-07-25 17:31:57  :: Updating best bid and ask for symbol SWP-XBT-USD-G19
2019-07-25 17:31:57  :: Sending specific offer for Price 1999.60 Qty 1
2019-07-25 17:31:57  :: Sending LgacyOrderAck ...
2019-07-25 17:31:57  :: Evaluating price levels ...
2019-07-25 17:31:57  :: Sending new bid entry: Price=1999.60 Size=1.0 ...
2019-07-25 17:31:57  :: Evaluating LegacyOrderRecord ...
2019-07-25 17:31:57  :: Creating new order in Orders collection for ClOrderId = 1eb4922a-3bef-499c-bdd9-1264f9d6d7d8
2019-07-25 17:31:57  :: Updating quotes ...
2019-07-25 17:31:57  :: Updating best bid and ask for symbol SWP-XBT-USD-G19
2019-07-25 17:31:57  :: Sending specific offer for Price 1999.59 Qty 1
2019-07-25 17:31:57  :: Sending LgacyOrderAck ...
2019-07-25 17:31:57  :: Evaluating price levels ...
2019-07-25 17:31:57  :: Sending new bid entry: Price=1999.59 Size=1.0 ...
2019-07-25 17:31:57  :: Evaluating LegacyOrderRecord ...
2019-07-25 17:31:57  :: Creating new order in Orders collection for ClOrderId = 597a705e-0768-4f59-a963-9ef2fab6dca4
2019-07-25 17:31:57  :: Updating quotes ...
2019-07-25 17:31:57  :: Updating best bid and ask for symbol SWP-XBT-USD-G19
2019-07-25 17:31:57  :: Sending specific offer for Price 1999.58 Qty 1
2019-07-25 17:31:57  :: Sending LgacyOrderAck ...
2019-07-25 17:31:57  :: Evaluating price levels ...
2019-07-25 17:31:57  :: Sending new bid entry: Price=1999.58 Size=1.0 ...
2019-07-25 17:31:57  :: Evaluating LegacyOrderRecord ...
2019-07-25 17:31:57  :: Creating new order in Orders collection for ClOrderId = d522bc51-19cf-4423-9126-38190b8c44d6
2019-07-25 17:31:57  :: Updating quotes ...
2019-07-25 17:31:57  :: Updating best bid and ask for symbol SWP-XBT-USD-G19
2019-07-25 17:31:57  :: Sending specific offer for Price 1999.57 Qty 1
2019-07-25 17:31:57  :: Sending LgacyOrderAck ...
2019-07-25 17:31:57  :: Evaluating price levels ...
2019-07-25 17:31:57  :: Sending new bid entry: Price=1999.57 Size=1.0 ...
2019-07-25 17:31:57  :: Evaluating LegacyOrderRecord ...
2019-07-25 17:31:57  :: Creating new order in Orders collection for ClOrderId = 57f576f3-7cfc-44a0-b7f2-62be6758cb48
2019-07-25 17:31:57  :: Updating quotes ...
2019-07-25 17:31:57  :: Updating best bid and ask for symbol SWP-XBT-USD-G19
2019-07-25 17:31:57  :: Sending specific offer for Price 1999.56 Qty 1
2019-07-25 17:31:57  :: Sending LgacyOrderAck ...
2019-07-25 17:31:57  :: Evaluating price levels ...
2019-07-25 17:31:57  :: Sending new bid entry: Price=1999.56 Size=1.0 ...
2019-07-25 17:31:57  :: Evaluating LegacyOrderRecord ...
2019-07-25 17:31:57  :: Creating new order in Orders collection for ClOrderId = e4ce1116-a7bb-4549-9693-53f7e59d216a
2019-07-25 17:31:57  :: Updating quotes ...
2019-07-25 17:31:57  :: Updating best bid and ask for symbol SWP-XBT-USD-G19
2019-07-25 17:31:57  :: Sending specific offer for Price 1999.55 Qty 1
2019-07-25 17:31:57  :: Sending LgacyOrderAck ...
2019-07-25 17:31:57  :: Evaluating price levels ...
2019-07-25 17:31:57  :: Sending new bid entry: Price=1999.55 Size=1.0 ...
2019-07-25 17:31:57  :: Evaluating LegacyOrderRecord ...
2019-07-25 17:31:57  :: Creating new order in Orders collection for ClOrderId = 26cc7d6b-fbd0-4ced-a1dd-6347e84ac36a
2019-07-25 17:31:57  :: Updating quotes ...
2019-07-25 17:31:57  :: Updating best bid and ask for symbol SWP-XBT-USD-G19
2019-07-25 17:31:57  :: Sending specific offer for Price 1999.54 Qty 1
2019-07-25 17:31:57  :: Sending LgacyOrderAck ...
2019-07-25 17:31:57  :: Evaluating price levels ...
2019-07-25 17:31:57  :: Sending new bid entry: Price=1999.54 Size=1.0 ...
2019-07-25 17:31:57  :: Evaluating LegacyOrderRecord ...
2019-07-25 17:31:57  :: Creating new order in Orders collection for ClOrderId = bb1aa562-552c-4343-a75d-5eafe96e447e
2019-07-25 17:31:57  :: Updating quotes ...
2019-07-25 17:31:57  :: Updating best bid and ask for symbol SWP-XBT-USD-G19
2019-07-25 17:31:57  :: Sending specific offer for Price 1999.53 Qty 1
2019-07-25 17:31:57  :: Sending LgacyOrderAck ...
2019-07-25 17:31:57  :: Evaluating price levels ...
2019-07-25 17:31:57  :: Sending new bid entry: Price=1999.53 Size=1.0 ...
2019-07-25 17:31:57  :: Evaluating LegacyOrderRecord ...
2019-07-25 17:31:57  :: Creating new order in Orders collection for ClOrderId = 1f28757a-602f-4d75-a291-cc657495b84e
2019-07-25 17:31:57  :: Updating quotes ...
2019-07-25 17:31:57  :: Updating best bid and ask for symbol SWP-XBT-USD-G19
2019-07-25 17:31:57  :: Sending specific offer for Price 1999.52 Qty 1
2019-07-25 17:31:57  :: Sending LgacyOrderAck ...
2019-07-25 17:31:57  :: Evaluating price levels ...
2019-07-25 17:31:57  :: Sending new bid entry: Price=1999.52 Size=1.0 ...
2019-07-25 17:31:57  :: Evaluating LegacyOrderRecord ...
2019-07-25 17:31:57  :: Creating new order in Orders collection for ClOrderId = 0f1a3d33-4393-48dd-9722-42a10b26a21d
2019-07-25 17:31:57  :: Updating quotes ...
2019-07-25 17:31:57  :: Updating best bid and ask for symbol SWP-XBT-USD-G19
2019-07-25 17:31:57  :: Sending specific offer for Price 1999.51 Qty 1
2019-07-25 17:31:57  :: Sending LgacyOrderAck ...
2019-07-25 17:31:57  :: Evaluating price levels ...
2019-07-25 17:31:57  :: Sending new bid entry: Price=1999.51 Size=1.0 ...
2019-07-25 17:31:57  :: Evaluating LegacyOrderRecord ...
2019-07-25 17:31:57  :: Creating new order in Orders collection for ClOrderId = f977f239-bbc3-459e-88ac-eccc86a35562
2019-07-25 17:31:57  :: Updating quotes ...
2019-07-25 17:31:57  :: Updating best bid and ask for symbol SWP-XBT-USD-G19
2019-07-25 17:31:57  :: Sending specific offer for Price 1999.50 Qty 1
2019-07-25 17:31:57  :: Sending LgacyOrderAck ...
2019-07-25 17:31:57  :: Evaluating price levels ...
2019-07-25 17:31:57  :: Sending new bid entry: Price=1999.50 Size=1.0 ...
2019-07-25 17:31:57  :: Evaluating LegacyOrderRecord ...
2019-07-25 17:31:57  :: Creating new order in Orders collection for ClOrderId = 9b872e92-0d7d-4d4a-92f4-798a0caeb1cf
2019-07-25 17:31:57  :: Updating quotes ...
2019-07-25 17:31:57  :: Updating best bid and ask for symbol SWP-XBT-USD-G19
2019-07-25 17:31:57  :: Sending specific offer for Price 1999.49 Qty 1
2019-07-25 17:31:57  :: Sending LgacyOrderAck ...
2019-07-25 17:31:57  :: Evaluating price levels ...
2019-07-25 17:31:57  :: Sending new bid entry: Price=1999.49 Size=1.0 ...
2019-07-25 17:31:57  :: Evaluating LegacyOrderRecord ...
2019-07-25 17:31:57  :: Creating new order in Orders collection for ClOrderId = fc6cff7c-cfe4-456b-b604-d0e1847fbbd9
2019-07-25 17:31:57  :: Updating quotes ...
2019-07-25 17:31:57  :: Updating best bid and ask for symbol SWP-XBT-USD-G19
2019-07-25 17:31:57  :: Sending specific offer for Price 1999.48 Qty 1
2019-07-25 17:31:57  :: Sending LgacyOrderAck ...
2019-07-25 17:31:57  :: Evaluating price levels ...
2019-07-25 17:31:57  :: Sending new bid entry: Price=1999.48 Size=1.0 ...
2019-07-25 17:31:57  :: Evaluating LegacyOrderRecord ...
2019-07-25 17:31:57  :: Creating new order in Orders collection for ClOrderId = 9ccb7959-0631-413d-8b07-79f92eb1b20f
2019-07-25 17:31:57  :: Updating quotes ...
2019-07-25 17:31:57  :: Updating best bid and ask for symbol SWP-XBT-USD-G19
2019-07-25 17:31:57  :: Sending specific offer for Price 1999.47 Qty 1
2019-07-25 17:31:57  :: Sending LgacyOrderAck ...
2019-07-25 17:31:57  :: Evaluating price levels ...
2019-07-25 17:31:57  :: Sending new bid entry: Price=1999.47 Size=1.0 ...
2019-07-25 17:31:57  :: Evaluating LegacyOrderRecord ...
2019-07-25 17:31:57  :: Creating new order in Orders collection for ClOrderId = 9aa4ba74-223b-448d-afaf-f8d5fa71e20f
2019-07-25 17:31:57  :: Updating quotes ...
2019-07-25 17:31:57  :: Updating best bid and ask for symbol SWP-XBT-USD-G19
2019-07-25 17:31:57  :: Sending specific offer for Price 1999.46 Qty 1
2019-07-25 17:31:57  :: Sending LgacyOrderAck ...
2019-07-25 17:31:57  :: Evaluating price levels ...
2019-07-25 17:31:57  :: Sending new bid entry: Price=1999.46 Size=1.0 ...
2019-07-25 17:31:57  :: Evaluating LegacyOrderRecord ...
2019-07-25 17:31:57  :: Creating new order in Orders collection for ClOrderId = cf24d959-9680-4699-8689-c95e92df014f
2019-07-25 17:31:57  :: Updating quotes ...
2019-07-25 17:31:57  :: Updating best bid and ask for symbol SWP-XBT-USD-G19
2019-07-25 17:31:57  :: Sending specific offer for Price 1999.45 Qty 1
2019-07-25 17:31:57  :: Sending LgacyOrderAck ...
2019-07-25 17:31:57  :: Evaluating price levels ...
2019-07-25 17:31:57  :: Sending new bid entry: Price=1999.45 Size=1.0 ...
2019-07-25 17:31:57  :: Evaluating LegacyOrderRecord ...
2019-07-25 17:31:57  :: Creating new order in Orders collection for ClOrderId = 6e4b3005-1bcd-4078-b5a1-5606c32abfcb
2019-07-25 17:31:57  :: Updating quotes ...
2019-07-25 17:31:57  :: Updating best bid and ask for symbol SWP-XBT-USD-G19
2019-07-25 17:31:57  :: Sending specific offer for Price 1999.44 Qty 1
2019-07-25 17:31:57  :: Sending LgacyOrderAck ...
2019-07-25 17:31:57  :: Evaluating price levels ...
2019-07-25 17:31:57  :: Sending new bid entry: Price=1999.44 Size=1.0 ...
2019-07-25 17:31:57  :: Evaluating LegacyOrderRecord ...
2019-07-25 17:31:57  :: Creating new order in Orders collection for ClOrderId = b8216af3-b914-416e-b02e-33baa866b175
2019-07-25 17:31:57  :: Updating quotes ...
2019-07-25 17:31:57  :: Updating best bid and ask for symbol SWP-XBT-USD-G19
2019-07-25 17:31:57  :: Sending specific offer for Price 1999.43 Qty 1
2019-07-25 17:31:57  :: Sending LgacyOrderAck ...
2019-07-25 17:31:57  :: Evaluating price levels ...
2019-07-25 17:31:57  :: Sending new bid entry: Price=1999.43 Size=1.0 ...
2019-07-25 17:31:57  :: Evaluating LegacyOrderRecord ...
2019-07-25 17:31:57  :: Creating new order in Orders collection for ClOrderId = a236eb81-5cd8-41bb-bcc6-ccc9260f44b1
2019-07-25 17:31:57  :: Updating quotes ...
2019-07-25 17:31:57  :: Updating best bid and ask for symbol SWP-XBT-USD-G19
2019-07-25 17:31:57  :: Sending specific offer for Price 1999.42 Qty 1
2019-07-25 17:31:57  :: Sending LgacyOrderAck ...
2019-07-25 17:31:57  :: Evaluating price levels ...
2019-07-25 17:31:57  :: Sending new bid entry: Price=1999.42 Size=1.0 ...
2019-07-25 17:31:57  :: Evaluating LegacyOrderRecord ...
2019-07-25 17:31:57  :: Creating new order in Orders collection for ClOrderId = 1f008c20-994c-4a57-8646-8542f411e1d1
2019-07-25 17:31:57  :: Updating quotes ...
2019-07-25 17:31:57  :: Updating best bid and ask for symbol SWP-XBT-USD-G19
2019-07-25 17:31:57  :: Sending specific offer for Price 1999.41 Qty 1
2019-07-25 17:31:57  :: Sending LgacyOrderAck ...
2019-07-25 17:31:57  :: Evaluating price levels ...
2019-07-25 17:31:57  :: Sending new bid entry: Price=1999.41 Size=1.0 ...
2019-07-25 17:31:57  :: Evaluating LegacyOrderRecord ...
2019-07-25 17:31:57  :: Creating new order in Orders collection for ClOrderId = 8aeb982a-816d-4a47-aa63-01db45edcedf
2019-07-25 17:31:57  :: Updating quotes ...
2019-07-25 17:31:57  :: Updating best bid and ask for symbol SWP-XBT-USD-G19
2019-07-25 17:31:57  :: Sending specific offer for Price 1999.40 Qty 1
2019-07-25 17:31:57  :: Sending LgacyOrderAck ...
2019-07-25 17:31:57  :: Evaluating price levels ...
2019-07-25 17:31:57  :: Sending new bid entry: Price=1999.40 Size=1.0 ...
2019-07-25 17:31:57  :: Evaluating LegacyOrderRecord ...
2019-07-25 17:31:57  :: Creating new order in Orders collection for ClOrderId = 5355ee55-436c-4228-8821-1f0e871b1eaa
2019-07-25 17:31:57  :: Updating quotes ...
2019-07-25 17:31:57  :: Updating best bid and ask for symbol SWP-XBT-USD-G19
2019-07-25 17:31:57  :: Sending specific offer for Price 1999.39 Qty 1
2019-07-25 17:31:57  :: Sending LgacyOrderAck ...
2019-07-25 17:31:57  :: Evaluating price levels ...
2019-07-25 17:31:57  :: Sending new bid entry: Price=1999.39 Size=1.0 ...
2019-07-25 17:31:57  :: Evaluating LegacyOrderRecord ...
2019-07-25 17:31:57  :: Creating new order in Orders collection for ClOrderId = 966e5bfe-2b0a-4ab1-a877-13396d83524a
2019-07-25 17:31:57  :: Updating quotes ...
2019-07-25 17:31:57  :: Updating best bid and ask for symbol SWP-XBT-USD-G19
2019-07-25 17:31:57  :: Sending specific offer for Price 1999.38 Qty 1
2019-07-25 17:31:57  :: Sending LgacyOrderAck ...
2019-07-25 17:31:57  :: Evaluating price levels ...
2019-07-25 17:31:57  :: Sending new bid entry: Price=1999.38 Size=1.0 ...
2019-07-25 17:31:57  :: Evaluating LegacyOrderRecord ...
2019-07-25 17:31:57  :: Creating new order in Orders collection for ClOrderId = 008394ee-5744-46d0-855e-9763eeefe78f
2019-07-25 17:31:57  :: Updating quotes ...
2019-07-25 17:31:57  :: Updating best bid and ask for symbol SWP-XBT-USD-G19
2019-07-25 17:31:57  :: Sending specific offer for Price 1999.37 Qty 1
2019-07-25 17:31:57  :: Sending LgacyOrderAck ...
2019-07-25 17:31:57  :: Evaluating price levels ...
2019-07-25 17:31:57  :: Sending new bid entry: Price=1999.37 Size=1.0 ...
2019-07-25 17:31:57  :: Evaluating LegacyOrderRecord ...
2019-07-25 17:31:57  :: Creating new order in Orders collection for ClOrderId = 8f065110-d7a6-434c-abdc-9775c3cf7813
2019-07-25 17:31:57  :: Updating quotes ...
2019-07-25 17:31:57  :: Updating best bid and ask for symbol SWP-XBT-USD-G19
2019-07-25 17:31:57  :: Sending specific offer for Price 1999.36 Qty 1
2019-07-25 17:31:57  :: Sending LgacyOrderAck ...
2019-07-25 17:31:57  :: Evaluating price levels ...
2019-07-25 17:31:57  :: Sending new bid entry: Price=1999.36 Size=1.0 ...
2019-07-25 17:31:57  :: Evaluating LegacyOrderRecord ...
2019-07-25 17:31:57  :: Creating new order in Orders collection for ClOrderId = 23c3371a-1f98-4f4a-9eed-57d0687dd915
2019-07-25 17:31:57  :: Updating quotes ...
2019-07-25 17:31:57  :: Updating best bid and ask for symbol SWP-XBT-USD-G19
2019-07-25 17:31:57  :: Sending specific offer for Price 1999.35 Qty 1
2019-07-25 17:31:57  :: Sending LgacyOrderAck ...
2019-07-25 17:31:57  :: Evaluating price levels ...
2019-07-25 17:31:57  :: Sending new bid entry: Price=1999.35 Size=1.0 ...
2019-07-25 17:31:57  :: Evaluating LegacyOrderRecord ...
2019-07-25 17:31:57  :: Creating new order in Orders collection for ClOrderId = b62fd264-8dd1-447d-9c74-02cb6964fc21
2019-07-25 17:31:57  :: Updating quotes ...
2019-07-25 17:31:57  :: Updating best bid and ask for symbol SWP-XBT-USD-G19
2019-07-25 17:31:57  :: Sending specific offer for Price 1999.34 Qty 1
2019-07-25 17:31:57  :: Sending LgacyOrderAck ...
2019-07-25 17:31:57  :: Evaluating price levels ...
2019-07-25 17:31:57  :: Sending new bid entry: Price=1999.34 Size=1.0 ...
2019-07-25 17:31:57  :: Evaluating LegacyOrderRecord ...
2019-07-25 17:31:57  :: Creating new order in Orders collection for ClOrderId = b2105aa0-923e-41af-8b05-1407b5afb221
2019-07-25 17:31:57  :: Updating quotes ...
2019-07-25 17:31:57  :: Updating best bid and ask for symbol SWP-XBT-USD-G19
2019-07-25 17:31:57  :: Sending specific offer for Price 1999.33 Qty 1
2019-07-25 17:31:57  :: Sending LgacyOrderAck ...
2019-07-25 17:31:57  :: Evaluating price levels ...
2019-07-25 17:31:57  :: Sending new bid entry: Price=1999.33 Size=1.0 ...
2019-07-25 17:31:57  :: Evaluating LegacyOrderRecord ...
2019-07-25 17:31:57  :: Creating new order in Orders collection for ClOrderId = f26ac531-48df-40ba-8895-dc9e4976688c
2019-07-25 17:31:57  :: Updating quotes ...
2019-07-25 17:31:57  :: Updating best bid and ask for symbol SWP-XBT-USD-G19
2019-07-25 17:31:57  :: Sending specific offer for Price 1999.32 Qty 1
2019-07-25 17:31:57  :: Sending LgacyOrderAck ...
2019-07-25 17:31:57  :: Evaluating price levels ...
2019-07-25 17:31:57  :: Sending new bid entry: Price=1999.32 Size=1.0 ...
2019-07-25 17:31:57  :: Evaluating LegacyOrderRecord ...
2019-07-25 17:31:57  :: Creating new order in Orders collection for ClOrderId = b568f9ee-83fc-4cab-8091-a427dd3bd1e3
2019-07-25 17:31:57  :: Updating quotes ...
2019-07-25 17:31:57  :: Updating best bid and ask for symbol SWP-XBT-USD-G19
2019-07-25 17:31:57  :: Sending specific offer for Price 1999.31 Qty 1
2019-07-25 17:31:57  :: Sending LgacyOrderAck ...
2019-07-25 17:31:57  :: Evaluating price levels ...
2019-07-25 17:31:57  :: Sending new bid entry: Price=1999.31 Size=1.0 ...
2019-07-25 17:31:57  :: Evaluating LegacyOrderRecord ...
2019-07-25 17:31:57  :: Creating new order in Orders collection for ClOrderId = a7cec067-4726-49cd-b718-4b087812c944
2019-07-25 17:31:57  :: Updating quotes ...
2019-07-25 17:31:57  :: Updating best bid and ask for symbol SWP-XBT-USD-G19
2019-07-25 17:31:57  :: Sending specific offer for Price 1999.30 Qty 1
2019-07-25 17:31:57  :: Sending LgacyOrderAck ...
2019-07-25 17:31:57  :: Evaluating price levels ...
2019-07-25 17:31:57  :: Sending new bid entry: Price=1999.30 Size=1.0 ...
2019-07-25 17:31:57  :: Evaluating LegacyOrderRecord ...
2019-07-25 17:31:57  :: Creating new order in Orders collection for ClOrderId = ada31224-9156-452e-9214-1e4fa7d6c793
2019-07-25 17:31:57  :: Updating quotes ...
2019-07-25 17:31:57  :: Updating best bid and ask for symbol SWP-XBT-USD-G19
2019-07-25 17:31:57  :: Sending specific offer for Price 1999.29 Qty 1
2019-07-25 17:31:57  :: Sending LgacyOrderAck ...
2019-07-25 17:31:57  :: Evaluating price levels ...
2019-07-25 17:31:57  :: Sending new bid entry: Price=1999.29 Size=1.0 ...
2019-07-25 17:31:57  :: Evaluating LegacyOrderRecord ...
2019-07-25 17:31:57  :: Creating new order in Orders collection for ClOrderId = 4138e0d2-c053-472e-8f4e-7f34c9072403
2019-07-25 17:31:57  :: Updating quotes ...
2019-07-25 17:31:57  :: Updating best bid and ask for symbol SWP-XBT-USD-G19
2019-07-25 17:31:57  :: Sending specific offer for Price 1999.28 Qty 1
2019-07-25 17:31:57  :: Sending LgacyOrderAck ...
2019-07-25 17:31:57  :: Evaluating price levels ...
2019-07-25 17:31:57  :: Sending new bid entry: Price=1999.28 Size=1.0 ...
2019-07-25 17:31:57  :: Evaluating LegacyOrderRecord ...
2019-07-25 17:31:57  :: Creating new order in Orders collection for ClOrderId = 5a2785dc-df34-4f4a-89ee-3936da340e73
2019-07-25 17:31:57  :: Updating quotes ...
2019-07-25 17:31:57  :: Updating best bid and ask for symbol SWP-XBT-USD-G19
2019-07-25 17:31:57  :: Sending specific offer for Price 1999.27 Qty 1
2019-07-25 17:31:57  :: Sending LgacyOrderAck ...
2019-07-25 17:31:57  :: Evaluating price levels ...
2019-07-25 17:31:57  :: Sending new bid entry: Price=1999.27 Size=1.0 ...
2019-07-25 17:31:57  :: Evaluating LegacyOrderRecord ...
2019-07-25 17:31:57  :: Creating new order in Orders collection for ClOrderId = 51873661-e138-4806-a55f-b9036fda9ab5
2019-07-25 17:31:57  :: Updating quotes ...
2019-07-25 17:31:57  :: Updating best bid and ask for symbol SWP-XBT-USD-G19
2019-07-25 17:31:57  :: Sending specific offer for Price 1999.26 Qty 1
2019-07-25 17:31:57  :: Sending LgacyOrderAck ...
2019-07-25 17:31:57  :: Evaluating price levels ...
2019-07-25 17:31:57  :: Sending new bid entry: Price=1999.26 Size=1.0 ...
2019-07-25 17:31:57  :: Evaluating LegacyOrderRecord ...
2019-07-25 17:31:57  :: Creating new order in Orders collection for ClOrderId = 0b1958e2-6299-4f38-bfb7-9021fc0e7555
2019-07-25 17:31:57  :: Updating quotes ...
2019-07-25 17:31:57  :: Updating best bid and ask for symbol SWP-XBT-USD-G19
2019-07-25 17:31:57  :: Sending specific offer for Price 1999.25 Qty 1
2019-07-25 17:31:57  :: Sending LgacyOrderAck ...
2019-07-25 17:31:57  :: Evaluating price levels ...
2019-07-25 17:31:57  :: Sending new bid entry: Price=1999.25 Size=1.0 ...
2019-07-25 17:31:57  :: Evaluating LegacyOrderRecord ...
2019-07-25 17:31:57  :: Creating new order in Orders collection for ClOrderId = b2268556-6c0d-4760-9f85-d7b993d0126e
2019-07-25 17:31:57  :: Updating quotes ...
2019-07-25 17:31:57  :: Updating best bid and ask for symbol SWP-XBT-USD-G19
2019-07-25 17:31:57  :: Sending specific offer for Price 1999.24 Qty 1
2019-07-25 17:31:57  :: Sending LgacyOrderAck ...
2019-07-25 17:31:57  :: Evaluating price levels ...
2019-07-25 17:31:57  :: Sending new bid entry: Price=1999.24 Size=1.0 ...
2019-07-25 17:31:57  :: Evaluating LegacyOrderRecord ...
2019-07-25 17:31:57  :: Creating new order in Orders collection for ClOrderId = 3b013fc8-652a-4f91-b98c-8d6836391657
2019-07-25 17:31:57  :: Updating quotes ...
2019-07-25 17:31:57  :: Updating best bid and ask for symbol SWP-XBT-USD-G19
2019-07-25 17:31:57  :: Sending specific offer for Price 1999.23 Qty 1
2019-07-25 17:31:57  :: Sending LgacyOrderAck ...
2019-07-25 17:31:57  :: Evaluating price levels ...
2019-07-25 17:31:57  :: Sending new bid entry: Price=1999.23 Size=1.0 ...
2019-07-25 17:31:57  :: Evaluating LegacyOrderRecord ...
2019-07-25 17:31:57  :: Creating new order in Orders collection for ClOrderId = 5cb4437b-5d0b-4ab0-bc78-20439e152474
2019-07-25 17:31:57  :: Updating quotes ...
2019-07-25 17:31:57  :: Updating best bid and ask for symbol SWP-XBT-USD-G19
2019-07-25 17:31:57  :: Sending specific offer for Price 1999.22 Qty 1
2019-07-25 17:31:57  :: Sending LgacyOrderAck ...
2019-07-25 17:31:57  :: Evaluating price levels ...
2019-07-25 17:31:57  :: Sending new bid entry: Price=1999.22 Size=1.0 ...
2019-07-25 17:31:57  :: Evaluating LegacyOrderRecord ...
2019-07-25 17:31:57  :: Creating new order in Orders collection for ClOrderId = 0998b03c-0d55-4484-83d0-c5d519f44efb
2019-07-25 17:31:57  :: Updating quotes ...
2019-07-25 17:31:57  :: Updating best bid and ask for symbol SWP-XBT-USD-G19
2019-07-25 17:31:57  :: Sending specific offer for Price 1999.21 Qty 1
2019-07-25 17:31:57  :: Sending LgacyOrderAck ...
2019-07-25 17:31:57  :: Evaluating price levels ...
2019-07-25 17:31:57  :: Sending new bid entry: Price=1999.21 Size=1.0 ...
2019-07-25 17:31:57  :: Evaluating LegacyOrderRecord ...
2019-07-25 17:31:57  :: Creating new order in Orders collection for ClOrderId = 1a7ab98f-dc8f-4924-89c1-ae8febae27fd
2019-07-25 17:31:57  :: Updating quotes ...
2019-07-25 17:31:57  :: Updating best bid and ask for symbol SWP-XBT-USD-G19
2019-07-25 17:31:57  :: Sending specific offer for Price 1999.20 Qty 1
2019-07-25 17:31:57  :: Sending LgacyOrderAck ...
2019-07-25 17:31:57  :: Evaluating price levels ...
2019-07-25 17:31:57  :: Sending new bid entry: Price=1999.20 Size=1.0 ...
2019-07-25 17:31:57  :: Evaluating LegacyOrderRecord ...
2019-07-25 17:31:57  :: Creating new order in Orders collection for ClOrderId = c96cdbe8-c9b4-40b6-9eef-bd8ccaa58765
2019-07-25 17:31:57  :: Updating quotes ...
2019-07-25 17:31:57  :: Updating best bid and ask for symbol SWP-XBT-USD-G19
2019-07-25 17:31:57  :: Sending specific offer for Price 1999.19 Qty 1
2019-07-25 17:31:57  :: Sending LgacyOrderAck ...
2019-07-25 17:31:57  :: Evaluating price levels ...
2019-07-25 17:31:57  :: Sending new bid entry: Price=1999.19 Size=1.0 ...
2019-07-25 17:31:57  :: Evaluating LegacyOrderRecord ...
2019-07-25 17:31:57  :: Creating new order in Orders collection for ClOrderId = 4fafaa67-1c35-4079-9585-350ae90ecb80
2019-07-25 17:31:57  :: Updating quotes ...
2019-07-25 17:31:57  :: Updating best bid and ask for symbol SWP-XBT-USD-G19
2019-07-25 17:31:57  :: Sending specific offer for Price 1999.18 Qty 1
2019-07-25 17:31:57  :: Sending LgacyOrderAck ...
2019-07-25 17:31:57  :: Evaluating price levels ...
2019-07-25 17:31:57  :: Sending new bid entry: Price=1999.18 Size=1.0 ...
2019-07-25 17:31:57  :: Evaluating LegacyOrderRecord ...
2019-07-25 17:31:57  :: Creating new order in Orders collection for ClOrderId = 218dbbd5-ff4c-4438-965d-8c2908c0555a
2019-07-25 17:31:57  :: Updating quotes ...
2019-07-25 17:31:57  :: Updating best bid and ask for symbol SWP-XBT-USD-G19
2019-07-25 17:31:57  :: Sending specific offer for Price 1999.17 Qty 1
2019-07-25 17:31:57  :: Sending LgacyOrderAck ...
2019-07-25 17:31:57  :: Evaluating price levels ...
2019-07-25 17:31:57  :: Sending new bid entry: Price=1999.17 Size=1.0 ...
2019-07-25 17:31:57  :: Evaluating LegacyOrderRecord ...
2019-07-25 17:31:57  :: Creating new order in Orders collection for ClOrderId = 9222b047-ef0b-4faf-a3fb-e3c832c4e500
2019-07-25 17:31:57  :: Updating quotes ...
2019-07-25 17:31:57  :: Updating best bid and ask for symbol SWP-XBT-USD-G19
2019-07-25 17:31:57  :: Sending specific offer for Price 1999.16 Qty 1
2019-07-25 17:31:57  :: Sending LgacyOrderAck ...
2019-07-25 17:31:57  :: Evaluating price levels ...
2019-07-25 17:31:57  :: Sending new bid entry: Price=1999.16 Size=1.0 ...
2019-07-25 17:31:57  :: Evaluating LegacyOrderRecord ...
2019-07-25 17:31:57  :: Creating new order in Orders collection for ClOrderId = 84b5e746-995e-4135-972a-132bb3ef3ce8
2019-07-25 17:31:57  :: Updating quotes ...
2019-07-25 17:31:57  :: Updating best bid and ask for symbol SWP-XBT-USD-G19
2019-07-25 17:31:57  :: Sending specific offer for Price 1999.15 Qty 1
2019-07-25 17:31:57  :: Sending LgacyOrderAck ...
2019-07-25 17:31:57  :: Evaluating price levels ...
2019-07-25 17:31:57  :: Sending new bid entry: Price=1999.15 Size=1.0 ...
2019-07-25 17:31:57  :: Evaluating LegacyOrderRecord ...
2019-07-25 17:31:57  :: Creating new order in Orders collection for ClOrderId = e6d6f349-4c5f-45ab-85bf-e612a9e94347
2019-07-25 17:31:57  :: Updating quotes ...
2019-07-25 17:31:57  :: Updating best bid and ask for symbol SWP-XBT-USD-G19
2019-07-25 17:31:57  :: Sending specific offer for Price 1999.14 Qty 1
2019-07-25 17:31:57  :: Sending LgacyOrderAck ...
2019-07-25 17:31:57  :: Evaluating price levels ...
2019-07-25 17:31:57  :: Sending new bid entry: Price=1999.14 Size=1.0 ...
2019-07-25 17:31:57  :: Evaluating LegacyOrderRecord ...
2019-07-25 17:31:57  :: Creating new order in Orders collection for ClOrderId = cdc40cad-e532-4bb8-bb80-43fcf14c8787
2019-07-25 17:31:57  :: Updating quotes ...
2019-07-25 17:31:57  :: Updating best bid and ask for symbol SWP-XBT-USD-G19
2019-07-25 17:31:57  :: Sending specific offer for Price 1999.13 Qty 1
2019-07-25 17:31:57  :: Sending LgacyOrderAck ...
2019-07-25 17:31:57  :: Evaluating price levels ...
2019-07-25 17:31:57  :: Sending new bid entry: Price=1999.13 Size=1.0 ...
2019-07-25 17:31:57  :: Evaluating LegacyOrderRecord ...
2019-07-25 17:31:57  :: Creating new order in Orders collection for ClOrderId = d2e136bb-4c4b-4217-ae3c-b75cbf3bb61e
2019-07-25 17:31:57  :: Updating quotes ...
2019-07-25 17:31:57  :: Updating best bid and ask for symbol SWP-XBT-USD-G19
2019-07-25 17:31:57  :: Sending specific offer for Price 1999.12 Qty 1
2019-07-25 17:31:57  :: Sending LgacyOrderAck ...
2019-07-25 17:31:57  :: Evaluating price levels ...
2019-07-25 17:31:57  :: Sending new bid entry: Price=1999.12 Size=1.0 ...
2019-07-25 17:31:57  :: Evaluating LegacyOrderRecord ...
2019-07-25 17:31:57  :: Creating new order in Orders collection for ClOrderId = 0df90d67-43dc-46c5-88a8-ee9b0eaead3b
2019-07-25 17:31:57  :: Updating quotes ...
2019-07-25 17:31:57  :: Updating best bid and ask for symbol SWP-XBT-USD-G19
2019-07-25 17:31:57  :: Sending specific offer for Price 1999.11 Qty 1
2019-07-25 17:31:57  :: Sending LgacyOrderAck ...
2019-07-25 17:31:57  :: Evaluating price levels ...
2019-07-25 17:31:57  :: Sending new bid entry: Price=1999.11 Size=1.0 ...
2019-07-25 17:31:57  :: Evaluating LegacyOrderRecord ...
2019-07-25 17:31:57  :: Creating new order in Orders collection for ClOrderId = 5bd7ed4e-9ba8-46ee-9a70-c8b199bb473e
2019-07-25 17:31:57  :: Updating quotes ...
2019-07-25 17:31:57  :: Updating best bid and ask for symbol SWP-XBT-USD-G19
2019-07-25 17:31:57  :: Sending specific offer for Price 1999.10 Qty 1
2019-07-25 17:31:57  :: Sending LgacyOrderAck ...
2019-07-25 17:31:57  :: Evaluating price levels ...
2019-07-25 17:31:57  :: Sending new bid entry: Price=1999.10 Size=1.0 ...
2019-07-25 17:31:57  :: Evaluating LegacyOrderRecord ...
2019-07-25 17:31:57  :: Creating new order in Orders collection for ClOrderId = b3a9aa6a-f2e2-4edb-878a-73b8536eff17
2019-07-25 17:31:57  :: Updating quotes ...
2019-07-25 17:31:57  :: Updating best bid and ask for symbol SWP-XBT-USD-G19
2019-07-25 17:31:57  :: Sending specific offer for Price 1999.09 Qty 1
2019-07-25 17:31:57  :: Sending LgacyOrderAck ...
2019-07-25 17:31:57  :: Evaluating price levels ...
2019-07-25 17:31:57  :: Sending new bid entry: Price=1999.09 Size=1.0 ...
2019-07-25 17:31:57  :: Evaluating LegacyOrderRecord ...
2019-07-25 17:31:57  :: Creating new order in Orders collection for ClOrderId = 7b06ce3d-48c7-473f-9c22-0c2594305460
2019-07-25 17:31:57  :: Updating quotes ...
2019-07-25 17:31:57  :: Updating best bid and ask for symbol SWP-XBT-USD-G19
2019-07-25 17:31:57  :: Sending specific offer for Price 1999.08 Qty 1
2019-07-25 17:31:57  :: Sending LgacyOrderAck ...
2019-07-25 17:31:57  :: Evaluating price levels ...
2019-07-25 17:31:57  :: Sending new bid entry: Price=1999.08 Size=1.0 ...
2019-07-25 17:31:57  :: Evaluating LegacyOrderRecord ...
2019-07-25 17:31:57  :: Creating new order in Orders collection for ClOrderId = 156296e7-a9f0-4b6f-91fe-62cbb80b1727
2019-07-25 17:31:57  :: Updating quotes ...
2019-07-25 17:31:57  :: Updating best bid and ask for symbol SWP-XBT-USD-G19
2019-07-25 17:31:57  :: Sending specific offer for Price 1999.07 Qty 1
2019-07-25 17:31:57  :: Sending LgacyOrderAck ...
2019-07-25 17:31:57  :: Evaluating price levels ...
2019-07-25 17:31:57  :: Sending new bid entry: Price=1999.07 Size=1.0 ...
2019-07-25 17:31:57  :: Evaluating LegacyOrderRecord ...
2019-07-25 17:31:57  :: Creating new order in Orders collection for ClOrderId = bb1c4de5-7b7e-48fa-a91d-bd4b0fe27289
2019-07-25 17:31:57  :: Updating quotes ...
2019-07-25 17:31:57  :: Updating best bid and ask for symbol SWP-XBT-USD-G19
2019-07-25 17:31:57  :: Sending specific offer for Price 1999.06 Qty 1
2019-07-25 17:31:57  :: Sending LgacyOrderAck ...
2019-07-25 17:31:57  :: Evaluating price levels ...
2019-07-25 17:31:57  :: Sending new bid entry: Price=1999.06 Size=1.0 ...
2019-07-25 17:31:57  :: Evaluating LegacyOrderRecord ...
2019-07-25 17:31:57  :: Creating new order in Orders collection for ClOrderId = 10629922-3712-4e66-a764-0c149b667891
2019-07-25 17:31:57  :: Updating quotes ...
2019-07-25 17:31:57  :: Updating best bid and ask for symbol SWP-XBT-USD-G19
2019-07-25 17:31:57  :: Sending specific offer for Price 1999.05 Qty 1
2019-07-25 17:31:57  :: Sending LgacyOrderAck ...
2019-07-25 17:31:57  :: Evaluating price levels ...
2019-07-25 17:31:57  :: Sending new bid entry: Price=1999.05 Size=1.0 ...
2019-07-25 17:31:57  :: Evaluating LegacyOrderRecord ...
2019-07-25 17:31:57  :: Creating new order in Orders collection for ClOrderId = 1ade7f50-ab7c-4903-9e8f-516561f47d35
2019-07-25 17:31:57  :: Updating quotes ...
2019-07-25 17:31:57  :: Updating best bid and ask for symbol SWP-XBT-USD-G19
2019-07-25 17:31:57  :: Sending specific offer for Price 1999.04 Qty 1
2019-07-25 17:31:57  :: Sending LgacyOrderAck ...
2019-07-25 17:31:57  :: Evaluating price levels ...
2019-07-25 17:31:57  :: Sending new bid entry: Price=1999.04 Size=1.0 ...
2019-07-25 17:31:57  :: Evaluating LegacyOrderRecord ...
2019-07-25 17:31:57  :: Creating new order in Orders collection for ClOrderId = 5ece54e8-4595-42d0-a256-bb2246668275
2019-07-25 17:31:57  :: Updating quotes ...
2019-07-25 17:31:57  :: Updating best bid and ask for symbol SWP-XBT-USD-G19
2019-07-25 17:31:57  :: Sending specific offer for Price 1999.03 Qty 1
2019-07-25 17:31:57  :: Sending LgacyOrderAck ...
2019-07-25 17:31:57  :: Evaluating price levels ...
2019-07-25 17:31:57  :: Sending new bid entry: Price=1999.03 Size=1.0 ...
2019-07-25 17:31:57  :: Evaluating LegacyOrderRecord ...
2019-07-25 17:31:57  :: Creating new order in Orders collection for ClOrderId = 66262ed1-1815-4e84-809a-49e692a5f4d6
2019-07-25 17:31:57  :: Updating quotes ...
2019-07-25 17:31:57  :: Updating best bid and ask for symbol SWP-XBT-USD-G19
2019-07-25 17:31:57  :: Sending specific offer for Price 1999.02 Qty 1
2019-07-25 17:31:57  :: Sending LgacyOrderAck ...
2019-07-25 17:31:57  :: Evaluating price levels ...
2019-07-25 17:31:57  :: Sending new bid entry: Price=1999.02 Size=1.0 ...
2019-07-25 17:31:57  :: Evaluating LegacyOrderRecord ...
2019-07-25 17:31:57  :: Creating new order in Orders collection for ClOrderId = 4cd972c9-a4fb-4269-a065-9299a1c57070
2019-07-25 17:31:57  :: Updating quotes ...
2019-07-25 17:31:57  :: Updating best bid and ask for symbol SWP-XBT-USD-G19
2019-07-25 17:31:57  :: Sending specific offer for Price 1999.01 Qty 1
2019-07-25 17:31:57  :: Sending LgacyOrderAck ...
2019-07-25 17:31:57  :: Evaluating price levels ...
2019-07-25 17:31:57  :: Sending new bid entry: Price=1999.01 Size=1.0 ...
2019-07-25 17:31:57  :: Evaluating LegacyOrderRecord ...
2019-07-25 17:31:57  :: Creating new order in Orders collection for ClOrderId = 14bdb922-51a8-4f17-910c-9ee1aca448d8
2019-07-25 17:31:57  :: Updating quotes ...
2019-07-25 17:31:57  :: Updating best bid and ask for symbol SWP-XBT-USD-G19
2019-07-25 17:31:57  :: SubscriptionResponse UUID:APIClientUUID Service:FO ServiceKey:100,B,SWP-XBT-USD-G19,2000,0.01 Success:True
2019-07-25 17:31:57  :: OnMessage ClientHeartbeatResponse from IP -> 127.0.0.1
2019-07-25 17:31:57  :: OnMessage ClientHeartbeatResponse from IP -> 127.0.0.1
2019-07-25 17:31:57  :: OnMessage ClientHeartbeatResponse from IP -> 127.0.0.1
2019-07-25 17:31:57  :: OnMessage ClientHeartbeatResponse from IP -> 127.0.0.1
2019-07-25 17:31:57  :: OnMessage ClientHeartbeatResponse from IP -> 127.0.0.1
2019-07-25 17:31:57  :: OnMessage ClientHeartbeatResponse from IP -> 127.0.0.1
2019-07-25 17:31:57  :: OnMessage ClientHeartbeatResponse from IP -> 127.0.0.1
2019-07-25 17:31:57  :: OnMessage ClientHeartbeatResponse from IP -> 127.0.0.1
2019-07-25 17:31:57  :: OnMessage ClientHeartbeatResponse from IP -> 127.0.0.1
2019-07-25 17:31:57  :: OnMessage ClientHeartbeatResponse from IP -> 127.0.0.1
2019-07-25 17:31:59  :: OnMessage ClientHeartbeatResponse from IP -> 127.0.0.1
