2019-12-17 13:50:58  :: Initializing Mock Server...
2019-12-17 13:50:58  :: Initializing all collections...
2019-12-17 13:50:59  :: Error initializing collections: No se pudo encontrar el archivo 'C:\Users\zimzum\Desktop\Projects\Tradehelm\TrueX\Mocks\True DGTL\DGTLBakcendMock\DGTLBakcendMock\bin\Debug\input\Config.json'....
2019-12-17 13:51:13  :: Connecting for the first time to client 34254
2019-12-17 13:51:13  :: Connected for the first time to client 34254
2019-12-17 13:51:40  :: OnMessage TokenRequest from IP -> 127.0.0.1
2019-12-17 13:51:40  :: OnMessage ClientLoginRequest from IP -> 127.0.0.1
2019-12-17 13:51:40  :: Sending ClientLoginResponse with UUID aa6a0bfb-5482-4b3a-8eec-ab44affd5bb1
2019-12-17 13:51:40  :: Exception unencrypting secret l9CWX2oED4guErPb/9dBz5KOlkPpNDdrIuW8cJzsS+9oaETxTuY7b7SuWaHMFbTo: Referencia a objeto no establecida como instancia de un objeto.
2019-12-17 13:52:21  :: Initializing Mock Server...
2019-12-17 13:52:21  :: Initializing all collections...
2019-12-17 13:52:43  :: Initializing Mock Server...
2019-12-17 13:52:43  :: Initializing all collections...
2019-12-17 13:53:10  :: Initializing Mock Server...
2019-12-17 13:53:10  :: Initializing all collections...
2019-12-17 13:53:21  :: Creating history service for controller HistoryServiceController on URL http://localhost:29400/
2019-12-17 13:53:21  :: Collections Initialized...
2019-12-17 13:53:31  :: Connecting for the first time to client 34315
2019-12-17 13:53:31  :: Connected for the first time to client 34315
2019-12-17 13:53:33  :: OnMessage TokenRequest from IP -> 127.0.0.1
2019-12-17 13:53:33  :: OnMessage ClientLoginRequest from IP -> 127.0.0.1
2019-12-17 13:53:33  :: Sending ClientLoginResponse with UUID 4870a1e6-53dd-4b9b-8f34-cabc2e91c8e6
2019-12-17 13:53:33  :: Sending Instrument Batch 
2019-12-17 13:53:33  :: Sending ClientInstrumentState 
2019-12-17 13:53:33  :: Sending ClientInstrumentState 
2019-12-17 13:53:33  :: Sending ClientInstrumentState 
2019-12-17 13:53:33  :: Sending ClientInstrumentState 
2019-12-17 13:53:33  :: Sending ClientInstrumentState 
2019-12-17 13:53:33  :: Sending ClientInstrumentState 
2019-12-17 13:53:33  :: Sending ClientInstrumentState 
2019-12-17 13:53:33  :: Sending ClientInstrumentState 
2019-12-17 13:53:33  :: Sending ClientInstrumentState 
2019-12-17 13:53:33  :: Sending ClientInstrumentState 
2019-12-17 13:53:33  :: Sending ClientInstrumentState 
2019-12-17 13:53:33  :: Sending ClientInstrumentState 
2019-12-17 13:53:33  :: Sending ClientInstrumentState 
2019-12-17 13:53:33  :: Sending ClientInstrumentState 
2019-12-17 13:53:33  :: Sending ClientInstrumentState 
2019-12-17 13:53:33  :: Sending ClientInstrumentState 
2019-12-17 13:53:33  :: Sending ClientInstrumentState 
2019-12-17 13:53:33  :: Sending ClientInstrumentState 
2019-12-17 13:53:33  :: Sending ClientInstrumentState 
2019-12-17 13:53:33  :: Sending ClientInstrumentState 
2019-12-17 13:53:33  :: Sending ClientUserRecord
2019-12-17 13:53:33  :: Sending ClientMarketStateBatch
2019-12-17 13:53:33  :: Sending ClientAccountRecordBatch 
2019-12-17 13:53:48  :: Turning threads off on socket disconnection
2019-12-17 13:54:48  :: Initializing Mock Server...
2019-12-17 13:54:48  :: Initializing all collections...
2019-12-17 13:54:51  :: Creating history service for controller HistoryServiceController on URL http://localhost:29400/
2019-12-17 13:54:51  :: Collections Initialized...
2019-12-17 13:55:00  :: Connecting for the first time to client 34344
2019-12-17 13:55:00  :: Connected for the first time to client 34344
2019-12-17 13:55:01  :: OnMessage TokenRequest from IP -> 127.0.0.1
2019-12-17 13:55:01  :: OnMessage ClientLoginRequest from IP -> 127.0.0.1
2019-12-17 13:55:01  :: Sending ClientLoginResponse with UUID a67c02e3-4914-47f5-a2bd-5585e43cf528
2019-12-17 13:55:01  :: Sending Instrument Batch 
2019-12-17 13:55:01  :: Sending ClientInstrumentState 
2019-12-17 13:55:01  :: Sending ClientInstrumentState 
2019-12-17 13:55:01  :: Sending ClientInstrumentState 
2019-12-17 13:55:01  :: Sending ClientInstrumentState 
2019-12-17 13:55:01  :: Sending ClientInstrumentState 
2019-12-17 13:55:01  :: Sending ClientInstrumentState 
2019-12-17 13:55:01  :: Sending ClientInstrumentState 
2019-12-17 13:55:01  :: Sending ClientInstrumentState 
2019-12-17 13:55:01  :: Sending ClientInstrumentState 
2019-12-17 13:55:01  :: Sending ClientInstrumentState 
2019-12-17 13:55:01  :: Sending ClientInstrumentState 
2019-12-17 13:55:01  :: Sending ClientInstrumentState 
2019-12-17 13:55:01  :: Sending ClientInstrumentState 
2019-12-17 13:55:01  :: Sending ClientInstrumentState 
2019-12-17 13:55:01  :: Sending ClientInstrumentState 
2019-12-17 13:55:01  :: Sending ClientInstrumentState 
2019-12-17 13:55:01  :: Sending ClientInstrumentState 
2019-12-17 13:55:01  :: Sending ClientInstrumentState 
2019-12-17 13:55:01  :: Sending ClientInstrumentState 
2019-12-17 13:55:01  :: Sending ClientInstrumentState 
2019-12-17 13:55:01  :: Sending ClientUserRecord
2019-12-17 13:55:01  :: Sending ClientMarketStateBatch
2019-12-17 13:55:01  :: Sending ClientAccountRecordBatch 
2019-12-17 13:55:04  :: OnMessage ClientHeartbeat from IP -> 127.0.0.1
2019-12-17 13:55:25  :: Turning threads off on socket disconnection
2019-12-17 13:55:28  :: Turning threads off on socket disconnection
2019-12-17 13:55:31  :: Turning threads off on socket disconnection
2019-12-17 13:55:34  :: Turning threads off on socket disconnection
2019-12-17 13:55:37  :: Turning threads off on socket disconnection
2019-12-17 13:55:40  :: Turning threads off on socket disconnection
2019-12-17 13:55:43  :: Turning threads off on socket disconnection
2019-12-17 13:55:46  :: Turning threads off on socket disconnection
2019-12-17 13:55:49  :: Turning threads off on socket disconnection
2019-12-17 13:55:52  :: Turning threads off on socket disconnection
2019-12-17 13:55:55  :: Turning threads off on socket disconnection
2019-12-17 13:55:58  :: Turning threads off on socket disconnection
2019-12-17 13:56:01  :: Turning threads off on socket disconnection
2019-12-17 13:56:04  :: Turning threads off on socket disconnection
2019-12-17 13:56:07  :: Turning threads off on socket disconnection
2019-12-17 13:56:10  :: Turning threads off on socket disconnection
2019-12-17 13:56:13  :: Turning threads off on socket disconnection
2019-12-17 13:56:16  :: Turning threads off on socket disconnection
2019-12-17 13:56:19  :: Turning threads off on socket disconnection
2019-12-17 13:56:22  :: Turning threads off on socket disconnection
2019-12-17 13:56:25  :: Turning threads off on socket disconnection
2019-12-17 13:56:28  :: Turning threads off on socket disconnection
2019-12-17 13:56:32  :: Turning threads off on socket disconnection
2019-12-17 13:56:35  :: Turning threads off on socket disconnection
2019-12-17 13:56:40  :: Turning threads off on socket disconnection
2019-12-17 13:56:43  :: Turning threads off on socket disconnection
2019-12-17 13:56:46  :: Turning threads off on socket disconnection
2019-12-17 13:56:49  :: Turning threads off on socket disconnection
2019-12-17 13:56:52  :: Turning threads off on socket disconnection
2019-12-17 13:56:55  :: Turning threads off on socket disconnection
2019-12-17 13:56:58  :: Turning threads off on socket disconnection
2019-12-17 13:57:01  :: Turning threads off on socket disconnection
2019-12-17 13:57:04  :: Turning threads off on socket disconnection
2019-12-17 13:57:07  :: Turning threads off on socket disconnection
2019-12-17 13:57:10  :: Turning threads off on socket disconnection
2019-12-17 13:57:13  :: Turning threads off on socket disconnection
2019-12-17 13:57:16  :: Turning threads off on socket disconnection
