2019-04-25 11:55:13  :: Initializing Mock Simulated Server...
2019-04-25 11:55:13  :: Initializing all collections...
2019-04-25 11:55:14  :: 4/25/2019 11:55:14 AMBaseCommunicationModule.LoadConfig
2019-04-25 11:55:14  :: Loading config:.\BitMex\incomingBitmex.xml
2019-04-25 11:55:14  :: Processing config:.\BitMex\incomingBitmex.xml
2019-04-25 11:55:14  :: Ending GetConfiguracion .\BitMex\incomingBitmex.xml
2019-04-25 11:55:28  :: Critic error initializing .\BitMex\incomingBitmex.xml:Response Request Subscriptions Dictionary has not been initialized
2019-04-25 11:55:28  :: 4/25/2019 11:55:28 AMOrderRouterBase.LoadConfig
2019-04-25 11:55:28  :: Loading config:.\BitMex\outgoingBitmex.xml
2019-04-25 11:55:28  :: Processing config:.\BitMex\outgoingBitmex.xml
2019-04-25 11:55:28  :: Ending GetConfiguracion .\BitMex\outgoingBitmex.xml
2019-04-25 11:55:30  :: Collections Initialized...
2019-04-25 11:55:30  :: Successfully subscribed to execution event 
2019-04-25 12:11:22  :: Incoming Login request for user MM1_CLOBUI
2019-04-25 12:11:22  :: user MM1_CLOBUI Successfully logged in
2019-04-25 12:11:22  :: Incoming subscription for Service: LD - Service key: XBT-USD - UUID: OrderBookPOCUUID SubscriptionType: S UserId: MM1_CLOBUI JsonToken:eyJhbGciOiJIUzI1NiIsInR5cCI6IkpXVCJ9.eyJpYXQiOjE1NTEzODY5NjksImV4cCI
2019-04-25 12:12:10  :: Initializing Mock Simulated Server...
2019-04-25 12:12:10  :: Initializing all collections...
2019-04-25 12:12:10  :: 4/25/2019 12:12:10 PMBaseCommunicationModule.LoadConfig
2019-04-25 12:12:10  :: Loading config:.\BitMex\incomingBitmex.xml
2019-04-25 12:12:10  :: Processing config:.\BitMex\incomingBitmex.xml
2019-04-25 12:12:10  :: Ending GetConfiguracion .\BitMex\incomingBitmex.xml
2019-04-25 12:12:39  :: 4/25/2019 12:12:39 PMOrderRouterBase.LoadConfig
2019-04-25 12:12:39  :: Loading config:.\BitMex\outgoingBitmex.xml
2019-04-25 12:12:39  :: Processing config:.\BitMex\outgoingBitmex.xml
2019-04-25 12:12:40  :: Ending GetConfiguracion .\BitMex\outgoingBitmex.xml
2019-04-25 12:12:41  :: Collections Initialized...
2019-04-25 12:12:41  :: Successfully subscribed to execution event 
2019-04-25 12:13:12  :: Incoming Login request for user MM1_CLOBUI
2019-04-25 12:13:12  :: user MM1_CLOBUI Successfully logged in
2019-04-25 12:13:12  :: Incoming subscription for Service: LD - Service key: XBT-USD - UUID: OrderBookPOCUUID SubscriptionType: S UserId: MM1_CLOBUI JsonToken:eyJhbGciOiJIUzI1NiIsInR5cCI6IkpXVCJ9.eyJpYXQiOjE1NTEzODY5NjksImV4cCI
2019-04-25 12:13:24  :: @Incoming Bitmex:Requesting market data por symbol XBTU19
2019-04-25 12:13:54  :: Initializing Mock Simulated Server...
2019-04-25 12:13:54  :: Initializing all collections...
2019-04-25 12:13:54  :: 4/25/2019 12:13:54 PMBaseCommunicationModule.LoadConfig
2019-04-25 12:13:54  :: Loading config:.\BitMex\incomingBitmex.xml
2019-04-25 12:13:54  :: Processing config:.\BitMex\incomingBitmex.xml
2019-04-25 12:13:55  :: Ending GetConfiguracion .\BitMex\incomingBitmex.xml
2019-04-25 12:14:28  :: Initializing Mock Simulated Server...
2019-04-25 12:14:28  :: Initializing all collections...
2019-04-25 12:14:28  :: 4/25/2019 12:14:28 PMBaseCommunicationModule.LoadConfig
2019-04-25 12:14:28  :: Loading config:.\BitMex\incomingBitmex.xml
2019-04-25 12:14:28  :: Processing config:.\BitMex\incomingBitmex.xml
2019-04-25 12:14:28  :: Ending GetConfiguracion .\BitMex\incomingBitmex.xml
2019-04-25 12:14:32  :: 4/25/2019 12:14:32 PMOrderRouterBase.LoadConfig
2019-04-25 12:14:32  :: Loading config:.\BitMex\outgoingBitmex.xml
2019-04-25 12:14:32  :: Processing config:.\BitMex\outgoingBitmex.xml
2019-04-25 12:14:32  :: Ending GetConfiguracion .\BitMex\outgoingBitmex.xml
2019-04-25 12:14:34  :: Collections Initialized...
2019-04-25 12:14:34  :: Successfully subscribed to execution event 
2019-04-25 12:14:44  :: Incoming Login request for user MM1_CLOBUI
2019-04-25 12:14:44  :: user MM1_CLOBUI Successfully logged in
2019-04-25 12:14:44  :: Incoming subscription for Service: LD - Service key: XBT-USD - UUID: OrderBookPOCUUID SubscriptionType: S UserId: MM1_CLOBUI JsonToken:eyJhbGciOiJIUzI1NiIsInR5cCI6IkpXVCJ9.eyJpYXQiOjE1NTEzODY5NjksImV4cCI
2019-04-25 12:14:48  :: @Incoming Bitmex:Requesting market data por symbol XBTU19
2019-04-25 12:14:50  :: Successfully subscribed to orderBookL2 event on symbol XBTU19
2019-04-25 12:14:54  :: @Incoming Bitmex:Publishing Order Book  for symbol XBTU19: Best Bid Size=59238 Best Bid Price=5919.5 Best Ask Size=261 Best Ask Price=5921.5
2019-04-25 12:14:54  :: @Incoming Bitmex:Publishing Order Book  for symbol XBTU19: Best Bid Size=290 Best Bid Price=5894 Best Ask Size=261 Best Ask Price=5921.5
2019-04-25 12:14:54  :: @Incoming Bitmex:Publishing Order Book  for symbol XBTU19: Best Bid Size=290 Best Bid Price=5894 Best Ask Size=261 Best Ask Price=5921.5
2019-04-25 12:14:54  :: @Incoming Bitmex:WARNING1:Received INSERT Price Level for a price leven that already existed
2019-04-25 12:14:54  :: @Incoming Bitmex:Publishing Order Book  for symbol XBTU19: Best Bid Size=59249 Best Bid Price=5920.5 Best Ask Size=261 Best Ask Price=5921.5
2019-04-25 12:14:54  :: Successfully subscribed to trade event on symbol XBTU19
2019-04-25 12:14:54  :: @Incoming Bitmex:NEW TRADE for symbol XBTU19: Side=Buy Size=6 Price=5921.5 TickDirection=ZeroPlusTick
2019-04-25 12:15:25  :: Initializing Mock Simulated Server...
2019-04-25 12:15:25  :: Initializing all collections...
2019-04-25 12:15:25  :: 4/25/2019 12:15:25 PMBaseCommunicationModule.LoadConfig
2019-04-25 12:15:25  :: Loading config:.\BitMex\incomingBitmex.xml
2019-04-25 12:15:25  :: Processing config:.\BitMex\incomingBitmex.xml
2019-04-25 12:15:25  :: Ending GetConfiguracion .\BitMex\incomingBitmex.xml
2019-04-25 12:15:28  :: 4/25/2019 12:15:28 PMOrderRouterBase.LoadConfig
2019-04-25 12:15:28  :: Loading config:.\BitMex\outgoingBitmex.xml
2019-04-25 12:15:28  :: Processing config:.\BitMex\outgoingBitmex.xml
2019-04-25 12:15:28  :: Ending GetConfiguracion .\BitMex\outgoingBitmex.xml
2019-04-25 12:15:29  :: Collections Initialized...
2019-04-25 12:15:29  :: Successfully subscribed to execution event 
2019-04-25 12:15:41  :: Incoming Login request for user MM1_CLOBUI
2019-04-25 12:15:41  :: user MM1_CLOBUI Successfully logged in
2019-04-25 12:15:41  :: Incoming subscription for Service: LD - Service key: XBT-USD - UUID: OrderBookPOCUUID SubscriptionType: S UserId: MM1_CLOBUI JsonToken:eyJhbGciOiJIUzI1NiIsInR5cCI6IkpXVCJ9.eyJpYXQiOjE1NTEzODY5NjksImV4cCI
2019-04-25 12:15:44  :: @Incoming Bitmex:Requesting market data por symbol XBTU19
2019-04-25 12:15:49  :: Successfully subscribed to orderBookL2 event on symbol XBTU19
2019-04-25 12:15:49  :: @Incoming Bitmex:Publishing Order Book  for symbol XBTU19: Best Bid Size=59249 Best Bid Price=5920.5 Best Ask Size=285 Best Ask Price=5921.5
2019-04-25 12:15:50  :: Successfully subscribed to trade event on symbol XBTU19
2019-04-25 12:15:50  :: @Incoming Bitmex:Publishing Order Book  for symbol XBTU19: Best Bid Size=290 Best Bid Price=5894 Best Ask Size=285 Best Ask Price=5921.5
2019-04-25 12:15:50  :: @Incoming Bitmex:Publishing Order Book  for symbol XBTU19: Best Bid Size=290 Best Bid Price=5894 Best Ask Size=285 Best Ask Price=5921.5
2019-04-25 12:15:50  :: @Incoming Bitmex:NEW TRADE for symbol XBTU19: Side=Buy Size=6 Price=5921.5 TickDirection=ZeroPlusTick
2019-04-25 12:15:50  :: @Incoming Bitmex:Publishing Order Book  for symbol XBTU19: Best Bid Size=290 Best Bid Price=5894 Best Ask Size=285 Best Ask Price=5921.5
2019-04-25 12:15:50  :: @Incoming Bitmex:WARNING1:Received INSERT Price Level for a price leven that already existed
2019-04-25 12:15:50  :: @Incoming Bitmex:WARNING1:Received INSERT Price Level for a price leven that already existed
2019-04-25 12:15:50  :: @Incoming Bitmex:WARNING1:Received INSERT Price Level for a price leven that already existed
2019-04-25 12:15:50  :: @Incoming Bitmex:WARNING1:Received INSERT Price Level for a price leven that already existed
2019-04-25 12:15:50  :: @Incoming Bitmex:WARNING1:Received INSERT Price Level for a price leven that already existed
2019-04-25 12:15:50  :: @Incoming Bitmex:WARNING1:Received INSERT Price Level for a price leven that already existed
2019-04-25 12:15:50  :: @Incoming Bitmex:Publishing Order Book  for symbol XBTU19: Best Bid Size=59245 Best Bid Price=5920 Best Ask Size=285 Best Ask Price=5921.5
2019-04-25 12:15:54  :: DepthOfBook-> Msg=DepthOfBook Sender=0  Action=78  BidOrAsk=66 DepthTime=1556194554 Symbol=XBT-USD Size=59249 Price=5920.5
2019-04-25 12:15:56  :: DepthOfBook-> Msg=DepthOfBook Sender=0  Action=78  BidOrAsk=66 DepthTime=1556194556 Symbol=XBT-USD Size=118497 Price=5919.5
2019-04-25 12:15:56  :: DepthOfBook-> Msg=DepthOfBook Sender=0  Action=78  BidOrAsk=66 DepthTime=1556194556 Symbol=XBT-USD Size=290 Price=5894
2019-04-25 12:15:56  :: DepthOfBook-> Msg=DepthOfBook Sender=0  Action=78  BidOrAsk=66 DepthTime=1556194556 Symbol=XBT-USD Size=296244 Price=5871.5
2019-04-25 12:15:56  :: DepthOfBook-> Msg=DepthOfBook Sender=0  Action=78  BidOrAsk=66 DepthTime=1556194556 Symbol=XBT-USD Size=592487 Price=5844.5
2019-04-25 12:15:56  :: DepthOfBook-> Msg=DepthOfBook Sender=0  Action=78  BidOrAsk=66 DepthTime=1556194556 Symbol=XBT-USD Size=563 Price=5627
2019-04-25 12:15:56  :: DepthOfBook-> Msg=DepthOfBook Sender=0  Action=78  BidOrAsk=66 DepthTime=1556194556 Symbol=XBT-USD Size=108 Price=5434.5
2019-04-25 12:15:56  :: DepthOfBook-> Msg=DepthOfBook Sender=0  Action=78  BidOrAsk=66 DepthTime=1556194556 Symbol=XBT-USD Size=1000 Price=5101
2019-04-25 12:15:56  :: DepthOfBook-> Msg=DepthOfBook Sender=0  Action=78  BidOrAsk=66 DepthTime=1556194556 Symbol=XBT-USD Size=1500 Price=5100
2019-04-25 12:15:56  :: DepthOfBook-> Msg=DepthOfBook Sender=0  Action=78  BidOrAsk=66 DepthTime=1556194556 Symbol=XBT-USD Size=5000 Price=4047
2019-04-25 12:15:56  :: DepthOfBook-> Msg=DepthOfBook Sender=0  Action=78  BidOrAsk=66 DepthTime=1556194556 Symbol=XBT-USD Size=25 Price=3952.5
2019-04-25 12:15:56  :: DepthOfBook-> Msg=DepthOfBook Sender=0  Action=78  BidOrAsk=66 DepthTime=1556194556 Symbol=XBT-USD Size=2764 Price=3715.5
2019-04-25 12:15:56  :: DepthOfBook-> Msg=DepthOfBook Sender=0  Action=78  BidOrAsk=66 DepthTime=1556194556 Symbol=XBT-USD Size=5000 Price=3080.5
2019-04-25 12:15:56  :: DepthOfBook-> Msg=DepthOfBook Sender=0  Action=78  BidOrAsk=66 DepthTime=1556194556 Symbol=XBT-USD Size=100000 Price=3080
2019-04-25 12:15:56  :: DepthOfBook-> Msg=DepthOfBook Sender=0  Action=78  BidOrAsk=66 DepthTime=1556194556 Symbol=XBT-USD Size=20000 Price=3009.5
2019-04-25 12:15:56  :: DepthOfBook-> Msg=DepthOfBook Sender=0  Action=78  BidOrAsk=66 DepthTime=1556194556 Symbol=XBT-USD Size=1000 Price=1982.5
2019-04-25 12:15:56  :: DepthOfBook-> Msg=DepthOfBook Sender=0  Action=78  BidOrAsk=66 DepthTime=1556194556 Symbol=XBT-USD Size=100000 Price=1982
2019-04-25 12:15:56  :: DepthOfBook-> Msg=DepthOfBook Sender=0  Action=78  BidOrAsk=65 DepthTime=1556194556 Symbol=XBT-USD Size=285 Price=5921.5
2019-04-25 12:15:56  :: DepthOfBook-> Msg=DepthOfBook Sender=0  Action=78  BidOrAsk=65 DepthTime=1556194556 Symbol=XBT-USD Size=16 Price=5926
2019-04-25 12:15:56  :: DepthOfBook-> Msg=DepthOfBook Sender=0  Action=78  BidOrAsk=65 DepthTime=1556194556 Symbol=XBT-USD Size=59249 Price=5929
2019-04-25 12:15:56  :: DepthOfBook-> Msg=DepthOfBook Sender=0  Action=78  BidOrAsk=65 DepthTime=1556194556 Symbol=XBT-USD Size=118529 Price=5930
2019-04-25 12:15:56  :: DepthOfBook-> Msg=DepthOfBook Sender=0  Action=78  BidOrAsk=65 DepthTime=1556194556 Symbol=XBT-USD Size=48 Price=5934
2019-04-25 12:15:56  :: DepthOfBook-> Msg=DepthOfBook Sender=0  Action=78  BidOrAsk=65 DepthTime=1556194556 Symbol=XBT-USD Size=64 Price=5938
2019-04-25 12:15:56  :: DepthOfBook-> Msg=DepthOfBook Sender=0  Action=78  BidOrAsk=65 DepthTime=1556194556 Symbol=XBT-USD Size=296244 Price=5978
2019-04-25 12:15:56  :: DepthOfBook-> Msg=DepthOfBook Sender=0  Action=78  BidOrAsk=65 DepthTime=1556194556 Symbol=XBT-USD Size=592487 Price=6004.5
2019-04-25 12:15:56  :: DepthOfBook-> Msg=DepthOfBook Sender=0  Action=78  BidOrAsk=65 DepthTime=1556194556 Symbol=XBT-USD Size=612 Price=6124
2019-04-25 12:15:56  :: DepthOfBook-> Msg=DepthOfBook Sender=0  Action=78  BidOrAsk=65 DepthTime=1556194556 Symbol=XBT-USD Size=5000 Price=6300
2019-04-25 12:15:56  :: DepthOfBook-> Msg=DepthOfBook Sender=0  Action=78  BidOrAsk=65 DepthTime=1556194556 Symbol=XBT-USD Size=5000 Price=6600
2019-04-25 12:15:56  :: DepthOfBook-> Msg=DepthOfBook Sender=0  Action=78  BidOrAsk=65 DepthTime=1556194556 Symbol=XBT-USD Size=5000 Price=6900
2019-04-25 12:15:56  :: DepthOfBook-> Msg=DepthOfBook Sender=0  Action=78  BidOrAsk=65 DepthTime=1556194556 Symbol=XBT-USD Size=4000 Price=8776.5
2019-04-25 12:15:56  :: DepthOfBook-> Msg=DepthOfBook Sender=0  Action=78  BidOrAsk=65 DepthTime=1556194556 Symbol=XBT-USD Size=10000 Price=8777
2019-04-25 12:15:56  :: DepthOfBook-> Msg=DepthOfBook Sender=0  Action=78  BidOrAsk=65 DepthTime=1556194556 Symbol=XBT-USD Size=3000 Price=9998.5
2019-04-25 12:15:56  :: DepthOfBook-> Msg=DepthOfBook Sender=0  Action=82  BidOrAsk=66 DepthTime=1556194556 Symbol=XBT-USD Size=0 Price=5920.5
2019-04-25 12:15:56  :: DepthOfBook-> Msg=DepthOfBook Sender=0  Action=82  BidOrAsk=66 DepthTime=1556194556 Symbol=XBT-USD Size=0 Price=5919.5
2019-04-25 12:15:56  :: DepthOfBook-> Msg=DepthOfBook Sender=0  Action=82  BidOrAsk=66 DepthTime=1556194556 Symbol=XBT-USD Size=0 Price=5871.5
2019-04-25 12:15:56  :: DepthOfBook-> Msg=DepthOfBook Sender=0  Action=82  BidOrAsk=66 DepthTime=1556194556 Symbol=XBT-USD Size=0 Price=5844.5
2019-04-25 12:15:56  :: DepthOfBook-> Msg=DepthOfBook Sender=0  Action=82  BidOrAsk=65 DepthTime=1556194556 Symbol=XBT-USD Size=0 Price=6004.5
2019-04-25 12:15:56  :: DepthOfBook-> Msg=DepthOfBook Sender=0  Action=82  BidOrAsk=65 DepthTime=1556194556 Symbol=XBT-USD Size=0 Price=5978
2019-04-25 12:15:56  :: DepthOfBook-> Msg=DepthOfBook Sender=0  Action=82  BidOrAsk=65 DepthTime=1556194556 Symbol=XBT-USD Size=0 Price=5929
2019-04-25 12:15:56  :: DepthOfBook-> Msg=DepthOfBook Sender=0  Action=67  BidOrAsk=65 DepthTime=1556194556 Symbol=XBT-USD Size=32 Price=5930
2019-04-25 12:15:56  :: DepthOfBook-> Msg=DepthOfBook Sender=0  Action=67  BidOrAsk=65 DepthTime=1556194556 Symbol=XBT-USD Size=118522 Price=5930
2019-04-25 12:15:56  :: DepthOfBook-> Msg=DepthOfBook Sender=0  Action=78  BidOrAsk=66 DepthTime=1556194556 Symbol=XBT-USD Size=59245 Price=5920
2019-04-25 12:15:56  :: DepthOfBook-> Msg=DepthOfBook Sender=0  Action=78  BidOrAsk=66 DepthTime=1556194556 Symbol=XBT-USD Size=118490 Price=5919.5
2019-04-25 12:15:56  :: DepthOfBook-> Msg=DepthOfBook Sender=0  Action=78  BidOrAsk=66 DepthTime=1556194556 Symbol=XBT-USD Size=296226 Price=5871.5
2019-04-25 12:15:56  :: DepthOfBook-> Msg=DepthOfBook Sender=0  Action=78  BidOrAsk=66 DepthTime=1556194556 Symbol=XBT-USD Size=592452 Price=5844.5
2019-04-25 12:15:56  :: DepthOfBook-> Msg=DepthOfBook Sender=0  Action=78  BidOrAsk=65 DepthTime=1556194556 Symbol=XBT-USD Size=59245 Price=5929
2019-04-25 12:15:56  :: DepthOfBook-> Msg=DepthOfBook Sender=0  Action=78  BidOrAsk=65 DepthTime=1556194556 Symbol=XBT-USD Size=296226 Price=5978
2019-04-25 12:15:56  :: DepthOfBook-> Msg=DepthOfBook Sender=0  Action=78  BidOrAsk=65 DepthTime=1556194556 Symbol=XBT-USD Size=592452 Price=6004.5
2019-04-25 12:15:56  :: SubscriptionResponse UUID:OrderBookPOCUUID Service:LD ServiceKey:XBT-USD Success:True
2019-04-25 12:15:59  :: @Incoming Bitmex:Publishing Order Book  for symbol XBTU19: Best Bid Size=59245 Best Bid Price=5920 Best Ask Size=261 Best Ask Price=5921.5
2019-04-25 12:16:00  :: DepthOfBook-> Msg=DepthOfBook Sender=0  Action=67  BidOrAsk=65 DepthTime=1556194560 Symbol=XBT-USD Size=261 Price=5921.5
2019-04-25 12:16:20  :: @Incoming Bitmex:Publishing Order Book  for symbol XBTU19: Best Bid Size=59245 Best Bid Price=5920 Best Ask Size=285 Best Ask Price=5921.5
2019-04-25 12:16:21  :: DepthOfBook-> Msg=DepthOfBook Sender=0  Action=67  BidOrAsk=65 DepthTime=1556194581 Symbol=XBT-USD Size=285 Price=5921.5
2019-04-25 12:16:50  :: @Incoming Bitmex:Publishing Order Book  for symbol XBTU19: Best Bid Size=290 Best Bid Price=5894 Best Ask Size=285 Best Ask Price=5921.5
2019-04-25 12:16:50  :: @Incoming Bitmex:Publishing Order Book  for symbol XBTU19: Best Bid Size=290 Best Bid Price=5894 Best Ask Size=285 Best Ask Price=5921.5
2019-04-25 12:16:50  :: @Incoming Bitmex:WARNING1:Received INSERT Price Level for a price leven that already existed
2019-04-25 12:16:50  :: @Incoming Bitmex:Publishing Order Book  for symbol XBTU19: Best Bid Size=59252 Best Bid Price=5921 Best Ask Size=285 Best Ask Price=5921.5
2019-04-25 12:16:50  :: DepthOfBook-> Msg=DepthOfBook Sender=0  Action=82  BidOrAsk=66 DepthTime=1556194610 Symbol=XBT-USD Size=0 Price=5920
2019-04-25 12:16:50  :: DepthOfBook-> Msg=DepthOfBook Sender=0  Action=82  BidOrAsk=66 DepthTime=1556194610 Symbol=XBT-USD Size=0 Price=5919.5
2019-04-25 12:16:50  :: DepthOfBook-> Msg=DepthOfBook Sender=0  Action=82  BidOrAsk=66 DepthTime=1556194610 Symbol=XBT-USD Size=0 Price=5871.5
2019-04-25 12:16:50  :: DepthOfBook-> Msg=DepthOfBook Sender=0  Action=82  BidOrAsk=66 DepthTime=1556194610 Symbol=XBT-USD Size=0 Price=5844.5
2019-04-25 12:16:50  :: DepthOfBook-> Msg=DepthOfBook Sender=0  Action=82  BidOrAsk=65 DepthTime=1556194610 Symbol=XBT-USD Size=0 Price=6004.5
2019-04-25 12:16:50  :: DepthOfBook-> Msg=DepthOfBook Sender=0  Action=82  BidOrAsk=65 DepthTime=1556194610 Symbol=XBT-USD Size=0 Price=5978
2019-04-25 12:16:50  :: DepthOfBook-> Msg=DepthOfBook Sender=0  Action=82  BidOrAsk=65 DepthTime=1556194610 Symbol=XBT-USD Size=0 Price=5929
2019-04-25 12:16:50  :: DepthOfBook-> Msg=DepthOfBook Sender=0  Action=67  BidOrAsk=65 DepthTime=1556194610 Symbol=XBT-USD Size=32 Price=5930
2019-04-25 12:16:50  :: DepthOfBook-> Msg=DepthOfBook Sender=0  Action=78  BidOrAsk=66 DepthTime=1556194610 Symbol=XBT-USD Size=59252 Price=5921
2019-04-25 12:16:50  :: DepthOfBook-> Msg=DepthOfBook Sender=0  Action=78  BidOrAsk=66 DepthTime=1556194610 Symbol=XBT-USD Size=118504 Price=5920
2019-04-25 12:16:50  :: DepthOfBook-> Msg=DepthOfBook Sender=0  Action=78  BidOrAsk=66 DepthTime=1556194610 Symbol=XBT-USD Size=296261 Price=5872
2019-04-25 12:16:50  :: DepthOfBook-> Msg=DepthOfBook Sender=0  Action=78  BidOrAsk=66 DepthTime=1556194610 Symbol=XBT-USD Size=592522 Price=5845.5
2019-04-25 12:16:50  :: DepthOfBook-> Msg=DepthOfBook Sender=0  Action=78  BidOrAsk=65 DepthTime=1556194610 Symbol=XBT-USD Size=59252 Price=5929.5
2019-04-25 12:16:50  :: DepthOfBook-> Msg=DepthOfBook Sender=0  Action=78  BidOrAsk=65 DepthTime=1556194610 Symbol=XBT-USD Size=118504 Price=5930.5
2019-04-25 12:16:50  :: DepthOfBook-> Msg=DepthOfBook Sender=0  Action=78  BidOrAsk=65 DepthTime=1556194610 Symbol=XBT-USD Size=296261 Price=5978.5
2019-04-25 12:16:50  :: DepthOfBook-> Msg=DepthOfBook Sender=0  Action=78  BidOrAsk=65 DepthTime=1556194610 Symbol=XBT-USD Size=592522 Price=6005.5
2019-04-25 14:44:36  :: Initializing Mock Simulated Server...
2019-04-25 14:44:36  :: Initializing all collections...
2019-04-25 14:44:37  :: 4/25/2019 2:44:37 PMBaseCommunicationModule.LoadConfig
2019-04-25 14:44:37  :: Loading config:.\BitMex\incomingBitmex.xml
2019-04-25 14:44:37  :: Processing config:.\BitMex\incomingBitmex.xml
2019-04-25 14:44:37  :: Ending GetConfiguracion .\BitMex\incomingBitmex.xml
2019-04-25 14:44:41  :: 4/25/2019 2:44:41 PMOrderRouterBase.LoadConfig
2019-04-25 14:44:41  :: Loading config:.\BitMex\outgoingBitmex.xml
2019-04-25 14:44:41  :: Processing config:.\BitMex\outgoingBitmex.xml
2019-04-25 14:44:41  :: Ending GetConfiguracion .\BitMex\outgoingBitmex.xml
2019-04-25 14:44:42  :: Collections Initialized...
2019-04-25 14:44:43  :: Successfully subscribed to execution event 
2019-04-25 14:44:47  :: Incoming Login request for user MM1_CLOBUI
2019-04-25 14:44:47  :: user MM1_CLOBUI Successfully logged in
2019-04-25 14:44:47  :: Incoming subscription for Service: LD - Service key: SPOT-TEST - UUID:  SubscriptionType: S UserId: MM1_CLOBUI JsonToken:eyJhbGciOiJIUzI1NiIsInR5cCI6IkpXVCJ9.eyJpYXQiOjE1NTEzODY5NjksImV4cCI
2019-04-25 14:44:47  :: Entering ProcessOrderBookDepth for ServiceKey=SPOT-TEST
2019-04-25 14:44:59  :: Incoming Login request for user MM1_CLOBUI
2019-04-25 14:44:59  :: user MM1_CLOBUI Successfully logged in
2019-04-25 14:44:59  :: Incoming subscription for Service: LD - Service key: XBT-USD - UUID: OrderBookPOCUUID SubscriptionType: S UserId: MM1_CLOBUI JsonToken:eyJhbGciOiJIUzI1NiIsInR5cCI6IkpXVCJ9.eyJpYXQiOjE1NTEzODY5NjksImV4cCI
2019-04-25 14:44:59  :: Entering ProcessOrderBookDepth for ServiceKey=XBT-USD
2019-04-25 14:44:59  :: Searching for mappings for ServiceKey=XBT-USD
2019-04-25 14:44:59  :: Mapping found for Outgoing Symbol=XBTU19
2019-04-25 14:44:59  :: Subscribing market data for outgoing Symbol=XBTU19
2019-04-25 14:44:59  :: Subscription sent for outgoing Symbol=XBTU19
2019-04-25 14:44:59  :: @Incoming Bitmex:Requesting market data por symbol XBTU19
2019-04-25 14:45:00  :: Successfully subscribed to orderBookL2 event on symbol XBTU19
2019-04-25 14:45:00  :: @Incoming Bitmex:Publishing Order Book  for symbol XBTU19: Best Bid Size=92 Best Bid Price=5952.5 Best Ask Size=59499 Best Ask Price=5954.5
2019-04-25 14:45:00  :: Successfully subscribed to trade event on symbol XBTU19
2019-04-25 14:45:00  :: @Incoming Bitmex:NEW TRADE for symbol XBTU19: Side=Sell Size=3 Price=5952.5 TickDirection=ZeroMinusTick
2019-04-25 14:45:00  :: DepthOfBook-> Msg=DepthOfBook Sender=0  Action=78  BidOrAsk=66 DepthTime=1556203501 Symbol=XBT-USD Size=92 Price=5952.5
2019-04-25 14:45:00  :: DepthOfBook-> Msg=DepthOfBook Sender=0  Action=78  BidOrAsk=66 DepthTime=1556203501 Symbol=XBT-USD Size=91 Price=5952
2019-04-25 14:45:00  :: DepthOfBook-> Msg=DepthOfBook Sender=0  Action=78  BidOrAsk=66 DepthTime=1556203501 Symbol=XBT-USD Size=75 Price=5951.5
2019-04-25 14:45:00  :: DepthOfBook-> Msg=DepthOfBook Sender=0  Action=78  BidOrAsk=66 DepthTime=1556203501 Symbol=XBT-USD Size=32 Price=5950
2019-04-25 14:45:00  :: DepthOfBook-> Msg=DepthOfBook Sender=0  Action=78  BidOrAsk=66 DepthTime=1556203501 Symbol=XBT-USD Size=59499 Price=5945.5
2019-04-25 14:45:00  :: DepthOfBook-> Msg=DepthOfBook Sender=0  Action=78  BidOrAsk=66 DepthTime=1556203501 Symbol=XBT-USD Size=118998 Price=5944.5
2019-04-25 14:45:00  :: DepthOfBook-> Msg=DepthOfBook Sender=0  Action=78  BidOrAsk=66 DepthTime=1556203501 Symbol=XBT-USD Size=297495 Price=5896.5
2019-04-25 14:45:00  :: DepthOfBook-> Msg=DepthOfBook Sender=0  Action=78  BidOrAsk=66 DepthTime=1556203501 Symbol=XBT-USD Size=290 Price=5894
2019-04-25 14:45:00  :: DepthOfBook-> Msg=DepthOfBook Sender=0  Action=78  BidOrAsk=66 DepthTime=1556203501 Symbol=XBT-USD Size=594990 Price=5869.5
2019-04-25 14:45:00  :: DepthOfBook-> Msg=DepthOfBook Sender=0  Action=78  BidOrAsk=66 DepthTime=1556203501 Symbol=XBT-USD Size=563 Price=5627
2019-04-25 14:45:00  :: DepthOfBook-> Msg=DepthOfBook Sender=0  Action=78  BidOrAsk=66 DepthTime=1556203501 Symbol=XBT-USD Size=108 Price=5434.5
2019-04-25 14:45:00  :: DepthOfBook-> Msg=DepthOfBook Sender=0  Action=78  BidOrAsk=66 DepthTime=1556203501 Symbol=XBT-USD Size=1000 Price=5101
2019-04-25 14:45:00  :: DepthOfBook-> Msg=DepthOfBook Sender=0  Action=78  BidOrAsk=66 DepthTime=1556203501 Symbol=XBT-USD Size=1500 Price=5100
2019-04-25 14:45:00  :: DepthOfBook-> Msg=DepthOfBook Sender=0  Action=78  BidOrAsk=66 DepthTime=1556203501 Symbol=XBT-USD Size=5000 Price=4047
2019-04-25 14:45:00  :: DepthOfBook-> Msg=DepthOfBook Sender=0  Action=78  BidOrAsk=66 DepthTime=1556203501 Symbol=XBT-USD Size=25 Price=3952.5
2019-04-25 14:45:00  :: DepthOfBook-> Msg=DepthOfBook Sender=0  Action=78  BidOrAsk=66 DepthTime=1556203501 Symbol=XBT-USD Size=2764 Price=3715.5
2019-04-25 14:45:00  :: DepthOfBook-> Msg=DepthOfBook Sender=0  Action=78  BidOrAsk=66 DepthTime=1556203501 Symbol=XBT-USD Size=5000 Price=3080.5
2019-04-25 14:45:00  :: DepthOfBook-> Msg=DepthOfBook Sender=0  Action=78  BidOrAsk=66 DepthTime=1556203501 Symbol=XBT-USD Size=100000 Price=3080
2019-04-25 14:45:00  :: DepthOfBook-> Msg=DepthOfBook Sender=0  Action=78  BidOrAsk=66 DepthTime=1556203501 Symbol=XBT-USD Size=20000 Price=3009.5
2019-04-25 14:45:00  :: DepthOfBook-> Msg=DepthOfBook Sender=0  Action=78  BidOrAsk=66 DepthTime=1556203501 Symbol=XBT-USD Size=1000 Price=1982.5
2019-04-25 14:45:00  :: DepthOfBook-> Msg=DepthOfBook Sender=0  Action=78  BidOrAsk=66 DepthTime=1556203501 Symbol=XBT-USD Size=100000 Price=1982
2019-04-25 14:45:00  :: DepthOfBook-> Msg=DepthOfBook Sender=0  Action=78  BidOrAsk=65 DepthTime=1556203501 Symbol=XBT-USD Size=59499 Price=5954.5
2019-04-25 14:45:00  :: DepthOfBook-> Msg=DepthOfBook Sender=0  Action=78  BidOrAsk=65 DepthTime=1556203501 Symbol=XBT-USD Size=118998 Price=5955.5
2019-04-25 14:45:00  :: DepthOfBook-> Msg=DepthOfBook Sender=0  Action=78  BidOrAsk=65 DepthTime=1556203501 Symbol=XBT-USD Size=16 Price=5956
2019-04-25 14:45:00  :: DepthOfBook-> Msg=DepthOfBook Sender=0  Action=78  BidOrAsk=65 DepthTime=1556203501 Symbol=XBT-USD Size=32 Price=5958
2019-04-25 14:45:00  :: DepthOfBook-> Msg=DepthOfBook Sender=0  Action=78  BidOrAsk=65 DepthTime=1556203501 Symbol=XBT-USD Size=48 Price=5961
2019-04-25 14:45:00  :: DepthOfBook-> Msg=DepthOfBook Sender=0  Action=78  BidOrAsk=65 DepthTime=1556203501 Symbol=XBT-USD Size=75 Price=5962
2019-04-25 14:45:00  :: DepthOfBook-> Msg=DepthOfBook Sender=0  Action=78  BidOrAsk=65 DepthTime=1556203501 Symbol=XBT-USD Size=75 Price=5962.5
2019-04-25 14:45:00  :: DepthOfBook-> Msg=DepthOfBook Sender=0  Action=78  BidOrAsk=65 DepthTime=1556203501 Symbol=XBT-USD Size=75 Price=5963
2019-04-25 14:45:00  :: DepthOfBook-> Msg=DepthOfBook Sender=0  Action=78  BidOrAsk=65 DepthTime=1556203501 Symbol=XBT-USD Size=75 Price=5963.5
2019-04-25 14:45:00  :: DepthOfBook-> Msg=DepthOfBook Sender=0  Action=78  BidOrAsk=65 DepthTime=1556203501 Symbol=XBT-USD Size=64 Price=5964
2019-04-25 14:45:00  :: DepthOfBook-> Msg=DepthOfBook Sender=0  Action=78  BidOrAsk=65 DepthTime=1556203501 Symbol=XBT-USD Size=297495 Price=6003.5
2019-04-25 14:45:00  :: DepthOfBook-> Msg=DepthOfBook Sender=0  Action=78  BidOrAsk=65 DepthTime=1556203501 Symbol=XBT-USD Size=594990 Price=6030.5
2019-04-25 14:45:00  :: DepthOfBook-> Msg=DepthOfBook Sender=0  Action=78  BidOrAsk=65 DepthTime=1556203501 Symbol=XBT-USD Size=612 Price=6124
2019-04-25 14:45:00  :: DepthOfBook-> Msg=DepthOfBook Sender=0  Action=78  BidOrAsk=65 DepthTime=1556203501 Symbol=XBT-USD Size=5000 Price=6300
2019-04-25 14:45:00  :: DepthOfBook-> Msg=DepthOfBook Sender=0  Action=78  BidOrAsk=65 DepthTime=1556203501 Symbol=XBT-USD Size=5000 Price=6600
2019-04-25 14:45:00  :: DepthOfBook-> Msg=DepthOfBook Sender=0  Action=78  BidOrAsk=65 DepthTime=1556203501 Symbol=XBT-USD Size=5000 Price=6900
2019-04-25 14:45:00  :: DepthOfBook-> Msg=DepthOfBook Sender=0  Action=78  BidOrAsk=65 DepthTime=1556203501 Symbol=XBT-USD Size=4000 Price=8776.5
2019-04-25 14:45:00  :: DepthOfBook-> Msg=DepthOfBook Sender=0  Action=78  BidOrAsk=65 DepthTime=1556203501 Symbol=XBT-USD Size=10000 Price=8777
2019-04-25 14:45:00  :: DepthOfBook-> Msg=DepthOfBook Sender=0  Action=78  BidOrAsk=65 DepthTime=1556203501 Symbol=XBT-USD Size=3000 Price=9998.5
2019-04-25 14:45:00  :: SubscriptionResponse UUID:OrderBookPOCUUID Service:LD ServiceKey:XBT-USD Success:True
2019-04-25 14:45:50  :: @Incoming Bitmex:Publishing Order Book  for symbol XBTU19: Best Bid Size=92 Best Bid Price=5952.5 Best Ask Size=16 Best Ask Price=5956
2019-04-25 14:45:50  :: @Incoming Bitmex:WARNING1:Received INSERT Price Level for a price leven that already existed
2019-04-25 14:45:50  :: @Incoming Bitmex:WARNING1:Received INSERT Price Level for a price leven that already existed
2019-04-25 14:45:50  :: @Incoming Bitmex:WARNING1:Received INSERT Price Level for a price leven that already existed
2019-04-25 14:45:50  :: @Incoming Bitmex:WARNING1:Received INSERT Price Level for a price leven that already existed
2019-04-25 14:45:50  :: @Incoming Bitmex:WARNING1:Received INSERT Price Level for a price leven that already existed
2019-04-25 14:45:50  :: @Incoming Bitmex:WARNING1:Received INSERT Price Level for a price leven that already existed
2019-04-25 14:45:50  :: @Incoming Bitmex:Publishing Order Book  for symbol XBTU19: Best Bid Size=92 Best Bid Price=5952.5 Best Ask Size=59503 Best Ask Price=5954.5
2019-04-25 14:45:50  :: DepthOfBook-> Msg=DepthOfBook Sender=0  Action=82  BidOrAsk=66 DepthTime=1556203551 Symbol=XBT-USD Size=0 Price=5945.5
2019-04-25 14:45:50  :: DepthOfBook-> Msg=DepthOfBook Sender=0  Action=82  BidOrAsk=66 DepthTime=1556203551 Symbol=XBT-USD Size=0 Price=5944.5
2019-04-25 14:45:50  :: DepthOfBook-> Msg=DepthOfBook Sender=0  Action=82  BidOrAsk=66 DepthTime=1556203551 Symbol=XBT-USD Size=0 Price=5896.5
2019-04-25 14:45:50  :: DepthOfBook-> Msg=DepthOfBook Sender=0  Action=82  BidOrAsk=66 DepthTime=1556203551 Symbol=XBT-USD Size=0 Price=5869.5
2019-04-25 14:45:50  :: DepthOfBook-> Msg=DepthOfBook Sender=0  Action=82  BidOrAsk=65 DepthTime=1556203551 Symbol=XBT-USD Size=0 Price=6030.5
2019-04-25 14:45:50  :: DepthOfBook-> Msg=DepthOfBook Sender=0  Action=82  BidOrAsk=65 DepthTime=1556203551 Symbol=XBT-USD Size=0 Price=6003.5
2019-04-25 14:45:50  :: DepthOfBook-> Msg=DepthOfBook Sender=0  Action=82  BidOrAsk=65 DepthTime=1556203551 Symbol=XBT-USD Size=0 Price=5955.5
2019-04-25 14:45:50  :: DepthOfBook-> Msg=DepthOfBook Sender=0  Action=82  BidOrAsk=65 DepthTime=1556203551 Symbol=XBT-USD Size=0 Price=5954.5
2019-04-25 14:45:50  :: DepthOfBook-> Msg=DepthOfBook Sender=0  Action=78  BidOrAsk=66 DepthTime=1556203551 Symbol=XBT-USD Size=59503 Price=5945.5
2019-04-25 14:45:50  :: DepthOfBook-> Msg=DepthOfBook Sender=0  Action=78  BidOrAsk=66 DepthTime=1556203551 Symbol=XBT-USD Size=119005 Price=5945
2019-04-25 14:45:50  :: DepthOfBook-> Msg=DepthOfBook Sender=0  Action=78  BidOrAsk=66 DepthTime=1556203551 Symbol=XBT-USD Size=297513 Price=5896.5
2019-04-25 14:45:50  :: DepthOfBook-> Msg=DepthOfBook Sender=0  Action=78  BidOrAsk=66 DepthTime=1556203551 Symbol=XBT-USD Size=595026 Price=5870
2019-04-25 14:45:50  :: DepthOfBook-> Msg=DepthOfBook Sender=0  Action=78  BidOrAsk=65 DepthTime=1556203551 Symbol=XBT-USD Size=59503 Price=5954.5
2019-04-25 14:45:50  :: DepthOfBook-> Msg=DepthOfBook Sender=0  Action=78  BidOrAsk=65 DepthTime=1556203551 Symbol=XBT-USD Size=119005 Price=5955.5
2019-04-25 14:45:50  :: DepthOfBook-> Msg=DepthOfBook Sender=0  Action=78  BidOrAsk=65 DepthTime=1556203551 Symbol=XBT-USD Size=297513 Price=6003.5
2019-04-25 14:45:50  :: DepthOfBook-> Msg=DepthOfBook Sender=0  Action=78  BidOrAsk=65 DepthTime=1556203551 Symbol=XBT-USD Size=595026 Price=6030.5
2019-04-25 15:35:24  :: Initializing Mock Simulated Server...
2019-04-25 15:35:24  :: Initializing all collections...
2019-04-25 15:35:25  :: 4/25/2019 3:35:25 PMBaseCommunicationModule.LoadConfig
2019-04-25 15:35:25  :: Loading config:.\BitMex\incomingBitmex.xml
2019-04-25 15:35:25  :: Processing config:.\BitMex\incomingBitmex.xml
2019-04-25 15:35:25  :: Ending GetConfiguracion .\BitMex\incomingBitmex.xml
2019-04-25 15:35:28  :: 4/25/2019 3:35:28 PMOrderRouterBase.LoadConfig
2019-04-25 15:35:28  :: Loading config:.\BitMex\outgoingBitmex.xml
2019-04-25 15:35:28  :: Processing config:.\BitMex\outgoingBitmex.xml
2019-04-25 15:35:28  :: Ending GetConfiguracion .\BitMex\outgoingBitmex.xml
2019-04-25 15:35:29  :: Collections Initialized...
2019-04-25 15:35:30  :: Successfully subscribed to execution event 
2019-04-25 15:35:56  :: Incoming Login request for user MM1_CLOBUI
2019-04-25 15:35:56  :: user MM1_CLOBUI Successfully logged in
2019-04-25 15:35:56  :: Incoming subscription for Service: LS - Service key: SWP-XBT-USD-G19 - UUID: MarketDataPOCUUID SubscriptionType: S UserId: MM1_CLOBUI JsonToken:eyJhbGciOiJIUzI1NiIsInR5cCI6IkpXVCJ9.eyJpYXQiOjE1NTEzODY5NjksImV4cCI
2019-04-25 15:35:56  :: Subscribing market data for outgoing Symbol=XBTM19
2019-04-25 15:35:56  :: Subscription sent for outgoing Symbol=XBTM19
2019-04-25 15:35:56  :: @Incoming Bitmex:Requesting market data por symbol XBTM19
2019-04-25 15:35:57  :: Successfully subscribed to orderBookL2 event on symbol XBTM19
2019-04-25 15:35:57  :: Successfully subscribed to trade event on symbol XBTM19
2019-04-25 15:35:57  :: @Incoming Bitmex:NEW TRADE for symbol XBTM19: Side=Buy Size=2 Price=5735 TickDirection=ZeroPlusTick
2019-04-25 15:35:57  :: @Incoming Bitmex:Publishing Order Book  for symbol XBTM19: Best Bid Size=37206 Best Bid Price=5734.5 Best Ask Size=12901 Best Ask Price=5735
2019-04-25 15:35:57  :: Incoming subscription for Service: LQ - Service key: SWP-XBT-USD-G19 - UUID: MarketDataPOCUUID SubscriptionType: S UserId: MM1_CLOBUI JsonToken:eyJhbGciOiJIUzI1NiIsInR5cCI6IkpXVCJ9.eyJpYXQiOjE1NTEzODY5NjksImV4cCI
2019-04-25 15:44:13  :: Initializing Mock Simulated Server...
2019-04-25 15:44:13  :: Initializing all collections...
2019-04-25 15:44:13  :: 4/25/2019 3:44:13 PMBaseCommunicationModule.LoadConfig
2019-04-25 15:44:13  :: Loading config:.\BitMex\incomingBitmex.xml
2019-04-25 15:44:13  :: Processing config:.\BitMex\incomingBitmex.xml
2019-04-25 15:44:13  :: Ending GetConfiguracion .\BitMex\incomingBitmex.xml
2019-04-25 15:44:17  :: 4/25/2019 3:44:17 PMOrderRouterBase.LoadConfig
2019-04-25 15:44:17  :: Loading config:.\BitMex\outgoingBitmex.xml
2019-04-25 15:44:17  :: Processing config:.\BitMex\outgoingBitmex.xml
2019-04-25 15:44:17  :: Ending GetConfiguracion .\BitMex\outgoingBitmex.xml
2019-04-25 15:44:18  :: Collections Initialized...
2019-04-25 15:44:18  :: Successfully subscribed to execution event 
2019-04-25 15:44:41  :: Incoming Login request for user MM1_CLOBUI
2019-04-25 15:44:41  :: user MM1_CLOBUI Successfully logged in
2019-04-25 15:44:41  :: Incoming subscription for Service: LS - Service key: SWP-XBT-USD-G19 - UUID: MarketDataPOCUUID SubscriptionType: S UserId: MM1_CLOBUI JsonToken:eyJhbGciOiJIUzI1NiIsInR5cCI6IkpXVCJ9.eyJpYXQiOjE1NTEzODY5NjksImV4cCI
2019-04-25 15:44:41  :: Subscribing market data for outgoing Symbol=XBTM19
2019-04-25 15:44:41  :: Subscription sent for outgoing Symbol=XBTM19
2019-04-25 15:44:41  :: @Incoming Bitmex:Requesting market data por symbol XBTM19
2019-04-25 15:44:41  :: Successfully subscribed to orderBookL2 event on symbol XBTM19
2019-04-25 15:44:41  :: Successfully subscribed to trade event on symbol XBTM19
2019-04-25 15:44:41  :: @Incoming Bitmex:NEW TRADE for symbol XBTM19: Side=Buy Size=3 Price=5735 TickDirection=PlusTick
2019-04-25 15:44:42  :: Incoming subscription for Service: LQ - Service key: SWP-XBT-USD-G19 - UUID: MarketDataPOCUUID SubscriptionType: S UserId: MM1_CLOBUI JsonToken:eyJhbGciOiJIUzI1NiIsInR5cCI6IkpXVCJ9.eyJpYXQiOjE1NTEzODY5NjksImV4cCI
2019-04-25 15:44:42  :: SubscriptionResponse UUID:MarketDataPOCUUID Service:LS ServiceKey:SWP-XBT-USD-G19 Success:True
2019-04-25 15:44:42  :: @Incoming Bitmex:Publishing Order Book  for symbol XBTM19: Best Bid Size=38156 Best Bid Price=5734.5 Best Ask Size=12898 Best Ask Price=5735
2019-04-25 15:44:43  :: Incoming subscription for Service: FD - Service key: SWP-XBT-USD-G19 - UUID: MarketDataPOCUUID SubscriptionType: S UserId: MM1_CLOBUI JsonToken:eyJhbGciOiJIUzI1NiIsInR5cCI6IkpXVCJ9.eyJpYXQiOjE1NTEzODY5NjksImV4cCI
2019-04-25 15:44:44  :: Incoming subscription for Service: FP - Service key: XBT-USD - UUID: MarketDataPOCUUID SubscriptionType: S UserId: MM1_CLOBUI JsonToken:eyJhbGciOiJIUzI1NiIsInR5cCI6IkpXVCJ9.eyJpYXQiOjE1NTEzODY5NjksImV4cCI
2019-04-25 15:44:47  :: @Incoming Bitmex:Publishing Order Book  for symbol XBTM19: Best Bid Size=38156 Best Bid Price=5734.5 Best Ask Size=12898 Best Ask Price=5735
2019-04-25 15:44:47  :: @Incoming Bitmex:Publishing Order Book  for symbol XBTM19: Best Bid Size=38156 Best Bid Price=5734.5 Best Ask Size=12898 Best Ask Price=5735
2019-04-25 15:44:47  :: @Incoming Bitmex:Publishing Order Book  for symbol XBTM19: Best Bid Size=38156 Best Bid Price=5734.5 Best Ask Size=12898 Best Ask Price=5735
2019-04-25 15:44:47  :: @Incoming Bitmex:Publishing Order Book  for symbol XBTM19: Best Bid Size=38156 Best Bid Price=5734.5 Best Ask Size=12898 Best Ask Price=5735
2019-04-25 15:44:47  :: @Incoming Bitmex:Publishing Order Book  for symbol XBTM19: Best Bid Size=38156 Best Bid Price=5734.5 Best Ask Size=12898 Best Ask Price=5735
2019-04-25 15:44:53  :: Incoming Login request for user MM1_CLOBUI
2019-04-25 15:44:53  :: user MM1_CLOBUI Successfully logged in
2019-04-25 15:44:53  :: Incoming subscription for Service: LD - Service key: XBT-USD - UUID: OrderBookPOCUUID SubscriptionType: S UserId: MM1_CLOBUI JsonToken:eyJhbGciOiJIUzI1NiIsInR5cCI6IkpXVCJ9.eyJpYXQiOjE1NTEzODY5NjksImV4cCI
2019-04-25 15:44:53  :: Entering ProcessOrderBookDepth for ServiceKey=XBT-USD
2019-04-25 15:44:53  :: Searching for mappings for ServiceKey=XBT-USD
2019-04-25 15:44:53  :: Mapping found for Outgoing Symbol=XBTU19
2019-04-25 15:44:53  :: Subscribing market data for outgoing Symbol=XBTU19
2019-04-25 15:44:53  :: Subscription sent for outgoing Symbol=XBTU19
2019-04-25 15:44:53  :: @Incoming Bitmex:Requesting market data por symbol XBTU19
2019-04-25 15:44:53  :: Successfully subscribed to orderBookL2 event on symbol XBTU19
2019-04-25 15:44:54  :: Successfully subscribed to trade event on symbol XBTU19
2019-04-25 15:44:54  :: @Incoming Bitmex:NEW TRADE for symbol XBTU19: Side=Buy Size=3 Price=5962 TickDirection=PlusTick
2019-04-25 15:44:55  :: @Incoming Bitmex:Publishing Order Book  for symbol XBTU19: Best Bid Size=59632 Best Bid Price=5957 Best Ask Size=46 Best Ask Price=5962
2019-04-25 15:44:55  :: DepthOfBook-> Msg=DepthOfBook Sender=0  Action=78  BidOrAsk=66 DepthTime=1556207096 Symbol=XBT-USD Size=59632 Price=5957
2019-04-25 15:44:55  :: DepthOfBook-> Msg=DepthOfBook Sender=0  Action=78  BidOrAsk=66 DepthTime=1556207096 Symbol=XBT-USD Size=119232 Price=5956
2019-04-25 15:44:55  :: DepthOfBook-> Msg=DepthOfBook Sender=0  Action=78  BidOrAsk=66 DepthTime=1556207096 Symbol=XBT-USD Size=32 Price=5955
2019-04-25 15:44:55  :: DepthOfBook-> Msg=DepthOfBook Sender=0  Action=78  BidOrAsk=66 DepthTime=1556207096 Symbol=XBT-USD Size=60 Price=5952.5
2019-04-25 15:44:55  :: DepthOfBook-> Msg=DepthOfBook Sender=0  Action=78  BidOrAsk=66 DepthTime=1556207096 Symbol=XBT-USD Size=75 Price=5952
2019-04-25 15:44:55  :: DepthOfBook-> Msg=DepthOfBook Sender=0  Action=78  BidOrAsk=66 DepthTime=1556207096 Symbol=XBT-USD Size=75 Price=5951.5
2019-04-25 15:44:55  :: DepthOfBook-> Msg=DepthOfBook Sender=0  Action=78  BidOrAsk=66 DepthTime=1556207096 Symbol=XBT-USD Size=298080 Price=5908
2019-04-25 15:44:55  :: DepthOfBook-> Msg=DepthOfBook Sender=0  Action=78  BidOrAsk=66 DepthTime=1556207096 Symbol=XBT-USD Size=290 Price=5894
2019-04-25 15:44:55  :: DepthOfBook-> Msg=DepthOfBook Sender=0  Action=78  BidOrAsk=66 DepthTime=1556207096 Symbol=XBT-USD Size=596161 Price=5881
2019-04-25 15:44:55  :: DepthOfBook-> Msg=DepthOfBook Sender=0  Action=78  BidOrAsk=66 DepthTime=1556207096 Symbol=XBT-USD Size=563 Price=5627
2019-04-25 15:44:55  :: DepthOfBook-> Msg=DepthOfBook Sender=0  Action=78  BidOrAsk=66 DepthTime=1556207096 Symbol=XBT-USD Size=108 Price=5434.5
2019-04-25 15:44:55  :: DepthOfBook-> Msg=DepthOfBook Sender=0  Action=78  BidOrAsk=66 DepthTime=1556207096 Symbol=XBT-USD Size=1000 Price=5101
2019-04-25 15:44:55  :: DepthOfBook-> Msg=DepthOfBook Sender=0  Action=78  BidOrAsk=66 DepthTime=1556207096 Symbol=XBT-USD Size=1500 Price=5100
2019-04-25 15:44:55  :: DepthOfBook-> Msg=DepthOfBook Sender=0  Action=78  BidOrAsk=66 DepthTime=1556207096 Symbol=XBT-USD Size=5000 Price=4047
2019-04-25 15:44:55  :: DepthOfBook-> Msg=DepthOfBook Sender=0  Action=78  BidOrAsk=66 DepthTime=1556207096 Symbol=XBT-USD Size=25 Price=3952.5
2019-04-25 15:44:55  :: DepthOfBook-> Msg=DepthOfBook Sender=0  Action=78  BidOrAsk=66 DepthTime=1556207096 Symbol=XBT-USD Size=2764 Price=3715.5
2019-04-25 15:44:55  :: DepthOfBook-> Msg=DepthOfBook Sender=0  Action=78  BidOrAsk=66 DepthTime=1556207096 Symbol=XBT-USD Size=5000 Price=3080.5
2019-04-25 15:44:55  :: DepthOfBook-> Msg=DepthOfBook Sender=0  Action=78  BidOrAsk=66 DepthTime=1556207096 Symbol=XBT-USD Size=100000 Price=3080
2019-04-25 15:44:55  :: DepthOfBook-> Msg=DepthOfBook Sender=0  Action=78  BidOrAsk=66 DepthTime=1556207096 Symbol=XBT-USD Size=20000 Price=3009.5
2019-04-25 15:44:55  :: DepthOfBook-> Msg=DepthOfBook Sender=0  Action=78  BidOrAsk=66 DepthTime=1556207096 Symbol=XBT-USD Size=1000 Price=1982.5
2019-04-25 15:44:55  :: DepthOfBook-> Msg=DepthOfBook Sender=0  Action=78  BidOrAsk=66 DepthTime=1556207096 Symbol=XBT-USD Size=100000 Price=1982
2019-04-25 15:44:55  :: DepthOfBook-> Msg=DepthOfBook Sender=0  Action=78  BidOrAsk=65 DepthTime=1556207096 Symbol=XBT-USD Size=46 Price=5962
2019-04-25 15:44:55  :: DepthOfBook-> Msg=DepthOfBook Sender=0  Action=78  BidOrAsk=65 DepthTime=1556207096 Symbol=XBT-USD Size=75 Price=5962.5
2019-04-25 15:44:55  :: DepthOfBook-> Msg=DepthOfBook Sender=0  Action=78  BidOrAsk=65 DepthTime=1556207096 Symbol=XBT-USD Size=75 Price=5963
2019-04-25 15:44:55  :: DepthOfBook-> Msg=DepthOfBook Sender=0  Action=78  BidOrAsk=65 DepthTime=1556207096 Symbol=XBT-USD Size=75 Price=5963.5
2019-04-25 15:44:55  :: DepthOfBook-> Msg=DepthOfBook Sender=0  Action=78  BidOrAsk=65 DepthTime=1556207096 Symbol=XBT-USD Size=59616 Price=5966
2019-04-25 15:44:55  :: DepthOfBook-> Msg=DepthOfBook Sender=0  Action=78  BidOrAsk=65 DepthTime=1556207096 Symbol=XBT-USD Size=119248 Price=5967
2019-04-25 15:44:55  :: DepthOfBook-> Msg=DepthOfBook Sender=0  Action=78  BidOrAsk=65 DepthTime=1556207096 Symbol=XBT-USD Size=32 Price=5972
2019-04-25 15:44:55  :: DepthOfBook-> Msg=DepthOfBook Sender=0  Action=78  BidOrAsk=65 DepthTime=1556207096 Symbol=XBT-USD Size=48 Price=5977
2019-04-25 15:44:55  :: DepthOfBook-> Msg=DepthOfBook Sender=0  Action=78  BidOrAsk=65 DepthTime=1556207096 Symbol=XBT-USD Size=64 Price=5982
2019-04-25 15:44:55  :: DepthOfBook-> Msg=DepthOfBook Sender=0  Action=78  BidOrAsk=65 DepthTime=1556207096 Symbol=XBT-USD Size=298080 Price=6015
2019-04-25 15:44:55  :: DepthOfBook-> Msg=DepthOfBook Sender=0  Action=78  BidOrAsk=65 DepthTime=1556207096 Symbol=XBT-USD Size=596161 Price=6042
2019-04-25 15:44:55  :: DepthOfBook-> Msg=DepthOfBook Sender=0  Action=78  BidOrAsk=65 DepthTime=1556207096 Symbol=XBT-USD Size=612 Price=6124
2019-04-25 15:44:55  :: DepthOfBook-> Msg=DepthOfBook Sender=0  Action=78  BidOrAsk=65 DepthTime=1556207096 Symbol=XBT-USD Size=5000 Price=6300
2019-04-25 15:44:55  :: DepthOfBook-> Msg=DepthOfBook Sender=0  Action=78  BidOrAsk=65 DepthTime=1556207096 Symbol=XBT-USD Size=5000 Price=6600
2019-04-25 15:44:55  :: DepthOfBook-> Msg=DepthOfBook Sender=0  Action=78  BidOrAsk=65 DepthTime=1556207096 Symbol=XBT-USD Size=5000 Price=6900
2019-04-25 15:44:55  :: DepthOfBook-> Msg=DepthOfBook Sender=0  Action=78  BidOrAsk=65 DepthTime=1556207096 Symbol=XBT-USD Size=4000 Price=8776.5
2019-04-25 15:44:55  :: DepthOfBook-> Msg=DepthOfBook Sender=0  Action=78  BidOrAsk=65 DepthTime=1556207096 Symbol=XBT-USD Size=10000 Price=8777
2019-04-25 15:44:55  :: DepthOfBook-> Msg=DepthOfBook Sender=0  Action=78  BidOrAsk=65 DepthTime=1556207096 Symbol=XBT-USD Size=3000 Price=9998.5
2019-04-25 15:44:55  :: SubscriptionResponse UUID:OrderBookPOCUUID Service:LD ServiceKey:XBT-USD Success:True
2019-04-25 15:45:01  :: @Incoming Bitmex:Publishing Order Book  for symbol XBTU19: Best Bid Size=59630 Best Bid Price=5957 Best Ask Size=46 Best Ask Price=5962
2019-04-25 15:45:01  :: @Incoming Bitmex:NEW TRADE for symbol XBTU19: Side=Sell Size=2 Price=5957 TickDirection=MinusTick
2019-04-25 15:45:01  :: DepthOfBook-> Msg=DepthOfBook Sender=0  Action=67  BidOrAsk=66 DepthTime=1556207102 Symbol=XBT-USD Size=59630 Price=5957
2019-04-25 15:48:27  :: Initializing Mock Simulated Server...
2019-04-25 15:48:27  :: Initializing all collections...
2019-04-25 15:48:27  :: 4/25/2019 3:48:27 PMBaseCommunicationModule.LoadConfig
2019-04-25 15:48:27  :: Loading config:.\BitMex\incomingBitmex.xml
2019-04-25 15:48:27  :: Processing config:.\BitMex\incomingBitmex.xml
2019-04-25 15:48:28  :: Ending GetConfiguracion .\BitMex\incomingBitmex.xml
2019-04-25 15:48:30  :: 4/25/2019 3:48:30 PMOrderRouterBase.LoadConfig
2019-04-25 15:48:30  :: Loading config:.\BitMex\outgoingBitmex.xml
2019-04-25 15:48:30  :: Processing config:.\BitMex\outgoingBitmex.xml
2019-04-25 15:48:31  :: Ending GetConfiguracion .\BitMex\outgoingBitmex.xml
2019-04-25 15:48:31  :: Collections Initialized...
2019-04-25 15:48:32  :: Successfully subscribed to execution event 
2019-04-25 15:48:50  :: Incoming Login request for user MM1_CLOBUI
2019-04-25 15:48:50  :: user MM1_CLOBUI Successfully logged in
2019-04-25 15:48:50  :: Incoming subscription for Service: LS - Service key: XBT-USD - UUID: MarketDataPOCUUID SubscriptionType: S UserId: MM1_CLOBUI JsonToken:eyJhbGciOiJIUzI1NiIsInR5cCI6IkpXVCJ9.eyJpYXQiOjE1NTEzODY5NjksImV4cCI
2019-04-25 15:48:50  :: Subscribing market data for outgoing Symbol=XBTU19
2019-04-25 15:48:50  :: Subscription sent for outgoing Symbol=XBTU19
2019-04-25 15:48:50  :: @Incoming Bitmex:Requesting market data por symbol XBTU19
2019-04-25 15:48:50  :: Successfully subscribed to orderBookL2 event on symbol XBTU19
2019-04-25 15:48:51  :: Successfully subscribed to trade event on symbol XBTU19
2019-04-25 15:48:51  :: @Incoming Bitmex:NEW TRADE for symbol XBTU19: Side=Sell Size=3 Price=5957 TickDirection=ZeroMinusTick
2019-04-25 15:48:51  :: Incoming subscription for Service: LQ - Service key: XBT-USD - UUID: MarketDataPOCUUID SubscriptionType: S UserId: MM1_CLOBUI JsonToken:eyJhbGciOiJIUzI1NiIsInR5cCI6IkpXVCJ9.eyJpYXQiOjE1NTEzODY5NjksImV4cCI
2019-04-25 15:48:51  :: SubscriptionResponse UUID:MarketDataPOCUUID Service:LS ServiceKey:XBT-USD Success:True
2019-04-25 15:48:52  :: Incoming subscription for Service: FD - Service key: XBT-USD - UUID: MarketDataPOCUUID SubscriptionType: S UserId: MM1_CLOBUI JsonToken:eyJhbGciOiJIUzI1NiIsInR5cCI6IkpXVCJ9.eyJpYXQiOjE1NTEzODY5NjksImV4cCI
2019-04-25 15:48:52  :: @Incoming Bitmex:Publishing Order Book  for symbol XBTU19: Best Bid Size=59613 Best Bid Price=5956.5 Best Ask Size=46 Best Ask Price=5962
2019-04-25 15:48:53  :: Incoming subscription for Service: FP - Service key: XBT-USD - UUID: MarketDataPOCUUID SubscriptionType: S UserId: MM1_CLOBUI JsonToken:eyJhbGciOiJIUzI1NiIsInR5cCI6IkpXVCJ9.eyJpYXQiOjE1NTEzODY5NjksImV4cCI
2019-04-25 15:48:58  :: Incoming Login request for user MM1_CLOBUI
2019-04-25 15:48:58  :: user MM1_CLOBUI Successfully logged in
2019-04-25 15:48:58  :: Incoming subscription for Service: LD - Service key: XBT-USD - UUID: OrderBookPOCUUID SubscriptionType: S UserId: MM1_CLOBUI JsonToken:eyJhbGciOiJIUzI1NiIsInR5cCI6IkpXVCJ9.eyJpYXQiOjE1NTEzODY5NjksImV4cCI
2019-04-25 15:48:58  :: Entering ProcessOrderBookDepth for ServiceKey=XBT-USD
2019-04-25 15:48:58  :: Searching for mappings for ServiceKey=XBT-USD
2019-04-25 15:48:58  :: Mapping found for Outgoing Symbol=XBTU19
2019-04-25 15:49:13  :: Initializing Mock Simulated Server...
2019-04-25 15:49:13  :: Initializing all collections...
2019-04-25 15:49:13  :: 4/25/2019 3:49:13 PMBaseCommunicationModule.LoadConfig
2019-04-25 15:49:13  :: Loading config:.\BitMex\incomingBitmex.xml
2019-04-25 15:49:13  :: Processing config:.\BitMex\incomingBitmex.xml
2019-04-25 15:49:13  :: Ending GetConfiguracion .\BitMex\incomingBitmex.xml
2019-04-25 15:49:15  :: 4/25/2019 3:49:15 PMOrderRouterBase.LoadConfig
2019-04-25 15:49:15  :: Loading config:.\BitMex\outgoingBitmex.xml
2019-04-25 15:49:15  :: Processing config:.\BitMex\outgoingBitmex.xml
2019-04-25 15:49:15  :: Ending GetConfiguracion .\BitMex\outgoingBitmex.xml
2019-04-25 15:49:16  :: Collections Initialized...
2019-04-25 15:49:17  :: Successfully subscribed to execution event 
2019-04-25 15:49:24  :: Incoming Login request for user MM1_CLOBUI
2019-04-25 15:49:24  :: user MM1_CLOBUI Successfully logged in
2019-04-25 15:49:24  :: Incoming subscription for Service: LS - Service key: XBT-USD - UUID: MarketDataPOCUUID SubscriptionType: S UserId: MM1_CLOBUI JsonToken:eyJhbGciOiJIUzI1NiIsInR5cCI6IkpXVCJ9.eyJpYXQiOjE1NTEzODY5NjksImV4cCI
2019-04-25 15:49:24  :: Subscribing market data for outgoing Symbol=XBTU19
2019-04-25 15:49:24  :: Subscription sent for outgoing Symbol=XBTU19
2019-04-25 15:49:24  :: @Incoming Bitmex:Requesting market data por symbol XBTU19
2019-04-25 15:49:24  :: Successfully subscribed to orderBookL2 event on symbol XBTU19
2019-04-25 15:49:24  :: Successfully subscribed to trade event on symbol XBTU19
2019-04-25 15:49:25  :: @Incoming Bitmex:NEW TRADE for symbol XBTU19: Side=Sell Size=3 Price=5957 TickDirection=ZeroMinusTick
2019-04-25 15:49:25  :: @Incoming Bitmex:Publishing Order Book  for symbol XBTU19: Best Bid Size=59613 Best Bid Price=5956.5 Best Ask Size=46 Best Ask Price=5962
2019-04-25 15:49:25  :: Incoming subscription for Service: LQ - Service key: XBT-USD - UUID: MarketDataPOCUUID SubscriptionType: S UserId: MM1_CLOBUI JsonToken:eyJhbGciOiJIUzI1NiIsInR5cCI6IkpXVCJ9.eyJpYXQiOjE1NTEzODY5NjksImV4cCI
2019-04-25 15:49:25  :: SubscriptionResponse UUID:MarketDataPOCUUID Service:LS ServiceKey:XBT-USD Success:True
2019-04-25 15:49:26  :: Incoming subscription for Service: FD - Service key: XBT-USD - UUID: MarketDataPOCUUID SubscriptionType: S UserId: MM1_CLOBUI JsonToken:eyJhbGciOiJIUzI1NiIsInR5cCI6IkpXVCJ9.eyJpYXQiOjE1NTEzODY5NjksImV4cCI
2019-04-25 15:49:27  :: Incoming subscription for Service: FP - Service key: XBT-USD - UUID: MarketDataPOCUUID SubscriptionType: S UserId: MM1_CLOBUI JsonToken:eyJhbGciOiJIUzI1NiIsInR5cCI6IkpXVCJ9.eyJpYXQiOjE1NTEzODY5NjksImV4cCI
2019-04-25 15:49:34  :: Incoming Login request for user MM1_CLOBUI
2019-04-25 15:49:34  :: user MM1_CLOBUI Successfully logged in
2019-04-25 15:49:34  :: Incoming subscription for Service: LD - Service key: XBT-USD - UUID: OrderBookPOCUUID SubscriptionType: S UserId: MM1_CLOBUI JsonToken:eyJhbGciOiJIUzI1NiIsInR5cCI6IkpXVCJ9.eyJpYXQiOjE1NTEzODY5NjksImV4cCI
2019-04-25 15:49:34  :: Entering ProcessOrderBookDepth for ServiceKey=XBT-USD
2019-04-25 15:49:34  :: Searching for mappings for ServiceKey=XBT-USD
2019-04-25 15:49:34  :: Mapping found for Outgoing Symbol=XBTU19
2019-04-25 15:49:41  :: @Incoming Bitmex:Publishing Order Book  for symbol XBTU19: Best Bid Size=59610 Best Bid Price=5956.5 Best Ask Size=46 Best Ask Price=5962
2019-04-25 15:49:41  :: @Incoming Bitmex:NEW TRADE for symbol XBTU19: Side=Sell Size=3 Price=5956.5 TickDirection=MinusTick
2019-04-25 15:50:56  :: Initializing Mock Simulated Server...
2019-04-25 15:50:56  :: Initializing all collections...
2019-04-25 15:50:56  :: 4/25/2019 3:50:56 PMBaseCommunicationModule.LoadConfig
2019-04-25 15:50:56  :: Loading config:.\BitMex\incomingBitmex.xml
2019-04-25 15:50:56  :: Processing config:.\BitMex\incomingBitmex.xml
2019-04-25 15:50:56  :: Ending GetConfiguracion .\BitMex\incomingBitmex.xml
2019-04-25 15:51:00  :: 4/25/2019 3:51:00 PMOrderRouterBase.LoadConfig
2019-04-25 15:51:00  :: Loading config:.\BitMex\outgoingBitmex.xml
2019-04-25 15:51:00  :: Processing config:.\BitMex\outgoingBitmex.xml
2019-04-25 15:51:00  :: Ending GetConfiguracion .\BitMex\outgoingBitmex.xml
2019-04-25 15:51:01  :: Collections Initialized...
2019-04-25 15:51:01  :: Successfully subscribed to execution event 
2019-04-25 15:51:13  :: Incoming Login request for user MM1_CLOBUI
2019-04-25 15:51:13  :: user MM1_CLOBUI Successfully logged in
2019-04-25 15:51:13  :: Incoming subscription for Service: LS - Service key: XBT-USD - UUID: MarketDataPOCUUID SubscriptionType: S UserId: MM1_CLOBUI JsonToken:eyJhbGciOiJIUzI1NiIsInR5cCI6IkpXVCJ9.eyJpYXQiOjE1NTEzODY5NjksImV4cCI
2019-04-25 15:51:13  :: Subscribing market data for outgoing Symbol=XBTU19
2019-04-25 15:51:13  :: Subscription sent for outgoing Symbol=XBTU19
2019-04-25 15:51:13  :: @Incoming Bitmex:Requesting market data por symbol XBTU19
2019-04-25 15:51:14  :: Successfully subscribed to orderBookL2 event on symbol XBTU19
2019-04-25 15:51:14  :: Successfully subscribed to trade event on symbol XBTU19
2019-04-25 15:51:14  :: @Incoming Bitmex:NEW TRADE for symbol XBTU19: Side=Sell Size=3 Price=5956.5 TickDirection=MinusTick
2019-04-25 15:51:14  :: Incoming subscription for Service: LQ - Service key: XBT-USD - UUID: MarketDataPOCUUID SubscriptionType: S UserId: MM1_CLOBUI JsonToken:eyJhbGciOiJIUzI1NiIsInR5cCI6IkpXVCJ9.eyJpYXQiOjE1NTEzODY5NjksImV4cCI
2019-04-25 15:51:14  :: SubscriptionResponse UUID:MarketDataPOCUUID Service:LS ServiceKey:XBT-USD Success:True
2019-04-25 15:51:15  :: @Incoming Bitmex:Publishing Order Book  for symbol XBTU19: Best Bid Size=59613 Best Bid Price=5956.5 Best Ask Size=46 Best Ask Price=5962
2019-04-25 15:51:15  :: Incoming subscription for Service: FD - Service key: XBT-USD - UUID: MarketDataPOCUUID SubscriptionType: S UserId: MM1_CLOBUI JsonToken:eyJhbGciOiJIUzI1NiIsInR5cCI6IkpXVCJ9.eyJpYXQiOjE1NTEzODY5NjksImV4cCI
2019-04-25 15:51:16  :: Incoming subscription for Service: FP - Service key: XBT-USD - UUID: MarketDataPOCUUID SubscriptionType: S UserId: MM1_CLOBUI JsonToken:eyJhbGciOiJIUzI1NiIsInR5cCI6IkpXVCJ9.eyJpYXQiOjE1NTEzODY5NjksImV4cCI
2019-04-25 15:51:48  :: Incoming Login request for user MM1_CLOBUI
2019-04-25 15:51:48  :: user MM1_CLOBUI Successfully logged in
2019-04-25 15:51:48  :: Incoming subscription for Service: LD - Service key: XBT-USD - UUID: OrderBookPOCUUID SubscriptionType: S UserId: MM1_CLOBUI JsonToken:eyJhbGciOiJIUzI1NiIsInR5cCI6IkpXVCJ9.eyJpYXQiOjE1NTEzODY5NjksImV4cCI
2019-04-25 15:51:48  :: Entering ProcessOrderBookDepth for ServiceKey=XBT-USD
2019-04-25 15:51:48  :: Searching for mappings for ServiceKey=XBT-USD
2019-04-25 15:51:48  :: Mapping found for Outgoing Symbol=XBTU19
2019-04-25 15:51:50  :: @Incoming Bitmex:Publishing Order Book  for symbol XBTU19: Best Bid Size=119241 Best Bid Price=5956 Best Ask Size=46 Best Ask Price=5962
2019-04-25 15:51:50  :: @Incoming Bitmex:Publishing Order Book  for symbol XBTU19: Best Bid Size=16 Best Bid Price=5956 Best Ask Size=46 Best Ask Price=5962
2019-04-25 15:51:50  :: @Incoming Bitmex:Publishing Order Book  for symbol XBTU19: Best Bid Size=119241 Best Bid Price=5956 Best Ask Size=46 Best Ask Price=5962
2019-04-25 15:51:50  :: @Incoming Bitmex:WARNING1:Received INSERT Price Level for a price leven that already existed
2019-04-25 15:51:50  :: @Incoming Bitmex:WARNING1:Received INSERT Price Level for a price leven that already existed
2019-04-25 15:51:50  :: @Incoming Bitmex:WARNING1:Received INSERT Price Level for a price leven that already existed
2019-04-25 15:51:50  :: @Incoming Bitmex:Publishing Order Book  for symbol XBTU19: Best Bid Size=59613 Best Bid Price=5957 Best Ask Size=46 Best Ask Price=5962
2019-04-25 15:51:50  :: DepthOfBook-> Msg=DepthOfBook Sender=0  Action=82  BidOrAsk=66 DepthTime=1556207511 Symbol=XBT-USD Size=0 Price=5956.5
2019-04-25 15:51:51  :: DepthOfBook-> Msg=DepthOfBook Sender=0  Action=82  BidOrAsk=66 DepthTime=1556207511 Symbol=XBT-USD Size=0 Price=5907.5
2019-04-25 15:51:51  :: DepthOfBook-> Msg=DepthOfBook Sender=0  Action=82  BidOrAsk=66 DepthTime=1556207511 Symbol=XBT-USD Size=0 Price=5880.5
2019-04-25 15:51:51  :: DepthOfBook-> Msg=DepthOfBook Sender=0  Action=82  BidOrAsk=65 DepthTime=1556207511 Symbol=XBT-USD Size=0 Price=6041.5
2019-04-25 15:51:51  :: DepthOfBook-> Msg=DepthOfBook Sender=0  Action=82  BidOrAsk=65 DepthTime=1556207511 Symbol=XBT-USD Size=0 Price=6015
2019-04-25 15:51:51  :: DepthOfBook-> Msg=DepthOfBook Sender=0  Action=82  BidOrAsk=65 DepthTime=1556207511 Symbol=XBT-USD Size=0 Price=5966.5
2019-04-25 15:51:51  :: DepthOfBook-> Msg=DepthOfBook Sender=0  Action=82  BidOrAsk=65 DepthTime=1556207511 Symbol=XBT-USD Size=0 Price=5965.5
2019-04-25 15:51:51  :: DepthOfBook-> Msg=DepthOfBook Sender=0  Action=67  BidOrAsk=66 DepthTime=1556207511 Symbol=XBT-USD Size=16 Price=5956
2019-04-25 15:51:51  :: DepthOfBook-> Msg=DepthOfBook Sender=0  Action=67  BidOrAsk=66 DepthTime=1556207511 Symbol=XBT-USD Size=119241 Price=5956
2019-04-25 15:51:51  :: DepthOfBook-> Msg=DepthOfBook Sender=0  Action=78  BidOrAsk=66 DepthTime=1556207511 Symbol=XBT-USD Size=59613 Price=5957
2019-04-25 15:51:51  :: DepthOfBook-> Msg=DepthOfBook Sender=0  Action=78  BidOrAsk=66 DepthTime=1556207511 Symbol=XBT-USD Size=298063 Price=5907.5
2019-04-25 15:51:51  :: DepthOfBook-> Msg=DepthOfBook Sender=0  Action=78  BidOrAsk=66 DepthTime=1556207511 Symbol=XBT-USD Size=596125 Price=5881
2019-04-25 15:51:51  :: DepthOfBook-> Msg=DepthOfBook Sender=0  Action=78  BidOrAsk=65 DepthTime=1556207511 Symbol=XBT-USD Size=59613 Price=5966
2019-04-25 15:51:51  :: DepthOfBook-> Msg=DepthOfBook Sender=0  Action=78  BidOrAsk=65 DepthTime=1556207511 Symbol=XBT-USD Size=119225 Price=5966.5
2019-04-25 15:51:51  :: DepthOfBook-> Msg=DepthOfBook Sender=0  Action=78  BidOrAsk=65 DepthTime=1556207511 Symbol=XBT-USD Size=298063 Price=6015
2019-04-25 15:51:51  :: DepthOfBook-> Msg=DepthOfBook Sender=0  Action=78  BidOrAsk=65 DepthTime=1556207511 Symbol=XBT-USD Size=596125 Price=6042
2019-04-25 15:52:07  :: @Incoming Bitmex:Publishing Order Book  for symbol XBTU19: Best Bid Size=59643 Best Bid Price=5957 Best Ask Size=46 Best Ask Price=5962
2019-04-25 15:52:08  :: DepthOfBook-> Msg=DepthOfBook Sender=0  Action=67  BidOrAsk=66 DepthTime=1556207528 Symbol=XBT-USD Size=59643 Price=5957
2019-04-25 15:52:12  :: @Incoming Bitmex:Publishing Order Book  for symbol XBTU19: Best Bid Size=59613 Best Bid Price=5957 Best Ask Size=46 Best Ask Price=5962
2019-04-25 15:52:12  :: DepthOfBook-> Msg=DepthOfBook Sender=0  Action=67  BidOrAsk=66 DepthTime=1556207532 Symbol=XBT-USD Size=59613 Price=5957
2019-04-25 15:52:47  :: @Incoming Bitmex:Publishing Order Book  for symbol XBTU19: Best Bid Size=59613 Best Bid Price=5957 Best Ask Size=43 Best Ask Price=5962
2019-04-25 15:52:47  :: @Incoming Bitmex:NEW TRADE for symbol XBTU19: Side=Buy Size=3 Price=5962 TickDirection=PlusTick
2019-04-25 15:52:47  :: DepthOfBook-> Msg=DepthOfBook Sender=0  Action=67  BidOrAsk=65 DepthTime=1556207567 Symbol=XBT-USD Size=43 Price=5962
