2019-04-12 16:59:31  :: Initializing Mock Server...
2019-04-12 16:59:31  :: Initializing all collections...
2019-04-12 16:59:32  :: Error initializing collections: Error converting value "A" to type 'System.Byte'. Path '[0].BidOrAsk', line 2, position 142....
2019-04-12 17:00:07  :: Initializing Mock Server...
2019-04-12 17:00:07  :: Initializing all collections...
2019-04-12 17:00:08  :: Error initializing collections: Error converting value "A" to type 'System.Byte'. Path '[0].BidOrAsk', line 2, position 142....
2019-04-12 17:00:14  :: Incoming Login request for user MM1_CLOBUI
2019-04-12 17:00:14  :: user MM1_CLOBUI Successfully logged in
2019-04-12 17:00:15  :: Incoming subscription for service LD
2019-04-12 17:01:10  :: Initializing Mock Server...
2019-04-12 17:01:10  :: Initializing all collections...
2019-04-12 17:05:14  :: Initializing Mock Server...
2019-04-12 17:05:14  :: Initializing all collections...
2019-04-12 17:05:33  :: Collections Initialized...
2019-04-12 17:05:43  :: Incoming Login request for user MM1_CLOBUI
2019-04-12 17:05:43  :: user MM1_CLOBUI Successfully logged in
2019-04-12 17:05:43  :: Incoming subscription for service LD
2019-04-12 17:06:07  :: Incoming Login request for user MM1_CLOBUI
2019-04-12 17:06:07  :: user MM1_CLOBUI Successfully logged in
2019-04-12 17:06:07  :: Incoming subscription for service LD
2019-04-12 17:10:03  :: Initializing Mock Server...
2019-04-12 17:10:03  :: Initializing all collections...
2019-04-12 17:10:52  :: Initializing Mock Server...
2019-04-12 17:10:52  :: Initializing all collections...
2019-04-12 17:11:00  :: Collections Initialized...
2019-04-12 17:11:10  :: Incoming Login request for user MM1_CLOBUI
2019-04-12 17:11:10  :: user MM1_CLOBUI Successfully logged in
2019-04-12 17:11:10  :: Incoming subscription for service LD
2019-04-12 17:11:30  :: Incoming Login request for user MM1_CLOBUI
2019-04-12 17:11:30  :: user MM1_CLOBUI Successfully logged in
2019-04-12 17:11:30  :: Incoming subscription for service LD
2019-04-12 17:15:30  :: Initializing Mock Server...
2019-04-12 17:15:30  :: Initializing all collections...
2019-04-12 17:15:32  :: Collections Initialized...
2019-04-12 17:15:41  :: Incoming Login request for user MM1_CLOBUI
2019-04-12 17:15:41  :: user MM1_CLOBUI Successfully logged in
2019-04-12 17:15:41  :: Incoming subscription for service LD
2019-04-12 17:17:20  :: Initializing Mock Server...
2019-04-12 17:17:20  :: Initializing all collections...
2019-04-12 17:17:20  :: Collections Initialized...
2019-04-12 17:17:38  :: Incoming Login request for user MM1_CLOBUI2
2019-04-12 17:17:38  :: user MM1_CLOBUI2 Successfully logged in
2019-04-12 17:17:44  :: Incoming subscription for service LD
