2019-09-04 18:39:29  :: Initializing Mock Server...
2019-09-04 18:39:29  :: Initializing all collections...
2019-09-04 18:39:30  :: Creating history service for controller HistoryServiceController on URL http://localhost:29400/
2019-09-04 18:39:31  :: Collections Initialized...
2019-09-04 18:39:40  :: Connecting for the first time to client 8382
2019-09-04 18:39:40  :: Connected for the first time to client 8382
2019-09-04 18:39:58  :: OnMessage TokenRequest from IP -> 127.0.0.1
2019-09-04 18:39:58  :: OnMessage ClientLoginRequest from IP -> 127.0.0.1
2019-09-04 18:39:58  :: Sending ClientLoginResponse with UUID 61c30a03-9da4-4ada-984e-4fb7209dff95
2019-09-04 18:39:58  :: Sending Instrument Batch 
2019-09-04 18:39:58  :: Sending UserRecordMsg 
2019-09-04 18:39:58  :: Sending MarketState
2019-09-04 18:39:58  :: Sending AccountRecord 
2019-09-04 18:39:59  :: Sending AccountRecord 
2019-09-04 18:40:02  :: OnMessage ClientHeartbeat from IP -> 127.0.0.1
2019-09-04 18:40:20  :: Turning threads off on socket disconnection
2019-09-04 18:40:20  :: Error sending heartbeat for token 906edaa0-ad02-4c8e-9b11-cbebeebea5dc: Subproceso anulado.
2019-09-04 18:40:45  :: Connecting for the first time to client 8414
2019-09-04 18:40:45  :: Connected for the first time to client 8414
2019-09-04 18:41:00  :: OnMessage TokenRequest from IP -> 127.0.0.1
2019-09-04 18:41:00  :: OnMessage ClientLoginRequest from IP -> 127.0.0.1
2019-09-04 18:41:00  :: Sending ClientLoginResponse with UUID 6fd81132-fccf-453f-b4ac-52f9f0d2d0e1
2019-09-04 18:41:00  :: Sending Instrument Batch 
2019-09-04 18:41:00  :: Sending UserRecordMsg 
2019-09-04 18:41:00  :: Sending MarketState
2019-09-04 18:41:00  :: Sending AccountRecord 
2019-09-04 18:41:00  :: Sending AccountRecord 
2019-09-04 18:41:12  :: Turning threads off on socket disconnection
2019-09-04 18:41:12  :: Error sending heartbeat for token e26bff47-2e73-410b-9b50-dff38ebe30e1: Subproceso anulado.
2019-09-04 18:41:32  :: Initializing Mock Server...
2019-09-04 18:41:32  :: Initializing all collections...
2019-09-04 18:41:33  :: Creating history service for controller HistoryServiceController on URL http://localhost:29400/
2019-09-04 18:41:33  :: Collections Initialized...
2019-09-04 18:41:43  :: Connecting for the first time to client 8443
2019-09-04 18:41:43  :: Connected for the first time to client 8443
2019-09-04 18:41:45  :: OnMessage TokenRequest from IP -> 127.0.0.1
2019-09-04 18:41:45  :: OnMessage ClientLoginRequest from IP -> 127.0.0.1
2019-09-04 18:41:45  :: Sending ClientLoginResponse with UUID 51a0de96-b41e-4207-ba1a-dff50387984c
2019-09-04 18:41:45  :: Sending Instrument Batch 
2019-09-04 18:41:45  :: Sending UserRecordMsg 
2019-09-04 18:41:45  :: Sending MarketState
2019-09-04 18:41:45  :: Sending AccountRecord 
2019-09-04 18:41:45  :: Sending AccountRecord 
2019-09-04 18:41:48  :: OnMessage ClientHeartbeat from IP -> 127.0.0.1
2019-09-04 18:41:51  :: OnMessage ClientHeartbeat from IP -> 127.0.0.1
2019-09-04 18:42:00  :: Turning threads off on socket disconnection
2019-09-04 18:42:00  :: Error sending heartbeat for token 604c02bc-6ce0-4e2c-9086-9c36fd26909a: Subproceso anulado.
2019-09-04 18:51:05  :: Initializing Mock Server...
2019-09-04 18:51:05  :: Initializing all collections...
2019-09-04 18:51:06  :: Creating history service for controller HistoryServiceController on URL http://localhost:29400/
2019-09-04 18:51:06  :: Collections Initialized...
2019-09-04 18:53:23  :: Connecting for the first time to client 8734
2019-09-04 18:53:23  :: Connected for the first time to client 8734
2019-09-04 18:53:27  :: OnMessage TokenRequest from IP -> 127.0.0.1
2019-09-04 18:53:27  :: OnMessage ClientLoginRequest from IP -> 127.0.0.1
2019-09-04 18:53:27  :: Sending ClientLoginResponse with UUID 1b99ee3a-2a31-4d52-a56e-45b6bcc52939
2019-09-04 18:53:27  :: Sending Instrument Batch 
2019-09-04 18:53:27  :: Sending ClientUserRecord
2019-09-04 18:53:27  :: Sending ClientMarketStateBatch
2019-09-04 18:53:27  :: Sending ClientAccountRecordBatch 
2019-09-04 18:54:36  :: Turning threads off on socket disconnection
2019-09-04 18:54:36  :: Error sending heartbeat for token 63da8561-79ea-4828-8e85-5f9b9b9dda5b: Subproceso anulado.
2019-09-04 18:55:02  :: Initializing Mock Server...
2019-09-04 18:55:02  :: Initializing all collections...
2019-09-04 18:55:03  :: Creating history service for controller HistoryServiceController on URL http://localhost:29400/
2019-09-04 18:55:03  :: Collections Initialized...
2019-09-04 18:55:16  :: Initializing Mock Server...
2019-09-04 18:55:16  :: Initializing all collections...
2019-09-04 18:55:16  :: Creating history service for controller HistoryServiceController on URL http://localhost:29400/
2019-09-04 18:55:17  :: Collections Initialized...
2019-09-04 18:55:22  :: Connecting for the first time to client 1061
2019-09-04 18:55:22  :: Connected for the first time to client 1061
2019-09-04 18:55:27  :: OnMessage TokenRequest from IP -> 127.0.0.1
2019-09-04 18:55:27  :: OnMessage ClientLoginRequest from IP -> 127.0.0.1
2019-09-04 18:55:27  :: Sending ClientLoginResponse with UUID 67b1ee4b-69ff-461e-9cba-b607dab3ea10
2019-09-04 18:55:27  :: Sending Instrument Batch 
2019-09-04 18:55:27  :: Sending ClientUserRecord
2019-09-04 18:55:27  :: Sending ClientMarketStateBatch
2019-09-04 18:55:27  :: Sending ClientAccountRecordBatch 
2019-09-04 18:55:30  :: OnMessage ClientHeartbeat from IP -> 127.0.0.1
