2019-12-18 14:39:10  :: Initializing Mock Server...
2019-12-18 14:39:10  :: Initializing all collections...
2019-12-18 14:39:11  :: Creating history service for controller HistoryServiceController on URL http://localhost:29400/
2019-12-18 14:39:11  :: Collections Initialized...
2019-12-18 14:39:21  :: Connecting for the first time to client 22432
2019-12-18 14:39:21  :: Connected for the first time to client 22432
2019-12-18 14:39:36  :: OnMessage TokenRequest from IP -> 127.0.0.1
2019-12-18 14:39:36  :: OnMessage ClientLoginRequest from IP -> 127.0.0.1
2019-12-18 14:39:36  :: Sending ClientLoginResponse with UUID 8e045a5c-d030-40a2-82b0-0a9875d67eed
2019-12-18 14:39:36  :: Sending Instrument Batch 
2019-12-18 14:39:36  :: Sending ClientInstrumentState 
2019-12-18 14:39:36  :: Sending ClientInstrumentState 
2019-12-18 14:39:36  :: Sending ClientInstrumentState 
2019-12-18 14:39:36  :: Sending ClientInstrumentState 
2019-12-18 14:39:36  :: Sending ClientInstrumentState 
2019-12-18 14:39:36  :: Sending ClientInstrumentState 
2019-12-18 14:39:36  :: Sending ClientInstrumentState 
2019-12-18 14:39:36  :: Sending ClientInstrumentState 
2019-12-18 14:39:36  :: Sending ClientInstrumentState 
2019-12-18 14:39:36  :: Sending ClientInstrumentState 
2019-12-18 14:39:36  :: Sending ClientInstrumentState 
2019-12-18 14:39:36  :: Sending ClientInstrumentState 
2019-12-18 14:39:36  :: Sending ClientInstrumentState 
2019-12-18 14:39:36  :: Sending ClientInstrumentState 
2019-12-18 14:39:36  :: Sending ClientInstrumentState 
2019-12-18 14:39:36  :: Sending ClientInstrumentState 
2019-12-18 14:39:36  :: Sending ClientInstrumentState 
2019-12-18 14:39:36  :: Sending ClientInstrumentState 
2019-12-18 14:39:36  :: Sending ClientInstrumentState 
2019-12-18 14:39:36  :: Sending ClientInstrumentState 
2019-12-18 14:39:36  :: Sending ClientUserRecord
2019-12-18 14:39:36  :: Sending ClientMarketStateBatch
2019-12-18 14:39:36  :: Sending ClientAccountRecordBatch 
2019-12-18 14:39:53  :: OnMessage ClientHeartbeat from IP -> 127.0.0.1
2019-12-18 14:39:53  :: OnMessage ClientHeartbeat from IP -> 127.0.0.1
2019-12-18 14:39:53  :: OnMessage ClientHeartbeat from IP -> 127.0.0.1
2019-12-18 14:39:53  :: OnMessage ClientHeartbeat from IP -> 127.0.0.1
2019-12-18 14:39:53  :: OnMessage ClientHeartbeat from IP -> 127.0.0.1
