2019-04-15 10:21:35  :: Initializing Mock Simulated Server...
2019-04-15 10:21:35  :: Initializing all collections...
2019-04-15 10:21:35  :: 4/15/2019 10:21:35 AMBaseCommunicationModule.LoadConfig
2019-04-15 10:21:35  :: Loading config:.\BitMex\incomingBitmex.xml
2019-04-15 10:21:35  :: Processing config:.\BitMex\incomingBitmex.xml
2019-04-15 10:21:36  :: Ending GetConfiguracion .\BitMex\incomingBitmex.xml
2019-04-15 10:21:39  :: Collections Initialized...
2019-04-15 10:21:56  :: Incoming Login request for user MM1_CLOBUI
2019-04-15 10:21:56  :: user MM1_CLOBUI Successfully logged in
2019-04-15 10:21:56  :: Incoming subscription for service LD
2019-04-15 10:22:36  :: Incoming Login request for user MM1_CLOBUI
2019-04-15 10:22:36  :: user MM1_CLOBUI Successfully logged in
2019-04-15 10:22:36  :: Incoming subscription for service LS
2019-04-15 10:22:36  :: @Incoming Bitmex:Requesting market data por symbol XBTM19
2019-04-15 10:22:37  :: Successfully subscribed to orderBookL2 event on symbol XBTM19
2019-04-15 10:22:37  :: Successfully subscribed to trade event on symbol XBTM19
2019-04-15 10:22:37  :: @Incoming Bitmex:NEW TRADE for symbol XBTM19: Side=Sell Size=1 Price=5222 TickDirection=ZeroMinusTick
2019-04-15 10:22:37  :: Incoming subscription for service LQ
2019-04-15 10:22:38  :: @Incoming Bitmex:Publishing Order Book  for symbol XBTM19: Best Bid Size=54117 Best Bid Price=5222 Best Ask Size=3693 Best Ask Price=5222.5
2019-04-15 10:22:38  :: Incoming subscription for service FD
2019-04-15 10:22:39  :: Incoming subscription for service FP
2019-04-15 10:22:58  :: @Incoming Bitmex:Publishing Order Book  for symbol XBTM19: Best Bid Size=54117 Best Bid Price=5222 Best Ask Size=3699 Best Ask Price=5222.5
2019-04-15 10:23:08  :: @Incoming Bitmex:Publishing Order Book  for symbol XBTM19: Best Bid Size=54117 Best Bid Price=5222 Best Ask Size=3695 Best Ask Price=5222.5
2019-04-15 10:23:18  :: @Incoming Bitmex:Publishing Order Book  for symbol XBTM19: Best Bid Size=54117 Best Bid Price=5222 Best Ask Size=3686 Best Ask Price=5222.5
2019-04-15 10:23:24  :: @Incoming Bitmex:Publishing Order Book  for symbol XBTM19: Best Bid Size=54117 Best Bid Price=5222 Best Ask Size=3686 Best Ask Price=5222.5
2019-04-15 10:23:24  :: @Incoming Bitmex:Publishing Order Book  for symbol XBTM19: Best Bid Size=54117 Best Bid Price=5222 Best Ask Size=3686 Best Ask Price=5222.5
2019-04-15 10:23:28  :: @Incoming Bitmex:Publishing Order Book  for symbol XBTM19: Best Bid Size=54117 Best Bid Price=5222 Best Ask Size=3692 Best Ask Price=5222.5
2019-04-15 10:23:38  :: @Incoming Bitmex:Publishing Order Book  for symbol XBTM19: Best Bid Size=54117 Best Bid Price=5222 Best Ask Size=3683 Best Ask Price=5222.5
2019-04-15 10:23:59  :: @Incoming Bitmex:Publishing Order Book  for symbol XBTM19: Best Bid Size=54117 Best Bid Price=5222 Best Ask Size=3687 Best Ask Price=5222.5
2019-04-15 10:24:09  :: @Incoming Bitmex:Publishing Order Book  for symbol XBTM19: Best Bid Size=54117 Best Bid Price=5222 Best Ask Size=3683 Best Ask Price=5222.5
2019-04-15 10:24:19  :: @Incoming Bitmex:Publishing Order Book  for symbol XBTM19: Best Bid Size=54117 Best Bid Price=5222 Best Ask Size=3680 Best Ask Price=5222.5
2019-04-15 10:24:39  :: @Incoming Bitmex:Publishing Order Book  for symbol XBTM19: Best Bid Size=54117 Best Bid Price=5222 Best Ask Size=3669 Best Ask Price=5222.5
2019-04-15 10:24:49  :: @Incoming Bitmex:Publishing Order Book  for symbol XBTM19: Best Bid Size=54117 Best Bid Price=5222 Best Ask Size=3674 Best Ask Price=5222.5
2019-04-15 10:24:59  :: @Incoming Bitmex:Publishing Order Book  for symbol XBTM19: Best Bid Size=54117 Best Bid Price=5222 Best Ask Size=3613 Best Ask Price=5222.5
2019-04-15 10:25:40  :: @Incoming Bitmex:Publishing Order Book  for symbol XBTM19: Best Bid Size=54117 Best Bid Price=5222 Best Ask Size=3605 Best Ask Price=5222.5
2019-04-15 10:25:50  :: @Incoming Bitmex:Publishing Order Book  for symbol XBTM19: Best Bid Size=54117 Best Bid Price=5222 Best Ask Size=3609 Best Ask Price=5222.5
2019-04-15 10:26:00  :: @Incoming Bitmex:Publishing Order Book  for symbol XBTM19: Best Bid Size=54117 Best Bid Price=5222 Best Ask Size=3606 Best Ask Price=5222.5
2019-04-15 10:26:04  :: @Incoming Bitmex:NEW TRADE for symbol XBTM19: Side=Sell Size=6 Price=5222 TickDirection=ZeroMinusTick
2019-04-15 10:26:04  :: @Incoming Bitmex:Publishing Order Book  for symbol XBTM19: Best Bid Size=54111 Best Bid Price=5222 Best Ask Size=3606 Best Ask Price=5222.5
2019-04-15 10:26:07  :: @Incoming Bitmex:Publishing Order Book  for symbol XBTM19: Best Bid Size=54111 Best Bid Price=5222 Best Ask Size=3603 Best Ask Price=5222.5
2019-04-15 10:26:07  :: @Incoming Bitmex:NEW TRADE for symbol XBTM19: Side=Buy Size=3 Price=5222.5 TickDirection=PlusTick
2019-04-15 10:26:10  :: @Incoming Bitmex:Publishing Order Book  for symbol XBTM19: Best Bid Size=54111 Best Bid Price=5222 Best Ask Size=3598 Best Ask Price=5222.5
2019-04-15 10:26:41  :: @Incoming Bitmex:Publishing Order Book  for symbol XBTM19: Best Bid Size=54111 Best Bid Price=5222 Best Ask Size=3590 Best Ask Price=5222.5
2019-04-15 10:27:08  :: @Incoming Bitmex:Publishing Order Book  for symbol XBTM19: Best Bid Size=54111 Best Bid Price=5222 Best Ask Size=3590 Best Ask Price=5222.5
2019-04-15 10:27:11  :: @Incoming Bitmex:Publishing Order Book  for symbol XBTM19: Best Bid Size=54111 Best Bid Price=5222 Best Ask Size=3585 Best Ask Price=5222.5
2019-04-15 10:27:14  :: @Incoming Bitmex:Publishing Order Book  for symbol XBTM19: Best Bid Size=54111 Best Bid Price=5222 Best Ask Size=3585 Best Ask Price=5222.5
2019-04-15 10:27:14  :: @Incoming Bitmex:Publishing Order Book  for symbol XBTM19: Best Bid Size=54111 Best Bid Price=5222 Best Ask Size=3585 Best Ask Price=5222.5
2019-04-15 10:27:14  :: @Incoming Bitmex:Publishing Order Book  for symbol XBTM19: Best Bid Size=54111 Best Bid Price=5222 Best Ask Size=3585 Best Ask Price=5222.5
2019-04-15 10:27:21  :: @Incoming Bitmex:Publishing Order Book  for symbol XBTM19: Best Bid Size=54111 Best Bid Price=5222 Best Ask Size=3590 Best Ask Price=5222.5
2019-04-15 10:27:24  :: @Incoming Bitmex:Publishing Order Book  for symbol XBTM19: Best Bid Size=54090 Best Bid Price=5222 Best Ask Size=3590 Best Ask Price=5222.5
2019-04-15 10:27:25  :: @Incoming Bitmex:Publishing Order Book  for symbol XBTM19: Best Bid Size=54050 Best Bid Price=5222 Best Ask Size=3590 Best Ask Price=5222.5
2019-04-15 10:27:25  :: @Incoming Bitmex:NEW TRADE for symbol XBTM19: Side=Sell Size=40 Price=5222 TickDirection=MinusTick
2019-04-15 10:27:25  :: @Incoming Bitmex:Publishing Order Book  for symbol XBTM19: Best Bid Size=54050 Best Bid Price=5222 Best Ask Size=3590 Best Ask Price=5222.5
2019-04-15 10:27:26  :: @Incoming Bitmex:Publishing Order Book  for symbol XBTM19: Best Bid Size=54050 Best Bid Price=5222 Best Ask Size=3589 Best Ask Price=5222.5
2019-04-15 10:27:26  :: @Incoming Bitmex:NEW TRADE for symbol XBTM19: Side=Buy Size=1 Price=5222.5 TickDirection=PlusTick
2019-04-15 10:27:29  :: @Incoming Bitmex:Publishing Order Book  for symbol XBTM19: Best Bid Size=54050 Best Bid Price=5222 Best Ask Size=3589 Best Ask Price=5222.5
2019-04-15 10:27:31  :: @Incoming Bitmex:Publishing Order Book  for symbol XBTM19: Best Bid Size=54050 Best Bid Price=5222 Best Ask Size=3601 Best Ask Price=5222.5
2019-04-15 10:27:41  :: @Incoming Bitmex:Publishing Order Book  for symbol XBTM19: Best Bid Size=54050 Best Bid Price=5222 Best Ask Size=3593 Best Ask Price=5222.5
2019-04-15 10:27:51  :: @Incoming Bitmex:Publishing Order Book  for symbol XBTM19: Best Bid Size=54050 Best Bid Price=5222 Best Ask Size=3589 Best Ask Price=5222.5
2019-04-15 10:28:01  :: @Incoming Bitmex:Publishing Order Book  for symbol XBTM19: Best Bid Size=54050 Best Bid Price=5222 Best Ask Size=3587 Best Ask Price=5222.5
2019-04-15 10:28:01  :: @Incoming Bitmex:NEW TRADE for symbol XBTM19: Side=Buy Size=2 Price=5222.5 TickDirection=ZeroPlusTick
2019-04-15 10:28:01  :: @Incoming Bitmex:Publishing Order Book  for symbol XBTM19: Best Bid Size=54050 Best Bid Price=5222 Best Ask Size=3585 Best Ask Price=5222.5
2019-04-15 10:28:12  :: @Incoming Bitmex:Publishing Order Book  for symbol XBTM19: Best Bid Size=54050 Best Bid Price=5222 Best Ask Size=3584 Best Ask Price=5222.5
2019-04-15 10:28:22  :: @Incoming Bitmex:Publishing Order Book  for symbol XBTM19: Best Bid Size=54050 Best Bid Price=5222 Best Ask Size=3587 Best Ask Price=5222.5
2019-04-15 10:28:32  :: @Incoming Bitmex:Publishing Order Book  for symbol XBTM19: Best Bid Size=54050 Best Bid Price=5222 Best Ask Size=3578 Best Ask Price=5222.5
2019-04-15 10:28:34  :: @Incoming Bitmex:Publishing Order Book  for symbol XBTM19: Best Bid Size=54050 Best Bid Price=5222 Best Ask Size=3577 Best Ask Price=5222.5
2019-04-15 10:28:34  :: @Incoming Bitmex:NEW TRADE for symbol XBTM19: Side=Buy Size=1 Price=5222.5 TickDirection=ZeroPlusTick
2019-04-15 10:28:42  :: @Incoming Bitmex:Publishing Order Book  for symbol XBTM19: Best Bid Size=54050 Best Bid Price=5222 Best Ask Size=3574 Best Ask Price=5222.5
2019-04-15 10:28:47  :: @Incoming Bitmex:Publishing Order Book  for symbol XBTM19: Best Bid Size=54078 Best Bid Price=5222 Best Ask Size=3574 Best Ask Price=5222.5
2019-04-15 10:28:52  :: @Incoming Bitmex:Publishing Order Book  for symbol XBTM19: Best Bid Size=54078 Best Bid Price=5222 Best Ask Size=3575 Best Ask Price=5222.5
2019-04-15 10:29:02  :: @Incoming Bitmex:Publishing Order Book  for symbol XBTM19: Best Bid Size=54078 Best Bid Price=5222 Best Ask Size=3570 Best Ask Price=5222.5
2019-04-15 10:29:04  :: @Incoming Bitmex:Publishing Order Book  for symbol XBTM19: Best Bid Size=54078 Best Bid Price=5222 Best Ask Size=3558 Best Ask Price=5222.5
2019-04-15 10:29:13  :: @Incoming Bitmex:Publishing Order Book  for symbol XBTM19: Best Bid Size=54078 Best Bid Price=5222 Best Ask Size=3583 Best Ask Price=5222.5
2019-04-15 10:29:23  :: @Incoming Bitmex:Publishing Order Book  for symbol XBTM19: Best Bid Size=54078 Best Bid Price=5222 Best Ask Size=3608 Best Ask Price=5222.5
2019-04-15 10:29:26  :: @Incoming Bitmex:Publishing Order Book  for symbol XBTM19: Best Bid Size=54078 Best Bid Price=5222 Best Ask Size=3608 Best Ask Price=5222.5
2019-04-15 10:29:27  :: @Incoming Bitmex:NEW TRADE for symbol XBTM19: Side=Sell Size=6 Price=5222 TickDirection=MinusTick
2019-04-15 10:29:27  :: @Incoming Bitmex:Publishing Order Book  for symbol XBTM19: Best Bid Size=54072 Best Bid Price=5222 Best Ask Size=3608 Best Ask Price=5222.5
2019-04-15 10:29:33  :: @Incoming Bitmex:Publishing Order Book  for symbol XBTM19: Best Bid Size=54072 Best Bid Price=5222 Best Ask Size=3596 Best Ask Price=5222.5
2019-04-15 10:29:56  :: @Incoming Bitmex:Publishing Order Book  for symbol XBTM19: Best Bid Size=54072 Best Bid Price=5222 Best Ask Size=3596 Best Ask Price=5222.5
2019-04-15 10:30:03  :: @Incoming Bitmex:Publishing Order Book  for symbol XBTM19: Best Bid Size=54072 Best Bid Price=5222 Best Ask Size=3595 Best Ask Price=5222.5
2019-04-15 10:30:11  :: @Incoming Bitmex:Publishing Order Book  for symbol XBTM19: Best Bid Size=54072 Best Bid Price=5222 Best Ask Size=3595 Best Ask Price=5222.5
2019-04-15 10:30:13  :: @Incoming Bitmex:Publishing Order Book  for symbol XBTM19: Best Bid Size=54072 Best Bid Price=5222 Best Ask Size=3595 Best Ask Price=5222.5
2019-04-15 10:30:30  :: @Incoming Bitmex:Publishing Order Book  for symbol XBTM19: Best Bid Size=54072 Best Bid Price=5222 Best Ask Size=3592 Best Ask Price=5222.5
2019-04-15 10:30:30  :: @Incoming Bitmex:NEW TRADE for symbol XBTM19: Side=Buy Size=3 Price=5222.5 TickDirection=PlusTick
2019-04-15 10:30:33  :: @Incoming Bitmex:Publishing Order Book  for symbol XBTM19: Best Bid Size=54070 Best Bid Price=5222 Best Ask Size=3592 Best Ask Price=5222.5
2019-04-15 10:30:33  :: @Incoming Bitmex:NEW TRADE for symbol XBTM19: Side=Sell Size=2 Price=5222 TickDirection=MinusTick
2019-04-15 10:30:34  :: @Incoming Bitmex:Publishing Order Book  for symbol XBTM19: Best Bid Size=54070 Best Bid Price=5222 Best Ask Size=3586 Best Ask Price=5222.5
2019-04-15 10:30:42  :: @Incoming Bitmex:Publishing Order Book  for symbol XBTM19: Best Bid Size=54070 Best Bid Price=5222 Best Ask Size=3586 Best Ask Price=5222.5
2019-04-15 10:30:44  :: @Incoming Bitmex:Publishing Order Book  for symbol XBTM19: Best Bid Size=54070 Best Bid Price=5222 Best Ask Size=3586 Best Ask Price=5222.5
2019-04-15 10:31:04  :: @Incoming Bitmex:Publishing Order Book  for symbol XBTM19: Best Bid Size=54070 Best Bid Price=5222 Best Ask Size=3585 Best Ask Price=5222.5
2019-04-15 10:31:14  :: @Incoming Bitmex:Publishing Order Book  for symbol XBTM19: Best Bid Size=54070 Best Bid Price=5222 Best Ask Size=3612 Best Ask Price=5222.5
2019-04-15 10:31:24  :: @Incoming Bitmex:Publishing Order Book  for symbol XBTM19: Best Bid Size=54070 Best Bid Price=5222 Best Ask Size=3621 Best Ask Price=5222.5
2019-04-15 10:31:34  :: @Incoming Bitmex:Publishing Order Book  for symbol XBTM19: Best Bid Size=54070 Best Bid Price=5222 Best Ask Size=3615 Best Ask Price=5222.5
2019-04-15 10:31:35  :: @Incoming Bitmex:Publishing Order Book  for symbol XBTM19: Best Bid Size=54070 Best Bid Price=5222 Best Ask Size=3615 Best Ask Price=5222.5
2019-04-15 10:31:35  :: @Incoming Bitmex:Publishing Order Book  for symbol XBTM19: Best Bid Size=54070 Best Bid Price=5222 Best Ask Size=3615 Best Ask Price=5222.5
2019-04-15 10:31:54  :: @Incoming Bitmex:Publishing Order Book  for symbol XBTM19: Best Bid Size=54070 Best Bid Price=5222 Best Ask Size=3622 Best Ask Price=5222.5
2019-04-15 10:32:04  :: @Incoming Bitmex:Publishing Order Book  for symbol XBTM19: Best Bid Size=54070 Best Bid Price=5222 Best Ask Size=3626 Best Ask Price=5222.5
2019-04-15 10:32:14  :: @Incoming Bitmex:Publishing Order Book  for symbol XBTM19: Best Bid Size=54070 Best Bid Price=5222 Best Ask Size=3629 Best Ask Price=5222.5
2019-04-15 10:32:35  :: @Incoming Bitmex:Publishing Order Book  for symbol XBTM19: Best Bid Size=54070 Best Bid Price=5222 Best Ask Size=3621 Best Ask Price=5222.5
2019-04-15 10:33:06  :: @Incoming Bitmex:Publishing Order Book  for symbol XBTM19: Best Bid Size=54070 Best Bid Price=5222 Best Ask Size=3621 Best Ask Price=5222.5
2019-04-15 10:33:14  :: @Incoming Bitmex:Publishing Order Book  for symbol XBTM19: Best Bid Size=54070 Best Bid Price=5222 Best Ask Size=3621 Best Ask Price=5222.5
2019-04-15 10:33:25  :: @Incoming Bitmex:Publishing Order Book  for symbol XBTM19: Best Bid Size=54070 Best Bid Price=5222 Best Ask Size=3631 Best Ask Price=5222.5
2019-04-15 10:33:35  :: @Incoming Bitmex:Publishing Order Book  for symbol XBTM19: Best Bid Size=54070 Best Bid Price=5222 Best Ask Size=3629 Best Ask Price=5222.5
2019-04-15 10:33:40  :: @Incoming Bitmex:Publishing Order Book  for symbol XBTM19: Best Bid Size=54067 Best Bid Price=5222 Best Ask Size=3629 Best Ask Price=5222.5
2019-04-15 10:33:40  :: @Incoming Bitmex:NEW TRADE for symbol XBTM19: Side=Sell Size=3 Price=5222 TickDirection=ZeroMinusTick
2019-04-15 10:33:45  :: @Incoming Bitmex:Publishing Order Book  for symbol XBTM19: Best Bid Size=54067 Best Bid Price=5222 Best Ask Size=3635 Best Ask Price=5222.5
2019-04-15 10:33:55  :: @Incoming Bitmex:Publishing Order Book  for symbol XBTM19: Best Bid Size=54067 Best Bid Price=5222 Best Ask Size=3629 Best Ask Price=5222.5
2019-04-15 10:33:56  :: @Incoming Bitmex:Publishing Order Book  for symbol XBTM19: Best Bid Size=54067 Best Bid Price=5222 Best Ask Size=3629 Best Ask Price=5222.5
2019-04-15 10:33:56  :: @Incoming Bitmex:Publishing Order Book  for symbol XBTM19: Best Bid Size=54067 Best Bid Price=5222 Best Ask Size=3629 Best Ask Price=5222.5
2019-04-15 10:33:56  :: @Incoming Bitmex:Publishing Order Book  for symbol XBTM19: Best Bid Size=54067 Best Bid Price=5222 Best Ask Size=3629 Best Ask Price=5222.5
2019-04-15 10:33:56  :: @Incoming Bitmex:Publishing Order Book  for symbol XBTM19: Best Bid Size=54067 Best Bid Price=5222 Best Ask Size=3629 Best Ask Price=5222.5
2019-04-15 10:34:55  :: @Incoming Bitmex:Publishing Order Book  for symbol XBTM19: Best Bid Size=54067 Best Bid Price=5222 Best Ask Size=3627 Best Ask Price=5222.5
2019-04-15 10:35:06  :: @Incoming Bitmex:Publishing Order Book  for symbol XBTM19: Best Bid Size=54067 Best Bid Price=5222 Best Ask Size=3626 Best Ask Price=5222.5
2019-04-15 10:35:22  :: @Incoming Bitmex:Publishing Order Book  for symbol XBTM19: Best Bid Size=54067 Best Bid Price=5222 Best Ask Size=3626 Best Ask Price=5222.5
2019-04-15 10:35:22  :: @Incoming Bitmex:Publishing Order Book  for symbol XBTM19: Best Bid Size=54067 Best Bid Price=5222 Best Ask Size=3626 Best Ask Price=5222.5
2019-04-15 10:35:27  :: @Incoming Bitmex:Publishing Order Book  for symbol XBTM19: Best Bid Size=54067 Best Bid Price=5222 Best Ask Size=3630 Best Ask Price=5222.5
2019-04-15 10:35:27  :: @Incoming Bitmex:Publishing Order Book  for symbol XBTM19: Best Bid Size=54067 Best Bid Price=5222 Best Ask Size=3630 Best Ask Price=5222.5
2019-04-15 10:35:37  :: @Incoming Bitmex:Publishing Order Book  for symbol XBTM19: Best Bid Size=54067 Best Bid Price=5222 Best Ask Size=3629 Best Ask Price=5222.5
2019-04-15 10:35:55  :: @Incoming Bitmex:Publishing Order Book  for symbol XBTM19: Best Bid Size=54067 Best Bid Price=5222 Best Ask Size=3629 Best Ask Price=5222.5
2019-04-15 10:35:57  :: @Incoming Bitmex:Publishing Order Book  for symbol XBTM19: Best Bid Size=54067 Best Bid Price=5222 Best Ask Size=3630 Best Ask Price=5222.5
2019-04-15 10:35:58  :: @Incoming Bitmex:Publishing Order Book  for symbol XBTM19: Best Bid Size=54067 Best Bid Price=5222 Best Ask Size=3630 Best Ask Price=5222.5
2019-04-15 10:35:58  :: @Incoming Bitmex:Publishing Order Book  for symbol XBTM19: Best Bid Size=54067 Best Bid Price=5222 Best Ask Size=3630 Best Ask Price=5222.5
2019-04-15 10:36:13  :: @Incoming Bitmex:Publishing Order Book  for symbol XBTM19: Best Bid Size=54039 Best Bid Price=5222 Best Ask Size=3630 Best Ask Price=5222.5
2019-04-15 10:36:13  :: @Incoming Bitmex:Publishing Order Book  for symbol XBTM19: Best Bid Size=54067 Best Bid Price=5222 Best Ask Size=3630 Best Ask Price=5222.5
2019-04-15 10:36:30  :: @Incoming Bitmex:Publishing Order Book  for symbol XBTM19: Best Bid Size=54066 Best Bid Price=5222 Best Ask Size=3630 Best Ask Price=5222.5
2019-04-15 10:36:30  :: @Incoming Bitmex:NEW TRADE for symbol XBTM19: Side=Sell Size=1 Price=5222 TickDirection=ZeroMinusTick
2019-04-15 10:36:33  :: @Incoming Bitmex:Publishing Order Book  for symbol XBTM19: Best Bid Size=54066 Best Bid Price=5222 Best Ask Size=3630 Best Ask Price=5222.5
2019-04-15 10:36:35  :: @Incoming Bitmex:Publishing Order Book  for symbol XBTM19: Best Bid Size=54066 Best Bid Price=5222 Best Ask Size=3630 Best Ask Price=5222.5
2019-04-15 10:36:37  :: @Incoming Bitmex:Publishing Order Book  for symbol XBTM19: Best Bid Size=54066 Best Bid Price=5222 Best Ask Size=3635 Best Ask Price=5222.5
2019-04-15 10:37:37  :: @Incoming Bitmex:Publishing Order Book  for symbol XBTM19: Best Bid Size=54066 Best Bid Price=5222 Best Ask Size=3635 Best Ask Price=5222.5
2019-04-15 10:37:37  :: @Incoming Bitmex:Publishing Order Book  for symbol XBTM19: Best Bid Size=54066 Best Bid Price=5222 Best Ask Size=3635 Best Ask Price=5222.5
2019-04-15 10:37:37  :: @Incoming Bitmex:Publishing Order Book  for symbol XBTM19: Best Bid Size=54066 Best Bid Price=5222 Best Ask Size=3597 Best Ask Price=5222.5
2019-04-15 10:37:48  :: @Incoming Bitmex:Publishing Order Book  for symbol XBTM19: Best Bid Size=54066 Best Bid Price=5222 Best Ask Size=3598 Best Ask Price=5222.5
2019-04-15 10:37:57  :: @Incoming Bitmex:Publishing Order Book  for symbol XBTM19: Best Bid Size=54066 Best Bid Price=5222 Best Ask Size=3597 Best Ask Price=5222.5
2019-04-15 10:38:06  :: @Incoming Bitmex:Publishing Order Book  for symbol XBTM19: Best Bid Size=54066 Best Bid Price=5222 Best Ask Size=3597 Best Ask Price=5222.5
2019-04-15 10:38:06  :: @Incoming Bitmex:Publishing Order Book  for symbol XBTM19: Best Bid Size=54066 Best Bid Price=5222 Best Ask Size=3597 Best Ask Price=5222.5
2019-04-15 10:38:08  :: @Incoming Bitmex:Publishing Order Book  for symbol XBTM19: Best Bid Size=54066 Best Bid Price=5222 Best Ask Size=3601 Best Ask Price=5222.5
2019-04-15 10:38:18  :: @Incoming Bitmex:Publishing Order Book  for symbol XBTM19: Best Bid Size=54066 Best Bid Price=5222 Best Ask Size=3602 Best Ask Price=5222.5
2019-04-15 10:38:28  :: @Incoming Bitmex:Publishing Order Book  for symbol XBTM19: Best Bid Size=54066 Best Bid Price=5222 Best Ask Size=3601 Best Ask Price=5222.5
2019-04-15 10:38:36  :: @Incoming Bitmex:Publishing Order Book  for symbol XBTM19: Best Bid Size=54061 Best Bid Price=5222 Best Ask Size=3601 Best Ask Price=5222.5
2019-04-15 10:38:36  :: @Incoming Bitmex:NEW TRADE for symbol XBTM19: Side=Sell Size=5 Price=5222 TickDirection=ZeroMinusTick
2019-04-15 10:38:48  :: @Incoming Bitmex:Publishing Order Book  for symbol XBTM19: Best Bid Size=54061 Best Bid Price=5222 Best Ask Size=3604 Best Ask Price=5222.5
2019-04-15 10:39:00  :: @Incoming Bitmex:Publishing Order Book  for symbol XBTM19: Best Bid Size=54061 Best Bid Price=5222 Best Ask Size=3604 Best Ask Price=5222.5
2019-04-15 10:39:05  :: @Incoming Bitmex:NEW TRADE for symbol XBTM19: Side=Buy Size=1 Price=5222.5 TickDirection=PlusTick
2019-04-15 10:39:05  :: @Incoming Bitmex:Publishing Order Book  for symbol XBTM19: Best Bid Size=54061 Best Bid Price=5222 Best Ask Size=3603 Best Ask Price=5222.5
2019-04-15 10:39:18  :: @Incoming Bitmex:Publishing Order Book  for symbol XBTM19: Best Bid Size=54061 Best Bid Price=5222 Best Ask Size=3600 Best Ask Price=5222.5
2019-04-15 10:39:22  :: @Incoming Bitmex:Publishing Order Book  for symbol XBTM19: Best Bid Size=54033 Best Bid Price=5222 Best Ask Size=3600 Best Ask Price=5222.5
2019-04-15 10:39:39  :: @Incoming Bitmex:Publishing Order Book  for symbol XBTM19: Best Bid Size=54033 Best Bid Price=5222 Best Ask Size=3608 Best Ask Price=5222.5
2019-04-15 10:39:39  :: @Incoming Bitmex:Publishing Order Book  for symbol XBTM19: Best Bid Size=54033 Best Bid Price=5222 Best Ask Size=3601 Best Ask Price=5222.5
2019-04-15 10:39:39  :: @Incoming Bitmex:NEW TRADE for symbol XBTM19: Side=Buy Size=7 Price=5222.5 TickDirection=ZeroPlusTick
2019-04-15 10:39:59  :: @Incoming Bitmex:Publishing Order Book  for symbol XBTM19: Best Bid Size=54033 Best Bid Price=5222 Best Ask Size=3599 Best Ask Price=5222.5
2019-04-15 10:40:19  :: @Incoming Bitmex:Publishing Order Book  for symbol XBTM19: Best Bid Size=54033 Best Bid Price=5222 Best Ask Size=3607 Best Ask Price=5222.5
2019-04-15 10:40:39  :: @Incoming Bitmex:Publishing Order Book  for symbol XBTM19: Best Bid Size=54033 Best Bid Price=5222 Best Ask Size=3600 Best Ask Price=5222.5
2019-04-15 10:41:00  :: @Incoming Bitmex:Publishing Order Book  for symbol XBTM19: Best Bid Size=54033 Best Bid Price=5222 Best Ask Size=3603 Best Ask Price=5222.5
2019-04-15 10:41:30  :: @Incoming Bitmex:Publishing Order Book  for symbol XBTM19: Best Bid Size=54033 Best Bid Price=5222 Best Ask Size=3601 Best Ask Price=5222.5
2019-04-15 10:41:37  :: @Incoming Bitmex:Publishing Order Book  for symbol XBTM19: Best Bid Size=54061 Best Bid Price=5222 Best Ask Size=3601 Best Ask Price=5222.5
2019-04-15 10:41:40  :: @Incoming Bitmex:Publishing Order Book  for symbol XBTM19: Best Bid Size=54061 Best Bid Price=5222 Best Ask Size=3599 Best Ask Price=5222.5
2019-04-15 10:41:50  :: @Incoming Bitmex:Publishing Order Book  for symbol XBTM19: Best Bid Size=54061 Best Bid Price=5222 Best Ask Size=3593 Best Ask Price=5222.5
2019-04-15 10:41:57  :: @Incoming Bitmex:Publishing Order Book  for symbol XBTM19: Best Bid Size=54060 Best Bid Price=5222 Best Ask Size=3593 Best Ask Price=5222.5
2019-04-15 10:41:57  :: @Incoming Bitmex:NEW TRADE for symbol XBTM19: Side=Sell Size=1 Price=5222 TickDirection=MinusTick
2019-04-15 10:42:00  :: @Incoming Bitmex:Publishing Order Book  for symbol XBTM19: Best Bid Size=54060 Best Bid Price=5222 Best Ask Size=3592 Best Ask Price=5222.5
2019-04-15 10:42:21  :: @Incoming Bitmex:Publishing Order Book  for symbol XBTM19: Best Bid Size=54060 Best Bid Price=5222 Best Ask Size=3593 Best Ask Price=5222.5
2019-04-15 10:42:31  :: @Incoming Bitmex:Publishing Order Book  for symbol XBTM19: Best Bid Size=54060 Best Bid Price=5222 Best Ask Size=3596 Best Ask Price=5222.5
2019-04-15 10:42:41  :: @Incoming Bitmex:Publishing Order Book  for symbol XBTM19: Best Bid Size=54060 Best Bid Price=5222 Best Ask Size=3594 Best Ask Price=5222.5
2019-04-15 10:43:02  :: @Incoming Bitmex:Publishing Order Book  for symbol XBTM19: Best Bid Size=54060 Best Bid Price=5222 Best Ask Size=3601 Best Ask Price=5222.5
2019-04-15 10:43:21  :: @Incoming Bitmex:Publishing Order Book  for symbol XBTM19: Best Bid Size=54056 Best Bid Price=5222 Best Ask Size=3601 Best Ask Price=5222.5
2019-04-15 10:43:21  :: @Incoming Bitmex:NEW TRADE for symbol XBTM19: Side=Sell Size=4 Price=5222 TickDirection=ZeroMinusTick
2019-04-15 10:43:22  :: @Incoming Bitmex:Publishing Order Book  for symbol XBTM19: Best Bid Size=54056 Best Bid Price=5222 Best Ask Size=3606 Best Ask Price=5222.5
2019-04-15 10:43:31  :: @Incoming Bitmex:Publishing Order Book  for symbol XBTM19: Best Bid Size=54028 Best Bid Price=5222 Best Ask Size=3606 Best Ask Price=5222.5
2019-04-15 10:43:32  :: @Incoming Bitmex:Publishing Order Book  for symbol XBTM19: Best Bid Size=54028 Best Bid Price=5222 Best Ask Size=3605 Best Ask Price=5222.5
2019-04-15 10:43:42  :: @Incoming Bitmex:Publishing Order Book  for symbol XBTM19: Best Bid Size=54028 Best Bid Price=5222 Best Ask Size=3612 Best Ask Price=5222.5
2019-04-15 10:44:02  :: @Incoming Bitmex:Publishing Order Book  for symbol XBTM19: Best Bid Size=54028 Best Bid Price=5222 Best Ask Size=3618 Best Ask Price=5222.5
2019-04-15 10:44:32  :: @Incoming Bitmex:Publishing Order Book  for symbol XBTM19: Best Bid Size=54028 Best Bid Price=5222 Best Ask Size=3621 Best Ask Price=5222.5
2019-04-15 10:44:42  :: @Incoming Bitmex:Publishing Order Book  for symbol XBTM19: Best Bid Size=54028 Best Bid Price=5222 Best Ask Size=3625 Best Ask Price=5222.5
2019-04-15 10:44:52  :: @Incoming Bitmex:Publishing Order Book  for symbol XBTM19: Best Bid Size=54028 Best Bid Price=5222 Best Ask Size=3622 Best Ask Price=5222.5
2019-04-15 10:45:02  :: @Incoming Bitmex:Publishing Order Book  for symbol XBTM19: Best Bid Size=54028 Best Bid Price=5222 Best Ask Size=3625 Best Ask Price=5222.5
2019-04-15 10:45:13  :: @Incoming Bitmex:Publishing Order Book  for symbol XBTM19: Best Bid Size=54028 Best Bid Price=5222 Best Ask Size=3621 Best Ask Price=5222.5
2019-04-15 10:45:23  :: @Incoming Bitmex:Publishing Order Book  for symbol XBTM19: Best Bid Size=54028 Best Bid Price=5222 Best Ask Size=3622 Best Ask Price=5222.5
2019-04-15 10:45:33  :: @Incoming Bitmex:Publishing Order Book  for symbol XBTM19: Best Bid Size=54028 Best Bid Price=5222 Best Ask Size=3625 Best Ask Price=5222.5
2019-04-15 10:45:43  :: @Incoming Bitmex:Publishing Order Book  for symbol XBTM19: Best Bid Size=54028 Best Bid Price=5222 Best Ask Size=3628 Best Ask Price=5222.5
2019-04-15 10:45:53  :: @Incoming Bitmex:Publishing Order Book  for symbol XBTM19: Best Bid Size=54028 Best Bid Price=5222 Best Ask Size=3625 Best Ask Price=5222.5
2019-04-15 10:46:23  :: @Incoming Bitmex:Publishing Order Book  for symbol XBTM19: Best Bid Size=54028 Best Bid Price=5222 Best Ask Size=3627 Best Ask Price=5222.5
2019-04-15 10:46:34  :: @Incoming Bitmex:Publishing Order Book  for symbol XBTM19: Best Bid Size=54028 Best Bid Price=5222 Best Ask Size=3628 Best Ask Price=5222.5
2019-04-15 10:46:44  :: @Incoming Bitmex:Publishing Order Book  for symbol XBTM19: Best Bid Size=54028 Best Bid Price=5222 Best Ask Size=3630 Best Ask Price=5222.5
2019-04-15 10:46:48  :: @Incoming Bitmex:Publishing Order Book  for symbol XBTM19: Best Bid Size=54024 Best Bid Price=5222 Best Ask Size=3630 Best Ask Price=5222.5
2019-04-15 10:46:48  :: @Incoming Bitmex:NEW TRADE for symbol XBTM19: Side=Sell Size=4 Price=5222 TickDirection=ZeroMinusTick
2019-04-15 10:47:04  :: @Incoming Bitmex:Publishing Order Book  for symbol XBTM19: Best Bid Size=54024 Best Bid Price=5222 Best Ask Size=3635 Best Ask Price=5222.5
2019-04-15 10:47:24  :: @Incoming Bitmex:Publishing Order Book  for symbol XBTM19: Best Bid Size=54024 Best Bid Price=5222 Best Ask Size=3657 Best Ask Price=5222.5
2019-04-15 10:47:44  :: @Incoming Bitmex:Publishing Order Book  for symbol XBTM19: Best Bid Size=54024 Best Bid Price=5222 Best Ask Size=3655 Best Ask Price=5222.5
2019-04-15 10:47:54  :: @Incoming Bitmex:Publishing Order Book  for symbol XBTM19: Best Bid Size=54024 Best Bid Price=5222 Best Ask Size=3657 Best Ask Price=5222.5
2019-04-15 10:47:54  :: @Incoming Bitmex:Publishing Order Book  for symbol XBTM19: Best Bid Size=54024 Best Bid Price=5222 Best Ask Size=3657 Best Ask Price=5222.5
2019-04-15 10:47:54  :: @Incoming Bitmex:Publishing Order Book  for symbol XBTM19: Best Bid Size=54024 Best Bid Price=5222 Best Ask Size=3657 Best Ask Price=5222.5
2019-04-15 10:48:04  :: @Incoming Bitmex:Publishing Order Book  for symbol XBTM19: Best Bid Size=54024 Best Bid Price=5222 Best Ask Size=3658 Best Ask Price=5222.5
2019-04-15 10:48:14  :: @Incoming Bitmex:Publishing Order Book  for symbol XBTM19: Best Bid Size=54024 Best Bid Price=5222 Best Ask Size=3660 Best Ask Price=5222.5
2019-04-15 10:48:17  :: @Incoming Bitmex:Publishing Order Book  for symbol XBTM19: Best Bid Size=54024 Best Bid Price=5222 Best Ask Size=3660 Best Ask Price=5222.5
2019-04-15 10:48:17  :: @Incoming Bitmex:Publishing Order Book  for symbol XBTM19: Best Bid Size=54024 Best Bid Price=5222 Best Ask Size=3660 Best Ask Price=5222.5
2019-04-15 10:48:17  :: @Incoming Bitmex:Publishing Order Book  for symbol XBTM19: Best Bid Size=54024 Best Bid Price=5222 Best Ask Size=3660 Best Ask Price=5222.5
2019-04-15 10:48:17  :: @Incoming Bitmex:Publishing Order Book  for symbol XBTM19: Best Bid Size=54024 Best Bid Price=5222 Best Ask Size=3660 Best Ask Price=5222.5
2019-04-15 10:48:33  :: @Incoming Bitmex:NEW TRADE for symbol XBTM19: Side=Sell Size=6 Price=5222 TickDirection=ZeroMinusTick
2019-04-15 10:48:33  :: @Incoming Bitmex:Publishing Order Book  for symbol XBTM19: Best Bid Size=54018 Best Bid Price=5222 Best Ask Size=3660 Best Ask Price=5222.5
2019-04-15 10:48:35  :: @Incoming Bitmex:Publishing Order Book  for symbol XBTM19: Best Bid Size=54018 Best Bid Price=5222 Best Ask Size=3666 Best Ask Price=5222.5
2019-04-15 10:48:45  :: @Incoming Bitmex:Publishing Order Book  for symbol XBTM19: Best Bid Size=54018 Best Bid Price=5222 Best Ask Size=3676 Best Ask Price=5222.5
2019-04-15 10:48:55  :: @Incoming Bitmex:Publishing Order Book  for symbol XBTM19: Best Bid Size=54018 Best Bid Price=5222 Best Ask Size=3678 Best Ask Price=5222.5
2019-04-15 10:49:05  :: @Incoming Bitmex:Publishing Order Book  for symbol XBTM19: Best Bid Size=54018 Best Bid Price=5222 Best Ask Size=3682 Best Ask Price=5222.5
2019-04-15 10:49:09  :: @Incoming Bitmex:Publishing Order Book  for symbol XBTM19: Best Bid Size=54015 Best Bid Price=5222 Best Ask Size=3682 Best Ask Price=5222.5
2019-04-15 10:49:09  :: @Incoming Bitmex:NEW TRADE for symbol XBTM19: Side=Sell Size=3 Price=5222 TickDirection=ZeroMinusTick
2019-04-15 10:49:14  :: @Incoming Bitmex:Publishing Order Book  for symbol XBTM19: Best Bid Size=54012 Best Bid Price=5222 Best Ask Size=3682 Best Ask Price=5222.5
2019-04-15 10:49:14  :: @Incoming Bitmex:NEW TRADE for symbol XBTM19: Side=Sell Size=3 Price=5222 TickDirection=ZeroMinusTick
2019-04-15 10:49:23  :: @Incoming Bitmex:Publishing Order Book  for symbol XBTM19: Best Bid Size=54012 Best Bid Price=5222 Best Ask Size=3682 Best Ask Price=5222.5
2019-04-15 10:49:25  :: @Incoming Bitmex:Publishing Order Book  for symbol XBTM19: Best Bid Size=54012 Best Bid Price=5222 Best Ask Size=3682 Best Ask Price=5222.5
2019-04-15 10:49:35  :: @Incoming Bitmex:Publishing Order Book  for symbol XBTM19: Best Bid Size=54012 Best Bid Price=5222 Best Ask Size=3692 Best Ask Price=5222.5
2019-04-15 10:49:55  :: @Incoming Bitmex:Publishing Order Book  for symbol XBTM19: Best Bid Size=54012 Best Bid Price=5222 Best Ask Size=3691 Best Ask Price=5222.5
2019-04-15 10:50:04  :: @Incoming Bitmex:Publishing Order Book  for symbol XBTM19: Best Bid Size=54040 Best Bid Price=5222 Best Ask Size=3691 Best Ask Price=5222.5
2019-04-15 10:50:07  :: @Incoming Bitmex:Publishing Order Book  for symbol XBTM19: Best Bid Size=54038 Best Bid Price=5222 Best Ask Size=3691 Best Ask Price=5222.5
2019-04-15 10:50:07  :: @Incoming Bitmex:NEW TRADE for symbol XBTM19: Side=Sell Size=2 Price=5222 TickDirection=ZeroMinusTick
2019-04-15 10:50:12  :: @Incoming Bitmex:NEW TRADE for symbol XBTM19: Side=Buy Size=9 Price=5222.5 TickDirection=PlusTick
2019-04-15 10:50:12  :: @Incoming Bitmex:Publishing Order Book  for symbol XBTM19: Best Bid Size=54038 Best Bid Price=5222 Best Ask Size=3682 Best Ask Price=5222.5
2019-04-15 10:50:12  :: @Incoming Bitmex:Publishing Order Book  for symbol XBTM19: Best Bid Size=54038 Best Bid Price=5222 Best Ask Size=3682 Best Ask Price=5222.5
2019-04-15 10:50:12  :: @Incoming Bitmex:Publishing Order Book  for symbol XBTM19: Best Bid Size=54038 Best Bid Price=5222 Best Ask Size=3682 Best Ask Price=5222.5
2019-04-15 10:50:12  :: @Incoming Bitmex:Publishing Order Book  for symbol XBTM19: Best Bid Size=54038 Best Bid Price=5222 Best Ask Size=3682 Best Ask Price=5222.5
2019-04-15 10:50:12  :: @Incoming Bitmex:Publishing Order Book  for symbol XBTM19: Best Bid Size=54038 Best Bid Price=5222 Best Ask Size=3682 Best Ask Price=5222.5
2019-04-15 10:50:16  :: @Incoming Bitmex:Publishing Order Book  for symbol XBTM19: Best Bid Size=54038 Best Bid Price=5222 Best Ask Size=3670 Best Ask Price=5222.5
2019-04-15 10:50:26  :: @Incoming Bitmex:Publishing Order Book  for symbol XBTM19: Best Bid Size=54038 Best Bid Price=5222 Best Ask Size=3672 Best Ask Price=5222.5
2019-04-15 10:50:36  :: @Incoming Bitmex:Publishing Order Book  for symbol XBTM19: Best Bid Size=54038 Best Bid Price=5222 Best Ask Size=3668 Best Ask Price=5222.5
2019-04-15 10:50:38  :: @Incoming Bitmex:Publishing Order Book  for symbol XBTM19: Best Bid Size=54038 Best Bid Price=5222 Best Ask Size=3668 Best Ask Price=5222.5
2019-04-15 10:50:41  :: @Incoming Bitmex:Publishing Order Book  for symbol XBTM19: Best Bid Size=54038 Best Bid Price=5222 Best Ask Size=3668 Best Ask Price=5222.5
2019-04-15 10:50:41  :: @Incoming Bitmex:Publishing Order Book  for symbol XBTM19: Best Bid Size=54038 Best Bid Price=5222 Best Ask Size=3668 Best Ask Price=5222.5
2019-04-15 10:50:46  :: @Incoming Bitmex:Publishing Order Book  for symbol XBTM19: Best Bid Size=54038 Best Bid Price=5222 Best Ask Size=3666 Best Ask Price=5222.5
2019-04-15 10:50:52  :: @Incoming Bitmex:Publishing Order Book  for symbol XBTM19: Best Bid Size=54038 Best Bid Price=5222 Best Ask Size=3666 Best Ask Price=5222.5
2019-04-15 10:50:54  :: @Incoming Bitmex:Publishing Order Book  for symbol XBTM19: Best Bid Size=54038 Best Bid Price=5222 Best Ask Size=3666 Best Ask Price=5222.5
2019-04-15 10:50:55  :: @Incoming Bitmex:NEW TRADE for symbol XBTM19: Side=Buy Size=40 Price=5222.5 TickDirection=ZeroPlusTick
2019-04-15 10:50:55  :: @Incoming Bitmex:Publishing Order Book  for symbol XBTM19: Best Bid Size=54038 Best Bid Price=5222 Best Ask Size=3626 Best Ask Price=5222.5
2019-04-15 10:50:56  :: @Incoming Bitmex:Publishing Order Book  for symbol XBTM19: Best Bid Size=54038 Best Bid Price=5222 Best Ask Size=3613 Best Ask Price=5222.5
2019-04-15 10:51:07  :: @Incoming Bitmex:Publishing Order Book  for symbol XBTM19: Best Bid Size=54038 Best Bid Price=5222 Best Ask Size=3612 Best Ask Price=5222.5
2019-04-15 10:51:07  :: @Incoming Bitmex:Publishing Order Book  for symbol XBTM19: Best Bid Size=54038 Best Bid Price=5222 Best Ask Size=3612 Best Ask Price=5222.5
2019-04-15 10:51:07  :: @Incoming Bitmex:Publishing Order Book  for symbol XBTM19: Best Bid Size=54038 Best Bid Price=5222 Best Ask Size=3612 Best Ask Price=5222.5
2019-04-15 10:51:10  :: @Incoming Bitmex:Publishing Order Book  for symbol XBTM19: Best Bid Size=54038 Best Bid Price=5222 Best Ask Size=3612 Best Ask Price=5222.5
2019-04-15 10:51:17  :: @Incoming Bitmex:Publishing Order Book  for symbol XBTM19: Best Bid Size=54038 Best Bid Price=5222 Best Ask Size=3598 Best Ask Price=5222.5
2019-04-15 10:51:24  :: @Incoming Bitmex:Publishing Order Book  for symbol XBTM19: Best Bid Size=54038 Best Bid Price=5222 Best Ask Size=3598 Best Ask Price=5222.5
2019-04-15 10:51:27  :: @Incoming Bitmex:Publishing Order Book  for symbol XBTM19: Best Bid Size=54038 Best Bid Price=5222 Best Ask Size=3596 Best Ask Price=5222.5
2019-04-15 10:51:37  :: @Incoming Bitmex:Publishing Order Book  for symbol XBTM19: Best Bid Size=54038 Best Bid Price=5222 Best Ask Size=3592 Best Ask Price=5222.5
2019-04-15 10:51:47  :: @Incoming Bitmex:Publishing Order Book  for symbol XBTM19: Best Bid Size=54038 Best Bid Price=5222 Best Ask Size=3604 Best Ask Price=5222.5
2019-04-15 10:51:57  :: @Incoming Bitmex:Publishing Order Book  for symbol XBTM19: Best Bid Size=54038 Best Bid Price=5222 Best Ask Size=3599 Best Ask Price=5222.5
2019-04-15 10:52:01  :: @Incoming Bitmex:Publishing Order Book  for symbol XBTM19: Best Bid Size=54031 Best Bid Price=5222 Best Ask Size=3599 Best Ask Price=5222.5
2019-04-15 10:52:01  :: @Incoming Bitmex:NEW TRADE for symbol XBTM19: Side=Sell Size=7 Price=5222 TickDirection=MinusTick
2019-04-15 10:52:03  :: @Incoming Bitmex:Publishing Order Book  for symbol XBTM19: Best Bid Size=54031 Best Bid Price=5222 Best Ask Size=3599 Best Ask Price=5222.5
2019-04-15 10:52:03  :: @Incoming Bitmex:Publishing Order Book  for symbol XBTM19: Best Bid Size=54031 Best Bid Price=5222 Best Ask Size=3599 Best Ask Price=5222.5
2019-04-15 10:52:05  :: @Incoming Bitmex:Publishing Order Book  for symbol XBTM19: Best Bid Size=54031 Best Bid Price=5222 Best Ask Size=3599 Best Ask Price=5222.5
2019-04-15 10:52:05  :: @Incoming Bitmex:Publishing Order Book  for symbol XBTM19: Best Bid Size=54031 Best Bid Price=5222 Best Ask Size=3599 Best Ask Price=5222.5
2019-04-15 10:52:07  :: @Incoming Bitmex:Publishing Order Book  for symbol XBTM19: Best Bid Size=54031 Best Bid Price=5222 Best Ask Size=3589 Best Ask Price=5222.5
2019-04-15 10:52:08  :: @Incoming Bitmex:Publishing Order Book  for symbol XBTM19: Best Bid Size=54031 Best Bid Price=5222 Best Ask Size=3589 Best Ask Price=5222.5
2019-04-15 10:52:08  :: @Incoming Bitmex:Publishing Order Book  for symbol XBTM19: Best Bid Size=54031 Best Bid Price=5222 Best Ask Size=3589 Best Ask Price=5222.5
2019-04-15 10:52:17  :: @Incoming Bitmex:Publishing Order Book  for symbol XBTM19: Best Bid Size=54031 Best Bid Price=5222 Best Ask Size=3590 Best Ask Price=5222.5
2019-04-15 10:52:37  :: @Incoming Bitmex:Publishing Order Book  for symbol XBTM19: Best Bid Size=54031 Best Bid Price=5222 Best Ask Size=3590 Best Ask Price=5222.5
2019-04-15 10:52:37  :: @Incoming Bitmex:Publishing Order Book  for symbol XBTM19: Best Bid Size=54031 Best Bid Price=5222 Best Ask Size=3590 Best Ask Price=5222.5
2019-04-15 10:52:38  :: @Incoming Bitmex:Publishing Order Book  for symbol XBTM19: Best Bid Size=54031 Best Bid Price=5222 Best Ask Size=3598 Best Ask Price=5222.5
2019-04-15 10:52:48  :: @Incoming Bitmex:Publishing Order Book  for symbol XBTM19: Best Bid Size=54031 Best Bid Price=5222 Best Ask Size=3588 Best Ask Price=5222.5
2019-04-15 10:52:49  :: @Incoming Bitmex:Publishing Order Book  for symbol XBTM19: Best Bid Size=54031 Best Bid Price=5222 Best Ask Size=3588 Best Ask Price=5222.5
2019-04-15 10:52:49  :: @Incoming Bitmex:Publishing Order Book  for symbol XBTM19: Best Bid Size=54031 Best Bid Price=5222 Best Ask Size=3588 Best Ask Price=5222.5
2019-04-15 10:52:54  :: @Incoming Bitmex:Publishing Order Book  for symbol XBTM19: Best Bid Size=54031 Best Bid Price=5222 Best Ask Size=3588 Best Ask Price=5222.5
2019-04-15 10:52:54  :: @Incoming Bitmex:Publishing Order Book  for symbol XBTM19: Best Bid Size=54031 Best Bid Price=5222 Best Ask Size=3588 Best Ask Price=5222.5
2019-04-15 10:52:54  :: @Incoming Bitmex:Publishing Order Book  for symbol XBTM19: Best Bid Size=54031 Best Bid Price=5222 Best Ask Size=3588 Best Ask Price=5222.5
2019-04-15 10:52:54  :: @Incoming Bitmex:Publishing Order Book  for symbol XBTM19: Best Bid Size=54031 Best Bid Price=5222 Best Ask Size=3588 Best Ask Price=5222.5
2019-04-15 10:52:58  :: @Incoming Bitmex:Publishing Order Book  for symbol XBTM19: Best Bid Size=54031 Best Bid Price=5222 Best Ask Size=3585 Best Ask Price=5222.5
2019-04-15 10:53:07  :: @Incoming Bitmex:Publishing Order Book  for symbol XBTM19: Best Bid Size=54031 Best Bid Price=5222 Best Ask Size=3582 Best Ask Price=5222.5
2019-04-15 10:53:07  :: @Incoming Bitmex:NEW TRADE for symbol XBTM19: Side=Buy Size=3 Price=5222.5 TickDirection=PlusTick
2019-04-15 10:53:08  :: @Incoming Bitmex:Publishing Order Book  for symbol XBTM19: Best Bid Size=54031 Best Bid Price=5222 Best Ask Size=3583 Best Ask Price=5222.5
2019-04-15 10:53:38  :: @Incoming Bitmex:Publishing Order Book  for symbol XBTM19: Best Bid Size=54031 Best Bid Price=5222 Best Ask Size=3559 Best Ask Price=5222.5
2019-04-15 10:53:58  :: @Incoming Bitmex:Publishing Order Book  for symbol XBTM19: Best Bid Size=54031 Best Bid Price=5222 Best Ask Size=3566 Best Ask Price=5222.5
2019-04-15 10:54:18  :: @Incoming Bitmex:Publishing Order Book  for symbol XBTM19: Best Bid Size=54031 Best Bid Price=5222 Best Ask Size=3569 Best Ask Price=5222.5
2019-04-15 10:54:29  :: @Incoming Bitmex:Publishing Order Book  for symbol XBTM19: Best Bid Size=54031 Best Bid Price=5222 Best Ask Size=3574 Best Ask Price=5222.5
2019-04-15 10:54:37  :: @Incoming Bitmex:Publishing Order Book  for symbol XBTM19: Best Bid Size=54031 Best Bid Price=5222 Best Ask Size=3574 Best Ask Price=5222.5
2019-04-15 10:54:39  :: @Incoming Bitmex:Publishing Order Book  for symbol XBTM19: Best Bid Size=54031 Best Bid Price=5222 Best Ask Size=3561 Best Ask Price=5222.5
2019-04-15 10:54:49  :: @Incoming Bitmex:Publishing Order Book  for symbol XBTM19: Best Bid Size=54031 Best Bid Price=5222 Best Ask Size=3560 Best Ask Price=5222.5
2019-04-15 10:54:59  :: @Incoming Bitmex:Publishing Order Book  for symbol XBTM19: Best Bid Size=54031 Best Bid Price=5222 Best Ask Size=3556 Best Ask Price=5222.5
2019-04-15 10:55:03  :: @Incoming Bitmex:Publishing Order Book  for symbol XBTM19: Best Bid Size=54027 Best Bid Price=5222 Best Ask Size=3556 Best Ask Price=5222.5
2019-04-15 10:55:03  :: @Incoming Bitmex:NEW TRADE for symbol XBTM19: Side=Sell Size=4 Price=5222 TickDirection=MinusTick
2019-04-15 10:55:07  :: @Incoming Bitmex:Publishing Order Book  for symbol XBTM19: Best Bid Size=54027 Best Bid Price=5222 Best Ask Size=3556 Best Ask Price=5222.5
2019-04-15 10:55:07  :: @Incoming Bitmex:Publishing Order Book  for symbol XBTM19: Best Bid Size=54027 Best Bid Price=5222 Best Ask Size=3556 Best Ask Price=5222.5
2019-04-15 10:55:09  :: @Incoming Bitmex:Publishing Order Book  for symbol XBTM19: Best Bid Size=54027 Best Bid Price=5222 Best Ask Size=3557 Best Ask Price=5222.5
2019-04-15 10:55:19  :: @Incoming Bitmex:Publishing Order Book  for symbol XBTM19: Best Bid Size=54027 Best Bid Price=5222 Best Ask Size=3551 Best Ask Price=5222.5
2019-04-15 10:55:31  :: @Incoming Bitmex:Publishing Order Book  for symbol XBTM19: Best Bid Size=54023 Best Bid Price=5222 Best Ask Size=3551 Best Ask Price=5222.5
2019-04-15 10:55:32  :: @Incoming Bitmex:NEW TRADE for symbol XBTM19: Side=Sell Size=4 Price=5222 TickDirection=ZeroMinusTick
2019-04-15 10:55:40  :: @Incoming Bitmex:Publishing Order Book  for symbol XBTM19: Best Bid Size=54023 Best Bid Price=5222 Best Ask Size=3536 Best Ask Price=5222.5
2019-04-15 10:55:50  :: @Incoming Bitmex:Publishing Order Book  for symbol XBTM19: Best Bid Size=54023 Best Bid Price=5222 Best Ask Size=3538 Best Ask Price=5222.5
2019-04-15 10:55:50  :: @Incoming Bitmex:Publishing Order Book  for symbol XBTM19: Best Bid Size=54014 Best Bid Price=5222 Best Ask Size=3538 Best Ask Price=5222.5
2019-04-15 10:55:50  :: @Incoming Bitmex:NEW TRADE for symbol XBTM19: Side=Sell Size=9 Price=5222 TickDirection=ZeroMinusTick
2019-04-15 10:56:00  :: @Incoming Bitmex:Publishing Order Book  for symbol XBTM19: Best Bid Size=54014 Best Bid Price=5222 Best Ask Size=3535 Best Ask Price=5222.5
2019-04-15 10:56:10  :: @Incoming Bitmex:Publishing Order Book  for symbol XBTM19: Best Bid Size=54014 Best Bid Price=5222 Best Ask Size=3533 Best Ask Price=5222.5
2019-04-15 10:56:20  :: @Incoming Bitmex:Publishing Order Book  for symbol XBTM19: Best Bid Size=54014 Best Bid Price=5222 Best Ask Size=3532 Best Ask Price=5222.5
2019-04-15 10:56:40  :: @Incoming Bitmex:Publishing Order Book  for symbol XBTM19: Best Bid Size=54014 Best Bid Price=5222 Best Ask Size=3519 Best Ask Price=5222.5
2019-04-15 10:57:00  :: @Incoming Bitmex:Publishing Order Book  for symbol XBTM19: Best Bid Size=54014 Best Bid Price=5222 Best Ask Size=3518 Best Ask Price=5222.5
2019-04-15 10:57:11  :: @Incoming Bitmex:Publishing Order Book  for symbol XBTM19: Best Bid Size=54014 Best Bid Price=5222 Best Ask Size=3528 Best Ask Price=5222.5
2019-04-15 10:57:31  :: @Incoming Bitmex:Publishing Order Book  for symbol XBTM19: Best Bid Size=54014 Best Bid Price=5222 Best Ask Size=3532 Best Ask Price=5222.5
2019-04-15 10:57:41  :: @Incoming Bitmex:Publishing Order Book  for symbol XBTM19: Best Bid Size=54014 Best Bid Price=5222 Best Ask Size=3515 Best Ask Price=5222.5
2019-04-15 10:57:51  :: @Incoming Bitmex:Publishing Order Book  for symbol XBTM19: Best Bid Size=54014 Best Bid Price=5222 Best Ask Size=3512 Best Ask Price=5222.5
2019-04-15 10:58:01  :: @Incoming Bitmex:Publishing Order Book  for symbol XBTM19: Best Bid Size=54014 Best Bid Price=5222 Best Ask Size=3508 Best Ask Price=5222.5
2019-04-15 10:58:22  :: @Incoming Bitmex:Publishing Order Book  for symbol XBTM19: Best Bid Size=54014 Best Bid Price=5222 Best Ask Size=3506 Best Ask Price=5222.5
2019-04-15 10:58:25  :: @Incoming Bitmex:Publishing Order Book  for symbol XBTM19: Best Bid Size=53014 Best Bid Price=5222 Best Ask Size=3506 Best Ask Price=5222.5
2019-04-15 10:58:25  :: @Incoming Bitmex:NEW TRADE for symbol XBTM19: Side=Sell Size=1000 Price=5222 TickDirection=ZeroMinusTick
2019-04-15 10:58:32  :: @Incoming Bitmex:Publishing Order Book  for symbol XBTM19: Best Bid Size=53014 Best Bid Price=5222 Best Ask Size=3495 Best Ask Price=5222.5
2019-04-15 10:58:53  :: @Incoming Bitmex:Publishing Order Book  for symbol XBTM19: Best Bid Size=53014 Best Bid Price=5222 Best Ask Size=3497 Best Ask Price=5222.5
2019-04-15 10:59:03  :: @Incoming Bitmex:Publishing Order Book  for symbol XBTM19: Best Bid Size=53014 Best Bid Price=5222 Best Ask Size=3496 Best Ask Price=5222.5
2019-04-15 10:59:13  :: @Incoming Bitmex:Publishing Order Book  for symbol XBTM19: Best Bid Size=53014 Best Bid Price=5222 Best Ask Size=3495 Best Ask Price=5222.5
2019-04-15 10:59:22  :: @Incoming Bitmex:Publishing Order Book  for symbol XBTM19: Best Bid Size=53014 Best Bid Price=5222 Best Ask Size=3494 Best Ask Price=5222.5
2019-04-15 10:59:32  :: @Incoming Bitmex:Publishing Order Book  for symbol XBTM19: Best Bid Size=53014 Best Bid Price=5222 Best Ask Size=3471 Best Ask Price=5222.5
2019-04-15 10:59:42  :: @Incoming Bitmex:Publishing Order Book  for symbol XBTM19: Best Bid Size=53014 Best Bid Price=5222 Best Ask Size=3469 Best Ask Price=5222.5
2019-04-15 10:59:42  :: @Incoming Bitmex:NEW TRADE for symbol XBTM19: Side=Buy Size=2 Price=5222.5 TickDirection=PlusTick
2019-04-15 10:59:43  :: @Incoming Bitmex:Publishing Order Book  for symbol XBTM19: Best Bid Size=53014 Best Bid Price=5222 Best Ask Size=3468 Best Ask Price=5222.5
2019-04-15 10:59:52  :: @Incoming Bitmex:Publishing Order Book  for symbol XBTM19: Best Bid Size=53014 Best Bid Price=5222 Best Ask Size=3466 Best Ask Price=5222.5
