2020-01-03 14:35:02  :: Initializing Mock Server...
2020-01-03 14:35:02  :: Initializing all collections...
2020-01-03 14:35:03  :: Creating history service for controller HistoryServiceController on URL http://localhost:29400/
2020-01-03 14:35:04  :: Collections Initialized...
2020-01-03 14:39:37  :: Initializing Mock Server...
2020-01-03 14:39:37  :: Initializing all collections...
2020-01-03 14:39:38  :: Creating history service for controller HistoryServiceController on URL http://localhost:29400/
2020-01-03 14:39:38  :: Collections Initialized...
2020-01-03 14:39:49  :: Connecting for the first time to client 3357
2020-01-03 14:39:49  :: Connected for the first time to client 3357
2020-01-03 14:39:54  :: OnMessage TokenRequest from IP -> 127.0.0.1
2020-01-03 14:39:54  :: OnMessage ClientLoginRequest from IP -> 127.0.0.1
2020-01-03 14:39:54  :: Sending ClientLoginResponse with UUID c2b5aa2a-83e8-472b-afd5-a9abb5d91dd5
2020-01-03 14:39:54  :: Sending Instrument Batch 
2020-01-03 14:39:54  :: Sending ClientInstrumentState 
2020-01-03 14:39:54  :: Sending ClientInstrumentState 
2020-01-03 14:39:54  :: Sending ClientInstrumentState 
2020-01-03 14:39:54  :: Sending ClientInstrumentState 
2020-01-03 14:39:54  :: Sending ClientInstrumentState 
2020-01-03 14:39:54  :: Sending ClientInstrumentState 
2020-01-03 14:39:54  :: Sending ClientInstrumentState 
2020-01-03 14:39:54  :: Sending ClientInstrumentState 
2020-01-03 14:39:54  :: Sending ClientInstrumentState 
2020-01-03 14:39:54  :: Sending ClientInstrumentState 
2020-01-03 14:39:54  :: Sending ClientInstrumentState 
2020-01-03 14:39:54  :: Sending ClientInstrumentState 
2020-01-03 14:39:54  :: Sending ClientInstrumentState 
2020-01-03 14:39:54  :: Sending ClientInstrumentState 
2020-01-03 14:39:54  :: Sending ClientInstrumentState 
2020-01-03 14:39:54  :: Sending ClientInstrumentState 
2020-01-03 14:39:54  :: Sending ClientInstrumentState 
2020-01-03 14:39:54  :: Sending ClientInstrumentState 
2020-01-03 14:39:54  :: Sending ClientInstrumentState 
2020-01-03 14:39:54  :: Sending ClientInstrumentState 
2020-01-03 14:39:54  :: Sending ClientUserRecord
2020-01-03 14:39:54  :: Sending ClientMarketStateBatch
2020-01-03 14:39:54  :: Sending ClientAccountRecordBatch 
2020-01-03 14:39:57  :: OnMessage ClientHeartbeat from IP -> 127.0.0.1
2020-01-03 14:39:57  :: OnMessage ClientOrderReq from IP -> 127.0.0.1
2020-01-03 14:39:57  :: Sending ClientOrderResponse ...
2020-01-03 14:39:57  :: Best ask for buy order (Limit Price=9014.0) found at price 14999.0
2020-01-03 14:39:57  :: Could not find matching sell price for symbol ETH-USD and order price 9014.0
2020-01-03 14:39:57  :: Evaluating price levels ...
2020-01-03 14:39:57  :: Sending new bid entry: Price=9014.0 Size=1.0 ...
2020-01-03 14:39:57  :: Evaluating LegacyOrderRecord ...
2020-01-03 14:39:57  :: brkpnt Creating new order in Orders collection for OrderId = 5555085596591460912
2020-01-03 14:39:57  :: Creating new order in Orders collection for OrderId = 5555085596591460912
2020-01-03 14:39:57  :: Sending open order count for all symbols : 3
2020-01-03 14:39:57  :: Updating quotes ...
2020-01-03 14:39:57  :: Updating best bid and ask for symbol ETH-USD
2020-01-03 14:40:01  :: OnMessage ClientHeartbeat from IP -> 127.0.0.1
2020-01-03 14:40:03  :: OnMessage ClientHeartbeat from IP -> 127.0.0.1
2020-01-03 14:40:06  :: OnMessage ClientHeartbeat from IP -> 127.0.0.1
2020-01-03 14:40:08  :: OnMessage ClientOrderCancelReq from IP -> 127.0.0.1
2020-01-03 14:40:08  :: Processing ClientOrderCancelReq
2020-01-03 14:40:08  :: Searching order by OrderId=5555085596591460912
2020-01-03 14:40:08  :: Sending cancellation ack for OrderId: 5555085596591460912
2020-01-03 14:40:08  :: Evaluating price levels for OrderId: 5555085596591460912
2020-01-03 14:40:08  :: Sending upd bid entry: Price=9014.0 Size=0.0 ...
2020-01-03 14:40:08  :: Updating orders in mem
2020-01-03 14:40:08  :: Updating quotes on order cancelation
2020-01-03 14:40:08  :: Updating best bid and ask for symbol ETH-USD
2020-01-03 14:40:08  :: Sending open order count for all symbols : 2
2020-01-03 14:40:09  :: OnMessage ClientHeartbeat from IP -> 127.0.0.1
2020-01-03 14:40:16  :: OnMessage ClientHeartbeat from IP -> 127.0.0.1
2020-01-03 14:40:16  :: OnMessage ClientHeartbeat from IP -> 127.0.0.1
2020-01-03 14:40:18  :: Turning threads off on socket disconnection
2020-01-03 14:40:21  :: Turning threads off on socket disconnection
2020-01-03 14:40:24  :: Turning threads off on socket disconnection
2020-01-03 14:40:27  :: Turning threads off on socket disconnection
2020-01-03 14:40:30  :: Turning threads off on socket disconnection
2020-01-03 14:40:33  :: Turning threads off on socket disconnection
