2019-05-16 11:36:36  :: Initializing Mock Simulated Server...
2019-05-16 11:36:36  :: Initializing all collections...
2019-05-16 11:36:36  :: 5/16/2019 11:36:36 AMBaseCommunicationModule.LoadConfig
2019-05-16 11:36:36  :: Loading config:.\BitMex\incomingBitmex.xml
2019-05-16 11:36:36  :: Processing config:.\BitMex\incomingBitmex.xml
2019-05-16 11:36:36  :: Ending GetConfiguracion .\BitMex\incomingBitmex.xml
2019-05-16 11:36:36  :: Initializing WSMarketDataManager @ BitMexInstructionBasedMarketClient
2019-05-16 11:36:38  :: Connected: True - Error Message: 
2019-05-16 11:36:38  :: Initializing SecurityListManager @ BitMexInstructionBasedMarketClient
2019-05-16 11:36:38  :: Assigning events @ BitMexInstructionBasedMarketClient
2019-05-16 11:36:40  :: 5/16/2019 11:36:40 AMOrderRouterBase.LoadConfig
2019-05-16 11:36:40  :: Loading config:.\BitMex\outgoingBitmex.xml
2019-05-16 11:36:40  :: Processing config:.\BitMex\outgoingBitmex.xml
2019-05-16 11:36:40  :: Ending GetConfiguracion .\BitMex\outgoingBitmex.xml
2019-05-16 11:36:41  :: Collections Initialized...
2019-05-16 11:36:41  :: Successfully subscribed to execution event 
2019-05-16 11:36:54  :: Connecting for the first time to client 6878
2019-05-16 11:36:54  :: Connected for the first time to client 6878
2019-05-16 11:36:57  :: Incoming Login request for user MM2_CLOBUI2
2019-05-16 11:36:57  :: user MM2_CLOBUI2 Successfully logged in
2019-05-16 11:37:00  :: @Outgoing Bitmex:Routing  to market for symbol XBTU19
2019-05-16 11:37:01  :: Unknown order processing execution report for OrderId 6c80d71c-56da-d903-25e2-46b48705e152 
2019-05-16 11:37:01  :: Unknown order processing execution report for OrderId 6c80d71c-56da-d903-25e2-46b48705e152 
2019-05-16 11:37:05  :: @Outgoing Bitmex:Cancelling order
2019-05-16 14:33:06  :: Initializing Mock Simulated Server...
2019-05-16 14:33:06  :: Initializing all collections...
2019-05-16 14:33:06  :: 5/16/2019 2:33:06 PMBaseCommunicationModule.LoadConfig
2019-05-16 14:33:06  :: Loading config:.\BitMex\incomingBitmex.xml
2019-05-16 14:33:06  :: Processing config:.\BitMex\incomingBitmex.xml
2019-05-16 14:33:06  :: Ending GetConfiguracion .\BitMex\incomingBitmex.xml
2019-05-16 14:33:06  :: Initializing WSMarketDataManager @ BitMexInstructionBasedMarketClient
2019-05-16 14:33:08  :: Connected: True - Error Message: 
2019-05-16 14:33:08  :: Initializing SecurityListManager @ BitMexInstructionBasedMarketClient
2019-05-16 14:33:08  :: Assigning events @ BitMexInstructionBasedMarketClient
2019-05-16 14:33:08  :: 5/16/2019 2:33:08 PMOrderRouterBase.LoadConfig
2019-05-16 14:33:08  :: Loading config:.\BitMex\outgoingBitmex.xml
2019-05-16 14:33:08  :: Processing config:.\BitMex\outgoingBitmex.xml
2019-05-16 14:33:08  :: Ending GetConfiguracion .\BitMex\outgoingBitmex.xml
2019-05-16 14:33:09  :: Collections Initialized...
2019-05-16 14:33:11  :: Successfully subscribed to execution event 
2019-05-16 14:33:21  :: Connecting for the first time to client 25519
2019-05-16 14:33:21  :: Connected for the first time to client 25519
2019-05-16 14:33:25  :: Incoming Login request for user MM2_CLOBUI2
2019-05-16 14:33:25  :: user MM2_CLOBUI2 Successfully logged in
2019-05-16 14:33:30  :: Incoming subscription for Service: Oy - Service key: XBT-USD - UUID: APIClientUUID SubscriptionType: S UserId: MM2_CLOBUI2 JsonToken:eyJhbGciOiJIUzI1NiIsInR5cCI6IkpXVCJ9.eyJpYXQiOjE1NTEzODY5NjksImV4cCI
2019-05-16 14:33:32  :: Entering ProcessMyOrders for ServiceKey=XBT-USD
2019-05-16 14:33:40  :: @Outgoing Bitmex:Recovering full order list
2019-05-16 14:33:42  :: SubscriptionResponse UUID: Service:Oy ServiceKey:* Success:True
2019-05-16 14:35:11  :: Initializing Mock Simulated Server...
2019-05-16 14:35:11  :: Initializing all collections...
2019-05-16 14:35:12  :: 5/16/2019 2:35:12 PMBaseCommunicationModule.LoadConfig
2019-05-16 14:35:12  :: Loading config:.\BitMex\incomingBitmex.xml
2019-05-16 14:35:12  :: Processing config:.\BitMex\incomingBitmex.xml
2019-05-16 14:35:12  :: Ending GetConfiguracion .\BitMex\incomingBitmex.xml
2019-05-16 14:35:12  :: Initializing WSMarketDataManager @ BitMexInstructionBasedMarketClient
2019-05-16 14:35:14  :: Connected: True - Error Message: 
2019-05-16 14:35:14  :: Initializing SecurityListManager @ BitMexInstructionBasedMarketClient
2019-05-16 14:35:14  :: Assigning events @ BitMexInstructionBasedMarketClient
2019-05-16 14:35:14  :: 5/16/2019 2:35:14 PMOrderRouterBase.LoadConfig
2019-05-16 14:35:14  :: Loading config:.\BitMex\outgoingBitmex.xml
2019-05-16 14:35:14  :: Processing config:.\BitMex\outgoingBitmex.xml
2019-05-16 14:35:14  :: Ending GetConfiguracion .\BitMex\outgoingBitmex.xml
2019-05-16 14:35:15  :: Collections Initialized...
2019-05-16 14:35:15  :: Successfully subscribed to execution event 
2019-05-16 14:35:30  :: Connecting for the first time to client 25683
2019-05-16 14:35:30  :: Connected for the first time to client 25683
2019-05-16 14:35:31  :: Incoming Login request for user MM2_CLOBUI2
2019-05-16 14:35:31  :: user MM2_CLOBUI2 Successfully logged in
2019-05-16 14:35:40  :: Incoming subscription for Service: Oy - Service key: XBT-USD - UUID: APIClientUUID SubscriptionType: S UserId: MM2_CLOBUI2 JsonToken:eyJhbGciOiJIUzI1NiIsInR5cCI6IkpXVCJ9.eyJpYXQiOjE1NTEzODY5NjksImV4cCI
2019-05-16 14:35:43  :: Entering ProcessMyOrders for ServiceKey=XBT-USD
2019-05-16 14:35:46  :: @Outgoing Bitmex:Recovering full order list
2019-05-16 14:35:48  :: SubscriptionResponse UUID: Service:Oy ServiceKey:* Success:True
2019-05-16 14:36:21  :: Initializing Mock Simulated Server...
2019-05-16 14:36:21  :: Initializing all collections...
2019-05-16 14:36:21  :: 5/16/2019 2:36:21 PMBaseCommunicationModule.LoadConfig
2019-05-16 14:36:21  :: Loading config:.\BitMex\incomingBitmex.xml
2019-05-16 14:36:21  :: Processing config:.\BitMex\incomingBitmex.xml
2019-05-16 14:36:21  :: Ending GetConfiguracion .\BitMex\incomingBitmex.xml
2019-05-16 14:36:21  :: Initializing WSMarketDataManager @ BitMexInstructionBasedMarketClient
2019-05-16 14:36:23  :: Connected: True - Error Message: 
2019-05-16 14:36:23  :: Initializing SecurityListManager @ BitMexInstructionBasedMarketClient
2019-05-16 14:36:23  :: Assigning events @ BitMexInstructionBasedMarketClient
2019-05-16 14:36:23  :: 5/16/2019 2:36:23 PMOrderRouterBase.LoadConfig
2019-05-16 14:36:23  :: Loading config:.\BitMex\outgoingBitmex.xml
2019-05-16 14:36:23  :: Processing config:.\BitMex\outgoingBitmex.xml
2019-05-16 14:36:23  :: Ending GetConfiguracion .\BitMex\outgoingBitmex.xml
2019-05-16 14:36:25  :: Collections Initialized...
2019-05-16 14:36:25  :: Successfully subscribed to execution event 
2019-05-16 14:36:32  :: Connecting for the first time to client 25748
2019-05-16 14:36:32  :: Connected for the first time to client 25748
2019-05-16 14:36:38  :: Incoming Login request for user MM2_CLOBUI2
2019-05-16 14:36:38  :: user MM2_CLOBUI2 Successfully logged in
2019-05-16 14:36:42  :: Incoming subscription for Service: Oy - Service key: NDF-XBT-USD-X19 - UUID: APIClientUUID SubscriptionType: S UserId: MM2_CLOBUI2 JsonToken:eyJhbGciOiJIUzI1NiIsInR5cCI6IkpXVCJ9.eyJpYXQiOjE1NTEzODY5NjksImV4cCI
2019-05-16 14:36:42  :: Entering ProcessMyOrders for ServiceKey=NDF-XBT-USD-X19
2019-05-16 14:36:42  :: @Outgoing Bitmex:Recovering full order list
2019-05-16 14:36:46  :: Incoming subscription for Service: Oy - Service key: NDF-XBT-USD-X19 - UUID: APIClientUUID SubscriptionType: S UserId: MM2_CLOBUI2 JsonToken:eyJhbGciOiJIUzI1NiIsInR5cCI6IkpXVCJ9.eyJpYXQiOjE1NTEzODY5NjksImV4cCI
2019-05-16 14:36:46  :: Entering ProcessMyOrders for ServiceKey=NDF-XBT-USD-X19
2019-05-16 14:36:46  :: @Outgoing Bitmex:Recovering full order list
2019-05-16 14:40:22  :: Initializing Mock Simulated Server...
2019-05-16 14:40:22  :: Initializing all collections...
2019-05-16 14:40:22  :: 5/16/2019 2:40:22 PMBaseCommunicationModule.LoadConfig
2019-05-16 14:40:22  :: Loading config:.\BitMex\incomingBitmex.xml
2019-05-16 14:40:22  :: Processing config:.\BitMex\incomingBitmex.xml
2019-05-16 14:40:22  :: Ending GetConfiguracion .\BitMex\incomingBitmex.xml
2019-05-16 14:40:22  :: Initializing WSMarketDataManager @ BitMexInstructionBasedMarketClient
2019-05-16 14:40:24  :: Connected: True - Error Message: 
2019-05-16 14:40:24  :: Initializing SecurityListManager @ BitMexInstructionBasedMarketClient
2019-05-16 14:40:24  :: Assigning events @ BitMexInstructionBasedMarketClient
2019-05-16 14:40:24  :: 5/16/2019 2:40:24 PMOrderRouterBase.LoadConfig
2019-05-16 14:40:24  :: Loading config:.\BitMex\outgoingBitmex.xml
2019-05-16 14:40:24  :: Processing config:.\BitMex\outgoingBitmex.xml
2019-05-16 14:40:24  :: Ending GetConfiguracion .\BitMex\outgoingBitmex.xml
2019-05-16 14:40:25  :: Collections Initialized...
2019-05-16 14:40:25  :: Successfully subscribed to execution event 
2019-05-16 14:41:23  :: Connecting for the first time to client 26162
2019-05-16 14:41:23  :: Connected for the first time to client 26162
2019-05-16 14:41:24  :: Incoming Login request for user MM2_CLOBUI2
2019-05-16 14:41:24  :: user MM2_CLOBUI2 Successfully logged in
2019-05-16 14:41:30  :: Incoming subscription for Service: LT - Service key: NDF-XBT-USD-X19 - UUID: APIClientUUID SubscriptionType: S UserId: MM2_CLOBUI2 JsonToken:eyJhbGciOiJIUzI1NiIsInR5cCI6IkpXVCJ9.eyJpYXQiOjE1NTEzODY5NjksImV4cCI
2019-05-16 14:41:30  :: Entering ProcessMyTrades for ServiceKey=NDF-XBT-USD-X19
2019-05-16 14:41:31  :: SubscriptionResponse UUID: Service:LT ServiceKey:* Success:True
2019-05-16 14:41:31  :: Incoming subscription for Service: LT - Service key: NDF-XBT-USD-X19 - UUID: APIClientUUID SubscriptionType: S UserId: MM2_CLOBUI2 JsonToken:eyJhbGciOiJIUzI1NiIsInR5cCI6IkpXVCJ9.eyJpYXQiOjE1NTEzODY5NjksImV4cCI
2019-05-16 14:41:31  :: Entering ProcessMyTrades for ServiceKey=NDF-XBT-USD-X19
2019-05-16 14:41:31  :: SubscriptionResponse UUID: Service:LT ServiceKey:* Success:True
2019-05-16 14:41:35  :: Unknown order processing execution report for OrderId e9ebb450-0793-bf85-fb1c-dd78d2d8172e 
2019-05-16 14:41:35  :: Unknown order processing execution report for OrderId e9ebb450-0793-bf85-fb1c-dd78d2d8172e 
2019-05-16 14:41:43  :: Incoming subscription for Service: LT - Service key: * - UUID: APIClientUUID SubscriptionType: S UserId: MM2_CLOBUI2 JsonToken:eyJhbGciOiJIUzI1NiIsInR5cCI6IkpXVCJ9.eyJpYXQiOjE1NTEzODY5NjksImV4cCI
2019-05-16 14:41:43  :: Entering ProcessMyTrades for ServiceKey=*
2019-05-16 14:41:44  :: SubscriptionResponse UUID: Service:LT ServiceKey:* Success:True
2019-05-16 14:43:10  :: Connecting second client 26288.  Removing previous client
2019-05-16 14:43:10  :: Turning threads off on socket disconnection
2019-05-16 14:43:10  :: Connected second client 26288.  Removing previous client
2019-05-16 14:43:16  :: Incoming Login request for user MM2_CLOBUI2
2019-05-16 14:43:16  :: user MM2_CLOBUI2 Successfully logged in
2019-05-16 14:43:26  :: Incoming subscription for Service: Oy - Service key: SWP-XBT-USD-G19 - UUID: APIClientUUID SubscriptionType: S UserId: MM2_CLOBUI2 JsonToken:eyJhbGciOiJIUzI1NiIsInR5cCI6IkpXVCJ9.eyJpYXQiOjE1NTEzODY5NjksImV4cCI
2019-05-16 14:43:26  :: Entering ProcessMyOrders for ServiceKey=SWP-XBT-USD-G19
2019-05-16 14:43:26  :: @Outgoing Bitmex:Recovering full order list
2019-05-16 14:43:38  :: SubscriptionResponse UUID: Service:Oy ServiceKey:* Success:True
2019-05-16 14:43:38  :: Incoming subscription for Service: Oy - Service key: SWP-XBT-USD-G19 - UUID: APIClientUUID SubscriptionType: S UserId: MM2_CLOBUI2 JsonToken:eyJhbGciOiJIUzI1NiIsInR5cCI6IkpXVCJ9.eyJpYXQiOjE1NTEzODY5NjksImV4cCI
2019-05-16 14:43:38  :: Entering ProcessMyOrders for ServiceKey=SWP-XBT-USD-G19
2019-05-16 14:43:38  :: @Outgoing Bitmex:Recovering full order list
2019-05-16 14:43:38  :: SubscriptionResponse UUID:APIClientUUID Service:Oy ServiceKey:* Success:True
2019-05-16 14:43:45  :: Incoming subscription for Service: Oy - Service key: SWP-XBT-USD-G19 - UUID: APIClientUUID SubscriptionType: S UserId: MM2_CLOBUI2 JsonToken:eyJhbGciOiJIUzI1NiIsInR5cCI6IkpXVCJ9.eyJpYXQiOjE1NTEzODY5NjksImV4cCI
2019-05-16 14:43:45  :: Entering ProcessMyOrders for ServiceKey=SWP-XBT-USD-G19
2019-05-16 14:43:45  :: @Outgoing Bitmex:Recovering full order list
2019-05-16 14:43:45  :: SubscriptionResponse UUID:APIClientUUID Service:Oy ServiceKey:* Success:True
2019-05-16 14:44:12  :: Incoming subscription for Service: Oy - Service key: * - UUID: APIClientUUID SubscriptionType: S UserId: MM2_CLOBUI2 JsonToken:eyJhbGciOiJIUzI1NiIsInR5cCI6IkpXVCJ9.eyJpYXQiOjE1NTEzODY5NjksImV4cCI
2019-05-16 14:44:12  :: Entering ProcessMyOrders for ServiceKey=*
2019-05-16 14:44:12  :: @Outgoing Bitmex:Recovering full order list
2019-05-16 14:44:13  :: SubscriptionResponse UUID:APIClientUUID Service:Oy ServiceKey:* Success:True
2019-05-16 14:44:20  :: Unknown order processing execution report for OrderId 4fad149c-dec7-46b0-f958-c104b51a99e6 
2019-05-16 14:44:20  :: Unknown order processing execution report for OrderId 4fad149c-dec7-46b0-f958-c104b51a99e6 
2019-05-16 14:51:34  :: Unknown order processing execution report for OrderId cf8d87d7-9bf0-c368-62b9-8f21b5fcc06e 
2019-05-16 14:51:34  :: Unknown order processing execution report for OrderId cf8d87d7-9bf0-c368-62b9-8f21b5fcc06e 
2019-05-16 14:51:58  :: Unknown order processing execution report for OrderId ecb4c23c-643a-e184-f1c8-8f3259c19c77 
2019-05-16 14:51:58  :: Unknown order processing execution report for OrderId ecb4c23c-643a-e184-f1c8-8f3259c19c77 
2019-05-16 15:00:16  :: Unknown order processing execution report for OrderId 7eefaa5b-a288-7bbe-6740-2884b76fdb1f 
2019-05-16 15:00:16  :: Unknown order processing execution report for OrderId 7eefaa5b-a288-7bbe-6740-2884b76fdb1f 
2019-05-16 15:17:29  :: Initializing Mock Simulated Server...
2019-05-16 15:17:29  :: Initializing all collections...
2019-05-16 15:17:30  :: 5/16/2019 3:17:30 PMBaseCommunicationModule.LoadConfig
2019-05-16 15:17:30  :: Loading config:.\BitMex\incomingBitmex.xml
2019-05-16 15:17:30  :: Processing config:.\BitMex\incomingBitmex.xml
2019-05-16 15:17:30  :: Ending GetConfiguracion .\BitMex\incomingBitmex.xml
2019-05-16 15:17:30  :: Initializing WSMarketDataManager @ BitMexInstructionBasedMarketClient
2019-05-16 15:17:33  :: Connected: True - Error Message: 
2019-05-16 15:17:33  :: Initializing SecurityListManager @ BitMexInstructionBasedMarketClient
2019-05-16 15:17:33  :: Assigning events @ BitMexInstructionBasedMarketClient
2019-05-16 15:17:33  :: 5/16/2019 3:17:33 PMOrderRouterBase.LoadConfig
2019-05-16 15:17:33  :: Loading config:.\BitMex\outgoingBitmex.xml
2019-05-16 15:17:33  :: Processing config:.\BitMex\outgoingBitmex.xml
2019-05-16 15:17:33  :: Ending GetConfiguracion .\BitMex\outgoingBitmex.xml
2019-05-16 15:17:34  :: Collections Initialized...
2019-05-16 15:17:35  :: Successfully subscribed to execution event 
2019-05-16 15:17:44  :: Connecting for the first time to client 1830
2019-05-16 15:17:44  :: Connected for the first time to client 1830
2019-05-16 15:17:48  :: Incoming Login request for user MM2_CLOBUI2
2019-05-16 15:17:48  :: user MM2_CLOBUI2 Successfully logged in
2019-05-16 15:17:54  :: Incoming subscription for Service: Oy - Service key: 2@SWP-XBT-USD-G19 - UUID: APIClientUUID SubscriptionType: S UserId: MM2_CLOBUI2 JsonToken:eyJhbGciOiJIUzI1NiIsInR5cCI6IkpXVCJ9.eyJpYXQiOjE1NTEzODY5NjksImV4cCI
2019-05-16 15:17:56  :: Entering ProcessMyOrders for ServiceKey=2@SWP-XBT-USD-G19
2019-05-16 15:18:04  :: @Outgoing Bitmex:Recovering full order list
2019-05-16 15:18:05  :: SubscriptionResponse UUID: Service:Oy ServiceKey:* Success:True
2019-05-16 15:44:21  :: Initializing Mock Simulated Server...
2019-05-16 15:44:21  :: Initializing all collections...
2019-05-16 15:44:22  :: 5/16/2019 3:44:22 PMBaseCommunicationModule.LoadConfig
2019-05-16 15:44:22  :: Loading config:.\BitMex\incomingBitmex.xml
2019-05-16 15:44:22  :: Processing config:.\BitMex\incomingBitmex.xml
2019-05-16 15:44:22  :: Ending GetConfiguracion .\BitMex\incomingBitmex.xml
2019-05-16 15:44:22  :: Initializing WSMarketDataManager @ BitMexInstructionBasedMarketClient
2019-05-16 15:44:24  :: Connected: True - Error Message: 
2019-05-16 15:44:24  :: Initializing SecurityListManager @ BitMexInstructionBasedMarketClient
2019-05-16 15:44:24  :: Assigning events @ BitMexInstructionBasedMarketClient
2019-05-16 15:44:24  :: 5/16/2019 3:44:24 PMOrderRouterBase.LoadConfig
2019-05-16 15:44:24  :: Loading config:.\BitMex\outgoingBitmex.xml
2019-05-16 15:44:24  :: Processing config:.\BitMex\outgoingBitmex.xml
2019-05-16 15:44:24  :: Ending GetConfiguracion .\BitMex\outgoingBitmex.xml
2019-05-16 15:44:25  :: Collections Initialized...
2019-05-16 15:44:26  :: Successfully subscribed to execution event 
2019-05-16 15:44:36  :: Connecting for the first time to client 26644
2019-05-16 15:44:36  :: Connected for the first time to client 26644
2019-05-16 15:44:36  :: Incoming Login request for user MM2_CLOBUI2
2019-05-16 15:44:36  :: user MM2_CLOBUI2 Successfully logged in
2019-05-16 15:44:49  :: Incoming subscription for Service: LT - Service key: XBT-USD - UUID: APIClientUUID SubscriptionType: S UserId: MM2_CLOBUI2 JsonToken:eyJhbGciOiJIUzI1NiIsInR5cCI6IkpXVCJ9.eyJpYXQiOjE1NTEzODY5NjksImV4cCI
2019-05-16 15:44:49  :: Entering ProcessMyTrades for ServiceKey=XBT-USD
2019-05-16 15:45:30  :: SubscriptionResponse UUID: Service:LT ServiceKey:* Success:True
2019-05-16 15:45:49  :: Initializing Mock Simulated Server...
2019-05-16 15:45:49  :: Initializing all collections...
2019-05-16 15:45:49  :: 5/16/2019 3:45:49 PMBaseCommunicationModule.LoadConfig
2019-05-16 15:45:49  :: Loading config:.\BitMex\incomingBitmex.xml
2019-05-16 15:45:49  :: Processing config:.\BitMex\incomingBitmex.xml
2019-05-16 15:45:49  :: Ending GetConfiguracion .\BitMex\incomingBitmex.xml
2019-05-16 15:45:49  :: Initializing WSMarketDataManager @ BitMexInstructionBasedMarketClient
2019-05-16 15:45:52  :: Connected: True - Error Message: 
2019-05-16 15:45:52  :: Initializing SecurityListManager @ BitMexInstructionBasedMarketClient
2019-05-16 15:45:52  :: Assigning events @ BitMexInstructionBasedMarketClient
2019-05-16 15:45:52  :: 5/16/2019 3:45:52 PMOrderRouterBase.LoadConfig
2019-05-16 15:45:52  :: Loading config:.\BitMex\outgoingBitmex.xml
2019-05-16 15:45:52  :: Processing config:.\BitMex\outgoingBitmex.xml
2019-05-16 15:45:52  :: Ending GetConfiguracion .\BitMex\outgoingBitmex.xml
2019-05-16 15:45:53  :: Collections Initialized...
2019-05-16 15:45:54  :: Successfully subscribed to execution event 
2019-05-16 15:46:00  :: Connecting for the first time to client 26836
2019-05-16 15:46:00  :: Connected for the first time to client 26836
2019-05-16 15:46:04  :: Incoming Login request for user MM2_CLOBUI1
2019-05-16 15:46:04  :: user MM2_CLOBUI1 Successfully logged in
2019-05-16 15:46:10  :: Incoming subscription for Service: Oy - Service key: 23@SWP-XBT-USD-G19 - UUID: APIClientUUID SubscriptionType: S UserId: MM2_CLOBUI1 JsonToken:eyJhbGciOiJIUzI1NiIsInR5cCI6IkpXVCJ9.eyJpYXQiOjE1NTEzODY5NjksImV4cCI
2019-05-16 15:46:10  :: Entering ProcessMyOrders for ServiceKey=23@SWP-XBT-USD-G19
2019-05-16 15:46:10  :: @Outgoing Bitmex:Recovering full order list
2019-05-16 15:46:11  :: SubscriptionResponse UUID: Service:Oy ServiceKey:* Success:True
2019-05-16 15:46:22  :: Connecting second client 26864.  Removing previous client
2019-05-16 15:46:22  :: Turning threads off on socket disconnection
2019-05-16 15:46:22  :: Connected second client 26864.  Removing previous client
2019-05-16 15:46:44  :: Initializing Mock Simulated Server...
2019-05-16 15:46:44  :: Initializing all collections...
2019-05-16 15:46:44  :: 5/16/2019 3:46:44 PMBaseCommunicationModule.LoadConfig
2019-05-16 15:46:44  :: Loading config:.\BitMex\incomingBitmex.xml
2019-05-16 15:46:44  :: Processing config:.\BitMex\incomingBitmex.xml
2019-05-16 15:46:45  :: Ending GetConfiguracion .\BitMex\incomingBitmex.xml
2019-05-16 15:46:45  :: Initializing WSMarketDataManager @ BitMexInstructionBasedMarketClient
2019-05-16 15:46:46  :: Connected: True - Error Message: 
2019-05-16 15:46:46  :: Initializing SecurityListManager @ BitMexInstructionBasedMarketClient
2019-05-16 15:46:46  :: Assigning events @ BitMexInstructionBasedMarketClient
2019-05-16 15:46:46  :: 5/16/2019 3:46:46 PMOrderRouterBase.LoadConfig
2019-05-16 15:46:46  :: Loading config:.\BitMex\outgoingBitmex.xml
2019-05-16 15:46:46  :: Processing config:.\BitMex\outgoingBitmex.xml
2019-05-16 15:46:46  :: Ending GetConfiguracion .\BitMex\outgoingBitmex.xml
2019-05-16 15:46:47  :: Collections Initialized...
2019-05-16 15:46:48  :: Successfully subscribed to execution event 
2019-05-16 15:46:53  :: Connecting for the first time to client 26910
2019-05-16 15:46:53  :: Connected for the first time to client 26910
2019-05-16 15:47:02  :: Incoming Login request for user MM2_CLOBUI2
2019-05-16 15:47:02  :: user MM2_CLOBUI2 Successfully logged in
2019-05-16 15:47:16  :: Incoming subscription for Service: LT - Service key: * - UUID: APIClientUUID SubscriptionType: S UserId: MM2_CLOBUI2 JsonToken:eyJhbGciOiJIUzI1NiIsInR5cCI6IkpXVCJ9.eyJpYXQiOjE1NTEzODY5NjksImV4cCI
2019-05-16 15:47:16  :: Entering ProcessMyTrades for ServiceKey=*
2019-05-16 15:47:28  :: SubscriptionResponse UUID: Service:LT ServiceKey:* Success:True
2019-05-16 15:50:39  :: Initializing Mock Simulated Server...
2019-05-16 15:50:39  :: Initializing all collections...
2019-05-16 15:50:39  :: 5/16/2019 3:50:39 PMBaseCommunicationModule.LoadConfig
2019-05-16 15:50:39  :: Loading config:.\BitMex\incomingBitmex.xml
2019-05-16 15:50:39  :: Processing config:.\BitMex\incomingBitmex.xml
2019-05-16 15:50:39  :: Ending GetConfiguracion .\BitMex\incomingBitmex.xml
2019-05-16 15:50:39  :: Initializing WSMarketDataManager @ BitMexInstructionBasedMarketClient
2019-05-16 15:50:42  :: Connected: True - Error Message: 
2019-05-16 15:50:42  :: Initializing SecurityListManager @ BitMexInstructionBasedMarketClient
2019-05-16 15:50:42  :: Assigning events @ BitMexInstructionBasedMarketClient
2019-05-16 15:50:42  :: 5/16/2019 3:50:42 PMOrderRouterBase.LoadConfig
2019-05-16 15:50:42  :: Loading config:.\BitMex\outgoingBitmex.xml
2019-05-16 15:50:42  :: Processing config:.\BitMex\outgoingBitmex.xml
2019-05-16 15:50:42  :: Ending GetConfiguracion .\BitMex\outgoingBitmex.xml
2019-05-16 15:50:43  :: Collections Initialized...
2019-05-16 15:50:43  :: Successfully subscribed to execution event 
2019-05-16 15:50:51  :: Connecting for the first time to client 27201
2019-05-16 15:50:51  :: Connected for the first time to client 27201
2019-05-16 15:50:56  :: Incoming Login request for user MM2_CLOBUI2
2019-05-16 15:50:56  :: user MM2_CLOBUI2 Successfully logged in
2019-05-16 15:51:08  :: Incoming subscription for Service: LT - Service key: * - UUID: APIClientUUID SubscriptionType: S UserId: MM2_CLOBUI2 JsonToken:eyJhbGciOiJIUzI1NiIsInR5cCI6IkpXVCJ9.eyJpYXQiOjE1NTEzODY5NjksImV4cCI
2019-05-16 15:51:08  :: Entering ProcessMyTrades for ServiceKey=*
2019-05-16 15:51:09  :: SubscriptionResponse UUID: Service:LT ServiceKey:* Success:True
2019-05-16 15:52:01  :: Initializing Mock Simulated Server...
2019-05-16 15:52:01  :: Initializing all collections...
2019-05-16 15:52:01  :: 5/16/2019 3:52:01 PMBaseCommunicationModule.LoadConfig
2019-05-16 15:52:01  :: Loading config:.\BitMex\incomingBitmex.xml
2019-05-16 15:52:01  :: Processing config:.\BitMex\incomingBitmex.xml
2019-05-16 15:52:01  :: Ending GetConfiguracion .\BitMex\incomingBitmex.xml
2019-05-16 15:52:01  :: Initializing WSMarketDataManager @ BitMexInstructionBasedMarketClient
2019-05-16 15:52:04  :: Connected: True - Error Message: 
2019-05-16 15:52:04  :: Initializing SecurityListManager @ BitMexInstructionBasedMarketClient
2019-05-16 15:52:04  :: Assigning events @ BitMexInstructionBasedMarketClient
2019-05-16 15:52:04  :: 5/16/2019 3:52:04 PMOrderRouterBase.LoadConfig
2019-05-16 15:52:04  :: Loading config:.\BitMex\outgoingBitmex.xml
2019-05-16 15:52:04  :: Processing config:.\BitMex\outgoingBitmex.xml
2019-05-16 15:52:04  :: Ending GetConfiguracion .\BitMex\outgoingBitmex.xml
2019-05-16 15:52:05  :: Collections Initialized...
2019-05-16 15:52:05  :: Successfully subscribed to execution event 
2019-05-16 15:52:08  :: Connecting for the first time to client 27336
2019-05-16 15:52:08  :: Connected for the first time to client 27336
2019-05-16 15:52:52  :: Incoming Login request for user MM2_CLOBUI2
2019-05-16 15:52:52  :: user MM2_CLOBUI2 Successfully logged in
2019-05-16 15:53:03  :: Incoming subscription for Service: LT - Service key: NDF-XBT-USD-X19 - UUID: APIClientUUID SubscriptionType: S UserId: MM2_CLOBUI2 JsonToken:eyJhbGciOiJIUzI1NiIsInR5cCI6IkpXVCJ9.eyJpYXQiOjE1NTEzODY5NjksImV4cCI
2019-05-16 15:53:03  :: Entering ProcessMyTrades for ServiceKey=NDF-XBT-USD-X19
2019-05-16 15:53:04  :: SubscriptionResponse UUID: Service:LT ServiceKey:* Success:True
2019-05-16 17:12:15  :: Initializing Mock Simulated Server...
2019-05-16 17:12:15  :: Initializing all collections...
2019-05-16 17:12:16  :: 5/16/2019 5:12:16 PMBaseCommunicationModule.LoadConfig
2019-05-16 17:12:16  :: Loading config:.\BitMex\incomingBitmex.xml
2019-05-16 17:12:16  :: Processing config:.\BitMex\incomingBitmex.xml
2019-05-16 17:12:17  :: Ending GetConfiguracion .\BitMex\incomingBitmex.xml
2019-05-16 17:12:17  :: Initializing WSMarketDataManager @ BitMexInstructionBasedMarketClient
2019-05-16 17:12:19  :: Connected: True - Error Message: 
2019-05-16 17:12:19  :: Initializing SecurityListManager @ BitMexInstructionBasedMarketClient
2019-05-16 17:12:19  :: Assigning events @ BitMexInstructionBasedMarketClient
2019-05-16 17:12:19  :: 5/16/2019 5:12:19 PMOrderRouterBase.LoadConfig
2019-05-16 17:12:19  :: Loading config:.\BitMex\outgoingBitmex.xml
2019-05-16 17:12:19  :: Processing config:.\BitMex\outgoingBitmex.xml
2019-05-16 17:12:20  :: Ending GetConfiguracion .\BitMex\outgoingBitmex.xml
2019-05-16 17:12:20  :: Collections Initialized...
2019-05-16 17:12:21  :: Successfully subscribed to execution event 
2019-05-16 17:12:36  :: Connecting for the first time to client 35888
2019-05-16 17:12:36  :: Connected for the first time to client 35888
2019-05-16 17:12:44  :: Unknown order processing execution report for OrderId e27a15e7-295b-3a16-90d4-254009e6b72b 
2019-05-16 17:12:44  :: Unknown order processing execution report for OrderId e27a15e7-295b-3a16-90d4-254009e6b72b 
2019-05-16 17:12:45  :: Incoming Login request for user MM2_CLOBUI2
2019-05-16 17:12:45  :: user MM2_CLOBUI2 Successfully logged in
2019-05-16 17:12:54  :: Incoming subscription for Service: Oy - Service key: 23@SWP-XBT-USD-G19 - UUID: APIClientUUID SubscriptionType: S UserId: MM2_CLOBUI2 JsonToken:eyJhbGciOiJIUzI1NiIsInR5cCI6IkpXVCJ9.eyJpYXQiOjE1NTEzODY5NjksImV4cCI
2019-05-16 17:12:54  :: Entering ProcessMyOrders for ServiceKey=23@SWP-XBT-USD-G19
2019-05-16 17:12:54  :: @Outgoing Bitmex:Recovering full order list
2019-05-16 17:12:55  :: SubscriptionResponse UUID: Service:Oy ServiceKey: Success:True
2019-05-16 17:13:30  :: Unknown order processing execution report for OrderId c635d8d2-0728-d919-f57a-f1208e756e21 
2019-05-16 17:14:36  :: Initializing Mock Simulated Server...
2019-05-16 17:14:36  :: Initializing all collections...
2019-05-16 17:14:36  :: 5/16/2019 5:14:36 PMBaseCommunicationModule.LoadConfig
2019-05-16 17:14:36  :: Loading config:.\BitMex\incomingBitmex.xml
2019-05-16 17:14:36  :: Processing config:.\BitMex\incomingBitmex.xml
2019-05-16 17:14:36  :: Ending GetConfiguracion .\BitMex\incomingBitmex.xml
2019-05-16 17:14:36  :: Initializing WSMarketDataManager @ BitMexInstructionBasedMarketClient
2019-05-16 17:14:38  :: Connected: True - Error Message: 
2019-05-16 17:14:38  :: Initializing SecurityListManager @ BitMexInstructionBasedMarketClient
2019-05-16 17:14:38  :: Assigning events @ BitMexInstructionBasedMarketClient
2019-05-16 17:14:39  :: 5/16/2019 5:14:39 PMOrderRouterBase.LoadConfig
2019-05-16 17:14:39  :: Loading config:.\BitMex\outgoingBitmex.xml
2019-05-16 17:14:39  :: Processing config:.\BitMex\outgoingBitmex.xml
2019-05-16 17:14:39  :: Ending GetConfiguracion .\BitMex\outgoingBitmex.xml
2019-05-16 17:14:40  :: Collections Initialized...
2019-05-16 17:14:40  :: Successfully subscribed to execution event 
2019-05-16 17:14:45  :: Connecting for the first time to client 36141
2019-05-16 17:14:45  :: Connected for the first time to client 36141
2019-05-16 17:14:50  :: Incoming Login request for user MM2_CLOBUI2
2019-05-16 17:14:50  :: user MM2_CLOBUI2 Successfully logged in
2019-05-16 17:14:59  :: Incoming subscription for Service: Oy - Service key: * - UUID: APIClientUUID SubscriptionType: S UserId: MM2_CLOBUI2 JsonToken:eyJhbGciOiJIUzI1NiIsInR5cCI6IkpXVCJ9.eyJpYXQiOjE1NTEzODY5NjksImV4cCI
2019-05-16 17:14:59  :: Entering ProcessMyOrders for ServiceKey=*
2019-05-16 17:14:59  :: @Outgoing Bitmex:Recovering full order list
2019-05-16 17:15:03  :: Unknown order processing execution report for OrderId b8c933f3-2174-83e4-b787-ebf215934a53 
2019-05-16 17:15:11  :: SubscriptionResponse UUID: Service:Oy ServiceKey: Success:True
2019-05-16 17:16:01  :: Initializing Mock Simulated Server...
2019-05-16 17:16:01  :: Initializing all collections...
2019-05-16 17:16:01  :: 5/16/2019 5:16:01 PMBaseCommunicationModule.LoadConfig
2019-05-16 17:16:01  :: Loading config:.\BitMex\incomingBitmex.xml
2019-05-16 17:16:01  :: Processing config:.\BitMex\incomingBitmex.xml
2019-05-16 17:16:01  :: Ending GetConfiguracion .\BitMex\incomingBitmex.xml
2019-05-16 17:16:01  :: Initializing WSMarketDataManager @ BitMexInstructionBasedMarketClient
2019-05-16 17:16:04  :: Connected: True - Error Message: 
2019-05-16 17:16:04  :: Initializing SecurityListManager @ BitMexInstructionBasedMarketClient
2019-05-16 17:16:04  :: Assigning events @ BitMexInstructionBasedMarketClient
2019-05-16 17:16:04  :: 5/16/2019 5:16:04 PMOrderRouterBase.LoadConfig
2019-05-16 17:16:04  :: Loading config:.\BitMex\outgoingBitmex.xml
2019-05-16 17:16:04  :: Processing config:.\BitMex\outgoingBitmex.xml
2019-05-16 17:16:04  :: Ending GetConfiguracion .\BitMex\outgoingBitmex.xml
2019-05-16 17:16:05  :: Collections Initialized...
2019-05-16 17:16:06  :: Successfully subscribed to execution event 
2019-05-16 17:16:10  :: Connecting for the first time to client 36272
2019-05-16 17:16:10  :: Connected for the first time to client 36272
2019-05-16 17:16:15  :: Incoming Login request for user MM2_CLOBUI1
2019-05-16 17:16:15  :: user MM2_CLOBUI1 Successfully logged in
2019-05-16 17:16:40  :: Unknown order processing execution report for OrderId d92d12fa-dbb1-22de-0783-02c9090d200f 
2019-05-16 17:16:41  :: Incoming subscription for Service: Oy - Service key: 23@SWP-XBT-USD-G19 - UUID: APIClientUUID SubscriptionType: S UserId: MM2_CLOBUI1 JsonToken:eyJhbGciOiJIUzI1NiIsInR5cCI6IkpXVCJ9.eyJpYXQiOjE1NTEzODY5NjksImV4cCI
2019-05-16 17:16:41  :: Entering ProcessMyOrders for ServiceKey=23@SWP-XBT-USD-G19
2019-05-16 17:16:41  :: @Outgoing Bitmex:Recovering full order list
2019-05-16 17:16:41  :: SubscriptionResponse UUID: Service:Oy ServiceKey: Success:True
2019-05-16 17:17:01  :: Incoming subscription for Service: Oy - Service key: 23@SWP-XBT-USD-G19 - UUID: APIClientUUID SubscriptionType: S UserId: MM2_CLOBUI1 JsonToken:eyJhbGciOiJIUzI1NiIsInR5cCI6IkpXVCJ9.eyJpYXQiOjE1NTEzODY5NjksImV4cCI
2019-05-16 17:17:01  :: Entering ProcessMyOrders for ServiceKey=23@SWP-XBT-USD-G19
2019-05-16 17:17:01  :: @Outgoing Bitmex:Recovering full order list
2019-05-16 17:17:01  :: SubscriptionResponse UUID:APIClientUUID Service:Oy ServiceKey:23@SWP-XBT-USD-G19 Success:True
2019-05-16 17:17:14  :: Incoming subscription for Service: Oy - Service key: 23@SWP-XBT-USD-G19 - UUID: APIClientUUID SubscriptionType: S UserId: MM2_CLOBUI1 JsonToken:eyJhbGciOiJIUzI1NiIsInR5cCI6IkpXVCJ9.eyJpYXQiOjE1NTEzODY5NjksImV4cCI
2019-05-16 17:17:14  :: Entering ProcessMyOrders for ServiceKey=23@SWP-XBT-USD-G19
2019-05-16 17:17:14  :: @Outgoing Bitmex:Recovering full order list
2019-05-16 17:17:14  :: SubscriptionResponse UUID:APIClientUUID Service:Oy ServiceKey:23@SWP-XBT-USD-G19 Success:True
2019-05-16 17:17:36  :: Unknown order processing execution report for OrderId 4a8452b0-c99d-7ded-2569-bb1be624ab15 
2019-05-16 17:17:37  :: Incoming subscription for Service: Oy - Service key: 22@XBT-USD - UUID: APIClientUUID SubscriptionType: S UserId: MM2_CLOBUI1 JsonToken:eyJhbGciOiJIUzI1NiIsInR5cCI6IkpXVCJ9.eyJpYXQiOjE1NTEzODY5NjksImV4cCI
2019-05-16 17:17:37  :: Entering ProcessMyOrders for ServiceKey=22@XBT-USD
2019-05-16 17:17:37  :: @Outgoing Bitmex:Recovering full order list
2019-05-16 17:17:54  :: SubscriptionResponse UUID:APIClientUUID Service:Oy ServiceKey:23@SWP-XBT-USD-G19 Success:True
2019-05-16 17:17:54  :: Unknown order processing execution report for OrderId 029b30f3-0d23-cd2c-a3ac-4439908e2ad6 
2019-05-16 17:18:01  :: Unknown order processing execution report for OrderId 029b30f3-0d23-cd2c-a3ac-4439908e2ad6 
2019-05-16 17:18:48  :: Initializing Mock Simulated Server...
2019-05-16 17:18:48  :: Initializing all collections...
2019-05-16 17:18:48  :: 5/16/2019 5:18:48 PMBaseCommunicationModule.LoadConfig
2019-05-16 17:18:48  :: Loading config:.\BitMex\incomingBitmex.xml
2019-05-16 17:18:48  :: Processing config:.\BitMex\incomingBitmex.xml
2019-05-16 17:18:48  :: Ending GetConfiguracion .\BitMex\incomingBitmex.xml
2019-05-16 17:18:48  :: Initializing WSMarketDataManager @ BitMexInstructionBasedMarketClient
2019-05-16 17:18:50  :: Connected: True - Error Message: 
2019-05-16 17:18:50  :: Initializing SecurityListManager @ BitMexInstructionBasedMarketClient
2019-05-16 17:18:50  :: Assigning events @ BitMexInstructionBasedMarketClient
2019-05-16 17:18:50  :: 5/16/2019 5:18:50 PMOrderRouterBase.LoadConfig
2019-05-16 17:18:50  :: Loading config:.\BitMex\outgoingBitmex.xml
2019-05-16 17:18:50  :: Processing config:.\BitMex\outgoingBitmex.xml
2019-05-16 17:18:51  :: Ending GetConfiguracion .\BitMex\outgoingBitmex.xml
2019-05-16 17:18:51  :: Collections Initialized...
2019-05-16 17:18:52  :: Successfully subscribed to execution event 
2019-05-16 17:19:59  :: Unknown order processing execution report for OrderId fcbb2d38-11ca-e3e5-f1fe-cb19cfc8f145 
2019-05-16 17:20:19  :: Unknown order processing execution report for OrderId b6d9c1c3-9610-ba4f-ac6e-b7c14ea20891 
2019-05-16 17:20:19  :: Unknown order processing execution report for OrderId b6d9c1c3-9610-ba4f-ac6e-b7c14ea20891 
2019-05-16 17:20:36  :: Unknown order processing execution report for OrderId 32c3f591-a1bb-e2f4-ecdd-07e348150298 
2019-05-16 17:20:36  :: Unknown order processing execution report for OrderId 32c3f591-a1bb-e2f4-ecdd-07e348150298 
2019-05-16 17:21:09  :: Unknown order processing execution report for OrderId 6ebd2866-ed54-1a99-178c-4aa58328b7c1 
2019-05-16 17:21:30  :: Unknown order processing execution report for OrderId 5e87470f-3335-189a-1eb7-76bcfc7b5203 
