2019-08-26 12:55:10  :: Initializing Mock Server...
2019-08-26 12:55:10  :: Initializing all collections...
2019-08-26 12:55:11  :: Creating history service for controller HistoryServiceController on URL http://localhost:29400/
2019-08-26 12:55:11  :: Collections Initialized...
2019-08-26 13:05:29  :: Initializing Mock Server...
2019-08-26 13:05:29  :: Initializing all collections...
2019-08-26 13:05:30  :: Creating history service for controller HistoryServiceController on URL http://localhost:29400/
2019-08-26 13:05:30  :: Collections Initialized...
2019-08-26 13:05:39  :: Connecting for the first time to client 6006
2019-08-26 13:05:39  :: Connected for the first time to client 6006
2019-08-26 13:06:40  :: OnMessage TokenRequest from IP -> 127.0.0.1
2019-08-26 13:06:40  :: OnMessage ClientLogin from IP -> 127.0.0.1
2019-08-26 13:07:28  :: Initializing Mock Server...
2019-08-26 13:07:28  :: Initializing all collections...
2019-08-26 13:07:29  :: Creating history service for controller HistoryServiceController on URL http://localhost:29400/
2019-08-26 13:07:29  :: Collections Initialized...
2019-08-26 13:07:41  :: Connecting for the first time to client 6078
2019-08-26 13:07:41  :: Connected for the first time to client 6078
2019-08-26 13:08:01  :: Initializing Mock Server...
2019-08-26 13:08:01  :: Initializing all collections...
2019-08-26 13:08:01  :: Creating history service for controller HistoryServiceController on URL http://localhost:29400/
2019-08-26 13:08:01  :: Collections Initialized...
2019-08-26 13:08:14  :: Initializing Mock Server...
2019-08-26 13:08:14  :: Initializing all collections...
2019-08-26 13:08:14  :: Creating history service for controller HistoryServiceController on URL http://localhost:29400/
2019-08-26 13:08:15  :: Collections Initialized...
2019-08-26 13:08:19  :: Connecting for the first time to client 6088
2019-08-26 13:08:19  :: Connected for the first time to client 6088
2019-08-26 13:08:20  :: OnMessage TokenRequest from IP -> 127.0.0.1
2019-08-26 13:08:20  :: OnMessage ClientLogin from IP -> 127.0.0.1
2019-08-26 13:09:04  :: Initializing Mock Server...
2019-08-26 13:09:04  :: Initializing all collections...
2019-08-26 13:09:05  :: Creating history service for controller HistoryServiceController on URL http://localhost:29400/
2019-08-26 13:09:05  :: Collections Initialized...
2019-08-26 13:09:17  :: Connecting for the first time to client 6095
2019-08-26 13:09:17  :: Connected for the first time to client 6095
2019-08-26 13:09:27  :: OnMessage TokenRequest from IP -> 127.0.0.1
2019-08-26 13:09:27  :: OnMessage ClientLogin from IP -> 127.0.0.1
2019-08-26 13:09:27  :: Wrong password Testing12 for user MM1_CLOBUI
2019-08-26 13:09:47  :: Initializing Mock Server...
2019-08-26 13:09:47  :: Initializing all collections...
2019-08-26 13:09:47  :: Creating history service for controller HistoryServiceController on URL http://localhost:29400/
2019-08-26 13:09:47  :: Collections Initialized...
2019-08-26 13:09:53  :: Connecting for the first time to client 6103
2019-08-26 13:09:53  :: Connected for the first time to client 6103
2019-08-26 13:09:54  :: OnMessage TokenRequest from IP -> 127.0.0.1
2019-08-26 13:09:54  :: OnMessage ClientLogin from IP -> 127.0.0.1
2019-08-26 13:09:57  :: OnMessage ClientHeartbeat from IP -> 127.0.0.1
2019-08-26 13:10:00  :: OnMessage ClientHeartbeat from IP -> 127.0.0.1
2019-08-26 13:10:03  :: Turning threads off on socket disconnection
2019-08-26 13:10:03  :: Error sending heartbeat for token a10f653a-382d-4fc5-afd7-633ce2123e9a: Subproceso anulado.
