2020-03-05 10:53:26  :: Initializing Mock Server...
2020-03-05 10:53:26  :: Initializing all collections...
2020-03-05 10:53:27  :: Creating history service for controller HistoryServiceController on URL http://localhost:29400/
2020-03-05 10:53:28  :: Collections Initialized...
2020-03-05 10:53:39  :: Connecting for the first time to client 33546
2020-03-05 10:53:39  :: Connected for the first time to client 33546
2020-03-05 10:53:40  :: OnMessage TokenRequest from IP -> 127.0.0.1
2020-03-05 10:53:40  :: OnMessage ClientLoginRequest from IP -> 127.0.0.1
2020-03-05 10:53:40  :: Sending ClientLoginResponse with UUID 75414907-6675-448d-b916-49c597aa2ae4
2020-03-05 10:53:40  :: Sending Instrument Batch 
2020-03-05 10:53:40  :: Sending ClientInstrumentState 
2020-03-05 10:53:40  :: Sending ClientInstrumentState 
2020-03-05 10:53:40  :: Sending ClientInstrumentState 
2020-03-05 10:53:40  :: Sending ClientInstrumentState 
2020-03-05 10:53:40  :: Sending ClientInstrumentState 
2020-03-05 10:53:40  :: Sending ClientInstrumentState 
2020-03-05 10:53:40  :: Sending ClientInstrumentState 
2020-03-05 10:53:40  :: Sending ClientInstrumentState 
2020-03-05 10:53:40  :: Sending ClientInstrumentState 
2020-03-05 10:53:40  :: Sending ClientInstrumentState 
2020-03-05 10:53:40  :: Sending ClientInstrumentState 
2020-03-05 10:53:40  :: Sending ClientInstrumentState 
2020-03-05 10:53:40  :: Sending ClientInstrumentState 
2020-03-05 10:53:40  :: Sending ClientInstrumentState 
2020-03-05 10:53:40  :: Sending ClientInstrumentState 
2020-03-05 10:53:40  :: Sending ClientInstrumentState 
2020-03-05 10:53:40  :: Sending ClientInstrumentState 
2020-03-05 10:53:40  :: Sending ClientInstrumentState 
2020-03-05 10:53:40  :: Sending ClientInstrumentState 
2020-03-05 10:53:40  :: Sending ClientInstrumentState 
2020-03-05 10:53:40  :: Sending ClientUserRecord
2020-03-05 10:53:40  :: Sending ClientMarketStateBatch
2020-03-05 10:53:40  :: Sending ClientAccountRecordBatch 
2020-03-05 10:53:43  :: OnMessage ClientOrderReq from IP -> 127.0.0.1
2020-03-05 10:53:43  :: Sending ClientOrderResponse ...
2020-03-05 10:53:43  :: Best ask for buy order (Limit Price=1000.0) found at price 100.38
2020-03-05 10:53:43  :: We eliminate the ask price level 100.38 for symbolXBT-USD (@DepthOfBook and @Orders and we send the message)
2020-03-05 10:53:43  :: We send the DepthOfBookMessage removing the ask price level 100.38 for symbolXBT-USD (@DepthOfBook and @Orders and we send the message)
2020-03-05 10:53:48  :: We send a Trade for Size=13.0 and Price=100.38 for symbol XBT-USD
2020-03-05 10:53:48  :: We update LastSale MD for Size=13 and Price=100.38 for symbol XBT-USD
2020-03-05 10:53:48  :: LastSale updated...
2020-03-05 10:53:48  :: We udate Quotes MD for Size=13 and Price=100.38 for symbol XBT-USD
2020-03-05 10:53:48  :: Updating best bid and ask for symbol XBT-USD
2020-03-05 10:53:48  :: Erasing best ask for symbol XBT-USD
2020-03-05 10:53:48  :: Quotes updated...
2020-03-05 10:53:48  :: We send a Trade Notification for Size=13 and Price=100.38 for symbol XBT-USD
2020-03-05 10:54:08  :: Initializing Mock Server...
2020-03-05 10:54:08  :: Initializing all collections...
2020-03-05 10:54:08  :: Creating history service for controller HistoryServiceController on URL http://localhost:29400/
2020-03-05 10:54:08  :: Collections Initialized...
2020-03-05 10:54:16  :: Connecting for the first time to client 33556
2020-03-05 10:54:16  :: Connected for the first time to client 33556
2020-03-05 10:54:23  :: OnMessage TokenRequest from IP -> 127.0.0.1
2020-03-05 10:54:23  :: OnMessage ClientLoginRequest from IP -> 127.0.0.1
2020-03-05 10:54:23  :: Sending ClientLoginResponse with UUID 636e68cd-e013-49f7-bbdf-842a87370ee2
2020-03-05 10:54:23  :: Sending Instrument Batch 
2020-03-05 10:54:23  :: Sending ClientInstrumentState 
2020-03-05 10:54:23  :: Sending ClientInstrumentState 
2020-03-05 10:54:23  :: Sending ClientInstrumentState 
2020-03-05 10:54:23  :: Sending ClientInstrumentState 
2020-03-05 10:54:23  :: Sending ClientInstrumentState 
2020-03-05 10:54:23  :: Sending ClientInstrumentState 
2020-03-05 10:54:23  :: Sending ClientInstrumentState 
2020-03-05 10:54:23  :: Sending ClientInstrumentState 
2020-03-05 10:54:23  :: Sending ClientInstrumentState 
2020-03-05 10:54:23  :: Sending ClientInstrumentState 
2020-03-05 10:54:23  :: Sending ClientInstrumentState 
2020-03-05 10:54:23  :: Sending ClientInstrumentState 
2020-03-05 10:54:23  :: Sending ClientInstrumentState 
2020-03-05 10:54:23  :: Sending ClientInstrumentState 
2020-03-05 10:54:23  :: Sending ClientInstrumentState 
2020-03-05 10:54:23  :: Sending ClientInstrumentState 
2020-03-05 10:54:23  :: Sending ClientInstrumentState 
2020-03-05 10:54:23  :: Sending ClientInstrumentState 
2020-03-05 10:54:23  :: Sending ClientInstrumentState 
2020-03-05 10:54:23  :: Sending ClientInstrumentState 
2020-03-05 10:54:23  :: Sending ClientUserRecord
2020-03-05 10:54:23  :: Sending ClientMarketStateBatch
2020-03-05 10:54:23  :: Sending ClientAccountRecordBatch 
2020-03-05 10:54:26  :: OnMessage ClientHeartbeat from IP -> 127.0.0.1
2020-03-05 10:54:29  :: OnMessage ClientHeartbeat from IP -> 127.0.0.1
2020-03-05 10:54:32  :: OnMessage ClientHeartbeat from IP -> 127.0.0.1
2020-03-05 10:54:35  :: OnMessage ClientHeartbeat from IP -> 127.0.0.1
2020-03-05 10:54:38  :: OnMessage ClientHeartbeat from IP -> 127.0.0.1
2020-03-05 10:54:39  :: OnMessage ClientOrderReq from IP -> 127.0.0.1
2020-03-05 10:54:39  :: Sending ClientOrderResponse ...
2020-03-05 10:54:39  :: Best ask for buy order (Limit Price=1000.0) found at price 100.38
2020-03-05 10:54:39  :: We eliminate the ask price level 100.38 for symbolXBT-USD (@DepthOfBook and @Orders and we send the message)
2020-03-05 10:54:39  :: We send the DepthOfBookMessage removing the ask price level 100.38 for symbolXBT-USD (@DepthOfBook and @Orders and we send the message)
2020-03-05 10:54:45  :: We send a Trade for Size=13.0 and Price=100.38 for symbol XBT-USD
2020-03-05 10:54:45  :: We update LastSale MD for Size=13 and Price=100.38 for symbol XBT-USD
2020-03-05 10:54:45  :: LastSale updated...
2020-03-05 10:54:45  :: We udate Quotes MD for Size=13 and Price=100.38 for symbol XBT-USD
2020-03-05 10:54:45  :: Updating best bid and ask for symbol XBT-USD
2020-03-05 10:54:45  :: Erasing best ask for symbol XBT-USD
2020-03-05 10:54:45  :: Quotes updated...
2020-03-05 10:54:45  :: We send a Trade Notification for Size=13 and Price=100.38 for symbol XBT-USD
2020-03-05 10:55:39  :: Initializing Mock Server...
2020-03-05 10:55:39  :: Initializing all collections...
2020-03-05 10:55:39  :: Creating history service for controller HistoryServiceController on URL http://localhost:29400/
2020-03-05 10:55:39  :: Collections Initialized...
2020-03-05 10:55:45  :: Connecting for the first time to client 33579
2020-03-05 10:55:45  :: Connected for the first time to client 33579
2020-03-05 10:55:51  :: OnMessage TokenRequest from IP -> 127.0.0.1
2020-03-05 10:55:51  :: OnMessage ClientLoginRequest from IP -> 127.0.0.1
2020-03-05 10:55:51  :: Sending ClientLoginResponse with UUID 278b19c1-ae6e-44ad-9052-eb58a55df356
2020-03-05 10:55:51  :: Sending Instrument Batch 
2020-03-05 10:55:51  :: Sending ClientInstrumentState 
2020-03-05 10:55:51  :: Sending ClientInstrumentState 
2020-03-05 10:55:51  :: Sending ClientInstrumentState 
2020-03-05 10:55:51  :: Sending ClientInstrumentState 
2020-03-05 10:55:51  :: Sending ClientInstrumentState 
2020-03-05 10:55:51  :: Sending ClientInstrumentState 
2020-03-05 10:55:51  :: Sending ClientInstrumentState 
2020-03-05 10:55:51  :: Sending ClientInstrumentState 
2020-03-05 10:55:51  :: Sending ClientInstrumentState 
2020-03-05 10:55:51  :: Sending ClientInstrumentState 
2020-03-05 10:55:51  :: Sending ClientInstrumentState 
2020-03-05 10:55:51  :: Sending ClientInstrumentState 
2020-03-05 10:55:51  :: Sending ClientInstrumentState 
2020-03-05 10:55:51  :: Sending ClientInstrumentState 
2020-03-05 10:55:51  :: Sending ClientInstrumentState 
2020-03-05 10:55:51  :: Sending ClientInstrumentState 
2020-03-05 10:55:51  :: Sending ClientInstrumentState 
2020-03-05 10:55:51  :: Sending ClientInstrumentState 
2020-03-05 10:55:51  :: Sending ClientInstrumentState 
2020-03-05 10:55:51  :: Sending ClientInstrumentState 
2020-03-05 10:55:51  :: Sending ClientUserRecord
2020-03-05 10:55:51  :: Sending ClientMarketStateBatch
2020-03-05 10:55:51  :: Sending ClientAccountRecordBatch 
2020-03-05 10:55:54  :: OnMessage ClientHeartbeat from IP -> 127.0.0.1
2020-03-05 10:55:55  :: OnMessage ClientOrderReq from IP -> 127.0.0.1
2020-03-05 10:55:55  :: Sending ClientOrderResponse ...
2020-03-05 10:55:55  :: Best ask for buy order (Limit Price=1000.0) found at price 100.38
2020-03-05 10:55:55  :: We eliminate the ask price level 100.38 for symbolXBT-USD (@DepthOfBook and @Orders and we send the message)
2020-03-05 10:55:55  :: We send the DepthOfBookMessage removing the ask price level 100.38 for symbolXBT-USD (@DepthOfBook and @Orders and we send the message)
2020-03-05 10:55:55  :: We send a Trade for Size=13.0 and Price=100.38 for symbol XBT-USD
2020-03-05 10:55:55  :: We update LastSale MD for Size=13 and Price=100.38 for symbol XBT-USD
2020-03-05 10:55:55  :: LastSale updated...
2020-03-05 10:55:55  :: We udate Quotes MD for Size=13 and Price=100.38 for symbol XBT-USD
2020-03-05 10:55:55  :: Updating best bid and ask for symbol XBT-USD
2020-03-05 10:55:55  :: Erasing best ask for symbol XBT-USD
2020-03-05 10:55:55  :: Quotes updated...
2020-03-05 10:55:55  :: We send a Trade Notification for Size=13 and Price=100.38 for symbol XBT-USD
2020-03-05 10:58:01  :: Initializing Mock Server...
2020-03-05 10:58:01  :: Initializing all collections...
2020-03-05 10:58:01  :: Creating history service for controller HistoryServiceController on URL http://localhost:29400/
2020-03-05 10:58:02  :: Collections Initialized...
2020-03-05 10:58:21  :: Connecting for the first time to client 33642
2020-03-05 10:58:21  :: Connected for the first time to client 33642
2020-03-05 10:58:23  :: OnMessage TokenRequest from IP -> 127.0.0.1
2020-03-05 10:58:23  :: OnMessage ClientLoginRequest from IP -> 127.0.0.1
2020-03-05 10:58:23  :: Sending ClientLoginResponse with UUID 055780c2-087c-489f-b70a-dc90d95d52b7
2020-03-05 10:58:23  :: Sending Instrument Batch 
2020-03-05 10:58:23  :: Sending ClientInstrumentState 
2020-03-05 10:58:23  :: Sending ClientInstrumentState 
2020-03-05 10:58:23  :: Sending ClientInstrumentState 
2020-03-05 10:58:23  :: Sending ClientInstrumentState 
2020-03-05 10:58:23  :: Sending ClientInstrumentState 
2020-03-05 10:58:23  :: Sending ClientInstrumentState 
2020-03-05 10:58:23  :: Sending ClientInstrumentState 
2020-03-05 10:58:23  :: Sending ClientInstrumentState 
2020-03-05 10:58:23  :: Sending ClientInstrumentState 
2020-03-05 10:58:23  :: Sending ClientInstrumentState 
2020-03-05 10:58:23  :: Sending ClientInstrumentState 
2020-03-05 10:58:23  :: Sending ClientInstrumentState 
2020-03-05 10:58:23  :: Sending ClientInstrumentState 
2020-03-05 10:58:23  :: Sending ClientInstrumentState 
2020-03-05 10:58:23  :: Sending ClientInstrumentState 
2020-03-05 10:58:23  :: Sending ClientInstrumentState 
2020-03-05 10:58:23  :: Sending ClientInstrumentState 
2020-03-05 10:58:23  :: Sending ClientInstrumentState 
2020-03-05 10:58:23  :: Sending ClientInstrumentState 
2020-03-05 10:58:23  :: Sending ClientInstrumentState 
2020-03-05 10:58:23  :: Sending ClientUserRecord
2020-03-05 10:58:23  :: Sending ClientMarketStateBatch
2020-03-05 10:58:23  :: Sending ClientAccountRecordBatch 
2020-03-05 10:58:26  :: OnMessage ClientHeartbeat from IP -> 127.0.0.1
2020-03-05 10:58:27  :: OnMessage ClientOrderReq from IP -> 127.0.0.1
2020-03-05 10:58:27  :: Sending ClientOrderResponse ...
2020-03-05 10:58:27  :: Best ask for buy order (Limit Price=1000.0) found at price 100.38
2020-03-05 10:58:27  :: We eliminate the ask price level 100.38 for symbolXBT-USD (@DepthOfBook and @Orders and we send the message)
2020-03-05 10:58:27  :: We send the DepthOfBookMessage removing the ask price level 100.38 for symbolXBT-USD (@DepthOfBook and @Orders and we send the message)
2020-03-05 10:58:27  :: We send a Trade for Size=13.0 and Price=100.38 for symbol XBT-USD
2020-03-05 10:58:27  :: We update LastSale MD for Size=13 and Price=100.38 for symbol XBT-USD
2020-03-05 10:58:27  :: LastSale updated...
2020-03-05 10:58:27  :: We udate Quotes MD for Size=13 and Price=100.38 for symbol XBT-USD
2020-03-05 10:58:27  :: Updating best bid and ask for symbol XBT-USD
2020-03-05 10:58:27  :: Erasing best ask for symbol XBT-USD
2020-03-05 10:58:27  :: Quotes updated...
2020-03-05 10:58:27  :: We send a Trade Notification for Size=13 and Price=100.38 for symbol XBT-USD
2020-03-05 10:58:40  :: We create the remaining buy price level 1000.0  for size 7.0
2020-03-05 10:58:42  :: brkpnt Creating new order in Orders collection for OrderId = 3e7f6a98-a50d-4ec3-bdae-3ebe8d80c8a5
2020-03-05 10:58:42  :: Creating new order in Orders collection for OrderId = 3e7f6a98-a50d-4ec3-bdae-3ebe8d80c8a5
2020-03-05 10:58:42  :: Sending open order count for all symbols : 3
2020-03-05 10:58:42  :: Updating best bid and ask for symbol XBT-USD
2020-03-05 10:58:42  :: Erasing best ask for symbol XBT-USD
