2020-05-04 16:26:57  :: Initializing Mock Server...
2020-05-04 16:26:57  :: Initializing all collections...
2020-05-04 16:26:59  :: Creating history service for controller HistoryServiceController on URL http://localhost:29400/
2020-05-04 16:27:00  :: Collections Initialized...
2020-05-04 16:27:28  :: Connecting for the first time to client 22348
2020-05-04 16:27:28  :: Connected for the first time to client 22348
2020-05-04 16:27:39  :: OnMessage TokenRequest from IP -> 127.0.0.1
2020-05-04 16:27:39  :: OnMessage ClientLoginRequest from IP -> 127.0.0.1
2020-05-04 16:27:39  :: Sending ClientLoginResponse with UUID 7a34e799-9ac2-4762-baee-b0f755c4a750
2020-05-04 16:27:39  :: Sending Instrument Batch 
2020-05-04 16:27:39  :: Sending ClientInstrumentState 
2020-05-04 16:27:39  :: Sending ClientInstrumentState 
2020-05-04 16:27:39  :: Sending ClientInstrumentState 
2020-05-04 16:27:39  :: Sending ClientInstrumentState 
2020-05-04 16:27:39  :: Sending ClientInstrumentState 
2020-05-04 16:27:39  :: Sending ClientInstrumentState 
2020-05-04 16:27:39  :: Sending ClientInstrumentState 
2020-05-04 16:27:39  :: Sending ClientInstrumentState 
2020-05-04 16:27:39  :: Sending ClientInstrumentState 
2020-05-04 16:27:39  :: Sending ClientInstrumentState 
2020-05-04 16:27:39  :: Sending ClientInstrumentState 
2020-05-04 16:27:39  :: Sending ClientInstrumentState 
2020-05-04 16:27:39  :: Sending ClientInstrumentState 
2020-05-04 16:27:39  :: Sending ClientInstrumentState 
2020-05-04 16:27:39  :: Sending ClientInstrumentState 
2020-05-04 16:27:39  :: Sending ClientInstrumentState 
2020-05-04 16:27:39  :: Sending ClientInstrumentState 
2020-05-04 16:27:39  :: Sending ClientInstrumentState 
2020-05-04 16:27:39  :: Sending ClientInstrumentState 
2020-05-04 16:27:39  :: Sending ClientInstrumentState 
2020-05-04 16:27:39  :: Sending ClientUserRecord
2020-05-04 16:27:39  :: Sending ClientMarketStateBatch
2020-05-04 16:27:39  :: Sending ClientAccountRecordBatch 
2020-05-04 16:27:42  :: OnMessage ClientHeartbeat from IP -> 127.0.0.1
2020-05-04 16:27:45  :: OnMessage ClientHeartbeat from IP -> 127.0.0.1
2020-05-04 16:27:48  :: OnMessage Subscribe from IP -> 127.0.0.1
2020-05-04 16:27:48  :: Incoming subscription for serviceXX SC - ServiceKey:*
2020-05-04 16:27:48  :: SubscriptionResponse UUID:7a34e799-9ac2-4762-baee-b0f755c4a750 Service:SC ServiceKey:* Success:True
2020-05-04 16:27:48  :: Final Net Contracts for Security Id SPOT-TEST:0
2020-05-04 16:27:48  :: Final Net Contracts for Security Id ETH-USD:0
2020-05-04 16:27:48  :: Final Net Contracts for Security Id XMR-USD:0
2020-05-04 16:27:48  :: Final Net Contracts for Security Id XRP-USD:0
2020-05-04 16:27:48  :: Final Net Contracts for Security Id ADA-USD:0
2020-05-04 16:27:48  :: Final Net Contracts for Security Id NDF-XBT-USD-V19:0
2020-05-04 16:27:48  :: Final Net Contracts for Security Id NDF-XBT-USD-X19:0
2020-05-04 16:27:48  :: Final Net Contracts for Security Id NDF-XBT-USD-Z19:0
2020-05-04 16:27:48  :: Final Net Contracts for Security Id NDF-XBT-USD-X18:0
2020-05-04 16:27:48  :: Final Net Contracts for Security Id XBT-USD:0
2020-05-04 16:27:48  :: Final Net Contracts for Security Id SWP-XBT-USD-X18:0
2020-05-04 16:27:48  :: Final Net Contracts for Security Id SWP-SPOT-TEST-TST:0
2020-05-04 16:27:48  :: Final Net Contracts for Security Id SWP-XBT-USD-V18:0
2020-05-04 16:27:48  :: Final Net Contracts for Security Id SWP-XBT-USD-G19:0
2020-05-04 16:27:48  :: Final Net Contracts for Security Id SWP-XBT-USD-N19:-200
2020-05-04 16:27:48  :: Final Net Contracts for Security Id SWP-XBT-USD-Q19:200
2020-05-04 16:27:48  :: Final Net Contracts for Security Id SWP-XBT-USD-V19:-100
2020-05-04 16:27:48  :: Final Net Contracts for Security Id SWP-XBT-USD-X19:300
2020-05-04 16:27:48  :: Final Net Contracts for Security Id SWP-XBT-USD-Z19:0
2020-05-04 16:27:48  :: Final Net Contracts for Security Id ZEC-USD:0
2020-05-04 16:27:48  :: Sending AccountBalance 
2020-05-04 16:27:48  :: OnMessage ClientHeartbeat from IP -> 127.0.0.1
2020-05-04 16:28:12  :: Turning threads off on socket disconnection
2020-05-04 16:28:15  :: Turning threads off on socket disconnection
2020-05-04 16:28:18  :: Turning threads off on socket disconnection
2020-05-04 16:28:21  :: Turning threads off on socket disconnection
2020-05-04 16:28:24  :: Turning threads off on socket disconnection
2020-05-04 16:28:27  :: Turning threads off on socket disconnection
2020-05-04 16:28:30  :: Turning threads off on socket disconnection
2020-05-04 16:28:33  :: Turning threads off on socket disconnection
2020-05-04 16:28:36  :: Turning threads off on socket disconnection
2020-05-04 16:28:39  :: Turning threads off on socket disconnection
2020-05-04 16:28:42  :: Turning threads off on socket disconnection
2020-05-04 16:28:45  :: Turning threads off on socket disconnection
2020-05-04 16:28:48  :: Turning threads off on socket disconnection
2020-05-04 16:28:51  :: Turning threads off on socket disconnection
2020-05-04 16:28:54  :: Turning threads off on socket disconnection
2020-05-04 16:28:57  :: Turning threads off on socket disconnection
2020-05-04 16:29:00  :: Turning threads off on socket disconnection
2020-05-04 16:29:03  :: Turning threads off on socket disconnection
2020-05-04 16:29:06  :: Turning threads off on socket disconnection
2020-05-04 16:29:09  :: Turning threads off on socket disconnection
2020-05-04 16:29:12  :: Turning threads off on socket disconnection
2020-05-04 16:29:15  :: Turning threads off on socket disconnection
2020-05-04 16:29:18  :: Turning threads off on socket disconnection
2020-05-04 16:29:21  :: Turning threads off on socket disconnection
2020-05-04 16:29:24  :: Turning threads off on socket disconnection
2020-05-04 16:29:27  :: Turning threads off on socket disconnection
2020-05-04 16:29:30  :: Turning threads off on socket disconnection
2020-05-04 16:29:33  :: Turning threads off on socket disconnection
2020-05-04 16:29:36  :: Turning threads off on socket disconnection
2020-05-04 16:29:39  :: Turning threads off on socket disconnection
2020-05-04 16:29:42  :: Turning threads off on socket disconnection
2020-05-04 16:29:45  :: Turning threads off on socket disconnection
2020-05-04 16:29:48  :: Turning threads off on socket disconnection
2020-05-04 16:29:51  :: Turning threads off on socket disconnection
2020-05-04 16:29:54  :: Turning threads off on socket disconnection
2020-05-04 16:29:57  :: Turning threads off on socket disconnection
2020-05-04 16:30:00  :: Turning threads off on socket disconnection
2020-05-04 16:30:03  :: Turning threads off on socket disconnection
2020-05-04 16:30:06  :: Turning threads off on socket disconnection
2020-05-04 16:30:09  :: Turning threads off on socket disconnection
2020-05-04 16:30:12  :: Turning threads off on socket disconnection
2020-05-04 16:30:15  :: Turning threads off on socket disconnection
2020-05-04 16:30:18  :: Turning threads off on socket disconnection
2020-05-04 16:30:21  :: Turning threads off on socket disconnection
2020-05-04 16:30:24  :: Turning threads off on socket disconnection
2020-05-04 16:30:27  :: Turning threads off on socket disconnection
2020-05-04 16:30:30  :: Turning threads off on socket disconnection
2020-05-04 16:30:33  :: Turning threads off on socket disconnection
2020-05-04 16:30:36  :: Turning threads off on socket disconnection
2020-05-04 16:30:39  :: Turning threads off on socket disconnection
2020-05-04 16:30:42  :: Turning threads off on socket disconnection
2020-05-04 16:30:45  :: Turning threads off on socket disconnection
2020-05-04 16:30:48  :: Turning threads off on socket disconnection
2020-05-04 16:30:51  :: Turning threads off on socket disconnection
2020-05-04 16:30:54  :: Turning threads off on socket disconnection
2020-05-04 16:30:57  :: Turning threads off on socket disconnection
2020-05-04 16:31:00  :: Turning threads off on socket disconnection
2020-05-04 16:31:03  :: Turning threads off on socket disconnection
2020-05-04 16:31:06  :: Turning threads off on socket disconnection
2020-05-04 16:31:09  :: Turning threads off on socket disconnection
2020-05-04 16:31:12  :: Turning threads off on socket disconnection
2020-05-04 16:31:15  :: Turning threads off on socket disconnection
2020-05-04 16:31:18  :: Turning threads off on socket disconnection
2020-05-04 16:31:21  :: Turning threads off on socket disconnection
2020-05-04 16:31:24  :: Turning threads off on socket disconnection
2020-05-04 16:31:27  :: Turning threads off on socket disconnection
2020-05-04 16:31:30  :: Turning threads off on socket disconnection
2020-05-04 16:31:33  :: Turning threads off on socket disconnection
2020-05-04 16:31:36  :: Turning threads off on socket disconnection
2020-05-04 16:31:39  :: Turning threads off on socket disconnection
2020-05-04 16:31:42  :: Turning threads off on socket disconnection
2020-05-04 16:31:45  :: Turning threads off on socket disconnection
2020-05-04 16:31:48  :: Turning threads off on socket disconnection
2020-05-04 16:31:51  :: Turning threads off on socket disconnection
2020-05-04 16:31:54  :: Turning threads off on socket disconnection
2020-05-04 16:31:57  :: Turning threads off on socket disconnection
2020-05-04 16:32:00  :: Turning threads off on socket disconnection
2020-05-04 16:32:03  :: Turning threads off on socket disconnection
2020-05-04 16:32:06  :: Turning threads off on socket disconnection
2020-05-04 16:32:09  :: Turning threads off on socket disconnection
2020-05-04 16:32:13  :: Turning threads off on socket disconnection
2020-05-04 16:32:16  :: Turning threads off on socket disconnection
2020-05-04 16:32:19  :: Turning threads off on socket disconnection
2020-05-04 16:32:22  :: Turning threads off on socket disconnection
2020-05-04 16:32:25  :: Turning threads off on socket disconnection
2020-05-04 16:32:28  :: Turning threads off on socket disconnection
2020-05-04 16:32:31  :: Turning threads off on socket disconnection
2020-05-04 16:32:34  :: Turning threads off on socket disconnection
2020-05-04 16:32:37  :: Turning threads off on socket disconnection
2020-05-04 16:32:40  :: Turning threads off on socket disconnection
2020-05-04 16:32:43  :: Turning threads off on socket disconnection
2020-05-04 16:32:46  :: Turning threads off on socket disconnection
2020-05-04 16:32:49  :: Turning threads off on socket disconnection
2020-05-04 16:32:52  :: Turning threads off on socket disconnection
2020-05-04 16:32:55  :: Turning threads off on socket disconnection
2020-05-04 16:32:58  :: Turning threads off on socket disconnection
2020-05-04 16:33:01  :: Turning threads off on socket disconnection
2020-05-04 16:33:04  :: Turning threads off on socket disconnection
2020-05-04 16:33:07  :: Turning threads off on socket disconnection
2020-05-04 16:33:10  :: Turning threads off on socket disconnection
2020-05-04 16:33:13  :: Turning threads off on socket disconnection
