2019-04-29 16:38:25  :: Initializing Mock Server...
2019-04-29 16:38:25  :: Initializing all collections...
2019-04-29 16:38:26  :: Collections Initialized...
2019-04-29 16:39:04  :: Incoming Login request for user MM1_CLOBUI
2019-04-29 16:39:04  :: user MM1_CLOBUI Successfully logged in
2019-04-29 16:39:04  :: Incoming subscription for service LS
2019-04-29 16:39:05  :: Incoming subscription for service LQ
2019-04-29 16:39:06  :: Incoming subscription for service FD
2019-04-29 16:39:06  :: Daily Settlement Price not found for symbol XBT-USD...
2019-04-29 16:39:07  :: Incoming subscription for service FP
2019-04-29 16:39:07  :: SubscriptionResponse UUID:MarketDataPOCUUID Service:LS ServiceKey:XBT-USD Success:True
2019-04-29 16:39:08  :: SubscriptionResponse UUID:MarketDataPOCUUID Service:LQ ServiceKey:XBT-USD Success:True
2019-04-29 16:39:10  :: SubscriptionResponse UUID:MarketDataPOCUUID Service:FD ServiceKey:XBT-USD Success:True
2019-04-29 16:39:28  :: Critical error processing last sales message: Subproceso anulado....
2019-04-29 16:39:28  :: Critical error processing quote message: Subproceso anulado....
2019-04-29 16:39:28  :: Critical error processing daily settlement price message: Subproceso anulado....
2019-04-29 16:39:28  :: Turning threads off on socket disconnection
2019-04-29 17:21:08  :: Initializing Mock Server...
2019-04-29 17:21:08  :: Initializing all collections...
2019-04-29 17:21:09  :: Collections Initialized...
2019-04-29 17:26:22  :: Initializing Mock Server...
2019-04-29 17:26:22  :: Initializing all collections...
2019-04-29 17:26:23  :: Collections Initialized...
2019-04-29 17:27:14  :: Incoming Login request for user MM1_CLOBUI
2019-04-29 17:27:14  :: user MM1_CLOBUI Successfully logged in
2019-04-29 17:27:14  :: Incoming subscription for service LD
2019-04-29 17:27:15  :: SubscriptionResponse UUID:OrderBookPOCUUID Service:LD ServiceKey:XBT-USD Success:True
2019-04-29 17:27:34  :: Incoming Login request for user MM1_CLOBUI
2019-04-29 17:27:34  :: user MM1_CLOBUI Successfully logged in
2019-04-29 17:27:34  :: Incoming subscription for service LS
2019-04-29 17:27:35  :: Incoming subscription for service LQ
2019-04-29 17:27:36  :: Incoming subscription for service FD
2019-04-29 17:27:37  :: Daily Settlement Price not found for symbol XBT-USD...
2019-04-29 17:27:37  :: Incoming subscription for service FP
2019-04-29 17:27:37  :: SubscriptionResponse UUID:MarketDataPOCUUID Service:LS ServiceKey:XBT-USD Success:True
2019-04-29 17:27:38  :: SubscriptionResponse UUID:MarketDataPOCUUID Service:LQ ServiceKey:XBT-USD Success:True
2019-04-29 17:27:41  :: SubscriptionResponse UUID:MarketDataPOCUUID Service:FD ServiceKey:XBT-USD Success:True
2019-04-29 17:28:13  :: Critical error processing last sales message: Subproceso anulado....
2019-04-29 17:28:13  :: Critical error processing quote message: Subproceso anulado....
2019-04-29 17:28:13  :: Critical error processing daily settlement price message: Subproceso anulado....
2019-04-29 17:28:13  :: Turning threads off on socket disconnection
2019-04-29 17:28:13  :: Turning threads off on socket disconnection
2019-04-29 17:28:41  :: Initializing Mock Server...
2019-04-29 17:28:41  :: Initializing all collections...
2019-04-29 17:28:41  :: Collections Initialized...
2019-04-29 17:28:58  :: Incoming Login request for user MM1_CLOBUI
2019-04-29 17:28:58  :: user MM1_CLOBUI Successfully logged in
2019-04-29 17:28:58  :: Incoming subscription for service LS
2019-04-29 17:28:59  :: Incoming subscription for service LQ
2019-04-29 17:29:00  :: Incoming subscription for service FD
2019-04-29 17:29:00  :: Daily Settlement Price not found for symbol XBT-USD...
2019-04-29 17:29:01  :: Incoming subscription for service FP
2019-04-29 17:29:01  :: SubscriptionResponse UUID:MarketDataPOCUUID Service:LS ServiceKey:XBT-USD Success:True
2019-04-29 17:29:02  :: SubscriptionResponse UUID:MarketDataPOCUUID Service:LQ ServiceKey:XBT-USD Success:True
2019-04-29 17:29:04  :: SubscriptionResponse UUID:MarketDataPOCUUID Service:FD ServiceKey:XBT-USD Success:True
2019-04-29 17:29:19  :: Critical error processing last sales message: Subproceso anulado....
2019-04-29 17:29:19  :: Critical error processing quote message: Subproceso anulado....
2019-04-29 17:29:19  :: Critical error processing daily settlement price message: Subproceso anulado....
2019-04-29 17:29:19  :: Turning threads off on socket disconnection
2019-04-29 17:29:52  :: Initializing Mock Server...
2019-04-29 17:29:52  :: Initializing all collections...
2019-04-29 17:29:53  :: Collections Initialized...
2019-04-29 17:30:06  :: Incoming Login request for user MM1_CLOBUI
2019-04-29 17:30:06  :: user MM1_CLOBUI Successfully logged in
2019-04-29 17:30:06  :: Incoming subscription for service LS
2019-04-29 17:30:07  :: Incoming subscription for service LQ
2019-04-29 17:30:08  :: Incoming subscription for service FD
2019-04-29 17:30:08  :: Daily Settlement Price not found for symbol XBT-USD...
2019-04-29 17:30:09  :: Incoming subscription for service FP
2019-04-29 17:30:09  :: SubscriptionResponse UUID:MarketDataPOCUUID Service:LS ServiceKey:XBT-USD Success:True
2019-04-29 17:30:10  :: SubscriptionResponse UUID:MarketDataPOCUUID Service:LQ ServiceKey:XBT-USD Success:True
2019-04-29 17:30:12  :: SubscriptionResponse UUID:MarketDataPOCUUID Service:FD ServiceKey:XBT-USD Success:True
2019-04-29 17:30:38  :: Critical error processing last sales message: Subproceso anulado....
2019-04-29 17:30:38  :: Critical error processing quote message: Subproceso anulado....
2019-04-29 17:30:38  :: Critical error processing daily settlement price message: Subproceso anulado....
2019-04-29 17:30:38  :: Turning threads off on socket disconnection
2019-04-29 17:30:38  :: Turning threads off on socket disconnection
2019-04-29 17:38:22  :: Initializing Mock Simulated Server...
2019-04-29 17:38:22  :: Initializing all collections...
2019-04-29 17:38:22  :: 4/29/2019 5:38:22 PMBaseCommunicationModule.LoadConfig
2019-04-29 17:38:22  :: Loading config:.\BitMex\incomingBitmex.xml
2019-04-29 17:38:22  :: Processing config:.\BitMex\incomingBitmex.xml
2019-04-29 17:38:22  :: Ending GetConfiguracion .\BitMex\incomingBitmex.xml
2019-04-29 17:38:25  :: 4/29/2019 5:38:25 PMOrderRouterBase.LoadConfig
2019-04-29 17:38:25  :: Loading config:.\BitMex\outgoingBitmex.xml
2019-04-29 17:38:25  :: Processing config:.\BitMex\outgoingBitmex.xml
2019-04-29 17:38:25  :: Ending GetConfiguracion .\BitMex\outgoingBitmex.xml
2019-04-29 17:38:26  :: Collections Initialized...
2019-04-29 17:38:26  :: Successfully subscribed to execution event 
2019-04-29 17:38:34  :: Incoming Login request for user MM1_CLOBUI
2019-04-29 17:38:34  :: user MM1_CLOBUI Successfully logged in
2019-04-29 17:38:34  :: Incoming subscription for Service: LD - Service key: XBT-USD - UUID: OrderBookPOCUUID SubscriptionType: S UserId: MM1_CLOBUI JsonToken:eyJhbGciOiJIUzI1NiIsInR5cCI6IkpXVCJ9.eyJpYXQiOjE1NTEzODY5NjksImV4cCI
2019-04-29 17:38:34  :: Entering ProcessOrderBookDepth for ServiceKey=XBT-USD
2019-04-29 17:38:34  :: Searching for mappings for ServiceKey=XBT-USD
2019-04-29 17:38:34  :: Mapping found for Outgoing Symbol=XBTU19
2019-04-29 17:38:34  :: Subscribing market data for outgoing Symbol=XBTU19
2019-04-29 17:38:34  :: Subscription sent for outgoing Symbol=XBTU19
2019-04-29 17:38:34  :: @Incoming Bitmex:Requesting market data por symbol XBTU19
2019-04-29 17:38:34  :: Successfully subscribed to orderBookL2 event on symbol XBTU19
2019-04-29 17:38:35  :: Successfully subscribed to trade event on symbol XBTU19
2019-04-29 17:38:35  :: @Incoming Bitmex:Publishing Order Book  for symbol XBTU19: Best Bid Size=152 Best Bid Price=5555 Best Ask Size=38 Best Ask Price=5560
2019-04-29 17:38:35  :: @Incoming Bitmex:NEW TRADE for symbol XBTU19: Side=Sell Size=1 Price=5555 TickDirection=MinusTick
2019-04-29 17:38:35  :: DepthOfBook-> Msg=DepthOfBook Sender=0  Action=78  BidOrAsk=66 DepthTime=1556559515 Symbol=XBT-USD Size=152 Price=5555
2019-04-29 17:38:35  :: DepthOfBook-> Msg=DepthOfBook Sender=0  Action=78  BidOrAsk=66 DepthTime=1556559515 Symbol=XBT-USD Size=55568 Price=5552.5
2019-04-29 17:38:35  :: DepthOfBook-> Msg=DepthOfBook Sender=0  Action=78  BidOrAsk=66 DepthTime=1556559515 Symbol=XBT-USD Size=111136 Price=5551.5
2019-04-29 17:38:35  :: DepthOfBook-> Msg=DepthOfBook Sender=0  Action=78  BidOrAsk=66 DepthTime=1556559515 Symbol=XBT-USD Size=15 Price=5546
2019-04-29 17:38:35  :: DepthOfBook-> Msg=DepthOfBook Sender=0  Action=78  BidOrAsk=66 DepthTime=1556559515 Symbol=XBT-USD Size=30 Price=5544
2019-04-29 17:38:35  :: DepthOfBook-> Msg=DepthOfBook Sender=0  Action=78  BidOrAsk=66 DepthTime=1556559515 Symbol=XBT-USD Size=45 Price=5541
2019-04-29 17:38:35  :: DepthOfBook-> Msg=DepthOfBook Sender=0  Action=78  BidOrAsk=66 DepthTime=1556559515 Symbol=XBT-USD Size=60 Price=5538
2019-04-29 17:38:35  :: DepthOfBook-> Msg=DepthOfBook Sender=0  Action=78  BidOrAsk=66 DepthTime=1556559515 Symbol=XBT-USD Size=110 Price=5512.5
2019-04-29 17:38:35  :: DepthOfBook-> Msg=DepthOfBook Sender=0  Action=78  BidOrAsk=66 DepthTime=1556559515 Symbol=XBT-USD Size=277840 Price=5506.5
2019-04-29 17:38:35  :: DepthOfBook-> Msg=DepthOfBook Sender=0  Action=78  BidOrAsk=66 DepthTime=1556559515 Symbol=XBT-USD Size=555679 Price=5481.5
2019-04-29 17:38:35  :: DepthOfBook-> Msg=DepthOfBook Sender=0  Action=78  BidOrAsk=66 DepthTime=1556559515 Symbol=XBT-USD Size=881 Price=5470
2019-04-29 17:38:35  :: DepthOfBook-> Msg=DepthOfBook Sender=0  Action=78  BidOrAsk=66 DepthTime=1556559516 Symbol=XBT-USD Size=1000 Price=5101
2019-04-29 17:38:35  :: DepthOfBook-> Msg=DepthOfBook Sender=0  Action=78  BidOrAsk=66 DepthTime=1556559516 Symbol=XBT-USD Size=1500 Price=5100
2019-04-29 17:38:35  :: DepthOfBook-> Msg=DepthOfBook Sender=0  Action=78  BidOrAsk=66 DepthTime=1556559516 Symbol=XBT-USD Size=100000 Price=4550
2019-04-29 17:38:35  :: DepthOfBook-> Msg=DepthOfBook Sender=0  Action=78  BidOrAsk=66 DepthTime=1556559516 Symbol=XBT-USD Size=100000 Price=4450
2019-04-29 17:38:35  :: DepthOfBook-> Msg=DepthOfBook Sender=0  Action=78  BidOrAsk=66 DepthTime=1556559516 Symbol=XBT-USD Size=5000 Price=4047
2019-04-29 17:38:35  :: DepthOfBook-> Msg=DepthOfBook Sender=0  Action=78  BidOrAsk=66 DepthTime=1556559516 Symbol=XBT-USD Size=25 Price=3952.5
2019-04-29 17:38:35  :: DepthOfBook-> Msg=DepthOfBook Sender=0  Action=78  BidOrAsk=66 DepthTime=1556559516 Symbol=XBT-USD Size=2764 Price=3715.5
2019-04-29 17:38:35  :: DepthOfBook-> Msg=DepthOfBook Sender=0  Action=78  BidOrAsk=66 DepthTime=1556559516 Symbol=XBT-USD Size=5000 Price=3080.5
2019-04-29 17:38:35  :: DepthOfBook-> Msg=DepthOfBook Sender=0  Action=78  BidOrAsk=66 DepthTime=1556559516 Symbol=XBT-USD Size=100000 Price=3080
2019-04-29 17:38:35  :: DepthOfBook-> Msg=DepthOfBook Sender=0  Action=78  BidOrAsk=66 DepthTime=1556559516 Symbol=XBT-USD Size=20000 Price=3009.5
2019-04-29 17:38:35  :: DepthOfBook-> Msg=DepthOfBook Sender=0  Action=78  BidOrAsk=66 DepthTime=1556559516 Symbol=XBT-USD Size=1000 Price=1982.5
2019-04-29 17:38:35  :: DepthOfBook-> Msg=DepthOfBook Sender=0  Action=78  BidOrAsk=66 DepthTime=1556559516 Symbol=XBT-USD Size=100000 Price=1982
2019-04-29 17:38:35  :: DepthOfBook-> Msg=DepthOfBook Sender=0  Action=78  BidOrAsk=65 DepthTime=1556559516 Symbol=XBT-USD Size=38 Price=5560
2019-04-29 17:38:35  :: DepthOfBook-> Msg=DepthOfBook Sender=0  Action=78  BidOrAsk=65 DepthTime=1556559516 Symbol=XBT-USD Size=55568 Price=5561
2019-04-29 17:38:35  :: DepthOfBook-> Msg=DepthOfBook Sender=0  Action=78  BidOrAsk=65 DepthTime=1556559516 Symbol=XBT-USD Size=111136 Price=5561.5
2019-04-29 17:38:35  :: DepthOfBook-> Msg=DepthOfBook Sender=0  Action=78  BidOrAsk=65 DepthTime=1556559516 Symbol=XBT-USD Size=1135 Price=5564.5
2019-04-29 17:38:35  :: DepthOfBook-> Msg=DepthOfBook Sender=0  Action=78  BidOrAsk=65 DepthTime=1556559516 Symbol=XBT-USD Size=40 Price=5565
2019-04-29 17:38:35  :: DepthOfBook-> Msg=DepthOfBook Sender=0  Action=78  BidOrAsk=65 DepthTime=1556559516 Symbol=XBT-USD Size=80 Price=5565.5
2019-04-29 17:38:35  :: DepthOfBook-> Msg=DepthOfBook Sender=0  Action=78  BidOrAsk=65 DepthTime=1556559516 Symbol=XBT-USD Size=160 Price=5566
2019-04-29 17:38:35  :: DepthOfBook-> Msg=DepthOfBook Sender=0  Action=78  BidOrAsk=65 DepthTime=1556559516 Symbol=XBT-USD Size=296 Price=5572
2019-04-29 17:38:35  :: DepthOfBook-> Msg=DepthOfBook Sender=0  Action=78  BidOrAsk=65 DepthTime=1556559516 Symbol=XBT-USD Size=225 Price=5577.5
2019-04-29 17:38:35  :: DepthOfBook-> Msg=DepthOfBook Sender=0  Action=78  BidOrAsk=65 DepthTime=1556559516 Symbol=XBT-USD Size=296 Price=5589
2019-04-29 17:38:35  :: DepthOfBook-> Msg=DepthOfBook Sender=0  Action=78  BidOrAsk=65 DepthTime=1556559516 Symbol=XBT-USD Size=593 Price=5606
2019-04-29 17:38:35  :: DepthOfBook-> Msg=DepthOfBook Sender=0  Action=78  BidOrAsk=65 DepthTime=1556559516 Symbol=XBT-USD Size=277840 Price=5607
2019-04-29 17:38:35  :: DepthOfBook-> Msg=DepthOfBook Sender=0  Action=78  BidOrAsk=65 DepthTime=1556559516 Symbol=XBT-USD Size=890 Price=5623
2019-04-29 17:38:35  :: DepthOfBook-> Msg=DepthOfBook Sender=0  Action=78  BidOrAsk=65 DepthTime=1556559516 Symbol=XBT-USD Size=555679 Price=5632
2019-04-29 17:38:35  :: DepthOfBook-> Msg=DepthOfBook Sender=0  Action=78  BidOrAsk=65 DepthTime=1556559516 Symbol=XBT-USD Size=1484 Price=5640
2019-04-29 17:38:35  :: DepthOfBook-> Msg=DepthOfBook Sender=0  Action=78  BidOrAsk=65 DepthTime=1556559516 Symbol=XBT-USD Size=99973 Price=5650
2019-04-29 17:38:35  :: DepthOfBook-> Msg=DepthOfBook Sender=0  Action=78  BidOrAsk=65 DepthTime=1556559516 Symbol=XBT-USD Size=612 Price=6124
2019-04-29 17:38:35  :: DepthOfBook-> Msg=DepthOfBook Sender=0  Action=78  BidOrAsk=65 DepthTime=1556559516 Symbol=XBT-USD Size=5000 Price=6300
2019-04-29 17:38:35  :: DepthOfBook-> Msg=DepthOfBook Sender=0  Action=78  BidOrAsk=65 DepthTime=1556559516 Symbol=XBT-USD Size=5000 Price=6600
2019-04-29 17:38:35  :: DepthOfBook-> Msg=DepthOfBook Sender=0  Action=78  BidOrAsk=65 DepthTime=1556559516 Symbol=XBT-USD Size=5000 Price=6900
2019-04-29 17:38:35  :: DepthOfBook-> Msg=DepthOfBook Sender=0  Action=78  BidOrAsk=65 DepthTime=1556559516 Symbol=XBT-USD Size=3000 Price=8776.5
2019-04-29 17:38:35  :: DepthOfBook-> Msg=DepthOfBook Sender=0  Action=78  BidOrAsk=65 DepthTime=1556559516 Symbol=XBT-USD Size=10000 Price=8777
2019-04-29 17:38:35  :: DepthOfBook-> Msg=DepthOfBook Sender=0  Action=78  BidOrAsk=65 DepthTime=1556559516 Symbol=XBT-USD Size=3000 Price=9998.5
2019-04-29 17:38:35  :: SubscriptionResponse UUID:OrderBookPOCUUID Service:LD ServiceKey:XBT-USD Success:True
2019-04-29 17:38:38  :: @Incoming Bitmex:Publishing Order Book  for symbol XBTU19: Best Bid Size=152 Best Bid Price=5555 Best Ask Size=38 Best Ask Price=5560
2019-04-29 17:38:38  :: DepthOfBook-> Msg=DepthOfBook Sender=0  Action=67  BidOrAsk=65 DepthTime=1556559519 Symbol=XBT-USD Size=1172 Price=5564.5
2019-04-29 17:38:38  :: Turning threads off on socket disconnection
2019-04-29 17:38:38  :: Error publishing OrderBookDepth thread:Subproceso anulado.
2019-04-29 17:38:48  :: @Incoming Bitmex:Publishing Order Book  for symbol XBTU19: Best Bid Size=152 Best Bid Price=5555 Best Ask Size=38 Best Ask Price=5560
2019-04-29 17:38:55  :: @Incoming Bitmex:Publishing Order Book  for symbol XBTU19: Best Bid Size=152 Best Bid Price=5555 Best Ask Size=38 Best Ask Price=5560
2019-04-29 17:38:55  :: @Incoming Bitmex:Publishing Order Book  for symbol XBTU19: Best Bid Size=152 Best Bid Price=5555 Best Ask Size=38 Best Ask Price=5560
2019-04-29 17:38:56  :: Incoming Login request for user MM1_CLOBUI2
2019-04-29 17:38:56  :: user MM1_CLOBUI2 Successfully logged in
2019-04-29 17:38:58  :: @Incoming Bitmex:Publishing Order Book  for symbol XBTU19: Best Bid Size=152 Best Bid Price=5555 Best Ask Size=38 Best Ask Price=5560
2019-04-29 17:39:00  :: @Incoming Bitmex:Publishing Order Book  for symbol XBTU19: Best Bid Size=152 Best Bid Price=5555 Best Ask Size=55586 Best Ask Price=5563
2019-04-29 17:39:19  :: Initializing Mock Simulated Server...
2019-04-29 17:39:19  :: Initializing all collections...
2019-04-29 17:39:20  :: 4/29/2019 5:39:20 PMBaseCommunicationModule.LoadConfig
2019-04-29 17:39:20  :: Loading config:.\BitMex\incomingBitmex.xml
2019-04-29 17:39:20  :: Processing config:.\BitMex\incomingBitmex.xml
2019-04-29 17:39:20  :: Ending GetConfiguracion .\BitMex\incomingBitmex.xml
2019-04-29 17:39:23  :: 4/29/2019 5:39:23 PMOrderRouterBase.LoadConfig
2019-04-29 17:39:23  :: Loading config:.\BitMex\outgoingBitmex.xml
2019-04-29 17:39:23  :: Processing config:.\BitMex\outgoingBitmex.xml
2019-04-29 17:39:23  :: Ending GetConfiguracion .\BitMex\outgoingBitmex.xml
2019-04-29 17:39:24  :: Collections Initialized...
2019-04-29 17:39:24  :: Successfully subscribed to execution event 
2019-04-29 17:40:27  :: Incoming Login request for user MM1_CLOBUI2
2019-04-29 17:40:27  :: user MM1_CLOBUI2 Successfully logged in
2019-04-29 17:40:45  :: Initializing Mock Simulated Server...
2019-04-29 17:40:45  :: Initializing all collections...
2019-04-29 17:40:45  :: 4/29/2019 5:40:45 PMBaseCommunicationModule.LoadConfig
2019-04-29 17:40:45  :: Loading config:.\BitMex\incomingBitmex.xml
2019-04-29 17:40:45  :: Processing config:.\BitMex\incomingBitmex.xml
2019-04-29 17:40:45  :: Ending GetConfiguracion .\BitMex\incomingBitmex.xml
2019-04-29 17:40:48  :: 4/29/2019 5:40:48 PMOrderRouterBase.LoadConfig
2019-04-29 17:40:48  :: Loading config:.\BitMex\outgoingBitmex.xml
2019-04-29 17:40:48  :: Processing config:.\BitMex\outgoingBitmex.xml
2019-04-29 17:40:48  :: Ending GetConfiguracion .\BitMex\outgoingBitmex.xml
2019-04-29 17:40:49  :: Collections Initialized...
2019-04-29 17:40:49  :: Successfully subscribed to execution event 
2019-04-29 17:41:02  :: Incoming Login request for user MM1_CLOBUI2
2019-04-29 17:41:02  :: user MM1_CLOBUI2 Successfully logged in
2019-04-29 17:41:14  :: Incoming subscription for Service: LD - Service key: XBT-USD - UUID: APIClientUUID SubscriptionType: S UserId: MM1_CLOBUI2 JsonToken:eyJhbGciOiJIUzI1NiIsInR5cCI6IkpXVCJ9.eyJpYXQiOjE1NTEzODY5NjksImV4cCI
2019-04-29 17:41:14  :: Entering ProcessOrderBookDepth for ServiceKey=XBT-USD
2019-04-29 17:41:14  :: Searching for mappings for ServiceKey=XBT-USD
2019-04-29 17:41:14  :: Mapping found for Outgoing Symbol=XBTU19
2019-04-29 17:41:14  :: Subscribing market data for outgoing Symbol=XBTU19
2019-04-29 17:41:15  :: Subscription sent for outgoing Symbol=XBTU19
2019-04-29 17:41:15  :: @Incoming Bitmex:Requesting market data por symbol XBTU19
2019-04-29 17:41:15  :: Successfully subscribed to orderBookL2 event on symbol XBTU19
2019-04-29 17:41:15  :: Successfully subscribed to trade event on symbol XBTU19
2019-04-29 17:41:15  :: @Incoming Bitmex:NEW TRADE for symbol XBTU19: Side=Sell Size=1 Price=5555 TickDirection=MinusTick
2019-04-29 17:41:17  :: @Incoming Bitmex:Publishing Order Book  for symbol XBTU19: Best Bid Size=55602 Best Bid Price=5556 Best Ask Size=1143 Best Ask Price=5563.5
2019-04-29 17:41:18  :: DepthOfBook-> Msg=DepthOfBook Sender=0  Action=78  BidOrAsk=66 DepthTime=1556559678 Symbol=XBT-USD Size=55602 Price=5556
2019-04-29 17:41:18  :: DepthOfBook-> Msg=DepthOfBook Sender=0  Action=78  BidOrAsk=66 DepthTime=1556559678 Symbol=XBT-USD Size=111356 Price=5555
2019-04-29 17:41:18  :: DepthOfBook-> Msg=DepthOfBook Sender=0  Action=78  BidOrAsk=66 DepthTime=1556559678 Symbol=XBT-USD Size=15 Price=5546
2019-04-29 17:41:18  :: DepthOfBook-> Msg=DepthOfBook Sender=0  Action=78  BidOrAsk=66 DepthTime=1556559678 Symbol=XBT-USD Size=30 Price=5544
2019-04-29 17:41:18  :: DepthOfBook-> Msg=DepthOfBook Sender=0  Action=78  BidOrAsk=66 DepthTime=1556559678 Symbol=XBT-USD Size=45 Price=5541
2019-04-29 17:41:18  :: DepthOfBook-> Msg=DepthOfBook Sender=0  Action=78  BidOrAsk=66 DepthTime=1556559678 Symbol=XBT-USD Size=60 Price=5538
2019-04-29 17:41:18  :: DepthOfBook-> Msg=DepthOfBook Sender=0  Action=78  BidOrAsk=66 DepthTime=1556559678 Symbol=XBT-USD Size=110 Price=5512.5
2019-04-29 17:41:18  :: DepthOfBook-> Msg=DepthOfBook Sender=0  Action=78  BidOrAsk=66 DepthTime=1556559678 Symbol=XBT-USD Size=278009 Price=5510
2019-04-29 17:41:18  :: DepthOfBook-> Msg=DepthOfBook Sender=0  Action=78  BidOrAsk=66 DepthTime=1556559678 Symbol=XBT-USD Size=556019 Price=5485
2019-04-29 17:41:18  :: DepthOfBook-> Msg=DepthOfBook Sender=0  Action=78  BidOrAsk=66 DepthTime=1556559678 Symbol=XBT-USD Size=881 Price=5470
2019-04-29 17:41:18  :: DepthOfBook-> Msg=DepthOfBook Sender=0  Action=78  BidOrAsk=66 DepthTime=1556559678 Symbol=XBT-USD Size=1000 Price=5101
2019-04-29 17:41:18  :: DepthOfBook-> Msg=DepthOfBook Sender=0  Action=78  BidOrAsk=66 DepthTime=1556559678 Symbol=XBT-USD Size=1500 Price=5100
2019-04-29 17:41:18  :: DepthOfBook-> Msg=DepthOfBook Sender=0  Action=78  BidOrAsk=66 DepthTime=1556559678 Symbol=XBT-USD Size=100000 Price=4550
2019-04-29 17:41:18  :: DepthOfBook-> Msg=DepthOfBook Sender=0  Action=78  BidOrAsk=66 DepthTime=1556559678 Symbol=XBT-USD Size=100000 Price=4450
2019-04-29 17:41:18  :: DepthOfBook-> Msg=DepthOfBook Sender=0  Action=78  BidOrAsk=66 DepthTime=1556559678 Symbol=XBT-USD Size=5000 Price=4047
2019-04-29 17:41:18  :: DepthOfBook-> Msg=DepthOfBook Sender=0  Action=78  BidOrAsk=66 DepthTime=1556559678 Symbol=XBT-USD Size=25 Price=3952.5
2019-04-29 17:41:18  :: DepthOfBook-> Msg=DepthOfBook Sender=0  Action=78  BidOrAsk=66 DepthTime=1556559678 Symbol=XBT-USD Size=2764 Price=3715.5
2019-04-29 17:41:18  :: DepthOfBook-> Msg=DepthOfBook Sender=0  Action=78  BidOrAsk=66 DepthTime=1556559678 Symbol=XBT-USD Size=5000 Price=3080.5
2019-04-29 17:41:18  :: DepthOfBook-> Msg=DepthOfBook Sender=0  Action=78  BidOrAsk=66 DepthTime=1556559678 Symbol=XBT-USD Size=100000 Price=3080
2019-04-29 17:41:18  :: DepthOfBook-> Msg=DepthOfBook Sender=0  Action=78  BidOrAsk=66 DepthTime=1556559678 Symbol=XBT-USD Size=20000 Price=3009.5
2019-04-29 17:41:18  :: DepthOfBook-> Msg=DepthOfBook Sender=0  Action=78  BidOrAsk=66 DepthTime=1556559678 Symbol=XBT-USD Size=1000 Price=1982.5
2019-04-29 17:41:18  :: DepthOfBook-> Msg=DepthOfBook Sender=0  Action=78  BidOrAsk=66 DepthTime=1556559678 Symbol=XBT-USD Size=100000 Price=1982
2019-04-29 17:41:18  :: DepthOfBook-> Msg=DepthOfBook Sender=0  Action=78  BidOrAsk=65 DepthTime=1556559678 Symbol=XBT-USD Size=1143 Price=5563.5
2019-04-29 17:41:18  :: DepthOfBook-> Msg=DepthOfBook Sender=0  Action=78  BidOrAsk=65 DepthTime=1556559678 Symbol=XBT-USD Size=55602 Price=5564
2019-04-29 17:41:18  :: DepthOfBook-> Msg=DepthOfBook Sender=0  Action=78  BidOrAsk=65 DepthTime=1556559678 Symbol=XBT-USD Size=20 Price=5564.5
2019-04-29 17:41:18  :: DepthOfBook-> Msg=DepthOfBook Sender=0  Action=78  BidOrAsk=65 DepthTime=1556559678 Symbol=XBT-USD Size=111244 Price=5565
2019-04-29 17:41:18  :: DepthOfBook-> Msg=DepthOfBook Sender=0  Action=78  BidOrAsk=65 DepthTime=1556559678 Symbol=XBT-USD Size=80 Price=5565.5
2019-04-29 17:41:18  :: DepthOfBook-> Msg=DepthOfBook Sender=0  Action=78  BidOrAsk=65 DepthTime=1556559678 Symbol=XBT-USD Size=160 Price=5566
2019-04-29 17:41:18  :: DepthOfBook-> Msg=DepthOfBook Sender=0  Action=78  BidOrAsk=65 DepthTime=1556559678 Symbol=XBT-USD Size=296 Price=5572
2019-04-29 17:41:18  :: DepthOfBook-> Msg=DepthOfBook Sender=0  Action=78  BidOrAsk=65 DepthTime=1556559678 Symbol=XBT-USD Size=225 Price=5577.5
2019-04-29 17:41:18  :: DepthOfBook-> Msg=DepthOfBook Sender=0  Action=78  BidOrAsk=65 DepthTime=1556559678 Symbol=XBT-USD Size=296 Price=5589
2019-04-29 17:41:18  :: DepthOfBook-> Msg=DepthOfBook Sender=0  Action=78  BidOrAsk=65 DepthTime=1556559678 Symbol=XBT-USD Size=593 Price=5606
2019-04-29 17:41:18  :: DepthOfBook-> Msg=DepthOfBook Sender=0  Action=78  BidOrAsk=65 DepthTime=1556559678 Symbol=XBT-USD Size=278009 Price=5610
2019-04-29 17:41:18  :: DepthOfBook-> Msg=DepthOfBook Sender=0  Action=78  BidOrAsk=65 DepthTime=1556559678 Symbol=XBT-USD Size=890 Price=5623
2019-04-29 17:41:18  :: DepthOfBook-> Msg=DepthOfBook Sender=0  Action=78  BidOrAsk=65 DepthTime=1556559678 Symbol=XBT-USD Size=556019 Price=5635
2019-04-29 17:41:18  :: DepthOfBook-> Msg=DepthOfBook Sender=0  Action=78  BidOrAsk=65 DepthTime=1556559678 Symbol=XBT-USD Size=1484 Price=5640
2019-04-29 17:41:18  :: DepthOfBook-> Msg=DepthOfBook Sender=0  Action=78  BidOrAsk=65 DepthTime=1556559678 Symbol=XBT-USD Size=99973 Price=5650
2019-04-29 17:41:18  :: DepthOfBook-> Msg=DepthOfBook Sender=0  Action=78  BidOrAsk=65 DepthTime=1556559678 Symbol=XBT-USD Size=612 Price=6124
2019-04-29 17:41:18  :: DepthOfBook-> Msg=DepthOfBook Sender=0  Action=78  BidOrAsk=65 DepthTime=1556559678 Symbol=XBT-USD Size=5000 Price=6300
2019-04-29 17:41:18  :: DepthOfBook-> Msg=DepthOfBook Sender=0  Action=78  BidOrAsk=65 DepthTime=1556559678 Symbol=XBT-USD Size=5000 Price=6600
2019-04-29 17:41:18  :: DepthOfBook-> Msg=DepthOfBook Sender=0  Action=78  BidOrAsk=65 DepthTime=1556559678 Symbol=XBT-USD Size=5000 Price=6900
2019-04-29 17:41:18  :: DepthOfBook-> Msg=DepthOfBook Sender=0  Action=78  BidOrAsk=65 DepthTime=1556559678 Symbol=XBT-USD Size=3000 Price=8776.5
2019-04-29 17:41:18  :: DepthOfBook-> Msg=DepthOfBook Sender=0  Action=78  BidOrAsk=65 DepthTime=1556559678 Symbol=XBT-USD Size=10000 Price=8777
2019-04-29 17:41:18  :: DepthOfBook-> Msg=DepthOfBook Sender=0  Action=78  BidOrAsk=65 DepthTime=1556559678 Symbol=XBT-USD Size=3000 Price=9998.5
2019-04-29 17:41:18  :: SubscriptionResponse UUID:APIClientUUID Service:LD ServiceKey:XBT-USD Success:True
2019-04-29 17:41:20  :: @Incoming Bitmex:Publishing Order Book  for symbol XBTU19: Best Bid Size=55602 Best Bid Price=5556 Best Ask Size=1150 Best Ask Price=5563.5
2019-04-29 17:41:21  :: DepthOfBook-> Msg=DepthOfBook Sender=0  Action=67  BidOrAsk=65 DepthTime=1556559681 Symbol=XBT-USD Size=1150 Price=5563.5
2019-04-29 17:41:30  :: @Incoming Bitmex:Publishing Order Book  for symbol XBTU19: Best Bid Size=55602 Best Bid Price=5556 Best Ask Size=1153 Best Ask Price=5563.5
2019-04-29 17:41:31  :: DepthOfBook-> Msg=DepthOfBook Sender=0  Action=67  BidOrAsk=65 DepthTime=1556559691 Symbol=XBT-USD Size=1153 Price=5563.5
2019-04-29 17:41:31  :: Turning threads off on socket disconnection
2019-04-29 17:41:31  :: Error publishing OrderBookDepth thread:Subproceso anulado.
2019-04-29 17:41:40  :: @Incoming Bitmex:Publishing Order Book  for symbol XBTU19: Best Bid Size=55602 Best Bid Price=5556 Best Ask Size=1149 Best Ask Price=5563.5
2019-04-29 17:43:02  :: Initializing Mock Simulated Server...
2019-04-29 17:43:02  :: Initializing all collections...
2019-04-29 17:43:02  :: 4/29/2019 5:43:02 PMBaseCommunicationModule.LoadConfig
2019-04-29 17:43:02  :: Loading config:.\BitMex\incomingBitmex.xml
2019-04-29 17:43:02  :: Processing config:.\BitMex\incomingBitmex.xml
2019-04-29 17:43:02  :: Ending GetConfiguracion .\BitMex\incomingBitmex.xml
2019-04-29 17:43:06  :: 4/29/2019 5:43:06 PMOrderRouterBase.LoadConfig
2019-04-29 17:43:06  :: Loading config:.\BitMex\outgoingBitmex.xml
2019-04-29 17:43:06  :: Processing config:.\BitMex\outgoingBitmex.xml
2019-04-29 17:43:06  :: Ending GetConfiguracion .\BitMex\outgoingBitmex.xml
2019-04-29 17:43:07  :: Collections Initialized...
2019-04-29 17:43:07  :: Successfully subscribed to execution event 
2019-04-29 17:43:11  :: Incoming Login request for user MM1_CLOBUI2
2019-04-29 17:43:11  :: user MM1_CLOBUI2 Successfully logged in
2019-04-29 17:43:17  :: Incoming subscription for Service: LD - Service key: XBT-USD - UUID: APIClientUUID SubscriptionType: S UserId: MM1_CLOBUI2 JsonToken:eyJhbGciOiJIUzI1NiIsInR5cCI6IkpXVCJ9.eyJpYXQiOjE1NTEzODY5NjksImV4cCI
2019-04-29 17:43:17  :: Entering ProcessOrderBookDepth for ServiceKey=XBT-USD
2019-04-29 17:43:17  :: Searching for mappings for ServiceKey=XBT-USD
2019-04-29 17:43:17  :: Mapping found for Outgoing Symbol=XBTU19
2019-04-29 17:43:17  :: Subscribing market data for outgoing Symbol=XBTU19
2019-04-29 17:43:17  :: Subscription sent for outgoing Symbol=XBTU19
2019-04-29 17:43:17  :: @Incoming Bitmex:Requesting market data por symbol XBTU19
2019-04-29 17:43:17  :: Successfully subscribed to orderBookL2 event on symbol XBTU19
2019-04-29 17:43:18  :: Successfully subscribed to trade event on symbol XBTU19
2019-04-29 17:43:18  :: @Incoming Bitmex:NEW TRADE for symbol XBTU19: Side=Buy Size=8 Price=5563.5 TickDirection=PlusTick
2019-04-29 17:43:19  :: Incoming subscription for Service: LD - Service key: XBT-USD - UUID: APIClientUUID SubscriptionType: S UserId: MM1_CLOBUI2 JsonToken:eyJhbGciOiJIUzI1NiIsInR5cCI6IkpXVCJ9.eyJpYXQiOjE1NTEzODY5NjksImV4cCI
2019-04-29 17:43:19  :: Entering ProcessOrderBookDepth for ServiceKey=XBT-USD
2019-04-29 17:43:19  :: Searching for mappings for ServiceKey=XBT-USD
2019-04-29 17:43:19  :: Mapping found for Outgoing Symbol=XBTU19
2019-04-29 17:43:20  :: @Incoming Bitmex:Publishing Order Book  for symbol XBTU19: Best Bid Size=55602 Best Bid Price=5556 Best Ask Size=1155 Best Ask Price=5563.5
2019-04-29 17:43:20  :: DepthOfBook-> Msg=DepthOfBook Sender=0  Action=78  BidOrAsk=66 DepthTime=1556559801 Symbol=XBT-USD Size=55602 Price=5556
2019-04-29 17:43:20  :: DepthOfBook-> Msg=DepthOfBook Sender=0  Action=78  BidOrAsk=66 DepthTime=1556559801 Symbol=XBT-USD Size=111204 Price=5555.5
2019-04-29 17:43:20  :: DepthOfBook-> Msg=DepthOfBook Sender=0  Action=78  BidOrAsk=66 DepthTime=1556559801 Symbol=XBT-USD Size=152 Price=5555
2019-04-29 17:43:20  :: DepthOfBook-> Msg=DepthOfBook Sender=0  Action=78  BidOrAsk=66 DepthTime=1556559801 Symbol=XBT-USD Size=15 Price=5546
2019-04-29 17:43:20  :: DepthOfBook-> Msg=DepthOfBook Sender=0  Action=78  BidOrAsk=66 DepthTime=1556559801 Symbol=XBT-USD Size=30 Price=5544
2019-04-29 17:43:20  :: DepthOfBook-> Msg=DepthOfBook Sender=0  Action=78  BidOrAsk=66 DepthTime=1556559801 Symbol=XBT-USD Size=45 Price=5541
2019-04-29 17:43:20  :: DepthOfBook-> Msg=DepthOfBook Sender=0  Action=78  BidOrAsk=66 DepthTime=1556559801 Symbol=XBT-USD Size=60 Price=5538
2019-04-29 17:43:20  :: DepthOfBook-> Msg=DepthOfBook Sender=0  Action=78  BidOrAsk=66 DepthTime=1556559801 Symbol=XBT-USD Size=110 Price=5512.5
2019-04-29 17:43:20  :: DepthOfBook-> Msg=DepthOfBook Sender=0  Action=78  BidOrAsk=66 DepthTime=1556559801 Symbol=XBT-USD Size=278009 Price=5510
2019-04-29 17:43:20  :: DepthOfBook-> Msg=DepthOfBook Sender=0  Action=78  BidOrAsk=66 DepthTime=1556559801 Symbol=XBT-USD Size=556019 Price=5485
2019-04-29 17:43:20  :: DepthOfBook-> Msg=DepthOfBook Sender=0  Action=78  BidOrAsk=66 DepthTime=1556559801 Symbol=XBT-USD Size=881 Price=5470
2019-04-29 17:43:20  :: DepthOfBook-> Msg=DepthOfBook Sender=0  Action=78  BidOrAsk=66 DepthTime=1556559801 Symbol=XBT-USD Size=1000 Price=5101
2019-04-29 17:43:20  :: DepthOfBook-> Msg=DepthOfBook Sender=0  Action=78  BidOrAsk=66 DepthTime=1556559801 Symbol=XBT-USD Size=1500 Price=5100
2019-04-29 17:43:20  :: DepthOfBook-> Msg=DepthOfBook Sender=0  Action=78  BidOrAsk=66 DepthTime=1556559801 Symbol=XBT-USD Size=100000 Price=4550
2019-04-29 17:43:20  :: DepthOfBook-> Msg=DepthOfBook Sender=0  Action=78  BidOrAsk=66 DepthTime=1556559801 Symbol=XBT-USD Size=100000 Price=4450
2019-04-29 17:43:20  :: DepthOfBook-> Msg=DepthOfBook Sender=0  Action=78  BidOrAsk=66 DepthTime=1556559801 Symbol=XBT-USD Size=5000 Price=4047
2019-04-29 17:43:20  :: DepthOfBook-> Msg=DepthOfBook Sender=0  Action=78  BidOrAsk=66 DepthTime=1556559801 Symbol=XBT-USD Size=25 Price=3952.5
2019-04-29 17:43:20  :: DepthOfBook-> Msg=DepthOfBook Sender=0  Action=78  BidOrAsk=66 DepthTime=1556559801 Symbol=XBT-USD Size=2764 Price=3715.5
2019-04-29 17:43:20  :: DepthOfBook-> Msg=DepthOfBook Sender=0  Action=78  BidOrAsk=66 DepthTime=1556559801 Symbol=XBT-USD Size=5000 Price=3080.5
2019-04-29 17:43:20  :: DepthOfBook-> Msg=DepthOfBook Sender=0  Action=78  BidOrAsk=66 DepthTime=1556559801 Symbol=XBT-USD Size=100000 Price=3080
2019-04-29 17:43:20  :: DepthOfBook-> Msg=DepthOfBook Sender=0  Action=78  BidOrAsk=66 DepthTime=1556559801 Symbol=XBT-USD Size=20000 Price=3009.5
2019-04-29 17:43:20  :: DepthOfBook-> Msg=DepthOfBook Sender=0  Action=78  BidOrAsk=66 DepthTime=1556559801 Symbol=XBT-USD Size=1000 Price=1982.5
2019-04-29 17:43:20  :: DepthOfBook-> Msg=DepthOfBook Sender=0  Action=78  BidOrAsk=66 DepthTime=1556559801 Symbol=XBT-USD Size=100000 Price=1982
2019-04-29 17:43:20  :: DepthOfBook-> Msg=DepthOfBook Sender=0  Action=78  BidOrAsk=65 DepthTime=1556559801 Symbol=XBT-USD Size=1155 Price=5563.5
2019-04-29 17:43:20  :: DepthOfBook-> Msg=DepthOfBook Sender=0  Action=78  BidOrAsk=65 DepthTime=1556559801 Symbol=XBT-USD Size=55622 Price=5564.5
2019-04-29 17:43:20  :: DepthOfBook-> Msg=DepthOfBook Sender=0  Action=78  BidOrAsk=65 DepthTime=1556559801 Symbol=XBT-USD Size=40 Price=5565
2019-04-29 17:43:20  :: DepthOfBook-> Msg=DepthOfBook Sender=0  Action=78  BidOrAsk=65 DepthTime=1556559801 Symbol=XBT-USD Size=111284 Price=5565.5
2019-04-29 17:43:20  :: DepthOfBook-> Msg=DepthOfBook Sender=0  Action=78  BidOrAsk=65 DepthTime=1556559801 Symbol=XBT-USD Size=160 Price=5566
2019-04-29 17:43:20  :: DepthOfBook-> Msg=DepthOfBook Sender=0  Action=78  BidOrAsk=65 DepthTime=1556559801 Symbol=XBT-USD Size=296 Price=5572
2019-04-29 17:43:20  :: DepthOfBook-> Msg=DepthOfBook Sender=0  Action=78  BidOrAsk=65 DepthTime=1556559801 Symbol=XBT-USD Size=225 Price=5577.5
2019-04-29 17:43:20  :: DepthOfBook-> Msg=DepthOfBook Sender=0  Action=78  BidOrAsk=65 DepthTime=1556559801 Symbol=XBT-USD Size=296 Price=5589
2019-04-29 17:43:20  :: DepthOfBook-> Msg=DepthOfBook Sender=0  Action=78  BidOrAsk=65 DepthTime=1556559801 Symbol=XBT-USD Size=593 Price=5606
2019-04-29 17:43:20  :: DepthOfBook-> Msg=DepthOfBook Sender=0  Action=78  BidOrAsk=65 DepthTime=1556559801 Symbol=XBT-USD Size=278009 Price=5610.5
2019-04-29 17:43:20  :: DepthOfBook-> Msg=DepthOfBook Sender=0  Action=78  BidOrAsk=65 DepthTime=1556559801 Symbol=XBT-USD Size=890 Price=5623
2019-04-29 17:43:20  :: DepthOfBook-> Msg=DepthOfBook Sender=0  Action=78  BidOrAsk=65 DepthTime=1556559801 Symbol=XBT-USD Size=556019 Price=5635.5
2019-04-29 17:43:20  :: DepthOfBook-> Msg=DepthOfBook Sender=0  Action=78  BidOrAsk=65 DepthTime=1556559801 Symbol=XBT-USD Size=1484 Price=5640
2019-04-29 17:43:20  :: DepthOfBook-> Msg=DepthOfBook Sender=0  Action=78  BidOrAsk=65 DepthTime=1556559801 Symbol=XBT-USD Size=99973 Price=5650
2019-04-29 17:43:20  :: DepthOfBook-> Msg=DepthOfBook Sender=0  Action=78  BidOrAsk=65 DepthTime=1556559801 Symbol=XBT-USD Size=612 Price=6124
2019-04-29 17:43:20  :: DepthOfBook-> Msg=DepthOfBook Sender=0  Action=78  BidOrAsk=65 DepthTime=1556559801 Symbol=XBT-USD Size=5000 Price=6300
2019-04-29 17:43:20  :: DepthOfBook-> Msg=DepthOfBook Sender=0  Action=78  BidOrAsk=65 DepthTime=1556559801 Symbol=XBT-USD Size=5000 Price=6600
2019-04-29 17:43:20  :: DepthOfBook-> Msg=DepthOfBook Sender=0  Action=78  BidOrAsk=65 DepthTime=1556559801 Symbol=XBT-USD Size=5000 Price=6900
2019-04-29 17:43:20  :: DepthOfBook-> Msg=DepthOfBook Sender=0  Action=78  BidOrAsk=65 DepthTime=1556559801 Symbol=XBT-USD Size=3000 Price=8776.5
2019-04-29 17:43:20  :: DepthOfBook-> Msg=DepthOfBook Sender=0  Action=78  BidOrAsk=65 DepthTime=1556559801 Symbol=XBT-USD Size=10000 Price=8777
2019-04-29 17:43:20  :: DepthOfBook-> Msg=DepthOfBook Sender=0  Action=78  BidOrAsk=65 DepthTime=1556559801 Symbol=XBT-USD Size=3000 Price=9998.5
2019-04-29 17:43:20  :: SubscriptionResponse UUID:APIClientUUID Service:LD ServiceKey:XBT-USD Success:True
2019-04-29 17:43:21  :: @Incoming Bitmex:Publishing Order Book  for symbol XBTU19: Best Bid Size=55602 Best Bid Price=5556 Best Ask Size=1171 Best Ask Price=5563.5
2019-04-29 17:43:21  :: DepthOfBook-> Msg=DepthOfBook Sender=0  Action=67  BidOrAsk=65 DepthTime=1556559802 Symbol=XBT-USD Size=1171 Price=5563.5
2019-04-29 17:43:31  :: @Incoming Bitmex:Publishing Order Book  for symbol XBTU19: Best Bid Size=55602 Best Bid Price=5556 Best Ask Size=1161 Best Ask Price=5563.5
2019-04-29 17:43:31  :: DepthOfBook-> Msg=DepthOfBook Sender=0  Action=67  BidOrAsk=65 DepthTime=1556559812 Symbol=XBT-USD Size=1161 Price=5563.5
2019-04-29 17:43:31  :: Error publishing OrderBookDepth thread:Subproceso anulado.
2019-04-29 17:43:34  :: Turning threads off on socket disconnection
2019-04-29 17:43:41  :: @Incoming Bitmex:Publishing Order Book  for symbol XBTU19: Best Bid Size=55602 Best Bid Price=5556 Best Ask Size=1158 Best Ask Price=5563.5
2019-04-29 17:43:51  :: @Incoming Bitmex:Publishing Order Book  for symbol XBTU19: Best Bid Size=55602 Best Bid Price=5556 Best Ask Size=1159 Best Ask Price=5563.5
2019-04-29 17:43:55  :: @Incoming Bitmex:Publishing Order Book  for symbol XBTU19: Best Bid Size=152 Best Bid Price=5555 Best Ask Size=1159 Best Ask Price=5563.5
2019-04-29 17:43:55  :: @Incoming Bitmex:Publishing Order Book  for symbol XBTU19: Best Bid Size=152 Best Bid Price=5555 Best Ask Size=1159 Best Ask Price=5563.5
2019-04-29 17:43:55  :: @Incoming Bitmex:Publishing Order Book  for symbol XBTU19: Best Bid Size=152 Best Bid Price=5555 Best Ask Size=1159 Best Ask Price=5563.5
2019-04-29 17:43:55  :: @Incoming Bitmex:WARNING1:Received INSERT Price Level for a price leven that already existed
2019-04-29 17:43:55  :: @Incoming Bitmex:WARNING1:Received INSERT Price Level for a price leven that already existed
2019-04-29 17:43:55  :: @Incoming Bitmex:WARNING1:Received INSERT Price Level for a price leven that already existed
2019-04-29 17:43:55  :: @Incoming Bitmex:WARNING1:Received INSERT Price Level for a price leven that already existed
2019-04-29 17:43:55  :: @Incoming Bitmex:Publishing Order Book  for symbol XBTU19: Best Bid Size=55605 Best Bid Price=5556 Best Ask Size=1159 Best Ask Price=5563.5
2019-04-29 17:44:01  :: @Incoming Bitmex:Publishing Order Book  for symbol XBTU19: Best Bid Size=55605 Best Bid Price=5556 Best Ask Size=1155 Best Ask Price=5563.5
2019-04-29 17:44:11  :: @Incoming Bitmex:Publishing Order Book  for symbol XBTU19: Best Bid Size=55605 Best Bid Price=5556 Best Ask Size=1163 Best Ask Price=5563.5
2019-04-29 17:45:48  :: Initializing Mock Simulated Server...
2019-04-29 17:45:48  :: Initializing all collections...
2019-04-29 17:45:48  :: 4/29/2019 5:45:48 PMBaseCommunicationModule.LoadConfig
2019-04-29 17:45:48  :: Loading config:.\BitMex\incomingBitmex.xml
2019-04-29 17:45:48  :: Processing config:.\BitMex\incomingBitmex.xml
2019-04-29 17:45:48  :: Ending GetConfiguracion .\BitMex\incomingBitmex.xml
2019-04-29 17:46:02  :: 4/29/2019 5:46:02 PMOrderRouterBase.LoadConfig
2019-04-29 17:46:02  :: Loading config:.\BitMex\outgoingBitmex.xml
2019-04-29 17:46:02  :: Processing config:.\BitMex\outgoingBitmex.xml
2019-04-29 17:46:03  :: Ending GetConfiguracion .\BitMex\outgoingBitmex.xml
2019-04-29 17:46:05  :: Collections Initialized...
2019-04-29 17:46:05  :: Successfully subscribed to execution event 
2019-04-29 17:47:15  :: Incoming Login request for user MM1_CLOBUI2
2019-04-29 17:47:15  :: user MM1_CLOBUI2 Successfully logged in
2019-04-29 17:47:30  :: Incoming subscription for Service: LD - Service key: XBT-USD - UUID: APIClientUUID SubscriptionType: S UserId: MM1_CLOBUI2 JsonToken:eyJhbGciOiJIUzI1NiIsInR5cCI6IkpXVCJ9.eyJpYXQiOjE1NTEzODY5NjksImV4cCI
2019-04-29 17:47:30  :: Entering ProcessOrderBookDepth for ServiceKey=XBT-USD
2019-04-29 17:47:30  :: Searching for mappings for ServiceKey=XBT-USD
2019-04-29 17:47:30  :: Mapping found for Outgoing Symbol=XBTU19
2019-04-29 17:47:30  :: Subscribing market data for outgoing Symbol=XBTU19
2019-04-29 17:47:30  :: Subscription sent for outgoing Symbol=XBTU19
2019-04-29 17:47:30  :: @Incoming Bitmex:Requesting market data por symbol XBTU19
2019-04-29 17:47:30  :: Successfully subscribed to orderBookL2 event on symbol XBTU19
2019-04-29 17:47:31  :: Successfully subscribed to trade event on symbol XBTU19
2019-04-29 17:47:31  :: @Incoming Bitmex:NEW TRADE for symbol XBTU19: Side=Buy Size=8 Price=5563.5 TickDirection=PlusTick
2019-04-29 17:47:32  :: @Incoming Bitmex:Publishing Order Book  for symbol XBTU19: Best Bid Size=55605 Best Bid Price=5556.5 Best Ask Size=1161 Best Ask Price=5563.5
2019-04-29 17:47:33  :: DepthOfBook-> Msg=DepthOfBook Sender=0  Action=78  BidOrAsk=66 DepthTime=1556560053 Symbol=XBT-USD Size=55605 Price=5556.5
2019-04-29 17:47:33  :: DepthOfBook-> Msg=DepthOfBook Sender=0  Action=78  BidOrAsk=66 DepthTime=1556560054 Symbol=XBT-USD Size=111210 Price=5555.5
2019-04-29 17:47:33  :: DepthOfBook-> Msg=DepthOfBook Sender=0  Action=78  BidOrAsk=66 DepthTime=1556560054 Symbol=XBT-USD Size=152 Price=5555
2019-04-29 17:47:33  :: DepthOfBook-> Msg=DepthOfBook Sender=0  Action=78  BidOrAsk=66 DepthTime=1556560054 Symbol=XBT-USD Size=15 Price=5546
2019-04-29 17:47:33  :: DepthOfBook-> Msg=DepthOfBook Sender=0  Action=78  BidOrAsk=66 DepthTime=1556560054 Symbol=XBT-USD Size=30 Price=5544
2019-04-29 17:47:33  :: DepthOfBook-> Msg=DepthOfBook Sender=0  Action=78  BidOrAsk=66 DepthTime=1556560054 Symbol=XBT-USD Size=45 Price=5541
2019-04-29 17:47:33  :: DepthOfBook-> Msg=DepthOfBook Sender=0  Action=78  BidOrAsk=66 DepthTime=1556560054 Symbol=XBT-USD Size=60 Price=5538
2019-04-29 17:47:33  :: DepthOfBook-> Msg=DepthOfBook Sender=0  Action=78  BidOrAsk=66 DepthTime=1556560054 Symbol=XBT-USD Size=110 Price=5512.5
2019-04-29 17:47:33  :: DepthOfBook-> Msg=DepthOfBook Sender=0  Action=78  BidOrAsk=66 DepthTime=1556560054 Symbol=XBT-USD Size=278025 Price=5510.5
2019-04-29 17:47:33  :: DepthOfBook-> Msg=DepthOfBook Sender=0  Action=78  BidOrAsk=66 DepthTime=1556560054 Symbol=XBT-USD Size=556050 Price=5485.5
2019-04-29 17:47:33  :: DepthOfBook-> Msg=DepthOfBook Sender=0  Action=78  BidOrAsk=66 DepthTime=1556560054 Symbol=XBT-USD Size=881 Price=5476
2019-04-29 17:47:33  :: DepthOfBook-> Msg=DepthOfBook Sender=0  Action=78  BidOrAsk=66 DepthTime=1556560054 Symbol=XBT-USD Size=1000 Price=5101
2019-04-29 17:47:33  :: DepthOfBook-> Msg=DepthOfBook Sender=0  Action=78  BidOrAsk=66 DepthTime=1556560054 Symbol=XBT-USD Size=1500 Price=5100
2019-04-29 17:47:33  :: DepthOfBook-> Msg=DepthOfBook Sender=0  Action=78  BidOrAsk=66 DepthTime=1556560054 Symbol=XBT-USD Size=100000 Price=4550
2019-04-29 17:47:33  :: DepthOfBook-> Msg=DepthOfBook Sender=0  Action=78  BidOrAsk=66 DepthTime=1556560054 Symbol=XBT-USD Size=100000 Price=4450
2019-04-29 17:47:33  :: DepthOfBook-> Msg=DepthOfBook Sender=0  Action=78  BidOrAsk=66 DepthTime=1556560054 Symbol=XBT-USD Size=5000 Price=4047
2019-04-29 17:47:33  :: DepthOfBook-> Msg=DepthOfBook Sender=0  Action=78  BidOrAsk=66 DepthTime=1556560054 Symbol=XBT-USD Size=25 Price=3952.5
2019-04-29 17:47:33  :: DepthOfBook-> Msg=DepthOfBook Sender=0  Action=78  BidOrAsk=66 DepthTime=1556560054 Symbol=XBT-USD Size=2764 Price=3715.5
2019-04-29 17:47:33  :: DepthOfBook-> Msg=DepthOfBook Sender=0  Action=78  BidOrAsk=66 DepthTime=1556560054 Symbol=XBT-USD Size=5000 Price=3080.5
2019-04-29 17:47:33  :: DepthOfBook-> Msg=DepthOfBook Sender=0  Action=78  BidOrAsk=66 DepthTime=1556560054 Symbol=XBT-USD Size=100000 Price=3080
2019-04-29 17:47:33  :: DepthOfBook-> Msg=DepthOfBook Sender=0  Action=78  BidOrAsk=66 DepthTime=1556560054 Symbol=XBT-USD Size=20000 Price=3009.5
2019-04-29 17:47:33  :: DepthOfBook-> Msg=DepthOfBook Sender=0  Action=78  BidOrAsk=66 DepthTime=1556560054 Symbol=XBT-USD Size=1000 Price=1982.5
2019-04-29 17:47:33  :: DepthOfBook-> Msg=DepthOfBook Sender=0  Action=78  BidOrAsk=66 DepthTime=1556560054 Symbol=XBT-USD Size=100000 Price=1982
2019-04-29 17:47:33  :: DepthOfBook-> Msg=DepthOfBook Sender=0  Action=78  BidOrAsk=65 DepthTime=1556560054 Symbol=XBT-USD Size=1161 Price=5563.5
2019-04-29 17:47:33  :: DepthOfBook-> Msg=DepthOfBook Sender=0  Action=78  BidOrAsk=65 DepthTime=1556560054 Symbol=XBT-USD Size=55625 Price=5564.5
2019-04-29 17:47:33  :: DepthOfBook-> Msg=DepthOfBook Sender=0  Action=78  BidOrAsk=65 DepthTime=1556560054 Symbol=XBT-USD Size=40 Price=5565
2019-04-29 17:47:33  :: DepthOfBook-> Msg=DepthOfBook Sender=0  Action=78  BidOrAsk=65 DepthTime=1556560054 Symbol=XBT-USD Size=111290 Price=5565.5
2019-04-29 17:47:33  :: DepthOfBook-> Msg=DepthOfBook Sender=0  Action=78  BidOrAsk=65 DepthTime=1556560054 Symbol=XBT-USD Size=160 Price=5566
2019-04-29 17:47:33  :: DepthOfBook-> Msg=DepthOfBook Sender=0  Action=78  BidOrAsk=65 DepthTime=1556560054 Symbol=XBT-USD Size=225 Price=5577.5
2019-04-29 17:47:33  :: DepthOfBook-> Msg=DepthOfBook Sender=0  Action=78  BidOrAsk=65 DepthTime=1556560054 Symbol=XBT-USD Size=296 Price=5581
2019-04-29 17:47:33  :: DepthOfBook-> Msg=DepthOfBook Sender=0  Action=78  BidOrAsk=65 DepthTime=1556560054 Symbol=XBT-USD Size=296 Price=5598.5
2019-04-29 17:47:33  :: DepthOfBook-> Msg=DepthOfBook Sender=0  Action=78  BidOrAsk=65 DepthTime=1556560054 Symbol=XBT-USD Size=278025 Price=5610.5
2019-04-29 17:47:33  :: DepthOfBook-> Msg=DepthOfBook Sender=0  Action=78  BidOrAsk=65 DepthTime=1556560054 Symbol=XBT-USD Size=593 Price=5616
2019-04-29 17:47:33  :: DepthOfBook-> Msg=DepthOfBook Sender=0  Action=78  BidOrAsk=65 DepthTime=1556560054 Symbol=XBT-USD Size=890 Price=5633.5
2019-04-29 17:47:33  :: DepthOfBook-> Msg=DepthOfBook Sender=0  Action=78  BidOrAsk=65 DepthTime=1556560054 Symbol=XBT-USD Size=556050 Price=5635.5
2019-04-29 17:47:33  :: DepthOfBook-> Msg=DepthOfBook Sender=0  Action=78  BidOrAsk=65 DepthTime=1556560054 Symbol=XBT-USD Size=99973 Price=5650
2019-04-29 17:47:33  :: DepthOfBook-> Msg=DepthOfBook Sender=0  Action=78  BidOrAsk=65 DepthTime=1556560054 Symbol=XBT-USD Size=1484 Price=5651
2019-04-29 17:47:33  :: DepthOfBook-> Msg=DepthOfBook Sender=0  Action=78  BidOrAsk=65 DepthTime=1556560054 Symbol=XBT-USD Size=612 Price=6124
2019-04-29 17:47:33  :: DepthOfBook-> Msg=DepthOfBook Sender=0  Action=78  BidOrAsk=65 DepthTime=1556560054 Symbol=XBT-USD Size=5000 Price=6300
2019-04-29 17:47:33  :: DepthOfBook-> Msg=DepthOfBook Sender=0  Action=78  BidOrAsk=65 DepthTime=1556560054 Symbol=XBT-USD Size=5000 Price=6600
2019-04-29 17:47:33  :: DepthOfBook-> Msg=DepthOfBook Sender=0  Action=78  BidOrAsk=65 DepthTime=1556560054 Symbol=XBT-USD Size=5000 Price=6900
2019-04-29 17:47:33  :: DepthOfBook-> Msg=DepthOfBook Sender=0  Action=78  BidOrAsk=65 DepthTime=1556560054 Symbol=XBT-USD Size=3000 Price=8776.5
2019-04-29 17:47:33  :: DepthOfBook-> Msg=DepthOfBook Sender=0  Action=78  BidOrAsk=65 DepthTime=1556560054 Symbol=XBT-USD Size=10000 Price=8777
2019-04-29 17:47:33  :: DepthOfBook-> Msg=DepthOfBook Sender=0  Action=78  BidOrAsk=65 DepthTime=1556560054 Symbol=XBT-USD Size=3000 Price=9998.5
2019-04-29 17:47:33  :: @Incoming Bitmex:Publishing Order Book  for symbol XBTU19: Best Bid Size=55605 Best Bid Price=5556.5 Best Ask Size=1173 Best Ask Price=5563.5
2019-04-29 17:47:33  :: SubscriptionResponse UUID:APIClientUUID Service:LD ServiceKey:XBT-USD Success:True
2019-04-29 17:47:34  :: DepthOfBook-> Msg=DepthOfBook Sender=0  Action=67  BidOrAsk=65 DepthTime=1556560055 Symbol=XBT-USD Size=1173 Price=5563.5
2019-04-29 17:47:43  :: @Incoming Bitmex:Publishing Order Book  for symbol XBTU19: Best Bid Size=55605 Best Bid Price=5556.5 Best Ask Size=1159 Best Ask Price=5563.5
2019-04-29 17:47:43  :: DepthOfBook-> Msg=DepthOfBook Sender=0  Action=67  BidOrAsk=65 DepthTime=1556560064 Symbol=XBT-USD Size=1159 Price=5563.5
2019-04-29 17:47:43  :: Error publishing OrderBookDepth thread:Subproceso anulado.
2019-04-29 17:47:50  :: Turning threads off on socket disconnection
2019-04-29 17:47:53  :: @Incoming Bitmex:Publishing Order Book  for symbol XBTU19: Best Bid Size=55605 Best Bid Price=5556.5 Best Ask Size=1171 Best Ask Price=5563.5
2019-04-29 17:47:55  :: @Incoming Bitmex:Publishing Order Book  for symbol XBTU19: Best Bid Size=152 Best Bid Price=5555 Best Ask Size=1171 Best Ask Price=5563.5
2019-04-29 17:47:55  :: @Incoming Bitmex:Publishing Order Book  for symbol XBTU19: Best Bid Size=152 Best Bid Price=5555 Best Ask Size=1171 Best Ask Price=5563.5
2019-04-29 17:47:55  :: @Incoming Bitmex:Publishing Order Book  for symbol XBTU19: Best Bid Size=111350 Best Bid Price=5555 Best Ask Size=1171 Best Ask Price=5563.5
2019-04-29 17:47:55  :: @Incoming Bitmex:Publishing Order Book  for symbol XBTU19: Best Bid Size=55599 Best Bid Price=5556 Best Ask Size=1171 Best Ask Price=5563.5
2019-04-29 17:48:13  :: @Incoming Bitmex:Publishing Order Book  for symbol XBTU19: Best Bid Size=55599 Best Bid Price=5556 Best Ask Size=1172 Best Ask Price=5563.5
2019-04-29 17:48:23  :: @Incoming Bitmex:Publishing Order Book  for symbol XBTU19: Best Bid Size=55599 Best Bid Price=5556 Best Ask Size=1175 Best Ask Price=5563.5
2019-04-29 17:48:26  :: @Incoming Bitmex:Publishing Order Book  for symbol XBTU19: Best Bid Size=55599 Best Bid Price=5556 Best Ask Size=1137 Best Ask Price=5563.5
2019-04-29 17:48:34  :: @Incoming Bitmex:Publishing Order Book  for symbol XBTU19: Best Bid Size=55599 Best Bid Price=5556 Best Ask Size=1140 Best Ask Price=5563.5
2019-04-29 17:48:44  :: @Incoming Bitmex:Publishing Order Book  for symbol XBTU19: Best Bid Size=55599 Best Bid Price=5556 Best Ask Size=1132 Best Ask Price=5563.5
2019-04-29 17:48:48  :: @Incoming Bitmex:Publishing Order Book  for symbol XBTU19: Best Bid Size=55595 Best Bid Price=5556 Best Ask Size=1132 Best Ask Price=5563.5
2019-04-29 17:48:48  :: @Incoming Bitmex:NEW TRADE for symbol XBTU19: Side=Sell Size=4 Price=5556 TickDirection=MinusTick
2019-04-29 17:48:48  :: @Incoming Bitmex:Publishing Order Book  for symbol XBTU19: Best Bid Size=55595 Best Bid Price=5556 Best Ask Size=1170 Best Ask Price=5563.5
2019-04-29 17:48:54  :: @Incoming Bitmex:Publishing Order Book  for symbol XBTU19: Best Bid Size=55595 Best Bid Price=5556 Best Ask Size=1180 Best Ask Price=5563.5
2019-04-29 17:48:55  :: @Incoming Bitmex:Publishing Order Book  for symbol XBTU19: Best Bid Size=111350 Best Bid Price=5555 Best Ask Size=1180 Best Ask Price=5563.5
2019-04-29 17:48:55  :: @Incoming Bitmex:Publishing Order Book  for symbol XBTU19: Best Bid Size=152 Best Bid Price=5555 Best Ask Size=1180 Best Ask Price=5563.5
2019-04-29 17:48:55  :: @Incoming Bitmex:Publishing Order Book  for symbol XBTU19: Best Bid Size=111350 Best Bid Price=5555 Best Ask Size=1180 Best Ask Price=5563.5
2019-04-29 17:48:55  :: @Incoming Bitmex:WARNING1:Received INSERT Price Level for a price leven that already existed
2019-04-29 17:48:55  :: @Incoming Bitmex:WARNING1:Received INSERT Price Level for a price leven that already existed
2019-04-29 17:48:55  :: @Incoming Bitmex:WARNING1:Received INSERT Price Level for a price leven that already existed
2019-04-29 17:48:55  :: @Incoming Bitmex:WARNING1:Received INSERT Price Level for a price leven that already existed
2019-04-29 17:48:55  :: @Incoming Bitmex:WARNING1:Received INSERT Price Level for a price leven that already existed
2019-04-29 17:48:55  :: @Incoming Bitmex:WARNING1:Received INSERT Price Level for a price leven that already existed
2019-04-29 17:48:55  :: @Incoming Bitmex:Publishing Order Book  for symbol XBTU19: Best Bid Size=55599 Best Bid Price=5556 Best Ask Size=1180 Best Ask Price=5563.5
2019-04-29 17:49:04  :: @Incoming Bitmex:Publishing Order Book  for symbol XBTU19: Best Bid Size=55599 Best Bid Price=5556 Best Ask Size=1170 Best Ask Price=5563.5
2019-04-29 17:49:14  :: @Incoming Bitmex:Publishing Order Book  for symbol XBTU19: Best Bid Size=55599 Best Bid Price=5556 Best Ask Size=1168 Best Ask Price=5563.5
2019-04-29 17:49:24  :: @Incoming Bitmex:Publishing Order Book  for symbol XBTU19: Best Bid Size=55599 Best Bid Price=5556 Best Ask Size=1180 Best Ask Price=5563.5
2019-04-29 17:50:00  :: Initializing Mock Simulated Server...
2019-04-29 17:50:00  :: Initializing all collections...
2019-04-29 17:50:00  :: 4/29/2019 5:50:00 PMBaseCommunicationModule.LoadConfig
2019-04-29 17:50:00  :: Loading config:.\BitMex\incomingBitmex.xml
2019-04-29 17:50:00  :: Processing config:.\BitMex\incomingBitmex.xml
2019-04-29 17:50:00  :: Ending GetConfiguracion .\BitMex\incomingBitmex.xml
2019-04-29 17:50:19  :: Initializing Mock Simulated Server...
2019-04-29 17:50:19  :: Initializing all collections...
2019-04-29 17:50:19  :: 4/29/2019 5:50:19 PMBaseCommunicationModule.LoadConfig
2019-04-29 17:50:19  :: Loading config:.\BitMex\incomingBitmex.xml
2019-04-29 17:50:19  :: Processing config:.\BitMex\incomingBitmex.xml
2019-04-29 17:50:19  :: Ending GetConfiguracion .\BitMex\incomingBitmex.xml
2019-04-29 17:50:22  :: 4/29/2019 5:50:22 PMOrderRouterBase.LoadConfig
2019-04-29 17:50:22  :: Loading config:.\BitMex\outgoingBitmex.xml
2019-04-29 17:50:22  :: Processing config:.\BitMex\outgoingBitmex.xml
2019-04-29 17:50:22  :: Ending GetConfiguracion .\BitMex\outgoingBitmex.xml
2019-04-29 17:50:23  :: Collections Initialized...
2019-04-29 17:50:24  :: Successfully subscribed to execution event 
2019-04-29 17:50:52  :: Incoming Login request for user MM2_CLOBUI1
2019-04-29 17:50:52  :: user MM2_CLOBUI1 Successfully logged in
2019-04-29 17:50:59  :: Incoming subscription for Service: LD - Service key: XBT-USD - UUID: APIClientUUID SubscriptionType: S UserId: MM2_CLOBUI1 JsonToken:eyJhbGciOiJIUzI1NiIsInR5cCI6IkpXVCJ9.eyJpYXQiOjE1NTEzODY5NjksImV4cCI
2019-04-29 17:50:59  :: Entering ProcessOrderBookDepth for ServiceKey=XBT-USD
2019-04-29 17:50:59  :: Searching for mappings for ServiceKey=XBT-USD
2019-04-29 17:50:59  :: Mapping found for Outgoing Symbol=XBTU19
2019-04-29 17:51:00  :: Subscribing market data for outgoing Symbol=XBTU19
2019-04-29 17:51:00  :: Subscription sent for outgoing Symbol=XBTU19
2019-04-29 17:51:00  :: @Incoming Bitmex:Requesting market data por symbol XBTU19
2019-04-29 17:51:00  :: Successfully subscribed to orderBookL2 event on symbol XBTU19
2019-04-29 17:51:00  :: Successfully subscribed to trade event on symbol XBTU19
2019-04-29 17:51:00  :: @Incoming Bitmex:NEW TRADE for symbol XBTU19: Side=Sell Size=4 Price=5556 TickDirection=MinusTick
2019-04-29 17:51:00  :: Incoming subscription for Service: LD - Service key: XBT-USD - UUID: APIClientUUID SubscriptionType: S UserId: MM2_CLOBUI1 JsonToken:eyJhbGciOiJIUzI1NiIsInR5cCI6IkpXVCJ9.eyJpYXQiOjE1NTEzODY5NjksImV4cCI
2019-04-29 17:51:00  :: Entering ProcessOrderBookDepth for ServiceKey=XBT-USD
2019-04-29 17:51:00  :: Searching for mappings for ServiceKey=XBT-USD
2019-04-29 17:51:00  :: Mapping found for Outgoing Symbol=XBTU19
2019-04-29 17:51:02  :: @Incoming Bitmex:Publishing Order Book  for symbol XBTU19: Best Bid Size=55596 Best Bid Price=5555.5 Best Ask Size=56762 Best Ask Price=5563.5
2019-04-29 17:51:03  :: DepthOfBook-> Msg=DepthOfBook Sender=0  Action=78  BidOrAsk=66 DepthTime=1556560263 Symbol=XBT-USD Size=55596 Price=5555.5
2019-04-29 17:51:03  :: DepthOfBook-> Msg=DepthOfBook Sender=0  Action=78  BidOrAsk=66 DepthTime=1556560263 Symbol=XBT-USD Size=152 Price=5555
2019-04-29 17:51:03  :: DepthOfBook-> Msg=DepthOfBook Sender=0  Action=78  BidOrAsk=66 DepthTime=1556560263 Symbol=XBT-USD Size=111191 Price=5554.5
2019-04-29 17:51:03  :: DepthOfBook-> Msg=DepthOfBook Sender=0  Action=78  BidOrAsk=66 DepthTime=1556560263 Symbol=XBT-USD Size=15 Price=5546
2019-04-29 17:51:03  :: DepthOfBook-> Msg=DepthOfBook Sender=0  Action=78  BidOrAsk=66 DepthTime=1556560263 Symbol=XBT-USD Size=30 Price=5544
2019-04-29 17:51:03  :: DepthOfBook-> Msg=DepthOfBook Sender=0  Action=78  BidOrAsk=66 DepthTime=1556560263 Symbol=XBT-USD Size=45 Price=5541
2019-04-29 17:51:03  :: DepthOfBook-> Msg=DepthOfBook Sender=0  Action=78  BidOrAsk=66 DepthTime=1556560263 Symbol=XBT-USD Size=60 Price=5538
2019-04-29 17:51:03  :: DepthOfBook-> Msg=DepthOfBook Sender=0  Action=78  BidOrAsk=66 DepthTime=1556560263 Symbol=XBT-USD Size=110 Price=5512.5
2019-04-29 17:51:03  :: DepthOfBook-> Msg=DepthOfBook Sender=0  Action=78  BidOrAsk=66 DepthTime=1556560263 Symbol=XBT-USD Size=277979 Price=5509.5
2019-04-29 17:51:03  :: DepthOfBook-> Msg=DepthOfBook Sender=0  Action=78  BidOrAsk=66 DepthTime=1556560263 Symbol=XBT-USD Size=555957 Price=5484.5
2019-04-29 17:51:03  :: DepthOfBook-> Msg=DepthOfBook Sender=0  Action=78  BidOrAsk=66 DepthTime=1556560263 Symbol=XBT-USD Size=881 Price=5476
2019-04-29 17:51:03  :: DepthOfBook-> Msg=DepthOfBook Sender=0  Action=78  BidOrAsk=66 DepthTime=1556560263 Symbol=XBT-USD Size=1000 Price=5101
2019-04-29 17:51:03  :: DepthOfBook-> Msg=DepthOfBook Sender=0  Action=78  BidOrAsk=66 DepthTime=1556560263 Symbol=XBT-USD Size=1500 Price=5100
2019-04-29 17:51:03  :: DepthOfBook-> Msg=DepthOfBook Sender=0  Action=78  BidOrAsk=66 DepthTime=1556560263 Symbol=XBT-USD Size=100000 Price=4550
2019-04-29 17:51:03  :: DepthOfBook-> Msg=DepthOfBook Sender=0  Action=78  BidOrAsk=66 DepthTime=1556560263 Symbol=XBT-USD Size=100000 Price=4450
2019-04-29 17:51:03  :: DepthOfBook-> Msg=DepthOfBook Sender=0  Action=78  BidOrAsk=66 DepthTime=1556560263 Symbol=XBT-USD Size=5000 Price=4047
2019-04-29 17:51:03  :: DepthOfBook-> Msg=DepthOfBook Sender=0  Action=78  BidOrAsk=66 DepthTime=1556560263 Symbol=XBT-USD Size=25 Price=3952.5
2019-04-29 17:51:03  :: DepthOfBook-> Msg=DepthOfBook Sender=0  Action=78  BidOrAsk=66 DepthTime=1556560263 Symbol=XBT-USD Size=2764 Price=3715.5
2019-04-29 17:51:03  :: DepthOfBook-> Msg=DepthOfBook Sender=0  Action=78  BidOrAsk=66 DepthTime=1556560263 Symbol=XBT-USD Size=5000 Price=3080.5
2019-04-29 17:51:03  :: DepthOfBook-> Msg=DepthOfBook Sender=0  Action=78  BidOrAsk=66 DepthTime=1556560263 Symbol=XBT-USD Size=100000 Price=3080
2019-04-29 17:51:03  :: DepthOfBook-> Msg=DepthOfBook Sender=0  Action=78  BidOrAsk=66 DepthTime=1556560263 Symbol=XBT-USD Size=20000 Price=3009.5
2019-04-29 17:51:03  :: DepthOfBook-> Msg=DepthOfBook Sender=0  Action=78  BidOrAsk=66 DepthTime=1556560263 Symbol=XBT-USD Size=1000 Price=1982.5
2019-04-29 17:51:03  :: DepthOfBook-> Msg=DepthOfBook Sender=0  Action=78  BidOrAsk=66 DepthTime=1556560263 Symbol=XBT-USD Size=100000 Price=1982
2019-04-29 17:51:03  :: DepthOfBook-> Msg=DepthOfBook Sender=0  Action=78  BidOrAsk=65 DepthTime=1556560263 Symbol=XBT-USD Size=56762 Price=5563.5
2019-04-29 17:51:03  :: DepthOfBook-> Msg=DepthOfBook Sender=0  Action=78  BidOrAsk=65 DepthTime=1556560263 Symbol=XBT-USD Size=111211 Price=5564.5
2019-04-29 17:51:03  :: DepthOfBook-> Msg=DepthOfBook Sender=0  Action=78  BidOrAsk=65 DepthTime=1556560263 Symbol=XBT-USD Size=40 Price=5565
2019-04-29 17:51:03  :: DepthOfBook-> Msg=DepthOfBook Sender=0  Action=78  BidOrAsk=65 DepthTime=1556560263 Symbol=XBT-USD Size=80 Price=5565.5
2019-04-29 17:51:03  :: DepthOfBook-> Msg=DepthOfBook Sender=0  Action=78  BidOrAsk=65 DepthTime=1556560263 Symbol=XBT-USD Size=160 Price=5566
2019-04-29 17:51:03  :: DepthOfBook-> Msg=DepthOfBook Sender=0  Action=78  BidOrAsk=65 DepthTime=1556560263 Symbol=XBT-USD Size=225 Price=5577.5
2019-04-29 17:51:03  :: DepthOfBook-> Msg=DepthOfBook Sender=0  Action=78  BidOrAsk=65 DepthTime=1556560263 Symbol=XBT-USD Size=296 Price=5581
2019-04-29 17:51:03  :: DepthOfBook-> Msg=DepthOfBook Sender=0  Action=78  BidOrAsk=65 DepthTime=1556560263 Symbol=XBT-USD Size=296 Price=5598.5
2019-04-29 17:51:03  :: DepthOfBook-> Msg=DepthOfBook Sender=0  Action=78  BidOrAsk=65 DepthTime=1556560263 Symbol=XBT-USD Size=277979 Price=5609.5
2019-04-29 17:51:03  :: DepthOfBook-> Msg=DepthOfBook Sender=0  Action=78  BidOrAsk=65 DepthTime=1556560263 Symbol=XBT-USD Size=593 Price=5616
2019-04-29 17:51:03  :: DepthOfBook-> Msg=DepthOfBook Sender=0  Action=78  BidOrAsk=65 DepthTime=1556560263 Symbol=XBT-USD Size=890 Price=5633.5
2019-04-29 17:51:03  :: DepthOfBook-> Msg=DepthOfBook Sender=0  Action=78  BidOrAsk=65 DepthTime=1556560263 Symbol=XBT-USD Size=555957 Price=5634.5
2019-04-29 17:51:03  :: DepthOfBook-> Msg=DepthOfBook Sender=0  Action=78  BidOrAsk=65 DepthTime=1556560263 Symbol=XBT-USD Size=99973 Price=5650
2019-04-29 17:51:03  :: DepthOfBook-> Msg=DepthOfBook Sender=0  Action=78  BidOrAsk=65 DepthTime=1556560263 Symbol=XBT-USD Size=1484 Price=5651
2019-04-29 17:51:03  :: DepthOfBook-> Msg=DepthOfBook Sender=0  Action=78  BidOrAsk=65 DepthTime=1556560263 Symbol=XBT-USD Size=612 Price=6124
2019-04-29 17:51:03  :: DepthOfBook-> Msg=DepthOfBook Sender=0  Action=78  BidOrAsk=65 DepthTime=1556560263 Symbol=XBT-USD Size=5000 Price=6300
2019-04-29 17:51:03  :: DepthOfBook-> Msg=DepthOfBook Sender=0  Action=78  BidOrAsk=65 DepthTime=1556560263 Symbol=XBT-USD Size=5000 Price=6600
2019-04-29 17:51:03  :: DepthOfBook-> Msg=DepthOfBook Sender=0  Action=78  BidOrAsk=65 DepthTime=1556560263 Symbol=XBT-USD Size=5000 Price=6900
2019-04-29 17:51:03  :: DepthOfBook-> Msg=DepthOfBook Sender=0  Action=78  BidOrAsk=65 DepthTime=1556560263 Symbol=XBT-USD Size=3000 Price=8776.5
2019-04-29 17:51:03  :: DepthOfBook-> Msg=DepthOfBook Sender=0  Action=78  BidOrAsk=65 DepthTime=1556560263 Symbol=XBT-USD Size=10000 Price=8777
2019-04-29 17:51:03  :: DepthOfBook-> Msg=DepthOfBook Sender=0  Action=78  BidOrAsk=65 DepthTime=1556560263 Symbol=XBT-USD Size=3000 Price=9998.5
2019-04-29 17:51:03  :: SubscriptionResponse UUID:APIClientUUID Service:LD ServiceKey:XBT-USD Success:True
2019-04-29 17:51:06  :: @Incoming Bitmex:Publishing Order Book  for symbol XBTU19: Best Bid Size=55596 Best Bid Price=5555.5 Best Ask Size=56747 Best Ask Price=5563.5
2019-04-29 17:51:06  :: DepthOfBook-> Msg=DepthOfBook Sender=0  Action=67  BidOrAsk=65 DepthTime=1556560266 Symbol=XBT-USD Size=56747 Price=5563.5
2019-04-29 17:51:06  :: Error publishing OrderBookDepth thread:Subproceso anulado.
2019-04-29 17:51:10  :: Turning threads off on socket disconnection
2019-04-29 17:51:36  :: @Incoming Bitmex:Publishing Order Book  for symbol XBTU19: Best Bid Size=55596 Best Bid Price=5555.5 Best Ask Size=56746 Best Ask Price=5563.5
2019-04-29 17:51:40  :: @Incoming Bitmex:Publishing Order Book  for symbol XBTU19: Best Bid Size=55596 Best Bid Price=5555.5 Best Ask Size=56708 Best Ask Price=5563.5
2019-04-29 17:51:41  :: @Incoming Bitmex:Publishing Order Book  for symbol XBTU19: Best Bid Size=55596 Best Bid Price=5555.5 Best Ask Size=56705 Best Ask Price=5563.5
2019-04-29 17:51:41  :: @Incoming Bitmex:NEW TRADE for symbol XBTU19: Side=Buy Size=3 Price=5563.5 TickDirection=PlusTick
2019-04-29 17:51:46  :: @Incoming Bitmex:Publishing Order Book  for symbol XBTU19: Best Bid Size=55596 Best Bid Price=5555.5 Best Ask Size=56719 Best Ask Price=5563.5
2019-04-29 17:51:48  :: @Incoming Bitmex:Publishing Order Book  for symbol XBTU19: Best Bid Size=55596 Best Bid Price=5555.5 Best Ask Size=56757 Best Ask Price=5563.5
2019-04-29 17:51:55  :: @Incoming Bitmex:Publishing Order Book  for symbol XBTU19: Best Bid Size=152 Best Bid Price=5555 Best Ask Size=56757 Best Ask Price=5563.5
2019-04-29 17:51:55  :: @Incoming Bitmex:Publishing Order Book  for symbol XBTU19: Best Bid Size=152 Best Bid Price=5555 Best Ask Size=1164 Best Ask Price=5563.5
2019-04-29 17:51:55  :: @Incoming Bitmex:Publishing Order Book  for symbol XBTU19: Best Bid Size=152 Best Bid Price=5555 Best Ask Size=112337 Best Ask Price=5563.5
2019-04-29 17:51:55  :: @Incoming Bitmex:WARNING1:Received INSERT Price Level for a price leven that already existed
2019-04-29 17:51:55  :: @Incoming Bitmex:Publishing Order Book  for symbol XBTU19: Best Bid Size=152 Best Bid Price=5555 Best Ask Size=55586 Best Ask Price=5563
2019-04-29 17:51:55  :: @Incoming Bitmex:Publishing Order Book  for symbol XBTU19: Best Bid Size=152 Best Bid Price=5555 Best Ask Size=55586 Best Ask Price=5563
2019-04-29 17:51:55  :: @Incoming Bitmex:Publishing Order Book  for symbol XBTU19: Best Bid Size=152 Best Bid Price=5555 Best Ask Size=55624 Best Ask Price=5563
2019-04-29 17:51:56  :: @Incoming Bitmex:Publishing Order Book  for symbol XBTU19: Best Bid Size=152 Best Bid Price=5555 Best Ask Size=55624 Best Ask Price=5563
2019-04-29 17:55:06  :: Initializing Mock Simulated Server...
2019-04-29 17:55:06  :: Initializing all collections...
2019-04-29 17:55:06  :: 4/29/2019 5:55:06 PMBaseCommunicationModule.LoadConfig
2019-04-29 17:55:06  :: Loading config:.\BitMex\incomingBitmex.xml
2019-04-29 17:55:06  :: Processing config:.\BitMex\incomingBitmex.xml
2019-04-29 17:55:07  :: Ending GetConfiguracion .\BitMex\incomingBitmex.xml
2019-04-29 17:55:10  :: 4/29/2019 5:55:10 PMOrderRouterBase.LoadConfig
2019-04-29 17:55:10  :: Loading config:.\BitMex\outgoingBitmex.xml
2019-04-29 17:55:10  :: Processing config:.\BitMex\outgoingBitmex.xml
2019-04-29 17:55:10  :: Ending GetConfiguracion .\BitMex\outgoingBitmex.xml
2019-04-29 17:55:11  :: Collections Initialized...
2019-04-29 17:55:12  :: Successfully subscribed to execution event 
2019-04-29 17:55:24  :: Incoming Login request for user MM1_CLOBUI
2019-04-29 17:55:24  :: user MM1_CLOBUI Successfully logged in
2019-04-29 17:55:24  :: Incoming subscription for Service: LS - Service key: XBT-USD - UUID: MarketDataPOCUUID SubscriptionType: S UserId: MM1_CLOBUI JsonToken:eyJhbGciOiJIUzI1NiIsInR5cCI6IkpXVCJ9.eyJpYXQiOjE1NTEzODY5NjksImV4cCI
2019-04-29 17:55:24  :: Subscribing market data for outgoing Symbol=XBTU19
2019-04-29 17:55:24  :: Subscription sent for outgoing Symbol=XBTU19
2019-04-29 17:55:24  :: @Incoming Bitmex:Requesting market data por symbol XBTU19
2019-04-29 17:55:25  :: Successfully subscribed to orderBookL2 event on symbol XBTU19
2019-04-29 17:55:25  :: @Incoming Bitmex:Publishing Order Book  for symbol XBTU19: Best Bid Size=55495 Best Bid Price=5545.5 Best Ask Size=55497 Best Ask Price=5554
2019-04-29 17:55:25  :: Successfully subscribed to trade event on symbol XBTU19
2019-04-29 17:55:25  :: @Incoming Bitmex:NEW TRADE for symbol XBTU19: Side=Sell Size=2 Price=5545.5 TickDirection=MinusTick
2019-04-29 17:55:25  :: Incoming subscription for Service: LQ - Service key: XBT-USD - UUID: MarketDataPOCUUID SubscriptionType: S UserId: MM1_CLOBUI JsonToken:eyJhbGciOiJIUzI1NiIsInR5cCI6IkpXVCJ9.eyJpYXQiOjE1NTEzODY5NjksImV4cCI
2019-04-29 17:55:25  :: SubscriptionResponse UUID:MarketDataPOCUUID Service:LQ ServiceKey:XBT-USD Success:True
2019-04-29 17:55:25  :: SubscriptionResponse UUID:MarketDataPOCUUID Service:LS ServiceKey:XBT-USD Success:True
2019-04-29 17:55:26  :: Incoming subscription for Service: FD - Service key: XBT-USD - UUID: MarketDataPOCUUID SubscriptionType: S UserId: MM1_CLOBUI JsonToken:eyJhbGciOiJIUzI1NiIsInR5cCI6IkpXVCJ9.eyJpYXQiOjE1NTEzODY5NjksImV4cCI
2019-04-29 17:55:27  :: Error publishingLastSale thread:Subproceso anulado.
2019-04-29 17:55:35  :: Error publishing LastQuote thread:Subproceso anulado.
2019-04-29 17:55:35  :: @Incoming Bitmex:Publishing Order Book  for symbol XBTU19: Best Bid Size=55495 Best Bid Price=5545.5 Best Ask Size=55497 Best Ask Price=5554
2019-04-29 17:55:35  :: Turning threads off on socket disconnection
2019-04-29 17:55:35  :: @Incoming Bitmex:Publishing Order Book  for symbol XBTU19: Best Bid Size=55495 Best Bid Price=5545.5 Best Ask Size=55488 Best Ask Price=5554
2019-04-29 17:55:35  :: @Incoming Bitmex:NEW TRADE for symbol XBTU19: Side=Buy Size=9 Price=5554 TickDirection=PlusTick
2019-04-29 17:55:35  :: @Incoming Bitmex:Publishing Order Book  for symbol XBTU19: Best Bid Size=55570 Best Bid Price=5545.5 Best Ask Size=55563 Best Ask Price=5554
2019-04-29 17:55:35  :: @Incoming Bitmex:Publishing Order Book  for symbol XBTU19: Best Bid Size=55570 Best Bid Price=5545.5 Best Ask Size=55563 Best Ask Price=5554
2019-04-29 17:55:38  :: @Incoming Bitmex:Publishing Order Book  for symbol XBTU19: Best Bid Size=55570 Best Bid Price=5545.5 Best Ask Size=55563 Best Ask Price=5554
2019-04-29 17:55:48  :: @Incoming Bitmex:Publishing Order Book  for symbol XBTU19: Best Bid Size=55570 Best Bid Price=5545.5 Best Ask Size=55563 Best Ask Price=5554
2019-04-29 17:57:03  :: Initializing Mock Simulated Server...
2019-04-29 17:57:03  :: Initializing all collections...
2019-04-29 17:57:03  :: 4/29/2019 5:57:03 PMBaseCommunicationModule.LoadConfig
2019-04-29 17:57:03  :: Loading config:.\BitMex\incomingBitmex.xml
2019-04-29 17:57:03  :: Processing config:.\BitMex\incomingBitmex.xml
2019-04-29 17:57:03  :: Ending GetConfiguracion .\BitMex\incomingBitmex.xml
2019-04-29 17:57:17  :: 4/29/2019 5:57:17 PMOrderRouterBase.LoadConfig
2019-04-29 17:57:17  :: Loading config:.\BitMex\outgoingBitmex.xml
2019-04-29 17:57:17  :: Processing config:.\BitMex\outgoingBitmex.xml
2019-04-29 17:57:17  :: Ending GetConfiguracion .\BitMex\outgoingBitmex.xml
2019-04-29 17:57:18  :: Collections Initialized...
2019-04-29 17:57:19  :: Successfully subscribed to execution event 
2019-04-29 17:57:51  :: Incoming Login request for user MM1_CLOBUI2
2019-04-29 17:57:51  :: user MM1_CLOBUI2 Successfully logged in
2019-04-29 17:57:55  :: Incoming subscription for Service: LD - Service key: XBT-USD - UUID: APIClientUUID SubscriptionType: S UserId: MM1_CLOBUI2 JsonToken:eyJhbGciOiJIUzI1NiIsInR5cCI6IkpXVCJ9.eyJpYXQiOjE1NTEzODY5NjksImV4cCI
2019-04-29 17:57:55  :: Entering ProcessOrderBookDepth for ServiceKey=XBT-USD
2019-04-29 17:57:55  :: Searching for mappings for ServiceKey=XBT-USD
2019-04-29 17:57:55  :: Mapping found for Outgoing Symbol=XBTU19
2019-04-29 17:57:55  :: Subscribing market data for outgoing Symbol=XBTU19
2019-04-29 17:57:55  :: Subscription sent for outgoing Symbol=XBTU19
2019-04-29 17:57:55  :: @Incoming Bitmex:Requesting market data por symbol XBTU19
2019-04-29 17:57:55  :: Successfully subscribed to orderBookL2 event on symbol XBTU19
2019-04-29 17:57:56  :: Successfully subscribed to trade event on symbol XBTU19
2019-04-29 17:57:56  :: @Incoming Bitmex:NEW TRADE for symbol XBTU19: Side=Sell Size=3 Price=5549.5 TickDirection=ZeroPlusTick
2019-04-29 17:57:57  :: @Incoming Bitmex:Publishing Order Book  for symbol XBTU19: Best Bid Size=55537 Best Bid Price=5549.5 Best Ask Size=75 Best Ask Price=5554
2019-04-29 17:57:58  :: DepthOfBook-> Msg=DepthOfBook Sender=0  Action=78  BidOrAsk=66 DepthTime=1556560678 Symbol=XBT-USD Size=55537 Price=5549.5
2019-04-29 17:57:58  :: DepthOfBook-> Msg=DepthOfBook Sender=0  Action=78  BidOrAsk=66 DepthTime=1556560678 Symbol=XBT-USD Size=111074 Price=5549
2019-04-29 17:57:58  :: DepthOfBook-> Msg=DepthOfBook Sender=0  Action=78  BidOrAsk=66 DepthTime=1556560678 Symbol=XBT-USD Size=75 Price=5545.5
2019-04-29 17:57:58  :: DepthOfBook-> Msg=DepthOfBook Sender=0  Action=78  BidOrAsk=66 DepthTime=1556560678 Symbol=XBT-USD Size=75 Price=5545
2019-04-29 17:57:58  :: DepthOfBook-> Msg=DepthOfBook Sender=0  Action=78  BidOrAsk=66 DepthTime=1556560678 Symbol=XBT-USD Size=75 Price=5544.5
2019-04-29 17:57:58  :: DepthOfBook-> Msg=DepthOfBook Sender=0  Action=78  BidOrAsk=66 DepthTime=1556560678 Symbol=XBT-USD Size=90 Price=5544
2019-04-29 17:57:58  :: DepthOfBook-> Msg=DepthOfBook Sender=0  Action=78  BidOrAsk=66 DepthTime=1556560678 Symbol=XBT-USD Size=30 Price=5541
2019-04-29 17:57:58  :: DepthOfBook-> Msg=DepthOfBook Sender=0  Action=78  BidOrAsk=66 DepthTime=1556560678 Symbol=XBT-USD Size=45 Price=5538
2019-04-29 17:57:58  :: DepthOfBook-> Msg=DepthOfBook Sender=0  Action=78  BidOrAsk=66 DepthTime=1556560678 Symbol=XBT-USD Size=60 Price=5536
2019-04-29 17:57:58  :: DepthOfBook-> Msg=DepthOfBook Sender=0  Action=78  BidOrAsk=66 DepthTime=1556560678 Symbol=XBT-USD Size=110 Price=5512.5
2019-04-29 17:57:58  :: DepthOfBook-> Msg=DepthOfBook Sender=0  Action=78  BidOrAsk=66 DepthTime=1556560678 Symbol=XBT-USD Size=277685 Price=5504
2019-04-29 17:57:58  :: DepthOfBook-> Msg=DepthOfBook Sender=0  Action=78  BidOrAsk=66 DepthTime=1556560679 Symbol=XBT-USD Size=555370 Price=5479
2019-04-29 17:57:58  :: DepthOfBook-> Msg=DepthOfBook Sender=0  Action=78  BidOrAsk=66 DepthTime=1556560679 Symbol=XBT-USD Size=881 Price=5476
2019-04-29 17:57:58  :: DepthOfBook-> Msg=DepthOfBook Sender=0  Action=78  BidOrAsk=66 DepthTime=1556560679 Symbol=XBT-USD Size=1000 Price=5101
2019-04-29 17:57:58  :: DepthOfBook-> Msg=DepthOfBook Sender=0  Action=78  BidOrAsk=66 DepthTime=1556560679 Symbol=XBT-USD Size=1500 Price=5100
2019-04-29 17:57:58  :: DepthOfBook-> Msg=DepthOfBook Sender=0  Action=78  BidOrAsk=66 DepthTime=1556560679 Symbol=XBT-USD Size=100000 Price=4550
2019-04-29 17:57:58  :: DepthOfBook-> Msg=DepthOfBook Sender=0  Action=78  BidOrAsk=66 DepthTime=1556560679 Symbol=XBT-USD Size=100000 Price=4450
2019-04-29 17:57:58  :: DepthOfBook-> Msg=DepthOfBook Sender=0  Action=78  BidOrAsk=66 DepthTime=1556560679 Symbol=XBT-USD Size=5000 Price=4047
2019-04-29 17:57:58  :: DepthOfBook-> Msg=DepthOfBook Sender=0  Action=78  BidOrAsk=66 DepthTime=1556560679 Symbol=XBT-USD Size=25 Price=3952.5
2019-04-29 17:57:58  :: DepthOfBook-> Msg=DepthOfBook Sender=0  Action=78  BidOrAsk=66 DepthTime=1556560679 Symbol=XBT-USD Size=2764 Price=3715.5
2019-04-29 17:57:58  :: DepthOfBook-> Msg=DepthOfBook Sender=0  Action=78  BidOrAsk=66 DepthTime=1556560679 Symbol=XBT-USD Size=5000 Price=3080.5
2019-04-29 17:57:58  :: DepthOfBook-> Msg=DepthOfBook Sender=0  Action=78  BidOrAsk=66 DepthTime=1556560679 Symbol=XBT-USD Size=100000 Price=3080
2019-04-29 17:57:58  :: DepthOfBook-> Msg=DepthOfBook Sender=0  Action=78  BidOrAsk=66 DepthTime=1556560679 Symbol=XBT-USD Size=20000 Price=3009.5
2019-04-29 17:57:58  :: DepthOfBook-> Msg=DepthOfBook Sender=0  Action=78  BidOrAsk=66 DepthTime=1556560679 Symbol=XBT-USD Size=1000 Price=1982.5
2019-04-29 17:57:58  :: DepthOfBook-> Msg=DepthOfBook Sender=0  Action=78  BidOrAsk=66 DepthTime=1556560679 Symbol=XBT-USD Size=100000 Price=1982
2019-04-29 17:57:58  :: DepthOfBook-> Msg=DepthOfBook Sender=0  Action=78  BidOrAsk=65 DepthTime=1556560679 Symbol=XBT-USD Size=75 Price=5554
2019-04-29 17:57:58  :: DepthOfBook-> Msg=DepthOfBook Sender=0  Action=78  BidOrAsk=65 DepthTime=1556560679 Symbol=XBT-USD Size=75 Price=5554.5
2019-04-29 17:57:58  :: DepthOfBook-> Msg=DepthOfBook Sender=0  Action=78  BidOrAsk=65 DepthTime=1556560679 Symbol=XBT-USD Size=375 Price=5555
2019-04-29 17:57:58  :: DepthOfBook-> Msg=DepthOfBook Sender=0  Action=78  BidOrAsk=65 DepthTime=1556560679 Symbol=XBT-USD Size=75 Price=5555.5
2019-04-29 17:57:58  :: DepthOfBook-> Msg=DepthOfBook Sender=0  Action=78  BidOrAsk=65 DepthTime=1556560679 Symbol=XBT-USD Size=55537 Price=5558
2019-04-29 17:57:58  :: DepthOfBook-> Msg=DepthOfBook Sender=0  Action=78  BidOrAsk=65 DepthTime=1556560679 Symbol=XBT-USD Size=111074 Price=5559
2019-04-29 17:57:58  :: DepthOfBook-> Msg=DepthOfBook Sender=0  Action=78  BidOrAsk=65 DepthTime=1556560679 Symbol=XBT-USD Size=1026 Price=5563.5
2019-04-29 17:57:58  :: DepthOfBook-> Msg=DepthOfBook Sender=0  Action=78  BidOrAsk=65 DepthTime=1556560679 Symbol=XBT-USD Size=296 Price=5581
2019-04-29 17:57:58  :: DepthOfBook-> Msg=DepthOfBook Sender=0  Action=78  BidOrAsk=65 DepthTime=1556560679 Symbol=XBT-USD Size=296 Price=5598.5
2019-04-29 17:57:58  :: DepthOfBook-> Msg=DepthOfBook Sender=0  Action=78  BidOrAsk=65 DepthTime=1556560679 Symbol=XBT-USD Size=277685 Price=5604
2019-04-29 17:57:58  :: DepthOfBook-> Msg=DepthOfBook Sender=0  Action=78  BidOrAsk=65 DepthTime=1556560679 Symbol=XBT-USD Size=593 Price=5616
2019-04-29 17:57:58  :: DepthOfBook-> Msg=DepthOfBook Sender=0  Action=78  BidOrAsk=65 DepthTime=1556560679 Symbol=XBT-USD Size=555370 Price=5629
2019-04-29 17:57:58  :: DepthOfBook-> Msg=DepthOfBook Sender=0  Action=78  BidOrAsk=65 DepthTime=1556560679 Symbol=XBT-USD Size=890 Price=5633.5
2019-04-29 17:57:58  :: DepthOfBook-> Msg=DepthOfBook Sender=0  Action=78  BidOrAsk=65 DepthTime=1556560679 Symbol=XBT-USD Size=99973 Price=5650
2019-04-29 17:57:58  :: DepthOfBook-> Msg=DepthOfBook Sender=0  Action=78  BidOrAsk=65 DepthTime=1556560679 Symbol=XBT-USD Size=1484 Price=5651
2019-04-29 17:57:58  :: DepthOfBook-> Msg=DepthOfBook Sender=0  Action=78  BidOrAsk=65 DepthTime=1556560679 Symbol=XBT-USD Size=612 Price=6124
2019-04-29 17:57:58  :: DepthOfBook-> Msg=DepthOfBook Sender=0  Action=78  BidOrAsk=65 DepthTime=1556560679 Symbol=XBT-USD Size=5000 Price=6300
2019-04-29 17:57:58  :: DepthOfBook-> Msg=DepthOfBook Sender=0  Action=78  BidOrAsk=65 DepthTime=1556560679 Symbol=XBT-USD Size=5000 Price=6600
2019-04-29 17:57:58  :: DepthOfBook-> Msg=DepthOfBook Sender=0  Action=78  BidOrAsk=65 DepthTime=1556560679 Symbol=XBT-USD Size=5000 Price=6900
2019-04-29 17:57:58  :: DepthOfBook-> Msg=DepthOfBook Sender=0  Action=78  BidOrAsk=65 DepthTime=1556560679 Symbol=XBT-USD Size=3000 Price=8776.5
2019-04-29 17:57:58  :: DepthOfBook-> Msg=DepthOfBook Sender=0  Action=78  BidOrAsk=65 DepthTime=1556560679 Symbol=XBT-USD Size=10000 Price=8777
2019-04-29 17:57:58  :: DepthOfBook-> Msg=DepthOfBook Sender=0  Action=78  BidOrAsk=65 DepthTime=1556560679 Symbol=XBT-USD Size=3000 Price=9998.5
2019-04-29 17:57:58  :: SubscriptionResponse UUID:APIClientUUID Service:LD ServiceKey:XBT-USD Success:True
2019-04-29 17:58:01  :: @Incoming Bitmex:Publishing Order Book  for symbol XBTU19: Best Bid Size=55537 Best Bid Price=5549.5 Best Ask Size=75 Best Ask Price=5554
2019-04-29 17:58:01  :: DepthOfBook-> Msg=DepthOfBook Sender=0  Action=67  BidOrAsk=65 DepthTime=1556560682 Symbol=XBT-USD Size=1038 Price=5563.5
2019-04-29 17:58:01  :: Error publishing OrderBookDepth thread:Subproceso anulado.
2019-04-29 17:58:01  :: Turning threads off on socket disconnection
2019-04-29 17:58:04  :: @Incoming Bitmex:Publishing Order Book  for symbol XBTU19: Best Bid Size=55537 Best Bid Price=5549.5 Best Ask Size=113 Best Ask Price=5554
2019-04-29 17:58:11  :: @Incoming Bitmex:Publishing Order Book  for symbol XBTU19: Best Bid Size=55537 Best Bid Price=5549.5 Best Ask Size=113 Best Ask Price=5554
2019-04-29 17:58:19  :: Incoming Login request for user MM1_CLOBUI2
2019-04-29 17:58:19  :: user MM1_CLOBUI2 Successfully logged in
2019-04-29 17:58:21  :: @Incoming Bitmex:Publishing Order Book  for symbol XBTU19: Best Bid Size=55537 Best Bid Price=5549.5 Best Ask Size=113 Best Ask Price=5554
2019-04-29 17:58:24  :: Incoming subscription for Service: LD - Service key: XBT-USD - UUID: APIClientUUID SubscriptionType: S UserId: MM1_CLOBUI2 JsonToken:eyJhbGciOiJIUzI1NiIsInR5cCI6IkpXVCJ9.eyJpYXQiOjE1NTEzODY5NjksImV4cCI
2019-04-29 17:58:24  :: Entering ProcessOrderBookDepth for ServiceKey=XBT-USD
2019-04-29 17:58:24  :: Searching for mappings for ServiceKey=XBT-USD
2019-04-29 17:58:24  :: Mapping found for Outgoing Symbol=XBTU19
2019-04-29 17:58:24  :: DepthOfBook-> Msg=DepthOfBook Sender=0  Action=67  BidOrAsk=65 DepthTime=1556560705 Symbol=XBT-USD Size=113 Price=5554
2019-04-29 17:58:24  :: DepthOfBook-> Msg=DepthOfBook Sender=0  Action=67  BidOrAsk=65 DepthTime=1556560705 Symbol=XBT-USD Size=1037 Price=5563.5
2019-04-29 17:58:24  :: DepthOfBook-> Msg=DepthOfBook Sender=0  Action=67  BidOrAsk=65 DepthTime=1556560705 Symbol=XBT-USD Size=1017 Price=5563.5
2019-04-29 17:58:24  :: SubscriptionResponse UUID:APIClientUUID Service:LD ServiceKey:XBT-USD Success:True
2019-04-29 17:58:31  :: @Incoming Bitmex:Publishing Order Book  for symbol XBTU19: Best Bid Size=55537 Best Bid Price=5549.5 Best Ask Size=113 Best Ask Price=5554
2019-04-29 17:58:32  :: DepthOfBook-> Msg=DepthOfBook Sender=0  Action=67  BidOrAsk=65 DepthTime=1556560713 Symbol=XBT-USD Size=1029 Price=5563.5
2019-04-29 17:58:41  :: @Incoming Bitmex:Publishing Order Book  for symbol XBTU19: Best Bid Size=55537 Best Bid Price=5549.5 Best Ask Size=113 Best Ask Price=5554
2019-04-29 17:58:42  :: DepthOfBook-> Msg=DepthOfBook Sender=0  Action=67  BidOrAsk=65 DepthTime=1556560723 Symbol=XBT-USD Size=1016 Price=5563.5
2019-04-29 17:58:52  :: @Incoming Bitmex:Publishing Order Book  for symbol XBTU19: Best Bid Size=55537 Best Bid Price=5549.5 Best Ask Size=113 Best Ask Price=5554
2019-04-29 17:58:52  :: DepthOfBook-> Msg=DepthOfBook Sender=0  Action=67  BidOrAsk=65 DepthTime=1556560733 Symbol=XBT-USD Size=1024 Price=5563.5
2019-04-29 17:58:52  :: Error publishing OrderBookDepth thread:Subproceso anulado.
2019-04-29 17:58:52  :: Turning threads off on socket disconnection
2019-04-29 17:58:55  :: @Incoming Bitmex:Publishing Order Book  for symbol XBTU19: Best Bid Size=75 Best Bid Price=5545.5 Best Ask Size=113 Best Ask Price=5554
2019-04-29 17:58:55  :: @Incoming Bitmex:WARNING1:Received INSERT Price Level for a price leven that already existed
2019-04-29 17:58:55  :: @Incoming Bitmex:WARNING1:Received INSERT Price Level for a price leven that already existed
2019-04-29 17:58:55  :: @Incoming Bitmex:Publishing Order Book  for symbol XBTU19: Best Bid Size=55537 Best Bid Price=5549.5 Best Ask Size=113 Best Ask Price=5554
2019-04-29 17:59:02  :: @Incoming Bitmex:Publishing Order Book  for symbol XBTU19: Best Bid Size=55537 Best Bid Price=5549.5 Best Ask Size=113 Best Ask Price=5554
2019-04-29 17:59:12  :: @Incoming Bitmex:Publishing Order Book  for symbol XBTU19: Best Bid Size=55537 Best Bid Price=5549.5 Best Ask Size=113 Best Ask Price=5554
2019-04-29 17:59:22  :: @Incoming Bitmex:Publishing Order Book  for symbol XBTU19: Best Bid Size=55537 Best Bid Price=5549.5 Best Ask Size=113 Best Ask Price=5554
2019-04-29 17:59:32  :: @Incoming Bitmex:Publishing Order Book  for symbol XBTU19: Best Bid Size=55537 Best Bid Price=5549.5 Best Ask Size=113 Best Ask Price=5554
2019-04-29 17:59:42  :: @Incoming Bitmex:Publishing Order Book  for symbol XBTU19: Best Bid Size=55537 Best Bid Price=5549.5 Best Ask Size=113 Best Ask Price=5554
2019-04-29 17:59:52  :: @Incoming Bitmex:Publishing Order Book  for symbol XBTU19: Best Bid Size=55537 Best Bid Price=5549.5 Best Ask Size=113 Best Ask Price=5554
2019-04-29 17:59:55  :: @Incoming Bitmex:Publishing Order Book  for symbol XBTU19: Best Bid Size=75 Best Bid Price=5545.5 Best Ask Size=113 Best Ask Price=5554
2019-04-29 17:59:55  :: @Incoming Bitmex:WARNING1:Received INSERT Price Level for a price leven that already existed
2019-04-29 17:59:55  :: @Incoming Bitmex:WARNING1:Received INSERT Price Level for a price leven that already existed
2019-04-29 17:59:55  :: @Incoming Bitmex:Publishing Order Book  for symbol XBTU19: Best Bid Size=55531 Best Bid Price=5549 Best Ask Size=113 Best Ask Price=5554
2019-04-29 18:00:02  :: @Incoming Bitmex:Publishing Order Book  for symbol XBTU19: Best Bid Size=55531 Best Bid Price=5549 Best Ask Size=113 Best Ask Price=5554
2019-04-29 18:00:13  :: @Incoming Bitmex:Publishing Order Book  for symbol XBTU19: Best Bid Size=55531 Best Bid Price=5549 Best Ask Size=113 Best Ask Price=5554
2019-04-29 18:00:33  :: @Incoming Bitmex:Publishing Order Book  for symbol XBTU19: Best Bid Size=55531 Best Bid Price=5549 Best Ask Size=113 Best Ask Price=5554
2019-04-29 18:00:43  :: @Incoming Bitmex:Publishing Order Book  for symbol XBTU19: Best Bid Size=55531 Best Bid Price=5549 Best Ask Size=113 Best Ask Price=5554
2019-04-29 18:00:44  :: @Incoming Bitmex:NEW TRADE for symbol XBTU19: Side=Buy Size=1 Price=5554 TickDirection=PlusTick
2019-04-29 18:00:44  :: @Incoming Bitmex:Publishing Order Book  for symbol XBTU19: Best Bid Size=55531 Best Bid Price=5549 Best Ask Size=112 Best Ask Price=5554
2019-04-29 18:00:53  :: @Incoming Bitmex:Publishing Order Book  for symbol XBTU19: Best Bid Size=55531 Best Bid Price=5549 Best Ask Size=112 Best Ask Price=5554
2019-04-29 18:00:55  :: @Incoming Bitmex:Publishing Order Book  for symbol XBTU19: Best Bid Size=75 Best Bid Price=5545.5 Best Ask Size=112 Best Ask Price=5554
2019-04-29 18:00:55  :: @Incoming Bitmex:Publishing Order Book  for symbol XBTU19: Best Bid Size=55515 Best Bid Price=5547.5 Best Ask Size=112 Best Ask Price=5554
2019-04-29 18:00:57  :: @Incoming Bitmex:Publishing Order Book  for symbol XBTU19: Best Bid Size=55515 Best Bid Price=5547.5 Best Ask Size=112 Best Ask Price=5554
2019-04-29 18:00:57  :: @Incoming Bitmex:Publishing Order Book  for symbol XBTU19: Best Bid Size=55515 Best Bid Price=5547.5 Best Ask Size=112 Best Ask Price=5554
2019-04-29 18:00:58  :: @Incoming Bitmex:Publishing Order Book  for symbol XBTU19: Best Bid Size=55515 Best Bid Price=5547.5 Best Ask Size=112 Best Ask Price=5554
2019-04-29 18:00:58  :: @Incoming Bitmex:Publishing Order Book  for symbol XBTU19: Best Bid Size=55515 Best Bid Price=5547.5 Best Ask Size=112 Best Ask Price=5554
2019-04-29 18:00:58  :: @Incoming Bitmex:WARNING1:Received INSERT Price Level for a price leven that already existed
2019-04-29 18:00:58  :: @Incoming Bitmex:Publishing Order Book  for symbol XBTU19: Best Bid Size=55515 Best Bid Price=5547.5 Best Ask Size=112 Best Ask Price=5554
2019-04-29 18:01:03  :: @Incoming Bitmex:Publishing Order Book  for symbol XBTU19: Best Bid Size=55515 Best Bid Price=5547.5 Best Ask Size=112 Best Ask Price=5554
2019-04-29 18:01:13  :: @Incoming Bitmex:Publishing Order Book  for symbol XBTU19: Best Bid Size=55515 Best Bid Price=5547.5 Best Ask Size=112 Best Ask Price=5554
2019-04-29 18:01:23  :: @Incoming Bitmex:Publishing Order Book  for symbol XBTU19: Best Bid Size=55515 Best Bid Price=5547.5 Best Ask Size=112 Best Ask Price=5554
2019-04-29 18:01:33  :: @Incoming Bitmex:Publishing Order Book  for symbol XBTU19: Best Bid Size=55515 Best Bid Price=5547.5 Best Ask Size=112 Best Ask Price=5554
2019-04-29 18:01:43  :: @Incoming Bitmex:Publishing Order Book  for symbol XBTU19: Best Bid Size=55515 Best Bid Price=5547.5 Best Ask Size=112 Best Ask Price=5554
2019-04-29 18:01:53  :: @Incoming Bitmex:Publishing Order Book  for symbol XBTU19: Best Bid Size=55515 Best Bid Price=5547.5 Best Ask Size=112 Best Ask Price=5554
2019-04-29 18:01:55  :: @Incoming Bitmex:Publishing Order Book  for symbol XBTU19: Best Bid Size=75 Best Bid Price=5545.5 Best Ask Size=112 Best Ask Price=5554
2019-04-29 18:01:55  :: @Incoming Bitmex:Publishing Order Book  for symbol XBTU19: Best Bid Size=75 Best Bid Price=5545.5 Best Ask Size=112 Best Ask Price=5554
2019-04-29 18:01:55  :: @Incoming Bitmex:WARNING1:Received INSERT Price Level for a price leven that already existed
2019-04-29 18:01:55  :: @Incoming Bitmex:WARNING1:Received INSERT Price Level for a price leven that already existed
2019-04-29 18:01:55  :: @Incoming Bitmex:WARNING1:Received INSERT Price Level for a price leven that already existed
2019-04-29 18:01:55  :: @Incoming Bitmex:WARNING1:Received INSERT Price Level for a price leven that already existed
2019-04-29 18:01:55  :: @Incoming Bitmex:WARNING1:Received INSERT Price Level for a price leven that already existed
2019-04-29 18:01:55  :: @Incoming Bitmex:WARNING1:Received INSERT Price Level for a price leven that already existed
2019-04-29 18:01:55  :: @Incoming Bitmex:Publishing Order Book  for symbol XBTU19: Best Bid Size=55515 Best Bid Price=5547 Best Ask Size=112 Best Ask Price=5554
2019-04-29 18:02:04  :: @Incoming Bitmex:Publishing Order Book  for symbol XBTU19: Best Bid Size=55515 Best Bid Price=5547 Best Ask Size=112 Best Ask Price=5554
2019-04-29 18:02:14  :: @Incoming Bitmex:Publishing Order Book  for symbol XBTU19: Best Bid Size=55515 Best Bid Price=5547 Best Ask Size=112 Best Ask Price=5554
2019-04-29 18:02:14  :: @Incoming Bitmex:Publishing Order Book  for symbol XBTU19: Best Bid Size=55515 Best Bid Price=5547 Best Ask Size=112 Best Ask Price=5554
2019-04-29 18:02:24  :: @Incoming Bitmex:Publishing Order Book  for symbol XBTU19: Best Bid Size=55515 Best Bid Price=5547 Best Ask Size=112 Best Ask Price=5554
2019-04-29 18:02:34  :: @Incoming Bitmex:Publishing Order Book  for symbol XBTU19: Best Bid Size=55515 Best Bid Price=5547 Best Ask Size=112 Best Ask Price=5554
2019-04-29 18:02:44  :: @Incoming Bitmex:Publishing Order Book  for symbol XBTU19: Best Bid Size=55515 Best Bid Price=5547 Best Ask Size=112 Best Ask Price=5554
2019-04-29 18:02:54  :: @Incoming Bitmex:Publishing Order Book  for symbol XBTU19: Best Bid Size=55515 Best Bid Price=5547 Best Ask Size=112 Best Ask Price=5554
2019-04-29 18:02:55  :: @Incoming Bitmex:Publishing Order Book  for symbol XBTU19: Best Bid Size=75 Best Bid Price=5545.5 Best Ask Size=112 Best Ask Price=5554
2019-04-29 18:02:55  :: @Incoming Bitmex:Publishing Order Book  for symbol XBTU19: Best Bid Size=75 Best Bid Price=5545.5 Best Ask Size=112 Best Ask Price=5554
2019-04-29 18:02:55  :: @Incoming Bitmex:WARNING1:Received INSERT Price Level for a price leven that already existed
2019-04-29 18:02:55  :: @Incoming Bitmex:WARNING1:Received INSERT Price Level for a price leven that already existed
2019-04-29 18:02:55  :: @Incoming Bitmex:WARNING1:Received INSERT Price Level for a price leven that already existed
2019-04-29 18:02:55  :: @Incoming Bitmex:Publishing Order Book  for symbol XBTU19: Best Bid Size=55525 Best Bid Price=5548 Best Ask Size=112 Best Ask Price=5554
2019-04-29 18:03:04  :: @Incoming Bitmex:Publishing Order Book  for symbol XBTU19: Best Bid Size=55525 Best Bid Price=5548 Best Ask Size=112 Best Ask Price=5554
2019-04-29 18:03:14  :: @Incoming Bitmex:Publishing Order Book  for symbol XBTU19: Best Bid Size=55525 Best Bid Price=5548 Best Ask Size=112 Best Ask Price=5554
2019-04-29 18:03:14  :: @Incoming Bitmex:Publishing Order Book  for symbol XBTU19: Best Bid Size=55525 Best Bid Price=5548 Best Ask Size=112 Best Ask Price=5554
2019-04-29 18:03:33  :: @Incoming Bitmex:NEW TRADE for symbol XBTU19: Side=Buy Size=9 Price=5554 TickDirection=ZeroPlusTick
2019-04-29 18:03:33  :: @Incoming Bitmex:Publishing Order Book  for symbol XBTU19: Best Bid Size=55525 Best Bid Price=5548 Best Ask Size=103 Best Ask Price=5554
2019-04-29 18:03:35  :: @Incoming Bitmex:Publishing Order Book  for symbol XBTU19: Best Bid Size=55525 Best Bid Price=5548 Best Ask Size=103 Best Ask Price=5554
2019-04-29 18:03:45  :: @Incoming Bitmex:Publishing Order Book  for symbol XBTU19: Best Bid Size=55525 Best Bid Price=5548 Best Ask Size=103 Best Ask Price=5554
2019-04-29 18:03:55  :: @Incoming Bitmex:Publishing Order Book  for symbol XBTU19: Best Bid Size=75 Best Bid Price=5545.5 Best Ask Size=103 Best Ask Price=5554
2019-04-29 18:03:55  :: @Incoming Bitmex:WARNING1:Received INSERT Price Level for a price leven that already existed
2019-04-29 18:03:55  :: @Incoming Bitmex:WARNING1:Received INSERT Price Level for a price leven that already existed
2019-04-29 18:03:55  :: @Incoming Bitmex:WARNING1:Received INSERT Price Level for a price leven that already existed
2019-04-29 18:03:55  :: @Incoming Bitmex:WARNING1:Received INSERT Price Level for a price leven that already existed
2019-04-29 18:03:55  :: @Incoming Bitmex:Publishing Order Book  for symbol XBTU19: Best Bid Size=55522 Best Bid Price=5548 Best Ask Size=103 Best Ask Price=5554
2019-04-29 18:03:55  :: @Incoming Bitmex:Publishing Order Book  for symbol XBTU19: Best Bid Size=55522 Best Bid Price=5548 Best Ask Size=103 Best Ask Price=5554
2019-04-29 18:04:05  :: @Incoming Bitmex:Publishing Order Book  for symbol XBTU19: Best Bid Size=55522 Best Bid Price=5548 Best Ask Size=103 Best Ask Price=5554
2019-04-29 18:04:15  :: @Incoming Bitmex:Publishing Order Book  for symbol XBTU19: Best Bid Size=55522 Best Bid Price=5548 Best Ask Size=103 Best Ask Price=5554
2019-04-29 18:04:35  :: @Incoming Bitmex:Publishing Order Book  for symbol XBTU19: Best Bid Size=55522 Best Bid Price=5548 Best Ask Size=103 Best Ask Price=5554
2019-04-29 18:04:45  :: @Incoming Bitmex:Publishing Order Book  for symbol XBTU19: Best Bid Size=55522 Best Bid Price=5548 Best Ask Size=103 Best Ask Price=5554
2019-04-29 18:04:55  :: @Incoming Bitmex:Publishing Order Book  for symbol XBTU19: Best Bid Size=75 Best Bid Price=5545.5 Best Ask Size=103 Best Ask Price=5554
2019-04-29 18:04:55  :: @Incoming Bitmex:WARNING1:Received INSERT Price Level for a price leven that already existed
2019-04-29 18:04:55  :: @Incoming Bitmex:WARNING1:Received INSERT Price Level for a price leven that already existed
2019-04-29 18:04:55  :: @Incoming Bitmex:WARNING1:Received INSERT Price Level for a price leven that already existed
2019-04-29 18:04:55  :: @Incoming Bitmex:WARNING1:Received INSERT Price Level for a price leven that already existed
2019-04-29 18:04:55  :: @Incoming Bitmex:WARNING1:Received INSERT Price Level for a price leven that already existed
2019-04-29 18:04:55  :: @Incoming Bitmex:WARNING1:Received INSERT Price Level for a price leven that already existed
2019-04-29 18:04:55  :: @Incoming Bitmex:WARNING1:Received INSERT Price Level for a price leven that already existed
2019-04-29 18:04:55  :: @Incoming Bitmex:WARNING1:Received INSERT Price Level for a price leven that already existed
2019-04-29 18:04:55  :: @Incoming Bitmex:Publishing Order Book  for symbol XBTU19: Best Bid Size=55522 Best Bid Price=5548 Best Ask Size=103 Best Ask Price=5554
2019-04-29 18:04:56  :: @Incoming Bitmex:Publishing Order Book  for symbol XBTU19: Best Bid Size=55522 Best Bid Price=5548 Best Ask Size=103 Best Ask Price=5554
2019-04-29 18:05:04  :: @Incoming Bitmex:Publishing Order Book  for symbol XBTU19: Best Bid Size=55515 Best Bid Price=5548 Best Ask Size=103 Best Ask Price=5554
2019-04-29 18:05:04  :: @Incoming Bitmex:NEW TRADE for symbol XBTU19: Side=Sell Size=7 Price=5548 TickDirection=MinusTick
2019-04-29 18:05:06  :: @Incoming Bitmex:Publishing Order Book  for symbol XBTU19: Best Bid Size=55515 Best Bid Price=5548 Best Ask Size=103 Best Ask Price=5554
2019-04-29 18:05:08  :: @Incoming Bitmex:Publishing Order Book  for symbol XBTU19: Best Bid Size=55515 Best Bid Price=5548 Best Ask Size=65 Best Ask Price=5554
2019-04-29 18:05:16  :: @Incoming Bitmex:Publishing Order Book  for symbol XBTU19: Best Bid Size=55515 Best Bid Price=5548 Best Ask Size=932 Best Ask Price=5554
2019-04-29 18:05:26  :: @Incoming Bitmex:Publishing Order Book  for symbol XBTU19: Best Bid Size=55515 Best Bid Price=5548 Best Ask Size=926 Best Ask Price=5554
2019-04-29 18:05:36  :: @Incoming Bitmex:Publishing Order Book  for symbol XBTU19: Best Bid Size=55515 Best Bid Price=5548 Best Ask Size=905 Best Ask Price=5554
2019-04-29 18:05:46  :: @Incoming Bitmex:Publishing Order Book  for symbol XBTU19: Best Bid Size=55515 Best Bid Price=5548 Best Ask Size=910 Best Ask Price=5554
2019-04-29 18:05:55  :: @Incoming Bitmex:Publishing Order Book  for symbol XBTU19: Best Bid Size=75 Best Bid Price=5545.5 Best Ask Size=910 Best Ask Price=5554
2019-04-29 18:05:55  :: @Incoming Bitmex:WARNING1:Received INSERT Price Level for a price leven that already existed
2019-04-29 18:05:55  :: @Incoming Bitmex:WARNING1:Received INSERT Price Level for a price leven that already existed
2019-04-29 18:05:55  :: @Incoming Bitmex:WARNING1:Received INSERT Price Level for a price leven that already existed
2019-04-29 18:05:55  :: @Incoming Bitmex:WARNING1:Received INSERT Price Level for a price leven that already existed
2019-04-29 18:05:55  :: @Incoming Bitmex:WARNING1:Received INSERT Price Level for a price leven that already existed
2019-04-29 18:05:55  :: @Incoming Bitmex:WARNING1:Received INSERT Price Level for a price leven that already existed
2019-04-29 18:05:55  :: @Incoming Bitmex:WARNING1:Received INSERT Price Level for a price leven that already existed
2019-04-29 18:05:55  :: @Incoming Bitmex:WARNING1:Received INSERT Price Level for a price leven that already existed
2019-04-29 18:05:55  :: @Incoming Bitmex:Publishing Order Book  for symbol XBTU19: Best Bid Size=55525 Best Bid Price=5548 Best Ask Size=910 Best Ask Price=5554
2019-04-29 18:05:56  :: @Incoming Bitmex:Publishing Order Book  for symbol XBTU19: Best Bid Size=55525 Best Bid Price=5548 Best Ask Size=898 Best Ask Price=5554
2019-04-29 18:06:06  :: @Incoming Bitmex:Publishing Order Book  for symbol XBTU19: Best Bid Size=55525 Best Bid Price=5548 Best Ask Size=899 Best Ask Price=5554
2019-04-29 18:06:16  :: @Incoming Bitmex:Publishing Order Book  for symbol XBTU19: Best Bid Size=55525 Best Bid Price=5548 Best Ask Size=908 Best Ask Price=5554
2019-04-29 18:06:18  :: @Incoming Bitmex:Publishing Order Book  for symbol XBTU19: Best Bid Size=55525 Best Bid Price=5548 Best Ask Size=899 Best Ask Price=5554
2019-04-29 18:06:18  :: @Incoming Bitmex:NEW TRADE for symbol XBTU19: Side=Buy Size=9 Price=5554 TickDirection=PlusTick
2019-04-29 18:06:27  :: @Incoming Bitmex:Publishing Order Book  for symbol XBTU19: Best Bid Size=55525 Best Bid Price=5548 Best Ask Size=889 Best Ask Price=5554
2019-04-29 18:06:37  :: @Incoming Bitmex:Publishing Order Book  for symbol XBTU19: Best Bid Size=55525 Best Bid Price=5548 Best Ask Size=866 Best Ask Price=5554
2019-04-29 18:06:47  :: @Incoming Bitmex:Publishing Order Book  for symbol XBTU19: Best Bid Size=55525 Best Bid Price=5548 Best Ask Size=883 Best Ask Price=5554
2019-04-29 18:06:55  :: @Incoming Bitmex:Publishing Order Book  for symbol XBTU19: Best Bid Size=75 Best Bid Price=5545.5 Best Ask Size=883 Best Ask Price=5554
2019-04-29 18:06:55  :: @Incoming Bitmex:Publishing Order Book  for symbol XBTU19: Best Bid Size=55552 Best Bid Price=5551 Best Ask Size=883 Best Ask Price=5554
2019-04-29 18:07:01  :: @Incoming Bitmex:Publishing Order Book  for symbol XBTU19: Best Bid Size=55552 Best Bid Price=5551 Best Ask Size=876 Best Ask Price=5554
