2019-09-23 14:55:00  :: Initializing Mock Server...
2019-09-23 14:55:00  :: Initializing all collections...
2019-09-23 14:55:00  :: Creating history service for controller HistoryServiceController on URL http://localhost:29400/
2019-09-23 14:55:01  :: Collections Initialized...
2019-09-23 14:55:10  :: Connecting for the first time to client 23400
2019-09-23 14:55:10  :: Connected for the first time to client 23400
2019-09-23 14:55:22  :: OnMessage TokenRequest from IP -> 127.0.0.1
2019-09-23 14:55:22  :: OnMessage ClientLoginRequest from IP -> 127.0.0.1
2019-09-23 14:55:22  :: Sending ClientLoginResponse with UUID b963189d-d297-476b-8b89-915dfd0e2789
2019-09-23 14:55:22  :: Sending Instrument Batch 
2019-09-23 14:55:22  :: Sending ClientUserRecord
2019-09-23 14:55:22  :: Sending ClientMarketStateBatch
2019-09-23 14:55:22  :: Sending ClientAccountRecordBatch 
2019-09-23 14:55:26  :: OnMessage ClientHeartbeat from IP -> 127.0.0.1
2019-09-23 14:55:26  :: OnMessage FirmsListRequest from IP -> 127.0.0.1
2019-09-23 14:55:29  :: OnMessage ClientHeartbeat from IP -> 127.0.0.1
2019-09-23 14:55:32  :: OnMessage ClientHeartbeat from IP -> 127.0.0.1
2019-09-23 14:55:35  :: OnMessage ClientHeartbeat from IP -> 127.0.0.1
2019-09-23 14:55:35  :: OnMessage FirmsTradingStatusUpdateRequest from IP -> 127.0.0.1
2019-09-23 15:39:35  :: Initializing Mock Server...
2019-09-23 15:39:35  :: Initializing all collections...
2019-09-23 15:39:37  :: Creating history service for controller HistoryServiceController on URL http://localhost:29400/
2019-09-23 15:39:37  :: Collections Initialized...
2019-09-23 15:41:52  :: Initializing Mock Server...
2019-09-23 15:41:52  :: Initializing all collections...
2019-09-23 15:41:53  :: Creating history service for controller HistoryServiceController on URL http://localhost:29400/
2019-09-23 15:41:53  :: Collections Initialized...
2019-09-23 15:43:09  :: Connecting for the first time to client 3274
2019-09-23 15:43:09  :: Connected for the first time to client 3274
2019-09-23 15:43:19  :: OnMessage TokenRequest from IP -> 127.0.0.1
2019-09-23 15:43:19  :: OnMessage ClientLoginRequest from IP -> 127.0.0.1
2019-09-23 15:43:19  :: Sending ClientLoginResponse with UUID de4f53f0-ee1c-457f-92f5-7c11d7fd9bc4
2019-09-23 15:43:19  :: Sending Instrument Batch 
2019-09-23 15:43:19  :: Sending ClientUserRecord
2019-09-23 15:43:19  :: Sending ClientMarketStateBatch
2019-09-23 15:43:19  :: Sending ClientAccountRecordBatch 
2019-09-23 15:43:22  :: OnMessage ClientHeartbeat from IP -> 127.0.0.1
2019-09-23 15:43:25  :: OnMessage ClientHeartbeat from IP -> 127.0.0.1
2019-09-23 16:57:19  :: Initializing Mock Server...
2019-09-23 16:57:19  :: Initializing all collections...
2019-09-23 16:57:20  :: Creating history service for controller HistoryServiceController on URL http://localhost:29400/
2019-09-23 16:57:20  :: Collections Initialized...
2019-09-23 16:57:30  :: Connecting for the first time to client 12826
2019-09-23 16:57:30  :: Connected for the first time to client 12826
2019-09-23 16:57:45  :: OnMessage TokenRequest from IP -> 127.0.0.1
2019-09-23 16:57:45  :: OnMessage ClientLoginRequest from IP -> 127.0.0.1
2019-09-23 16:57:45  :: Sending ClientLoginResponse with UUID bd5c90f9-6b82-49a6-b8b2-21a050e69eb4
2019-09-23 16:57:45  :: Sending Instrument Batch 
2019-09-23 16:57:45  :: Sending ClientUserRecord
2019-09-23 16:57:45  :: Sending ClientMarketStateBatch
2019-09-23 16:57:45  :: Sending ClientAccountRecordBatch 
2019-09-23 16:57:48  :: OnMessage ClientHeartbeat from IP -> 127.0.0.1
2019-09-23 16:57:51  :: OnMessage ClientHeartbeat from IP -> 127.0.0.1
2019-09-23 16:57:54  :: OnMessage ClientHeartbeat from IP -> 127.0.0.1
2019-09-23 17:00:16  :: Initializing Mock Server...
2019-09-23 17:00:16  :: Initializing all collections...
2019-09-23 17:00:16  :: Creating history service for controller HistoryServiceController on URL http://localhost:29400/
2019-09-23 17:00:17  :: Collections Initialized...
2019-09-23 17:00:23  :: Connecting for the first time to client 13032
2019-09-23 17:00:23  :: Connected for the first time to client 13032
2019-09-23 17:00:28  :: OnMessage TokenRequest from IP -> 127.0.0.1
2019-09-23 17:00:28  :: OnMessage ClientLoginRequest from IP -> 127.0.0.1
2019-09-23 17:00:28  :: Sending ClientLoginResponse with UUID 6cdc3750-4eb4-4de2-a28c-476544d15154
2019-09-23 17:00:28  :: Sending Instrument Batch 
2019-09-23 17:00:28  :: Sending ClientUserRecord
2019-09-23 17:00:28  :: Sending ClientMarketStateBatch
2019-09-23 17:00:28  :: Sending ClientAccountRecordBatch 
2019-09-23 17:00:31  :: OnMessage ClientHeartbeat from IP -> 127.0.0.1
2019-09-23 17:00:34  :: OnMessage ClientHeartbeat from IP -> 127.0.0.1
2019-09-23 17:00:37  :: OnMessage ClientHeartbeat from IP -> 127.0.0.1
2019-09-23 17:00:40  :: OnMessage ClientHeartbeat from IP -> 127.0.0.1
2019-09-23 17:00:43  :: OnMessage ClientHeartbeat from IP -> 127.0.0.1
2019-09-23 17:00:46  :: OnMessage ClientHeartbeat from IP -> 127.0.0.1
2019-09-23 17:00:49  :: OnMessage ClientHeartbeat from IP -> 127.0.0.1
2019-09-23 17:00:52  :: OnMessage ClientHeartbeat from IP -> 127.0.0.1
2019-09-23 17:00:52  :: OnMessage ClientOrderReq from IP -> 127.0.0.1
2019-09-23 17:00:52  :: Sending ClientOrderResponse ...
2019-09-23 17:00:52  :: Best ask for buy order (Limit Price=14999.0) found at price 14999.0
2019-09-23 17:00:52  :: We update the ask price level 14999.0 for symbol ETH-USD (@DepthOfBook and @Orders and we send the message)
2019-09-23 17:00:52  :: Searching for affecter orders for symbol ETH-USD
2019-09-23 17:00:52  :: We send the DepthOfBook Message updating the ask price level 14999.0 for symbol ETH-USD (@DepthOfBook and @Orders and we send the message)
2019-09-23 17:00:52  :: We send a Trade for Size=100.0 and Price=14999.0 for symbol ETH-USD
2019-09-23 17:00:52  :: We update LastSale MD for Size=100 and Price=14999 for symbol ETH-USD
2019-09-23 17:00:52  :: LastSale updated...
2019-09-23 17:00:52  :: We udate Quotes MD for Size=100 and Price=14999 for symbol ETH-USD
2019-09-23 17:00:52  :: Updating best bid and ask for symbol ETH-USD
2019-09-23 17:00:52  :: Quotes updated...
2019-09-23 17:00:52  :: Final leftQty=0 out of loop for buy order at price level 14999.0
2019-09-23 17:00:52  :: Creating new order in Orders collection for ClOrderId = 1f2117fe-b6cb-4b5a-b2c8-1b5e794afdf3
2019-09-23 17:00:52  :: Updating best bid and ask for symbol ETH-USD
2019-09-23 17:13:11  :: Turning threads off on socket disconnection
2019-09-23 17:13:14  :: Turning threads off on socket disconnection
2019-09-23 17:13:17  :: Turning threads off on socket disconnection
2019-09-23 17:13:20  :: Turning threads off on socket disconnection
2019-09-23 17:13:23  :: Turning threads off on socket disconnection
2019-09-23 17:13:26  :: Turning threads off on socket disconnection
2019-09-23 17:13:29  :: Turning threads off on socket disconnection
2019-09-23 17:13:32  :: Turning threads off on socket disconnection
2019-09-23 17:13:35  :: Turning threads off on socket disconnection
2019-09-23 17:13:38  :: Turning threads off on socket disconnection
2019-09-23 17:13:41  :: Turning threads off on socket disconnection
2019-09-23 17:13:44  :: Turning threads off on socket disconnection
2019-09-23 17:13:47  :: Turning threads off on socket disconnection
2019-09-23 17:13:50  :: Turning threads off on socket disconnection
2019-09-23 17:13:53  :: Turning threads off on socket disconnection
2019-09-23 17:13:56  :: Turning threads off on socket disconnection
2019-09-23 17:13:59  :: Turning threads off on socket disconnection
2019-09-23 17:14:02  :: Turning threads off on socket disconnection
2019-09-23 17:14:05  :: Turning threads off on socket disconnection
2019-09-23 17:14:08  :: Turning threads off on socket disconnection
2019-09-23 17:14:11  :: Turning threads off on socket disconnection
2019-09-23 17:14:14  :: Turning threads off on socket disconnection
2019-09-23 17:14:17  :: Turning threads off on socket disconnection
2019-09-23 17:14:20  :: Turning threads off on socket disconnection
2019-09-23 17:14:24  :: Turning threads off on socket disconnection
2019-09-23 17:14:27  :: Turning threads off on socket disconnection
2019-09-23 17:14:30  :: Turning threads off on socket disconnection
2019-09-23 17:14:33  :: Turning threads off on socket disconnection
2019-09-23 17:14:36  :: Turning threads off on socket disconnection
2019-09-23 17:14:39  :: Turning threads off on socket disconnection
2019-09-23 17:14:42  :: Turning threads off on socket disconnection
2019-09-23 17:14:45  :: Turning threads off on socket disconnection
2019-09-23 17:14:48  :: Turning threads off on socket disconnection
2019-09-23 17:14:51  :: Turning threads off on socket disconnection
2019-09-23 17:14:54  :: Turning threads off on socket disconnection
2019-09-23 17:14:57  :: Turning threads off on socket disconnection
2019-09-23 17:15:00  :: Turning threads off on socket disconnection
2019-09-23 17:15:03  :: Turning threads off on socket disconnection
2019-09-23 17:15:06  :: Turning threads off on socket disconnection
2019-09-23 17:15:09  :: Turning threads off on socket disconnection
2019-09-23 17:15:12  :: Turning threads off on socket disconnection
2019-09-23 17:15:15  :: Turning threads off on socket disconnection
2019-09-23 17:15:18  :: Turning threads off on socket disconnection
2019-09-23 17:15:21  :: Turning threads off on socket disconnection
2019-09-23 17:15:24  :: Turning threads off on socket disconnection
2019-09-23 17:15:27  :: Turning threads off on socket disconnection
2019-09-23 17:15:30  :: Turning threads off on socket disconnection
2019-09-23 17:15:33  :: Turning threads off on socket disconnection
2019-09-23 17:15:36  :: Turning threads off on socket disconnection
2019-09-23 17:15:39  :: Turning threads off on socket disconnection
2019-09-23 17:15:42  :: Turning threads off on socket disconnection
2019-09-23 17:15:45  :: Turning threads off on socket disconnection
2019-09-23 17:15:48  :: Turning threads off on socket disconnection
2019-09-23 17:15:51  :: Turning threads off on socket disconnection
2019-09-23 17:15:54  :: Turning threads off on socket disconnection
2019-09-23 17:15:57  :: Turning threads off on socket disconnection
2019-09-23 17:16:00  :: Turning threads off on socket disconnection
2019-09-23 17:16:03  :: Turning threads off on socket disconnection
2019-09-23 17:16:06  :: Turning threads off on socket disconnection
2019-09-23 17:16:09  :: Turning threads off on socket disconnection
2019-09-23 17:16:12  :: Turning threads off on socket disconnection
2019-09-23 17:16:15  :: Turning threads off on socket disconnection
2019-09-23 17:16:18  :: Turning threads off on socket disconnection
2019-09-23 17:16:21  :: Turning threads off on socket disconnection
2019-09-23 17:16:24  :: Turning threads off on socket disconnection
2019-09-23 17:16:27  :: Turning threads off on socket disconnection
2019-09-23 17:16:30  :: Turning threads off on socket disconnection
2019-09-23 17:16:33  :: Turning threads off on socket disconnection
2019-09-23 17:16:36  :: Turning threads off on socket disconnection
2019-09-23 17:16:39  :: Turning threads off on socket disconnection
2019-09-23 17:16:42  :: Turning threads off on socket disconnection
2019-09-23 17:16:45  :: Turning threads off on socket disconnection
2019-09-23 17:16:48  :: Turning threads off on socket disconnection
2019-09-23 17:16:51  :: Turning threads off on socket disconnection
2019-09-23 17:16:54  :: Turning threads off on socket disconnection
2019-09-23 17:16:57  :: Turning threads off on socket disconnection
2019-09-23 17:17:00  :: Turning threads off on socket disconnection
2019-09-23 17:17:03  :: Turning threads off on socket disconnection
2019-09-23 17:17:06  :: Turning threads off on socket disconnection
2019-09-23 17:17:09  :: Turning threads off on socket disconnection
2019-09-23 17:17:12  :: Turning threads off on socket disconnection
2019-09-23 17:17:15  :: Turning threads off on socket disconnection
2019-09-23 17:17:18  :: Turning threads off on socket disconnection
2019-09-23 17:17:21  :: Turning threads off on socket disconnection
2019-09-23 17:17:24  :: Turning threads off on socket disconnection
2019-09-23 17:17:27  :: Turning threads off on socket disconnection
2019-09-23 17:17:30  :: Turning threads off on socket disconnection
2019-09-23 17:17:33  :: Turning threads off on socket disconnection
2019-09-23 17:17:36  :: Turning threads off on socket disconnection
2019-09-23 17:17:39  :: Turning threads off on socket disconnection
2019-09-23 17:17:42  :: Turning threads off on socket disconnection
2019-09-23 17:17:45  :: Turning threads off on socket disconnection
2019-09-23 17:17:48  :: Turning threads off on socket disconnection
2019-09-23 17:17:51  :: Turning threads off on socket disconnection
2019-09-23 17:17:54  :: Turning threads off on socket disconnection
2019-09-23 17:17:57  :: Turning threads off on socket disconnection
2019-09-23 17:18:00  :: Turning threads off on socket disconnection
2019-09-23 17:18:03  :: Turning threads off on socket disconnection
2019-09-23 17:18:06  :: Turning threads off on socket disconnection
2019-09-23 17:18:09  :: Turning threads off on socket disconnection
2019-09-23 17:18:12  :: Turning threads off on socket disconnection
2019-09-23 17:18:15  :: Turning threads off on socket disconnection
2019-09-23 17:18:18  :: Turning threads off on socket disconnection
2019-09-23 17:18:21  :: Turning threads off on socket disconnection
2019-09-23 17:18:24  :: Turning threads off on socket disconnection
2019-09-23 17:18:27  :: Turning threads off on socket disconnection
2019-09-23 17:18:30  :: Turning threads off on socket disconnection
2019-09-23 17:18:33  :: Turning threads off on socket disconnection
2019-09-23 17:18:36  :: Turning threads off on socket disconnection
2019-09-23 17:18:39  :: Turning threads off on socket disconnection
2019-09-23 17:18:42  :: Turning threads off on socket disconnection
