2019-05-31 12:04:57  :: Initializing Mock Simulated Server...
2019-05-31 12:04:57  :: Initializing all collections...
2019-05-31 12:04:58  :: 5/31/2019 12:04:58 PMBaseCommunicationModule.LoadConfig
2019-05-31 12:04:58  :: Loading config:.\BitMex\incomingBitmex.xml
2019-05-31 12:04:58  :: Processing config:.\BitMex\incomingBitmex.xml
2019-05-31 12:04:58  :: Ending GetConfiguracion .\BitMex\incomingBitmex.xml
2019-05-31 12:04:58  :: Initializing WSMarketDataManager @ BitMexInstructionBasedMarketClient
2019-05-31 12:05:10  :: Connected: True - Error Message: 
2019-05-31 12:05:10  :: Initializing SecurityListManager @ BitMexInstructionBasedMarketClient
2019-05-31 12:05:10  :: Assigning events @ BitMexInstructionBasedMarketClient
2019-05-31 12:05:11  :: 5/31/2019 12:05:11 PMOrderRouterBase.LoadConfig
2019-05-31 12:05:11  :: Loading config:.\BitMex\outgoingBitmex.xml
2019-05-31 12:05:11  :: Processing config:.\BitMex\outgoingBitmex.xml
2019-05-31 12:05:14  :: Ending GetConfiguracion .\BitMex\outgoingBitmex.xml
2019-05-31 12:05:15  :: Collections Initialized...
2019-05-31 12:05:15  :: Successfully subscribed to execution event 
2019-05-31 12:05:16  :: Unknown order processing execution report for OrderId e6ee304b-aec8-b9f7-fd8b-4ad52e2417a7 
2019-05-31 12:05:28  :: Connecting for the first time to client 16347
2019-05-31 12:05:28  :: Connected for the first time to client 16347
2019-05-31 12:05:36  :: Incoming Login request for user MM1_CLOBUI
2019-05-31 12:05:36  :: user MM1_CLOBUI Successfully logged in
2019-05-31 12:06:02  :: Incoming subscription for Service: Oy - Service key: MM2_CLOBUI2@XBT-USD - UUID: APIClientUUID SubscriptionType: S UserId: MM1_CLOBUI JsonToken:eyJhbGciOiJIUzI1NiIsInR5cCI6IkpXVCJ9.eyJpYXQiOjE1NTEzODY5NjksImV4cCI
2019-05-31 12:06:02  :: Entering ProcessMyOrders for ServiceKey=MM2_CLOBUI2@XBT-USD
2019-05-31 12:06:02  :: @Outgoing Bitmex:Recovering full order list
2019-05-31 12:09:28  :: Initializing Mock Simulated Server...
2019-05-31 12:09:28  :: Initializing all collections...
2019-05-31 12:09:28  :: 5/31/2019 12:09:28 PMBaseCommunicationModule.LoadConfig
2019-05-31 12:09:28  :: Loading config:.\BitMex\incomingBitmex.xml
2019-05-31 12:09:28  :: Processing config:.\BitMex\incomingBitmex.xml
2019-05-31 12:09:28  :: Ending GetConfiguracion .\BitMex\incomingBitmex.xml
2019-05-31 12:09:28  :: Initializing WSMarketDataManager @ BitMexInstructionBasedMarketClient
2019-05-31 12:09:30  :: Connected: True - Error Message: 
2019-05-31 12:09:30  :: Initializing SecurityListManager @ BitMexInstructionBasedMarketClient
2019-05-31 12:09:30  :: Assigning events @ BitMexInstructionBasedMarketClient
2019-05-31 12:09:30  :: 5/31/2019 12:09:30 PMOrderRouterBase.LoadConfig
2019-05-31 12:09:30  :: Loading config:.\BitMex\outgoingBitmex.xml
2019-05-31 12:09:30  :: Processing config:.\BitMex\outgoingBitmex.xml
2019-05-31 12:09:30  :: Ending GetConfiguracion .\BitMex\outgoingBitmex.xml
2019-05-31 12:09:31  :: Collections Initialized...
2019-05-31 12:09:31  :: Successfully subscribed to execution event 
2019-05-31 12:09:41  :: Connecting for the first time to client 16609
2019-05-31 12:09:41  :: Connected for the first time to client 16609
2019-05-31 12:09:45  :: Incoming Login request for user MM1_CLOBUI
2019-05-31 12:09:45  :: user MM1_CLOBUI Successfully logged in
2019-05-31 12:09:55  :: Incoming subscription for Service: Oy - Service key: MM2_CLOBUI2@XBT-USD - UUID: APIClientUUID SubscriptionType: S UserId: MM1_CLOBUI JsonToken:eyJhbGciOiJIUzI1NiIsInR5cCI6IkpXVCJ9.eyJpYXQiOjE1NTEzODY5NjksImV4cCI
2019-05-31 12:09:55  :: Entering ProcessMyOrders for ServiceKey=MM2_CLOBUI2@XBT-USD
2019-05-31 12:09:55  :: @Outgoing Bitmex:Recovering full order list
2019-05-31 13:54:12  :: Initializing Mock Simulated Server...
2019-05-31 13:54:12  :: Initializing all collections...
2019-05-31 13:54:13  :: 5/31/2019 1:54:13 PMBaseCommunicationModule.LoadConfig
2019-05-31 13:54:13  :: Loading config:.\BitMex\incomingBitmex.xml
2019-05-31 13:54:13  :: Processing config:.\BitMex\incomingBitmex.xml
2019-05-31 13:54:13  :: Ending GetConfiguracion .\BitMex\incomingBitmex.xml
2019-05-31 13:54:13  :: Initializing WSMarketDataManager @ BitMexInstructionBasedMarketClient
2019-05-31 13:54:25  :: Connected: True - Error Message: 
2019-05-31 13:54:25  :: Initializing SecurityListManager @ BitMexInstructionBasedMarketClient
2019-05-31 13:54:25  :: Assigning events @ BitMexInstructionBasedMarketClient
2019-05-31 13:54:25  :: 5/31/2019 1:54:25 PMOrderRouterBase.LoadConfig
2019-05-31 13:54:25  :: Loading config:.\BitMex\outgoingBitmex.xml
2019-05-31 13:54:25  :: Processing config:.\BitMex\outgoingBitmex.xml
2019-05-31 13:54:25  :: Ending GetConfiguracion .\BitMex\outgoingBitmex.xml
2019-05-31 13:54:26  :: Collections Initialized...
2019-05-31 13:54:27  :: Successfully subscribed to execution event 
2019-05-31 13:54:38  :: Connecting for the first time to client 22755
2019-05-31 13:54:38  :: Connected for the first time to client 22755
2019-05-31 13:54:41  :: Incoming Login request for user MM1_CLOBUI
2019-05-31 13:54:41  :: user MM1_CLOBUI Successfully logged in
2019-05-31 13:54:45  :: @Outgoing Bitmex:Routing  to market for symbol XBTU19
2019-05-31 13:54:46  :: Unknown order processing execution report for OrderId b71584d2-fee4-f2bc-5609-0216c5ad6891 
