2020-04-29 11:27:23  :: Initializing Mock Server...
2020-04-29 11:27:23  :: Initializing all collections...
2020-04-29 11:27:23  :: Creating history service for controller HistoryServiceController on URL http://localhost:29400/
2020-04-29 11:27:24  :: Collections Initialized...
2020-04-29 11:27:43  :: Connecting for the first time to client 58588
2020-04-29 11:27:43  :: Connected for the first time to client 58588
2020-04-29 11:49:11  :: Initializing Mock Server...
2020-04-29 11:49:11  :: Initializing all collections...
2020-04-29 11:49:12  :: Creating history service for controller HistoryServiceController on URL http://localhost:29400/
2020-04-29 11:49:12  :: Collections Initialized...
2020-04-29 11:49:34  :: Connecting for the first time to client 58944
2020-04-29 11:49:34  :: Connected for the first time to client 58944
2020-04-29 11:49:41  :: OnMessage TokenRequest from IP -> 127.0.0.1
2020-04-29 11:49:41  :: OnMessage ClientLoginRequest from IP -> 127.0.0.1
2020-04-29 11:49:41  :: Sending ClientLoginResponse with UUID 6b35ab2f-bfe9-4b77-9697-1c6322792b55
2020-04-29 11:49:41  :: Sending Instrument Batch 
2020-04-29 11:49:41  :: Sending ClientInstrumentState 
2020-04-29 11:49:42  :: Sending ClientInstrumentState 
2020-04-29 11:49:42  :: Sending ClientInstrumentState 
2020-04-29 11:49:42  :: Sending ClientInstrumentState 
2020-04-29 11:49:42  :: Sending ClientInstrumentState 
2020-04-29 11:49:42  :: Sending ClientInstrumentState 
2020-04-29 11:49:42  :: Sending ClientInstrumentState 
2020-04-29 11:49:42  :: Sending ClientInstrumentState 
2020-04-29 11:49:42  :: Sending ClientInstrumentState 
2020-04-29 11:49:42  :: Sending ClientInstrumentState 
2020-04-29 11:49:42  :: Sending ClientInstrumentState 
2020-04-29 11:49:42  :: Sending ClientInstrumentState 
2020-04-29 11:49:42  :: Sending ClientInstrumentState 
2020-04-29 11:49:42  :: Sending ClientInstrumentState 
2020-04-29 11:49:42  :: Sending ClientInstrumentState 
2020-04-29 11:49:42  :: Sending ClientInstrumentState 
2020-04-29 11:49:42  :: Sending ClientInstrumentState 
2020-04-29 11:49:42  :: Sending ClientInstrumentState 
2020-04-29 11:49:42  :: Sending ClientInstrumentState 
2020-04-29 11:49:42  :: Sending ClientInstrumentState 
2020-04-29 11:49:42  :: Sending ClientUserRecord
2020-04-29 11:49:42  :: Sending ClientMarketStateBatch
2020-04-29 11:49:42  :: Sending ClientAccountRecordBatch 
2020-04-29 11:49:45  :: OnMessage ClientHeartbeat from IP -> 127.0.0.1
2020-04-29 11:49:45  :: OnMessage Subscribe from IP -> 127.0.0.1
2020-04-29 11:49:45  :: Incoming subscription for serviceXX CC - ServiceKey:548349999
2020-04-29 11:49:45  :: Final Net Contracts for Security Id SPOT-TEST:0
2020-04-29 11:49:45  :: Final Net Contracts for Security Id ETH-USD:0
2020-04-29 11:49:45  :: Final Net Contracts for Security Id XMR-USD:0
2020-04-29 11:49:45  :: Final Net Contracts for Security Id XRP-USD:0
2020-04-29 11:49:45  :: Final Net Contracts for Security Id ADA-USD:0
2020-04-29 11:49:45  :: Final Net Contracts for Security Id NDF-XBT-USD-V19:0
2020-04-29 11:49:45  :: Final Net Contracts for Security Id NDF-XBT-USD-X19:0
2020-04-29 11:49:45  :: Final Net Contracts for Security Id NDF-XBT-USD-Z19:0
2020-04-29 11:49:45  :: Final Net Contracts for Security Id NDF-XBT-USD-X18:0
2020-04-29 11:49:45  :: Final Net Contracts for Security Id XBT-USD:0
2020-04-29 11:49:45  :: Final Net Contracts for Security Id SWP-XBT-USD-X18:0
2020-04-29 11:49:45  :: Final Net Contracts for Security Id SWP-SPOT-TEST-TST:0
2020-04-29 11:49:45  :: Final Net Contracts for Security Id SWP-XBT-USD-V18:0
2020-04-29 11:49:45  :: Final Net Contracts for Security Id SWP-XBT-USD-G19:0
2020-04-29 11:49:45  :: Final Net Contracts for Security Id SWP-XBT-USD-N19:0
2020-04-29 11:49:45  :: Final Net Contracts for Security Id SWP-XBT-USD-Q19:0
2020-04-29 11:49:45  :: Final Net Contracts for Security Id SWP-XBT-USD-V19:0
2020-04-29 11:49:45  :: Final Net Contracts for Security Id SWP-XBT-USD-X19:0
2020-04-29 11:49:45  :: Final Net Contracts for Security Id SWP-XBT-USD-Z19:0
2020-04-29 11:49:45  :: Final Net Contracts for Security Id ZEC-USD:0
2020-04-29 11:49:45  :: Final Net Contracts for Security Id SPOT-TEST:0
2020-04-29 11:49:45  :: Final Net Contracts for Security Id ETH-USD:0
2020-04-29 11:49:45  :: Final Net Contracts for Security Id XMR-USD:0
2020-04-29 11:49:45  :: Final Net Contracts for Security Id XRP-USD:0
2020-04-29 11:49:45  :: Final Net Contracts for Security Id ADA-USD:0
2020-04-29 11:49:45  :: Final Net Contracts for Security Id NDF-XBT-USD-V19:0
2020-04-29 11:49:45  :: Final Net Contracts for Security Id NDF-XBT-USD-X19:0
2020-04-29 11:49:45  :: Final Net Contracts for Security Id NDF-XBT-USD-Z19:0
2020-04-29 11:49:45  :: Final Net Contracts for Security Id NDF-XBT-USD-X18:0
2020-04-29 11:49:45  :: Final Net Contracts for Security Id XBT-USD:0
2020-04-29 11:49:45  :: Final Net Contracts for Security Id SWP-XBT-USD-X18:0
2020-04-29 11:49:45  :: Final Net Contracts for Security Id SWP-SPOT-TEST-TST:0
2020-04-29 11:49:45  :: Final Net Contracts for Security Id SWP-XBT-USD-V18:0
2020-04-29 11:49:45  :: Final Net Contracts for Security Id SWP-XBT-USD-G19:0
2020-04-29 11:49:45  :: Final Net Contracts for Security Id SWP-XBT-USD-N19:0
2020-04-29 11:49:45  :: Final Net Contracts for Security Id SWP-XBT-USD-Q19:0
2020-04-29 11:49:45  :: Final Net Contracts for Security Id SWP-XBT-USD-V19:0
2020-04-29 11:49:45  :: Final Net Contracts for Security Id SWP-XBT-USD-X19:0
2020-04-29 11:49:45  :: Final Net Contracts for Security Id SWP-XBT-USD-Z19:0
2020-04-29 11:49:45  :: Final Net Contracts for Security Id ZEC-USD:0
2020-04-29 11:49:45  :: Final Net Contracts for Security Id SPOT-TEST:0
2020-04-29 11:49:45  :: Final Net Contracts for Security Id ETH-USD:0
2020-04-29 11:49:45  :: Final Net Contracts for Security Id XMR-USD:0
2020-04-29 11:49:45  :: Final Net Contracts for Security Id XRP-USD:0
2020-04-29 11:49:45  :: Final Net Contracts for Security Id ADA-USD:0
2020-04-29 11:49:45  :: Final Net Contracts for Security Id NDF-XBT-USD-V19:0
2020-04-29 11:49:45  :: Final Net Contracts for Security Id NDF-XBT-USD-X19:0
2020-04-29 11:49:45  :: Final Net Contracts for Security Id NDF-XBT-USD-Z19:0
2020-04-29 11:49:45  :: Final Net Contracts for Security Id NDF-XBT-USD-X18:0
2020-04-29 11:49:45  :: Final Net Contracts for Security Id XBT-USD:0
2020-04-29 11:49:45  :: Final Net Contracts for Security Id SWP-XBT-USD-X18:0
2020-04-29 11:49:45  :: Final Net Contracts for Security Id SWP-SPOT-TEST-TST:0
2020-04-29 11:49:45  :: Final Net Contracts for Security Id SWP-XBT-USD-V18:0
2020-04-29 11:49:45  :: Final Net Contracts for Security Id SWP-XBT-USD-G19:0
2020-04-29 11:49:45  :: Final Net Contracts for Security Id SWP-XBT-USD-N19:0
2020-04-29 11:49:45  :: Final Net Contracts for Security Id SWP-XBT-USD-Q19:0
2020-04-29 11:49:45  :: Final Net Contracts for Security Id SWP-XBT-USD-V19:0
2020-04-29 11:49:45  :: Final Net Contracts for Security Id SWP-XBT-USD-X19:0
2020-04-29 11:49:45  :: Final Net Contracts for Security Id SWP-XBT-USD-Z19:0
2020-04-29 11:49:45  :: Final Net Contracts for Security Id ZEC-USD:0
2020-04-29 11:49:45  :: Final Net Contracts for Security Id SPOT-TEST:0
2020-04-29 11:49:45  :: Final Net Contracts for Security Id ETH-USD:0
2020-04-29 11:49:45  :: Final Net Contracts for Security Id XMR-USD:0
2020-04-29 11:49:45  :: Final Net Contracts for Security Id XRP-USD:0
2020-04-29 11:49:45  :: Final Net Contracts for Security Id ADA-USD:0
2020-04-29 11:49:45  :: Final Net Contracts for Security Id NDF-XBT-USD-V19:0
2020-04-29 11:49:45  :: Final Net Contracts for Security Id NDF-XBT-USD-X19:0
2020-04-29 11:49:45  :: Final Net Contracts for Security Id NDF-XBT-USD-Z19:0
2020-04-29 11:49:45  :: Final Net Contracts for Security Id NDF-XBT-USD-X18:0
2020-04-29 11:49:45  :: Final Net Contracts for Security Id XBT-USD:0
2020-04-29 11:49:45  :: Final Net Contracts for Security Id SWP-XBT-USD-X18:0
2020-04-29 11:49:45  :: Final Net Contracts for Security Id SWP-SPOT-TEST-TST:0
2020-04-29 11:49:45  :: Final Net Contracts for Security Id SWP-XBT-USD-V18:0
2020-04-29 11:49:45  :: Final Net Contracts for Security Id SWP-XBT-USD-G19:0
2020-04-29 11:49:45  :: Final Net Contracts for Security Id SWP-XBT-USD-N19:-200
2020-04-29 11:49:45  :: Final Net Contracts for Security Id SWP-XBT-USD-Q19:200
2020-04-29 11:49:45  :: Final Net Contracts for Security Id SWP-XBT-USD-V19:-100
2020-04-29 11:49:45  :: Final Net Contracts for Security Id SWP-XBT-USD-X19:300
2020-04-29 11:49:45  :: Final Net Contracts for Security Id SWP-XBT-USD-Z19:0
2020-04-29 11:49:45  :: Final Net Contracts for Security Id ZEC-USD:0
2020-04-29 11:49:45  :: Final Net Contracts for Security Id SPOT-TEST:0
2020-04-29 11:49:45  :: Final Net Contracts for Security Id ETH-USD:0
2020-04-29 11:49:45  :: Final Net Contracts for Security Id XMR-USD:0
2020-04-29 11:49:45  :: Final Net Contracts for Security Id XRP-USD:0
2020-04-29 11:49:45  :: Final Net Contracts for Security Id ADA-USD:0
2020-04-29 11:49:45  :: Final Net Contracts for Security Id NDF-XBT-USD-V19:0
2020-04-29 11:49:45  :: Final Net Contracts for Security Id NDF-XBT-USD-X19:0
2020-04-29 11:49:45  :: Final Net Contracts for Security Id NDF-XBT-USD-Z19:0
2020-04-29 11:49:45  :: Final Net Contracts for Security Id NDF-XBT-USD-X18:0
2020-04-29 11:49:45  :: Final Net Contracts for Security Id XBT-USD:0
2020-04-29 11:49:45  :: Final Net Contracts for Security Id SWP-XBT-USD-X18:0
2020-04-29 11:49:45  :: Final Net Contracts for Security Id SWP-SPOT-TEST-TST:0
2020-04-29 11:49:45  :: Final Net Contracts for Security Id SWP-XBT-USD-V18:0
2020-04-29 11:49:45  :: Final Net Contracts for Security Id SWP-XBT-USD-G19:0
2020-04-29 11:49:45  :: Final Net Contracts for Security Id SWP-XBT-USD-N19:0
2020-04-29 11:49:45  :: Final Net Contracts for Security Id SWP-XBT-USD-Q19:0
2020-04-29 11:49:45  :: Final Net Contracts for Security Id SWP-XBT-USD-V19:0
2020-04-29 11:49:45  :: Final Net Contracts for Security Id SWP-XBT-USD-X19:0
2020-04-29 11:49:45  :: Final Net Contracts for Security Id SWP-XBT-USD-Z19:0
2020-04-29 11:49:45  :: Final Net Contracts for Security Id ZEC-USD:0
2020-04-29 11:49:45  :: Final Net Contracts for Security Id SPOT-TEST:0
2020-04-29 11:49:45  :: Final Net Contracts for Security Id ETH-USD:0
2020-04-29 11:49:45  :: Final Net Contracts for Security Id XMR-USD:0
2020-04-29 11:49:45  :: Final Net Contracts for Security Id XRP-USD:0
2020-04-29 11:49:45  :: Final Net Contracts for Security Id ADA-USD:0
2020-04-29 11:49:45  :: Final Net Contracts for Security Id NDF-XBT-USD-V19:0
2020-04-29 11:49:45  :: Final Net Contracts for Security Id NDF-XBT-USD-X19:0
2020-04-29 11:49:45  :: Final Net Contracts for Security Id NDF-XBT-USD-Z19:0
2020-04-29 11:49:45  :: Final Net Contracts for Security Id NDF-XBT-USD-X18:0
2020-04-29 11:49:45  :: Final Net Contracts for Security Id XBT-USD:0
2020-04-29 11:49:45  :: Final Net Contracts for Security Id SWP-XBT-USD-X18:0
2020-04-29 11:49:45  :: Final Net Contracts for Security Id SWP-SPOT-TEST-TST:0
2020-04-29 11:49:45  :: Final Net Contracts for Security Id SWP-XBT-USD-V18:0
2020-04-29 11:49:45  :: Final Net Contracts for Security Id SWP-XBT-USD-G19:0
2020-04-29 11:49:45  :: Final Net Contracts for Security Id SWP-XBT-USD-N19:0
2020-04-29 11:49:45  :: Final Net Contracts for Security Id SWP-XBT-USD-Q19:0
2020-04-29 11:49:45  :: Final Net Contracts for Security Id SWP-XBT-USD-V19:0
2020-04-29 11:49:45  :: Final Net Contracts for Security Id SWP-XBT-USD-X19:0
2020-04-29 11:49:45  :: Final Net Contracts for Security Id SWP-XBT-USD-Z19:0
2020-04-29 11:49:45  :: Final Net Contracts for Security Id ZEC-USD:0
2020-04-29 11:49:45  :: Final Net Contracts for Security Id SPOT-TEST:0
2020-04-29 11:49:45  :: Final Net Contracts for Security Id ETH-USD:0
2020-04-29 11:49:45  :: Final Net Contracts for Security Id XMR-USD:0
2020-04-29 11:49:45  :: Final Net Contracts for Security Id XRP-USD:0
2020-04-29 11:49:45  :: Final Net Contracts for Security Id ADA-USD:0
2020-04-29 11:49:45  :: Final Net Contracts for Security Id NDF-XBT-USD-V19:0
2020-04-29 11:49:45  :: Final Net Contracts for Security Id NDF-XBT-USD-X19:0
2020-04-29 11:49:45  :: Final Net Contracts for Security Id NDF-XBT-USD-Z19:0
2020-04-29 11:49:45  :: Final Net Contracts for Security Id NDF-XBT-USD-X18:0
2020-04-29 11:49:45  :: Final Net Contracts for Security Id XBT-USD:0
2020-04-29 11:49:45  :: Final Net Contracts for Security Id SWP-XBT-USD-X18:0
2020-04-29 11:49:45  :: Final Net Contracts for Security Id SWP-SPOT-TEST-TST:0
2020-04-29 11:49:45  :: Final Net Contracts for Security Id SWP-XBT-USD-V18:0
2020-04-29 11:49:45  :: Final Net Contracts for Security Id SWP-XBT-USD-G19:0
2020-04-29 11:49:45  :: Final Net Contracts for Security Id SWP-XBT-USD-N19:0
2020-04-29 11:49:45  :: Final Net Contracts for Security Id SWP-XBT-USD-Q19:0
2020-04-29 11:49:45  :: Final Net Contracts for Security Id SWP-XBT-USD-V19:0
2020-04-29 11:49:45  :: Final Net Contracts for Security Id SWP-XBT-USD-X19:0
2020-04-29 11:49:45  :: Final Net Contracts for Security Id SWP-XBT-USD-Z19:0
2020-04-29 11:49:45  :: Final Net Contracts for Security Id ZEC-USD:0
2020-04-29 11:49:45  :: Final Net Contracts for Security Id SPOT-TEST:0
2020-04-29 11:49:45  :: Final Net Contracts for Security Id ETH-USD:0
2020-04-29 11:49:45  :: Final Net Contracts for Security Id XMR-USD:0
2020-04-29 11:49:45  :: Final Net Contracts for Security Id XRP-USD:0
2020-04-29 11:49:45  :: Final Net Contracts for Security Id ADA-USD:0
2020-04-29 11:49:45  :: Final Net Contracts for Security Id NDF-XBT-USD-V19:0
2020-04-29 11:49:45  :: Final Net Contracts for Security Id NDF-XBT-USD-X19:0
2020-04-29 11:49:45  :: Final Net Contracts for Security Id NDF-XBT-USD-Z19:0
2020-04-29 11:49:45  :: Final Net Contracts for Security Id NDF-XBT-USD-X18:0
2020-04-29 11:49:45  :: Final Net Contracts for Security Id XBT-USD:0
2020-04-29 11:49:45  :: Final Net Contracts for Security Id SWP-XBT-USD-X18:0
2020-04-29 11:49:45  :: Final Net Contracts for Security Id SWP-SPOT-TEST-TST:0
2020-04-29 11:49:45  :: Final Net Contracts for Security Id SWP-XBT-USD-V18:0
2020-04-29 11:49:45  :: Final Net Contracts for Security Id SWP-XBT-USD-G19:0
2020-04-29 11:49:45  :: Final Net Contracts for Security Id SWP-XBT-USD-N19:0
2020-04-29 11:49:45  :: Final Net Contracts for Security Id SWP-XBT-USD-Q19:0
2020-04-29 11:49:45  :: Final Net Contracts for Security Id SWP-XBT-USD-V19:0
2020-04-29 11:49:45  :: Final Net Contracts for Security Id SWP-XBT-USD-X19:0
2020-04-29 11:49:45  :: Final Net Contracts for Security Id SWP-XBT-USD-Z19:0
2020-04-29 11:49:45  :: Final Net Contracts for Security Id ZEC-USD:0
2020-04-29 11:49:45  :: Final Net Contracts for Security Id SPOT-TEST:0
2020-04-29 11:49:45  :: Final Net Contracts for Security Id ETH-USD:0
2020-04-29 11:49:45  :: Final Net Contracts for Security Id XMR-USD:0
2020-04-29 11:49:45  :: Final Net Contracts for Security Id XRP-USD:0
2020-04-29 11:49:45  :: Final Net Contracts for Security Id ADA-USD:0
2020-04-29 11:49:45  :: Final Net Contracts for Security Id NDF-XBT-USD-V19:0
2020-04-29 11:49:45  :: Final Net Contracts for Security Id NDF-XBT-USD-X19:0
2020-04-29 11:49:45  :: Final Net Contracts for Security Id NDF-XBT-USD-Z19:0
2020-04-29 11:49:45  :: Final Net Contracts for Security Id NDF-XBT-USD-X18:0
2020-04-29 11:49:45  :: Final Net Contracts for Security Id XBT-USD:0
2020-04-29 11:49:45  :: Final Net Contracts for Security Id SWP-XBT-USD-X18:0
2020-04-29 11:49:45  :: Final Net Contracts for Security Id SWP-SPOT-TEST-TST:0
2020-04-29 11:49:45  :: Final Net Contracts for Security Id SWP-XBT-USD-V18:0
2020-04-29 11:49:45  :: Final Net Contracts for Security Id SWP-XBT-USD-G19:0
2020-04-29 11:49:45  :: Final Net Contracts for Security Id SWP-XBT-USD-N19:0
2020-04-29 11:49:45  :: Final Net Contracts for Security Id SWP-XBT-USD-Q19:0
2020-04-29 11:49:45  :: Final Net Contracts for Security Id SWP-XBT-USD-V19:0
2020-04-29 11:49:45  :: Final Net Contracts for Security Id SWP-XBT-USD-X19:0
2020-04-29 11:49:45  :: Final Net Contracts for Security Id SWP-XBT-USD-Z19:0
2020-04-29 11:49:45  :: Final Net Contracts for Security Id ZEC-USD:0
2020-04-29 11:49:45  :: Final Net Contracts for Security Id SPOT-TEST:0
2020-04-29 11:49:45  :: Final Net Contracts for Security Id ETH-USD:0
2020-04-29 11:49:45  :: Final Net Contracts for Security Id XMR-USD:0
2020-04-29 11:49:45  :: Final Net Contracts for Security Id XRP-USD:0
2020-04-29 11:49:45  :: Final Net Contracts for Security Id ADA-USD:0
2020-04-29 11:49:45  :: Final Net Contracts for Security Id NDF-XBT-USD-V19:0
2020-04-29 11:49:45  :: Final Net Contracts for Security Id NDF-XBT-USD-X19:0
2020-04-29 11:49:45  :: Final Net Contracts for Security Id NDF-XBT-USD-Z19:0
2020-04-29 11:49:45  :: Final Net Contracts for Security Id NDF-XBT-USD-X18:0
2020-04-29 11:49:45  :: Final Net Contracts for Security Id XBT-USD:0
2020-04-29 11:49:45  :: Final Net Contracts for Security Id SWP-XBT-USD-X18:0
2020-04-29 11:49:45  :: Final Net Contracts for Security Id SWP-SPOT-TEST-TST:0
2020-04-29 11:49:45  :: Final Net Contracts for Security Id SWP-XBT-USD-V18:0
2020-04-29 11:49:45  :: Final Net Contracts for Security Id SWP-XBT-USD-G19:0
2020-04-29 11:49:45  :: Final Net Contracts for Security Id SWP-XBT-USD-N19:0
2020-04-29 11:49:45  :: Final Net Contracts for Security Id SWP-XBT-USD-Q19:0
2020-04-29 11:49:45  :: Final Net Contracts for Security Id SWP-XBT-USD-V19:0
2020-04-29 11:49:45  :: Final Net Contracts for Security Id SWP-XBT-USD-X19:0
2020-04-29 11:49:45  :: Final Net Contracts for Security Id SWP-XBT-USD-Z19:100
2020-04-29 11:49:45  :: Final Net Contracts for Security Id ZEC-USD:0
2020-04-29 11:49:48  :: Net Contracts for Security SPOT-TEST :0
2020-04-29 11:49:48  :: Net Contracts for Security ETH-USD :0
2020-04-29 11:49:48  :: Net Contracts for Security XMR-USD :0
2020-04-29 11:49:48  :: Net Contracts for Security XRP-USD :0
2020-04-29 11:49:48  :: Net Contracts for Security ADA-USD :0
2020-04-29 11:49:48  :: Net Contracts for Security NDF-XBT-USD-V19 :0
2020-04-29 11:49:48  :: Net Contracts for Security NDF-XBT-USD-X19 :0
2020-04-29 11:49:48  :: Net Contracts for Security NDF-XBT-USD-Z19 :0
2020-04-29 11:49:48  :: Net Contracts for Security NDF-XBT-USD-X18 :0
2020-04-29 11:49:48  :: Net Contracts for Security XBT-USD :0
2020-04-29 11:49:48  :: Net Contracts for Security SWP-XBT-USD-X18 :0
2020-04-29 11:49:48  :: Net Contracts for Security SWP-SPOT-TEST-TST :0
2020-04-29 11:49:48  :: Net Contracts for Security SWP-XBT-USD-V18 :0
2020-04-29 11:49:48  :: Net Contracts for Security SWP-XBT-USD-G19 :0
2020-04-29 11:49:48  :: Net Contracts for Security SWP-XBT-USD-N19 :0
2020-04-29 11:49:48  :: Net Contracts for Security SWP-XBT-USD-Q19 :0
2020-04-29 11:49:48  :: Net Contracts for Security SWP-XBT-USD-V19 :0
2020-04-29 11:49:48  :: Net Contracts for Security SWP-XBT-USD-X19 :0
2020-04-29 11:49:48  :: Net Contracts for Security SWP-XBT-USD-Z19 :100
2020-04-29 11:49:48  :: Net Contracts for Security ZEC-USD :0
2020-04-29 11:49:48  :: Base Margin for FirmId 548349999:278163.806787484
2020-04-29 11:49:48  :: Potential Contracts for Security SPOT-TEST  after Orders:0
2020-04-29 11:49:48  :: Potential Contracts for Security ETH-USD  after Orders:0
2020-04-29 11:49:48  :: Potential Contracts for Security XMR-USD  after Orders:0
2020-04-29 11:49:48  :: Potential Contracts for Security XRP-USD  after Orders:0
2020-04-29 11:49:48  :: Potential Contracts for Security ADA-USD  after Orders:0
2020-04-29 11:49:48  :: Potential Contracts for Security NDF-XBT-USD-V19  after Orders:0
2020-04-29 11:49:48  :: Potential Contracts for Security NDF-XBT-USD-X19  after Orders:0
2020-04-29 11:49:48  :: Potential Contracts for Security NDF-XBT-USD-Z19  after Orders:0
2020-04-29 11:49:48  :: Potential Contracts for Security NDF-XBT-USD-X18  after Orders:0
2020-04-29 11:49:48  :: Potential Contracts for Security XBT-USD  after Orders:0
2020-04-29 11:49:48  :: Potential Contracts for Security SWP-XBT-USD-X18  after Orders:0
2020-04-29 11:49:48  :: Potential Contracts for Security SWP-SPOT-TEST-TST  after Orders:0
2020-04-29 11:49:48  :: Potential Contracts for Security SWP-XBT-USD-V18  after Orders:0
2020-04-29 11:49:48  :: Potential Contracts for Security SWP-XBT-USD-G19  after Orders:0
2020-04-29 11:49:48  :: Potential Contracts for Security SWP-XBT-USD-N19  after Orders:0
2020-04-29 11:49:48  :: Potential Contracts for Security SWP-XBT-USD-Q19  after Orders:0
2020-04-29 11:49:48  :: Potential Contracts for Security SWP-XBT-USD-V19  after Orders:0
2020-04-29 11:49:48  :: Potential Contracts for Security SWP-XBT-USD-X19  after Orders:0
2020-04-29 11:49:48  :: Potential Contracts for Security SWP-XBT-USD-Z19  after Orders:100
2020-04-29 11:49:48  :: Potential Contracts for Security ZEC-USD  after Orders:0
2020-04-29 11:49:48  :: Acum Margin for FirmId 548349999 after Orders:278163.806787484
2020-04-29 11:49:48  :: Side B exposure:0
2020-04-29 11:49:56  :: Net Contracts for Security SPOT-TEST :0
2020-04-29 11:49:56  :: Net Contracts for Security ETH-USD :0
2020-04-29 11:49:56  :: Net Contracts for Security XMR-USD :0
2020-04-29 11:49:56  :: Net Contracts for Security XRP-USD :0
2020-04-29 11:49:56  :: Net Contracts for Security ADA-USD :0
2020-04-29 11:49:56  :: Net Contracts for Security NDF-XBT-USD-V19 :0
2020-04-29 11:49:56  :: Net Contracts for Security NDF-XBT-USD-X19 :0
2020-04-29 11:49:56  :: Net Contracts for Security NDF-XBT-USD-Z19 :0
2020-04-29 11:49:56  :: Net Contracts for Security NDF-XBT-USD-X18 :0
2020-04-29 11:49:56  :: Net Contracts for Security XBT-USD :0
2020-04-29 11:49:56  :: Net Contracts for Security SWP-XBT-USD-X18 :0
2020-04-29 11:49:56  :: Net Contracts for Security SWP-SPOT-TEST-TST :0
2020-04-29 11:49:56  :: Net Contracts for Security SWP-XBT-USD-V18 :0
2020-04-29 11:49:56  :: Net Contracts for Security SWP-XBT-USD-G19 :0
2020-04-29 11:49:56  :: Net Contracts for Security SWP-XBT-USD-N19 :0
2020-04-29 11:49:56  :: Net Contracts for Security SWP-XBT-USD-Q19 :0
2020-04-29 11:49:56  :: Net Contracts for Security SWP-XBT-USD-V19 :0
2020-04-29 11:49:56  :: Net Contracts for Security SWP-XBT-USD-X19 :0
2020-04-29 11:49:56  :: Net Contracts for Security SWP-XBT-USD-Z19 :100
2020-04-29 11:49:56  :: Net Contracts for Security ZEC-USD :0
2020-04-29 11:49:56  :: Base Margin for FirmId 548349999:278163.806787484
2020-04-29 11:49:56  :: Potential Contracts for Security SPOT-TEST  after Orders:0
2020-04-29 11:49:56  :: Potential Contracts for Security ETH-USD  after Orders:0
2020-04-29 11:49:56  :: Potential Contracts for Security XMR-USD  after Orders:0
2020-04-29 11:49:56  :: Potential Contracts for Security XRP-USD  after Orders:0
2020-04-29 11:49:56  :: Potential Contracts for Security ADA-USD  after Orders:0
2020-04-29 11:49:56  :: Potential Contracts for Security NDF-XBT-USD-V19  after Orders:0
2020-04-29 11:49:56  :: Potential Contracts for Security NDF-XBT-USD-X19  after Orders:0
2020-04-29 11:49:56  :: Potential Contracts for Security NDF-XBT-USD-Z19  after Orders:0
2020-04-29 11:49:56  :: Potential Contracts for Security NDF-XBT-USD-X18  after Orders:0
2020-04-29 11:49:56  :: Potential Contracts for Security XBT-USD  after Orders:0
2020-04-29 11:49:56  :: Potential Contracts for Security SWP-XBT-USD-X18  after Orders:0
2020-04-29 11:49:56  :: Potential Contracts for Security SWP-SPOT-TEST-TST  after Orders:0
2020-04-29 11:49:56  :: Potential Contracts for Security SWP-XBT-USD-V18  after Orders:0
2020-04-29 11:49:56  :: Potential Contracts for Security SWP-XBT-USD-G19  after Orders:0
2020-04-29 11:49:56  :: Potential Contracts for Security SWP-XBT-USD-N19  after Orders:0
2020-04-29 11:49:56  :: Potential Contracts for Security SWP-XBT-USD-Q19  after Orders:0
2020-04-29 11:49:56  :: Potential Contracts for Security SWP-XBT-USD-V19  after Orders:0
2020-04-29 11:49:56  :: Potential Contracts for Security SWP-XBT-USD-X19  after Orders:0
2020-04-29 11:49:56  :: Potential Contracts for Security SWP-XBT-USD-Z19  after Orders:100
2020-04-29 11:49:56  :: Potential Contracts for Security ZEC-USD  after Orders:0
2020-04-29 11:49:56  :: Acum Margin for FirmId 548349999 after Orders:278163.806787484
2020-04-29 11:49:56  :: Side S exposure:0
2020-04-29 11:49:56  :: SubscriptionResponse UUID:6b35ab2f-bfe9-4b77-9697-1c6322792b55 Service:CC ServiceKey:548349999 Success:True
2020-04-29 11:49:56  :: OnMessage ClientHeartbeat from IP -> 127.0.0.1
2020-04-29 11:49:58  :: OnMessage ClientHeartbeat from IP -> 127.0.0.1
2020-04-29 11:49:59  :: OnMessage ClientHeartbeat from IP -> 127.0.0.1
2020-04-29 11:50:10  :: OnMessage ClientHeartbeat from IP -> 127.0.0.1
2020-04-29 11:50:25  :: Initializing Mock Server...
2020-04-29 11:50:25  :: Initializing all collections...
2020-04-29 11:50:25  :: Creating history service for controller HistoryServiceController on URL http://localhost:29400/
2020-04-29 11:50:26  :: Collections Initialized...
2020-04-29 11:50:32  :: Connecting for the first time to client 58958
2020-04-29 11:50:32  :: Connected for the first time to client 58958
2020-04-29 11:50:38  :: OnMessage TokenRequest from IP -> 127.0.0.1
2020-04-29 11:50:38  :: OnMessage ClientLoginRequest from IP -> 127.0.0.1
2020-04-29 11:50:38  :: Sending ClientLoginResponse with UUID 75e1ae17-f794-4e6e-9f72-aba68947098c
2020-04-29 11:50:38  :: Sending Instrument Batch 
2020-04-29 11:50:38  :: Sending ClientInstrumentState 
2020-04-29 11:50:38  :: Sending ClientInstrumentState 
2020-04-29 11:50:38  :: Sending ClientInstrumentState 
2020-04-29 11:50:38  :: Sending ClientInstrumentState 
2020-04-29 11:50:38  :: Sending ClientInstrumentState 
2020-04-29 11:50:38  :: Sending ClientInstrumentState 
2020-04-29 11:50:38  :: Sending ClientInstrumentState 
2020-04-29 11:50:38  :: Sending ClientInstrumentState 
2020-04-29 11:50:38  :: Sending ClientInstrumentState 
2020-04-29 11:50:38  :: Sending ClientInstrumentState 
2020-04-29 11:50:38  :: Sending ClientInstrumentState 
2020-04-29 11:50:38  :: Sending ClientInstrumentState 
2020-04-29 11:50:38  :: Sending ClientInstrumentState 
2020-04-29 11:50:38  :: Sending ClientInstrumentState 
2020-04-29 11:50:38  :: Sending ClientInstrumentState 
2020-04-29 11:50:38  :: Sending ClientInstrumentState 
2020-04-29 11:50:38  :: Sending ClientInstrumentState 
2020-04-29 11:50:38  :: Sending ClientInstrumentState 
2020-04-29 11:50:38  :: Sending ClientInstrumentState 
2020-04-29 11:50:38  :: Sending ClientInstrumentState 
2020-04-29 11:50:38  :: Sending ClientUserRecord
2020-04-29 11:50:38  :: Sending ClientMarketStateBatch
2020-04-29 11:50:38  :: Sending ClientAccountRecordBatch 
2020-04-29 11:50:42  :: OnMessage ClientHeartbeat from IP -> 127.0.0.1
2020-04-29 11:50:45  :: OnMessage ClientHeartbeat from IP -> 127.0.0.1
2020-04-29 11:50:45  :: OnMessage Subscribe from IP -> 127.0.0.1
2020-04-29 11:50:45  :: Incoming subscription for serviceXX CC - ServiceKey:548349999
2020-04-29 11:50:45  :: Final Net Contracts for Security Id SPOT-TEST:0
2020-04-29 11:50:45  :: Final Net Contracts for Security Id ETH-USD:0
2020-04-29 11:50:45  :: Final Net Contracts for Security Id XMR-USD:0
2020-04-29 11:50:45  :: Final Net Contracts for Security Id XRP-USD:0
2020-04-29 11:50:45  :: Final Net Contracts for Security Id ADA-USD:0
2020-04-29 11:50:45  :: Final Net Contracts for Security Id NDF-XBT-USD-V19:0
2020-04-29 11:50:45  :: Final Net Contracts for Security Id NDF-XBT-USD-X19:0
2020-04-29 11:50:45  :: Final Net Contracts for Security Id NDF-XBT-USD-Z19:0
2020-04-29 11:50:45  :: Final Net Contracts for Security Id NDF-XBT-USD-X18:0
2020-04-29 11:50:45  :: Final Net Contracts for Security Id XBT-USD:0
2020-04-29 11:50:45  :: Final Net Contracts for Security Id SWP-XBT-USD-X18:0
2020-04-29 11:50:45  :: Final Net Contracts for Security Id SWP-SPOT-TEST-TST:0
2020-04-29 11:50:45  :: Final Net Contracts for Security Id SWP-XBT-USD-V18:0
2020-04-29 11:50:45  :: Final Net Contracts for Security Id SWP-XBT-USD-G19:0
2020-04-29 11:50:45  :: Final Net Contracts for Security Id SWP-XBT-USD-N19:0
2020-04-29 11:50:45  :: Final Net Contracts for Security Id SWP-XBT-USD-Q19:0
2020-04-29 11:50:45  :: Final Net Contracts for Security Id SWP-XBT-USD-V19:0
2020-04-29 11:50:45  :: Final Net Contracts for Security Id SWP-XBT-USD-X19:0
2020-04-29 11:50:45  :: Final Net Contracts for Security Id SWP-XBT-USD-Z19:0
2020-04-29 11:50:45  :: Final Net Contracts for Security Id ZEC-USD:0
2020-04-29 11:50:45  :: Final Net Contracts for Security Id SPOT-TEST:0
2020-04-29 11:50:45  :: Final Net Contracts for Security Id ETH-USD:0
2020-04-29 11:50:45  :: Final Net Contracts for Security Id XMR-USD:0
2020-04-29 11:50:45  :: Final Net Contracts for Security Id XRP-USD:0
2020-04-29 11:50:45  :: Final Net Contracts for Security Id ADA-USD:0
2020-04-29 11:50:45  :: Final Net Contracts for Security Id NDF-XBT-USD-V19:0
2020-04-29 11:50:45  :: Final Net Contracts for Security Id NDF-XBT-USD-X19:0
2020-04-29 11:50:45  :: Final Net Contracts for Security Id NDF-XBT-USD-Z19:0
2020-04-29 11:50:45  :: Final Net Contracts for Security Id NDF-XBT-USD-X18:0
2020-04-29 11:50:45  :: Final Net Contracts for Security Id XBT-USD:0
2020-04-29 11:50:45  :: Final Net Contracts for Security Id SWP-XBT-USD-X18:0
2020-04-29 11:50:45  :: Final Net Contracts for Security Id SWP-SPOT-TEST-TST:0
2020-04-29 11:50:45  :: Final Net Contracts for Security Id SWP-XBT-USD-V18:0
2020-04-29 11:50:45  :: Final Net Contracts for Security Id SWP-XBT-USD-G19:0
2020-04-29 11:50:45  :: Final Net Contracts for Security Id SWP-XBT-USD-N19:0
2020-04-29 11:50:45  :: Final Net Contracts for Security Id SWP-XBT-USD-Q19:0
2020-04-29 11:50:45  :: Final Net Contracts for Security Id SWP-XBT-USD-V19:0
2020-04-29 11:50:45  :: Final Net Contracts for Security Id SWP-XBT-USD-X19:0
2020-04-29 11:50:45  :: Final Net Contracts for Security Id SWP-XBT-USD-Z19:0
2020-04-29 11:50:45  :: Final Net Contracts for Security Id ZEC-USD:0
2020-04-29 11:50:45  :: Final Net Contracts for Security Id SPOT-TEST:0
2020-04-29 11:50:45  :: Final Net Contracts for Security Id ETH-USD:0
2020-04-29 11:50:45  :: Final Net Contracts for Security Id XMR-USD:0
2020-04-29 11:50:45  :: Final Net Contracts for Security Id XRP-USD:0
2020-04-29 11:50:45  :: Final Net Contracts for Security Id ADA-USD:0
2020-04-29 11:50:45  :: Final Net Contracts for Security Id NDF-XBT-USD-V19:0
2020-04-29 11:50:45  :: Final Net Contracts for Security Id NDF-XBT-USD-X19:0
2020-04-29 11:50:45  :: Final Net Contracts for Security Id NDF-XBT-USD-Z19:0
2020-04-29 11:50:45  :: Final Net Contracts for Security Id NDF-XBT-USD-X18:0
2020-04-29 11:50:45  :: Final Net Contracts for Security Id XBT-USD:0
2020-04-29 11:50:45  :: Final Net Contracts for Security Id SWP-XBT-USD-X18:0
2020-04-29 11:50:45  :: Final Net Contracts for Security Id SWP-SPOT-TEST-TST:0
2020-04-29 11:50:45  :: Final Net Contracts for Security Id SWP-XBT-USD-V18:0
2020-04-29 11:50:45  :: Final Net Contracts for Security Id SWP-XBT-USD-G19:0
2020-04-29 11:50:45  :: Final Net Contracts for Security Id SWP-XBT-USD-N19:0
2020-04-29 11:50:45  :: Final Net Contracts for Security Id SWP-XBT-USD-Q19:0
2020-04-29 11:50:45  :: Final Net Contracts for Security Id SWP-XBT-USD-V19:0
2020-04-29 11:50:45  :: Final Net Contracts for Security Id SWP-XBT-USD-X19:0
2020-04-29 11:50:45  :: Final Net Contracts for Security Id SWP-XBT-USD-Z19:0
2020-04-29 11:50:45  :: Final Net Contracts for Security Id ZEC-USD:0
2020-04-29 11:50:45  :: Final Net Contracts for Security Id SPOT-TEST:0
2020-04-29 11:50:45  :: Final Net Contracts for Security Id ETH-USD:0
2020-04-29 11:50:45  :: Final Net Contracts for Security Id XMR-USD:0
2020-04-29 11:50:45  :: Final Net Contracts for Security Id XRP-USD:0
2020-04-29 11:50:45  :: Final Net Contracts for Security Id ADA-USD:0
2020-04-29 11:50:45  :: Final Net Contracts for Security Id NDF-XBT-USD-V19:0
2020-04-29 11:50:45  :: Final Net Contracts for Security Id NDF-XBT-USD-X19:0
2020-04-29 11:50:45  :: Final Net Contracts for Security Id NDF-XBT-USD-Z19:0
2020-04-29 11:50:45  :: Final Net Contracts for Security Id NDF-XBT-USD-X18:0
2020-04-29 11:50:45  :: Final Net Contracts for Security Id XBT-USD:0
2020-04-29 11:50:45  :: Final Net Contracts for Security Id SWP-XBT-USD-X18:0
2020-04-29 11:50:45  :: Final Net Contracts for Security Id SWP-SPOT-TEST-TST:0
2020-04-29 11:50:45  :: Final Net Contracts for Security Id SWP-XBT-USD-V18:0
2020-04-29 11:50:45  :: Final Net Contracts for Security Id SWP-XBT-USD-G19:0
2020-04-29 11:50:45  :: Final Net Contracts for Security Id SWP-XBT-USD-N19:-200
2020-04-29 11:50:45  :: Final Net Contracts for Security Id SWP-XBT-USD-Q19:200
2020-04-29 11:50:45  :: Final Net Contracts for Security Id SWP-XBT-USD-V19:-100
2020-04-29 11:50:45  :: Final Net Contracts for Security Id SWP-XBT-USD-X19:300
2020-04-29 11:50:45  :: Final Net Contracts for Security Id SWP-XBT-USD-Z19:0
2020-04-29 11:50:45  :: Final Net Contracts for Security Id ZEC-USD:0
2020-04-29 11:50:45  :: Final Net Contracts for Security Id SPOT-TEST:0
2020-04-29 11:50:45  :: Final Net Contracts for Security Id ETH-USD:0
2020-04-29 11:50:45  :: Final Net Contracts for Security Id XMR-USD:0
2020-04-29 11:50:45  :: Final Net Contracts for Security Id XRP-USD:0
2020-04-29 11:50:45  :: Final Net Contracts for Security Id ADA-USD:0
2020-04-29 11:50:45  :: Final Net Contracts for Security Id NDF-XBT-USD-V19:0
2020-04-29 11:50:45  :: Final Net Contracts for Security Id NDF-XBT-USD-X19:0
2020-04-29 11:50:45  :: Final Net Contracts for Security Id NDF-XBT-USD-Z19:0
2020-04-29 11:50:45  :: Final Net Contracts for Security Id NDF-XBT-USD-X18:0
2020-04-29 11:50:45  :: Final Net Contracts for Security Id XBT-USD:0
2020-04-29 11:50:45  :: Final Net Contracts for Security Id SWP-XBT-USD-X18:0
2020-04-29 11:50:45  :: Final Net Contracts for Security Id SWP-SPOT-TEST-TST:0
2020-04-29 11:50:45  :: Final Net Contracts for Security Id SWP-XBT-USD-V18:0
2020-04-29 11:50:45  :: Final Net Contracts for Security Id SWP-XBT-USD-G19:0
2020-04-29 11:50:45  :: Final Net Contracts for Security Id SWP-XBT-USD-N19:0
2020-04-29 11:50:45  :: Final Net Contracts for Security Id SWP-XBT-USD-Q19:0
2020-04-29 11:50:45  :: Final Net Contracts for Security Id SWP-XBT-USD-V19:0
2020-04-29 11:50:45  :: Final Net Contracts for Security Id SWP-XBT-USD-X19:0
2020-04-29 11:50:45  :: Final Net Contracts for Security Id SWP-XBT-USD-Z19:0
2020-04-29 11:50:45  :: Final Net Contracts for Security Id ZEC-USD:0
2020-04-29 11:50:45  :: Final Net Contracts for Security Id SPOT-TEST:0
2020-04-29 11:50:45  :: Final Net Contracts for Security Id ETH-USD:0
2020-04-29 11:50:45  :: Final Net Contracts for Security Id XMR-USD:0
2020-04-29 11:50:45  :: Final Net Contracts for Security Id XRP-USD:0
2020-04-29 11:50:45  :: Final Net Contracts for Security Id ADA-USD:0
2020-04-29 11:50:45  :: Final Net Contracts for Security Id NDF-XBT-USD-V19:0
2020-04-29 11:50:45  :: Final Net Contracts for Security Id NDF-XBT-USD-X19:0
2020-04-29 11:50:45  :: Final Net Contracts for Security Id NDF-XBT-USD-Z19:0
2020-04-29 11:50:45  :: Final Net Contracts for Security Id NDF-XBT-USD-X18:0
2020-04-29 11:50:45  :: Final Net Contracts for Security Id XBT-USD:0
2020-04-29 11:50:45  :: Final Net Contracts for Security Id SWP-XBT-USD-X18:0
2020-04-29 11:50:45  :: Final Net Contracts for Security Id SWP-SPOT-TEST-TST:0
2020-04-29 11:50:45  :: Final Net Contracts for Security Id SWP-XBT-USD-V18:0
2020-04-29 11:50:45  :: Final Net Contracts for Security Id SWP-XBT-USD-G19:0
2020-04-29 11:50:45  :: Final Net Contracts for Security Id SWP-XBT-USD-N19:0
2020-04-29 11:50:45  :: Final Net Contracts for Security Id SWP-XBT-USD-Q19:0
2020-04-29 11:50:45  :: Final Net Contracts for Security Id SWP-XBT-USD-V19:0
2020-04-29 11:50:45  :: Final Net Contracts for Security Id SWP-XBT-USD-X19:0
2020-04-29 11:50:45  :: Final Net Contracts for Security Id SWP-XBT-USD-Z19:0
2020-04-29 11:50:45  :: Final Net Contracts for Security Id ZEC-USD:0
2020-04-29 11:50:45  :: Final Net Contracts for Security Id SPOT-TEST:0
2020-04-29 11:50:45  :: Final Net Contracts for Security Id ETH-USD:0
2020-04-29 11:50:45  :: Final Net Contracts for Security Id XMR-USD:0
2020-04-29 11:50:45  :: Final Net Contracts for Security Id XRP-USD:0
2020-04-29 11:50:45  :: Final Net Contracts for Security Id ADA-USD:0
2020-04-29 11:50:45  :: Final Net Contracts for Security Id NDF-XBT-USD-V19:0
2020-04-29 11:50:45  :: Final Net Contracts for Security Id NDF-XBT-USD-X19:0
2020-04-29 11:50:45  :: Final Net Contracts for Security Id NDF-XBT-USD-Z19:0
2020-04-29 11:50:45  :: Final Net Contracts for Security Id NDF-XBT-USD-X18:0
2020-04-29 11:50:45  :: Final Net Contracts for Security Id XBT-USD:0
2020-04-29 11:50:45  :: Final Net Contracts for Security Id SWP-XBT-USD-X18:0
2020-04-29 11:50:45  :: Final Net Contracts for Security Id SWP-SPOT-TEST-TST:0
2020-04-29 11:50:45  :: Final Net Contracts for Security Id SWP-XBT-USD-V18:0
2020-04-29 11:50:45  :: Final Net Contracts for Security Id SWP-XBT-USD-G19:0
2020-04-29 11:50:45  :: Final Net Contracts for Security Id SWP-XBT-USD-N19:0
2020-04-29 11:50:45  :: Final Net Contracts for Security Id SWP-XBT-USD-Q19:0
2020-04-29 11:50:45  :: Final Net Contracts for Security Id SWP-XBT-USD-V19:0
2020-04-29 11:50:45  :: Final Net Contracts for Security Id SWP-XBT-USD-X19:0
2020-04-29 11:50:45  :: Final Net Contracts for Security Id SWP-XBT-USD-Z19:0
2020-04-29 11:50:45  :: Final Net Contracts for Security Id ZEC-USD:0
2020-04-29 11:50:45  :: Final Net Contracts for Security Id SPOT-TEST:0
2020-04-29 11:50:45  :: Final Net Contracts for Security Id ETH-USD:0
2020-04-29 11:50:45  :: Final Net Contracts for Security Id XMR-USD:0
2020-04-29 11:50:45  :: Final Net Contracts for Security Id XRP-USD:0
2020-04-29 11:50:45  :: Final Net Contracts for Security Id ADA-USD:0
2020-04-29 11:50:45  :: Final Net Contracts for Security Id NDF-XBT-USD-V19:0
2020-04-29 11:50:45  :: Final Net Contracts for Security Id NDF-XBT-USD-X19:0
2020-04-29 11:50:45  :: Final Net Contracts for Security Id NDF-XBT-USD-Z19:0
2020-04-29 11:50:45  :: Final Net Contracts for Security Id NDF-XBT-USD-X18:0
2020-04-29 11:50:45  :: Final Net Contracts for Security Id XBT-USD:0
2020-04-29 11:50:45  :: Final Net Contracts for Security Id SWP-XBT-USD-X18:0
2020-04-29 11:50:45  :: Final Net Contracts for Security Id SWP-SPOT-TEST-TST:0
2020-04-29 11:50:45  :: Final Net Contracts for Security Id SWP-XBT-USD-V18:0
2020-04-29 11:50:45  :: Final Net Contracts for Security Id SWP-XBT-USD-G19:0
2020-04-29 11:50:45  :: Final Net Contracts for Security Id SWP-XBT-USD-N19:0
2020-04-29 11:50:45  :: Final Net Contracts for Security Id SWP-XBT-USD-Q19:0
2020-04-29 11:50:45  :: Final Net Contracts for Security Id SWP-XBT-USD-V19:0
2020-04-29 11:50:45  :: Final Net Contracts for Security Id SWP-XBT-USD-X19:0
2020-04-29 11:50:45  :: Final Net Contracts for Security Id SWP-XBT-USD-Z19:0
2020-04-29 11:50:45  :: Final Net Contracts for Security Id ZEC-USD:0
2020-04-29 11:50:45  :: Final Net Contracts for Security Id SPOT-TEST:0
2020-04-29 11:50:45  :: Final Net Contracts for Security Id ETH-USD:0
2020-04-29 11:50:45  :: Final Net Contracts for Security Id XMR-USD:0
2020-04-29 11:50:45  :: Final Net Contracts for Security Id XRP-USD:0
2020-04-29 11:50:45  :: Final Net Contracts for Security Id ADA-USD:0
2020-04-29 11:50:45  :: Final Net Contracts for Security Id NDF-XBT-USD-V19:0
2020-04-29 11:50:45  :: Final Net Contracts for Security Id NDF-XBT-USD-X19:0
2020-04-29 11:50:45  :: Final Net Contracts for Security Id NDF-XBT-USD-Z19:0
2020-04-29 11:50:45  :: Final Net Contracts for Security Id NDF-XBT-USD-X18:0
2020-04-29 11:50:45  :: Final Net Contracts for Security Id XBT-USD:0
2020-04-29 11:50:45  :: Final Net Contracts for Security Id SWP-XBT-USD-X18:0
2020-04-29 11:50:45  :: Final Net Contracts for Security Id SWP-SPOT-TEST-TST:0
2020-04-29 11:50:45  :: Final Net Contracts for Security Id SWP-XBT-USD-V18:0
2020-04-29 11:50:45  :: Final Net Contracts for Security Id SWP-XBT-USD-G19:0
2020-04-29 11:50:45  :: Final Net Contracts for Security Id SWP-XBT-USD-N19:0
2020-04-29 11:50:45  :: Final Net Contracts for Security Id SWP-XBT-USD-Q19:0
2020-04-29 11:50:45  :: Final Net Contracts for Security Id SWP-XBT-USD-V19:0
2020-04-29 11:50:45  :: Final Net Contracts for Security Id SWP-XBT-USD-X19:0
2020-04-29 11:50:45  :: Final Net Contracts for Security Id SWP-XBT-USD-Z19:0
2020-04-29 11:50:45  :: Final Net Contracts for Security Id ZEC-USD:0
2020-04-29 11:50:45  :: Final Net Contracts for Security Id SPOT-TEST:0
2020-04-29 11:50:45  :: Final Net Contracts for Security Id ETH-USD:0
2020-04-29 11:50:45  :: Final Net Contracts for Security Id XMR-USD:0
2020-04-29 11:50:45  :: Final Net Contracts for Security Id XRP-USD:0
2020-04-29 11:50:45  :: Final Net Contracts for Security Id ADA-USD:0
2020-04-29 11:50:45  :: Final Net Contracts for Security Id NDF-XBT-USD-V19:0
2020-04-29 11:50:45  :: Final Net Contracts for Security Id NDF-XBT-USD-X19:0
2020-04-29 11:50:45  :: Final Net Contracts for Security Id NDF-XBT-USD-Z19:0
2020-04-29 11:50:45  :: Final Net Contracts for Security Id NDF-XBT-USD-X18:0
2020-04-29 11:50:45  :: Final Net Contracts for Security Id XBT-USD:0
2020-04-29 11:50:45  :: Final Net Contracts for Security Id SWP-XBT-USD-X18:0
2020-04-29 11:50:45  :: Final Net Contracts for Security Id SWP-SPOT-TEST-TST:0
2020-04-29 11:50:45  :: Final Net Contracts for Security Id SWP-XBT-USD-V18:0
2020-04-29 11:50:45  :: Final Net Contracts for Security Id SWP-XBT-USD-G19:0
2020-04-29 11:50:45  :: Final Net Contracts for Security Id SWP-XBT-USD-N19:0
2020-04-29 11:50:45  :: Final Net Contracts for Security Id SWP-XBT-USD-Q19:0
2020-04-29 11:50:45  :: Final Net Contracts for Security Id SWP-XBT-USD-V19:0
2020-04-29 11:50:45  :: Final Net Contracts for Security Id SWP-XBT-USD-X19:0
2020-04-29 11:50:45  :: Final Net Contracts for Security Id SWP-XBT-USD-Z19:100
2020-04-29 11:50:45  :: Final Net Contracts for Security Id ZEC-USD:0
2020-04-29 11:50:55  :: Net Contracts for Security SPOT-TEST :0
2020-04-29 11:50:55  :: Net Contracts for Security ETH-USD :0
2020-04-29 11:50:55  :: Net Contracts for Security XMR-USD :0
2020-04-29 11:50:55  :: Net Contracts for Security XRP-USD :0
2020-04-29 11:50:55  :: Net Contracts for Security ADA-USD :0
2020-04-29 11:50:55  :: Net Contracts for Security NDF-XBT-USD-V19 :0
2020-04-29 11:50:55  :: Net Contracts for Security NDF-XBT-USD-X19 :0
2020-04-29 11:50:55  :: Net Contracts for Security NDF-XBT-USD-Z19 :0
2020-04-29 11:50:55  :: Net Contracts for Security NDF-XBT-USD-X18 :0
2020-04-29 11:50:55  :: Net Contracts for Security XBT-USD :0
2020-04-29 11:50:55  :: Net Contracts for Security SWP-XBT-USD-X18 :0
2020-04-29 11:50:55  :: Net Contracts for Security SWP-SPOT-TEST-TST :0
2020-04-29 11:50:55  :: Net Contracts for Security SWP-XBT-USD-V18 :0
2020-04-29 11:50:55  :: Net Contracts for Security SWP-XBT-USD-G19 :0
2020-04-29 11:50:55  :: Net Contracts for Security SWP-XBT-USD-N19 :0
2020-04-29 11:50:55  :: Net Contracts for Security SWP-XBT-USD-Q19 :0
2020-04-29 11:50:55  :: Net Contracts for Security SWP-XBT-USD-V19 :0
2020-04-29 11:50:55  :: Net Contracts for Security SWP-XBT-USD-X19 :0
2020-04-29 11:50:55  :: Net Contracts for Security SWP-XBT-USD-Z19 :100
2020-04-29 11:50:55  :: Net Contracts for Security ZEC-USD :0
2020-04-29 11:50:55  :: Base Margin for FirmId 548349999:278163.806787484
2020-04-29 11:51:35  :: Net Contracts for Security SPOT-TEST :0
2020-04-29 11:51:35  :: Net Contracts for Security ETH-USD :0
2020-04-29 11:51:35  :: Net Contracts for Security XMR-USD :0
2020-04-29 11:51:35  :: Net Contracts for Security XRP-USD :0
2020-04-29 11:51:35  :: Net Contracts for Security ADA-USD :0
2020-04-29 11:51:35  :: Net Contracts for Security NDF-XBT-USD-V19 :0
2020-04-29 11:51:35  :: Net Contracts for Security NDF-XBT-USD-X19 :0
2020-04-29 11:51:35  :: Net Contracts for Security NDF-XBT-USD-Z19 :0
2020-04-29 11:51:35  :: Net Contracts for Security NDF-XBT-USD-X18 :0
2020-04-29 11:51:35  :: Net Contracts for Security XBT-USD :0
2020-04-29 11:51:35  :: Net Contracts for Security SWP-XBT-USD-X18 :0
2020-04-29 11:51:35  :: Net Contracts for Security SWP-SPOT-TEST-TST :0
2020-04-29 11:51:35  :: Net Contracts for Security SWP-XBT-USD-V18 :0
2020-04-29 11:51:35  :: Net Contracts for Security SWP-XBT-USD-G19 :0
2020-04-29 11:51:35  :: Net Contracts for Security SWP-XBT-USD-N19 :0
2020-04-29 11:51:35  :: Net Contracts for Security SWP-XBT-USD-Q19 :0
2020-04-29 11:51:35  :: Net Contracts for Security SWP-XBT-USD-V19 :0
2020-04-29 11:51:35  :: Net Contracts for Security SWP-XBT-USD-X19 :0
2020-04-29 11:51:35  :: Net Contracts for Security SWP-XBT-USD-Z19 :100
2020-04-29 11:51:35  :: Net Contracts for Security ZEC-USD :0
2020-04-29 11:51:35  :: Base Margin for FirmId 548349999:278163.806787484
2020-04-29 11:51:37  :: Potential Contracts for Security SPOT-TEST  after Orders:0
2020-04-29 11:51:37  :: Potential Contracts for Security ETH-USD  after Orders:0
2020-04-29 11:51:37  :: Potential Contracts for Security XMR-USD  after Orders:0
2020-04-29 11:51:37  :: Potential Contracts for Security XRP-USD  after Orders:0
2020-04-29 11:51:37  :: Potential Contracts for Security ADA-USD  after Orders:0
2020-04-29 11:51:37  :: Potential Contracts for Security NDF-XBT-USD-V19  after Orders:0
2020-04-29 11:51:37  :: Potential Contracts for Security NDF-XBT-USD-X19  after Orders:0
2020-04-29 11:51:37  :: Potential Contracts for Security NDF-XBT-USD-Z19  after Orders:0
2020-04-29 11:51:37  :: Potential Contracts for Security NDF-XBT-USD-X18  after Orders:0
2020-04-29 11:51:37  :: Potential Contracts for Security XBT-USD  after Orders:0
2020-04-29 11:51:37  :: Potential Contracts for Security SWP-XBT-USD-X18  after Orders:0
2020-04-29 11:51:37  :: Potential Contracts for Security SWP-SPOT-TEST-TST  after Orders:0
2020-04-29 11:51:37  :: Potential Contracts for Security SWP-XBT-USD-V18  after Orders:0
2020-04-29 11:51:37  :: Potential Contracts for Security SWP-XBT-USD-G19  after Orders:0
2020-04-29 11:51:37  :: Potential Contracts for Security SWP-XBT-USD-N19  after Orders:0
2020-04-29 11:51:37  :: Potential Contracts for Security SWP-XBT-USD-Q19  after Orders:0
2020-04-29 11:51:37  :: Potential Contracts for Security SWP-XBT-USD-V19  after Orders:0
2020-04-29 11:51:37  :: Potential Contracts for Security SWP-XBT-USD-X19  after Orders:0
2020-04-29 11:51:37  :: Potential Contracts for Security SWP-XBT-USD-Z19  after Orders:100
2020-04-29 11:51:37  :: Potential Contracts for Security ZEC-USD  after Orders:0
2020-04-29 11:51:37  :: Acum Margin for FirmId 548349999 after Orders:278163.806787484
2020-04-29 11:51:52  :: Side B exposure:0
