2019-06-11 12:47:47  :: Initializing Mock Server...
2019-06-11 12:47:47  :: Initializing all collections...
2019-06-11 12:47:48  :: Collections Initialized...
2019-06-11 17:31:09  :: Initializing Mock Simulated Server...
2019-06-11 17:31:09  :: Initializing all collections...
2019-06-11 17:31:10  :: 6/11/2019 5:31:10 PMBaseCommunicationModule.LoadConfig
2019-06-11 17:31:10  :: Loading config:.\BitMex\incomingBitmex.xml
2019-06-11 17:31:10  :: Processing config:.\BitMex\incomingBitmex.xml
2019-06-11 17:31:10  :: Ending GetConfiguracion .\BitMex\incomingBitmex.xml
2019-06-11 17:31:10  :: Initializing WSMarketDataManager @ BitMexInstructionBasedMarketClient
2019-06-11 17:31:11  :: Connected: True - Error Message: 
2019-06-11 17:31:11  :: Initializing SecurityListManager @ BitMexInstructionBasedMarketClient
2019-06-11 17:31:11  :: Assigning events @ BitMexInstructionBasedMarketClient
2019-06-11 17:31:12  :: 6/11/2019 5:31:12 PMOrderRouterBase.LoadConfig
2019-06-11 17:31:12  :: Loading config:.\BitMex\outgoingBitmex.xml
2019-06-11 17:31:12  :: Processing config:.\BitMex\outgoingBitmex.xml
2019-06-11 17:31:12  :: Ending GetConfiguracion .\BitMex\outgoingBitmex.xml
2019-06-11 17:31:13  :: Collections Initialized...
2019-06-11 17:31:13  :: Successfully subscribed to execution event 
2019-06-11 17:31:37  :: Connecting for the first time to client 24241
2019-06-11 17:31:37  :: Connected for the first time to client 24241
2019-06-11 17:31:42  :: Incoming Login request for user MM1_CLOBUI2
2019-06-11 17:31:42  :: user MM1_CLOBUI2 Successfully logged in
2019-06-11 17:31:54  :: Incoming subscription for Service: PS - Service key: * - UUID: APIClientUUID SubscriptionType: S UserId: MM1_CLOBUI2 JsonToken:eyJhbGciOiJIUzI1NiIsInR5cCI6IkpXVCJ9.eyJpYXQiOjE1NTEzODY5NjksImV4cCI
2019-06-11 17:31:54  :: SubscriptionResponse UUID:APIClientUUID Service:PS ServiceKey:* Success:True
