2019-09-10 7:29:57  :: Initializing Mock Server...
2019-09-10 7:29:57  :: Initializing all collections...
2019-09-10 7:29:58  :: Creating history service for controller HistoryServiceController on URL http://localhost:29400/
2019-09-10 7:29:59  :: Collections Initialized...
2019-09-10 7:30:13  :: Connecting for the first time to client 4482
2019-09-10 7:30:13  :: Connected for the first time to client 4482
2019-09-10 7:30:25  :: OnMessage TokenRequest from IP -> 127.0.0.1
2019-09-10 7:30:25  :: OnMessage ClientLoginRequest from IP -> 127.0.0.1
2019-09-10 7:30:25  :: Sending ClientLoginResponse with UUID b8fc1bd3-f483-4034-be1c-3df61d4505a8
2019-09-10 7:30:25  :: Sending Instrument Batch 
2019-09-10 7:30:25  :: Sending ClientUserRecord
2019-09-10 7:30:25  :: Sending ClientMarketStateBatch
2019-09-10 7:30:25  :: Sending ClientAccountRecordBatch 
2019-09-10 7:30:28  :: OnMessage ClientHeartbeat from IP -> 127.0.0.1
2019-09-10 7:30:31  :: OnMessage ClientHeartbeat from IP -> 127.0.0.1
2019-09-10 7:30:34  :: OnMessage ClientHeartbeat from IP -> 127.0.0.1
2019-09-10 7:30:37  :: OnMessage ClientHeartbeat from IP -> 127.0.0.1
2019-09-10 7:30:40  :: OnMessage Subscribe from IP -> 127.0.0.1
2019-09-10 7:30:40  :: Incoming subscription for service LS - ServiceKey:18
2019-09-10 7:31:00  :: OnMessage ClientHeartbeat from IP -> 127.0.0.1
2019-09-10 7:31:00  :: OnMessage ClientHeartbeat from IP -> 127.0.0.1
2019-09-10 7:31:00  :: SubscriptionResponse UUID:b8fc1bd3-f483-4034-be1c-3df61d4505a8 Service:LS ServiceKey:18 Success:False
2019-09-10 7:31:00  :: LastSale not found for InstrumentId 18 - Symbol SWP-XBT-USD-X19 ...
2019-09-10 7:31:03  :: OnMessage ClientHeartbeat from IP -> 127.0.0.1
2019-09-10 7:38:13  :: Initializing Mock Server...
2019-09-10 7:38:13  :: Initializing all collections...
2019-09-10 7:38:13  :: Creating history service for controller HistoryServiceController on URL http://localhost:29400/
2019-09-10 7:38:13  :: Collections Initialized...
2019-09-10 7:38:22  :: Connecting for the first time to client 4720
2019-09-10 7:38:22  :: Connected for the first time to client 4720
2019-09-10 7:38:47  :: OnMessage TokenRequest from IP -> 127.0.0.1
2019-09-10 7:38:47  :: OnMessage ClientLoginRequest from IP -> 127.0.0.1
2019-09-10 7:38:47  :: Sending ClientLoginResponse with UUID ed79cb0d-525c-4fda-bd66-30e2bea4cf6c
2019-09-10 7:38:47  :: Sending Instrument Batch 
2019-09-10 7:38:47  :: Sending ClientUserRecord
2019-09-10 7:38:48  :: Sending ClientMarketStateBatch
2019-09-10 7:38:48  :: Sending ClientAccountRecordBatch 
2019-09-10 7:38:51  :: OnMessage ClientHeartbeat from IP -> 127.0.0.1
2019-09-10 7:38:51  :: OnMessage Subscribe from IP -> 127.0.0.1
2019-09-10 7:38:51  :: Incoming subscription for service LS - ServiceKey:18
2019-09-10 7:38:55  :: OnMessage ClientHeartbeat from IP -> 127.0.0.1
2019-09-10 7:38:58  :: OnMessage ClientHeartbeat from IP -> 127.0.0.1
2019-09-10 7:38:58  :: SubscriptionResponse UUID:ed79cb0d-525c-4fda-bd66-30e2bea4cf6c Service:LS ServiceKey:18 Success:True
2019-09-10 7:39:02  :: OnMessage ClientHeartbeat from IP -> 127.0.0.1
2019-09-10 7:39:06  :: OnMessage ClientHeartbeat from IP -> 127.0.0.1
2019-09-10 7:39:07  :: OnMessage ClientHeartbeat from IP -> 127.0.0.1
2019-09-10 7:39:10  :: OnMessage ClientHeartbeat from IP -> 127.0.0.1
2019-09-10 7:39:12  :: OnMessage Subscribe from IP -> 127.0.0.1
2019-09-10 7:39:12  :: Incoming subscription for service LQ - ServiceKey:18
2019-09-10 7:39:13  :: OnMessage ClientHeartbeat from IP -> 127.0.0.1
2019-09-10 7:39:15  :: SubscriptionResponse UUID:ed79cb0d-525c-4fda-bd66-30e2bea4cf6c Service:LQ ServiceKey:18 Success:True
2019-09-10 7:39:16  :: OnMessage ClientHeartbeat from IP -> 127.0.0.1
2019-09-10 7:39:19  :: Critical error processing last sales message: Subproceso anulado....
2019-09-10 7:39:19  :: Turning threads off on socket disconnection
2019-09-10 7:39:19  :: Critical error processing quote message: Subproceso anulado....
2019-09-10 7:39:22  :: Turning threads off on socket disconnection
2019-09-10 7:39:25  :: Turning threads off on socket disconnection
2019-09-10 7:39:28  :: Turning threads off on socket disconnection
2019-09-10 7:39:31  :: Turning threads off on socket disconnection
2019-09-10 7:39:34  :: Turning threads off on socket disconnection
2019-09-10 7:39:37  :: Turning threads off on socket disconnection
2019-09-10 7:39:40  :: Turning threads off on socket disconnection
2019-09-10 7:39:43  :: Turning threads off on socket disconnection
2019-09-10 7:39:46  :: Turning threads off on socket disconnection
2019-09-10 7:39:49  :: Turning threads off on socket disconnection
2019-09-10 7:39:52  :: Turning threads off on socket disconnection
2019-09-10 7:39:55  :: Turning threads off on socket disconnection
2019-09-10 7:39:58  :: Turning threads off on socket disconnection
2019-09-10 7:40:01  :: Turning threads off on socket disconnection
2019-09-10 7:40:04  :: Turning threads off on socket disconnection
2019-09-10 7:40:07  :: Turning threads off on socket disconnection
2019-09-10 7:40:10  :: Turning threads off on socket disconnection
2019-09-10 7:40:13  :: Turning threads off on socket disconnection
2019-09-10 7:40:16  :: Turning threads off on socket disconnection
2019-09-10 7:40:19  :: Turning threads off on socket disconnection
2019-09-10 7:40:22  :: Turning threads off on socket disconnection
2019-09-10 7:40:25  :: Turning threads off on socket disconnection
2019-09-10 7:40:28  :: Turning threads off on socket disconnection
2019-09-10 7:40:31  :: Turning threads off on socket disconnection
2019-09-10 7:40:34  :: Turning threads off on socket disconnection
2019-09-10 7:40:37  :: Turning threads off on socket disconnection
2019-09-10 7:40:40  :: Turning threads off on socket disconnection
2019-09-10 7:40:43  :: Turning threads off on socket disconnection
2019-09-10 7:40:46  :: Turning threads off on socket disconnection
2019-09-10 7:40:49  :: Turning threads off on socket disconnection
2019-09-10 7:40:52  :: Turning threads off on socket disconnection
2019-09-10 7:40:55  :: Turning threads off on socket disconnection
2019-09-10 7:40:58  :: Turning threads off on socket disconnection
2019-09-10 7:41:01  :: Turning threads off on socket disconnection
2019-09-10 7:41:04  :: Turning threads off on socket disconnection
2019-09-10 7:41:07  :: Turning threads off on socket disconnection
2019-09-10 7:41:10  :: Turning threads off on socket disconnection
2019-09-10 7:41:13  :: Turning threads off on socket disconnection
2019-09-10 7:41:16  :: Turning threads off on socket disconnection
2019-09-10 7:41:19  :: Turning threads off on socket disconnection
2019-09-10 7:41:22  :: Turning threads off on socket disconnection
2019-09-10 7:41:25  :: Turning threads off on socket disconnection
2019-09-10 7:41:28  :: Turning threads off on socket disconnection
2019-09-10 7:41:31  :: Turning threads off on socket disconnection
2019-09-10 7:41:34  :: Turning threads off on socket disconnection
2019-09-10 7:41:37  :: Turning threads off on socket disconnection
2019-09-10 7:41:40  :: Turning threads off on socket disconnection
2019-09-10 7:41:43  :: Turning threads off on socket disconnection
2019-09-10 7:41:46  :: Turning threads off on socket disconnection
2019-09-10 7:41:49  :: Turning threads off on socket disconnection
2019-09-10 7:41:52  :: Turning threads off on socket disconnection
2019-09-10 7:41:55  :: Turning threads off on socket disconnection
2019-09-10 7:41:58  :: Turning threads off on socket disconnection
2019-09-10 7:42:01  :: Turning threads off on socket disconnection
2019-09-10 7:42:04  :: Turning threads off on socket disconnection
2019-09-10 7:42:07  :: Turning threads off on socket disconnection
2019-09-10 7:42:10  :: Turning threads off on socket disconnection
2019-09-10 7:42:13  :: Turning threads off on socket disconnection
2019-09-10 7:42:16  :: Turning threads off on socket disconnection
2019-09-10 7:42:19  :: Turning threads off on socket disconnection
2019-09-10 7:42:22  :: Turning threads off on socket disconnection
2019-09-10 7:42:25  :: Turning threads off on socket disconnection
2019-09-10 7:42:28  :: Turning threads off on socket disconnection
2019-09-10 7:42:31  :: Turning threads off on socket disconnection
2019-09-10 7:42:34  :: Turning threads off on socket disconnection
2019-09-10 7:42:37  :: Turning threads off on socket disconnection
2019-09-10 7:42:40  :: Turning threads off on socket disconnection
2019-09-10 7:42:43  :: Turning threads off on socket disconnection
2019-09-10 7:42:46  :: Turning threads off on socket disconnection
2019-09-10 7:42:49  :: Turning threads off on socket disconnection
2019-09-10 7:42:52  :: Turning threads off on socket disconnection
2019-09-10 7:42:55  :: Turning threads off on socket disconnection
2019-09-10 7:42:58  :: Turning threads off on socket disconnection
2019-09-10 7:43:01  :: Turning threads off on socket disconnection
2019-09-10 7:43:04  :: Turning threads off on socket disconnection
2019-09-10 7:43:07  :: Turning threads off on socket disconnection
2019-09-10 7:43:10  :: Turning threads off on socket disconnection
2019-09-10 7:43:13  :: Turning threads off on socket disconnection
2019-09-10 7:43:16  :: Turning threads off on socket disconnection
2019-09-10 7:43:19  :: Turning threads off on socket disconnection
2019-09-10 7:43:22  :: Turning threads off on socket disconnection
2019-09-10 7:43:25  :: Turning threads off on socket disconnection
2019-09-10 7:43:28  :: Turning threads off on socket disconnection
2019-09-10 7:43:31  :: Turning threads off on socket disconnection
2019-09-10 7:43:34  :: Turning threads off on socket disconnection
2019-09-10 7:43:37  :: Turning threads off on socket disconnection
2019-09-10 7:43:40  :: Turning threads off on socket disconnection
2019-09-10 7:43:43  :: Turning threads off on socket disconnection
2019-09-10 7:43:46  :: Turning threads off on socket disconnection
2019-09-10 7:43:49  :: Turning threads off on socket disconnection
2019-09-10 7:43:52  :: Turning threads off on socket disconnection
2019-09-10 7:43:55  :: Turning threads off on socket disconnection
2019-09-10 7:43:58  :: Turning threads off on socket disconnection
2019-09-10 7:44:01  :: Turning threads off on socket disconnection
2019-09-10 7:44:04  :: Turning threads off on socket disconnection
2019-09-10 7:44:07  :: Turning threads off on socket disconnection
2019-09-10 7:44:10  :: Turning threads off on socket disconnection
2019-09-10 7:44:13  :: Turning threads off on socket disconnection
2019-09-10 7:44:16  :: Turning threads off on socket disconnection
2019-09-10 7:44:19  :: Turning threads off on socket disconnection
2019-09-10 7:44:22  :: Turning threads off on socket disconnection
2019-09-10 7:44:25  :: Turning threads off on socket disconnection
2019-09-10 7:44:28  :: Turning threads off on socket disconnection
2019-09-10 7:44:31  :: Turning threads off on socket disconnection
2019-09-10 7:44:34  :: Turning threads off on socket disconnection
2019-09-10 7:44:37  :: Turning threads off on socket disconnection
2019-09-10 7:44:40  :: Turning threads off on socket disconnection
2019-09-10 7:44:43  :: Turning threads off on socket disconnection
2019-09-10 7:44:46  :: Turning threads off on socket disconnection
2019-09-10 7:44:49  :: Turning threads off on socket disconnection
2019-09-10 7:44:52  :: Turning threads off on socket disconnection
2019-09-10 7:44:55  :: Turning threads off on socket disconnection
2019-09-10 7:44:58  :: Turning threads off on socket disconnection
2019-09-10 7:45:01  :: Turning threads off on socket disconnection
2019-09-10 7:45:04  :: Turning threads off on socket disconnection
2019-09-10 7:45:08  :: Turning threads off on socket disconnection
2019-09-10 7:45:11  :: Turning threads off on socket disconnection
2019-09-10 7:45:14  :: Turning threads off on socket disconnection
2019-09-10 7:45:17  :: Turning threads off on socket disconnection
2019-09-10 7:45:20  :: Turning threads off on socket disconnection
2019-09-10 7:45:23  :: Turning threads off on socket disconnection
2019-09-10 7:45:26  :: Turning threads off on socket disconnection
2019-09-10 7:45:29  :: Turning threads off on socket disconnection
2019-09-10 7:45:32  :: Turning threads off on socket disconnection
2019-09-10 7:45:35  :: Turning threads off on socket disconnection
2019-09-10 7:45:38  :: Turning threads off on socket disconnection
2019-09-10 7:45:41  :: Turning threads off on socket disconnection
2019-09-10 7:45:44  :: Turning threads off on socket disconnection
2019-09-10 7:45:47  :: Turning threads off on socket disconnection
2019-09-10 7:45:50  :: Turning threads off on socket disconnection
2019-09-10 7:45:53  :: Turning threads off on socket disconnection
2019-09-10 7:45:56  :: Turning threads off on socket disconnection
2019-09-10 7:45:59  :: Turning threads off on socket disconnection
2019-09-10 7:46:02  :: Turning threads off on socket disconnection
2019-09-10 7:46:05  :: Turning threads off on socket disconnection
2019-09-10 7:46:08  :: Turning threads off on socket disconnection
2019-09-10 7:46:11  :: Turning threads off on socket disconnection
2019-09-10 7:46:14  :: Turning threads off on socket disconnection
2019-09-10 7:46:17  :: Turning threads off on socket disconnection
2019-09-10 7:46:20  :: Turning threads off on socket disconnection
2019-09-10 7:46:23  :: Turning threads off on socket disconnection
2019-09-10 7:46:26  :: Turning threads off on socket disconnection
2019-09-10 7:46:29  :: Turning threads off on socket disconnection
2019-09-10 7:46:33  :: Turning threads off on socket disconnection
2019-09-10 7:46:36  :: Turning threads off on socket disconnection
2019-09-10 7:46:39  :: Turning threads off on socket disconnection
2019-09-10 7:46:42  :: Turning threads off on socket disconnection
2019-09-10 7:46:45  :: Turning threads off on socket disconnection
2019-09-10 7:46:48  :: Turning threads off on socket disconnection
2019-09-10 7:46:51  :: Turning threads off on socket disconnection
2019-09-10 7:46:54  :: Turning threads off on socket disconnection
2019-09-10 7:46:57  :: Turning threads off on socket disconnection
2019-09-10 7:47:00  :: Turning threads off on socket disconnection
2019-09-10 7:47:03  :: Turning threads off on socket disconnection
2019-09-10 7:47:06  :: Turning threads off on socket disconnection
2019-09-10 7:47:09  :: Turning threads off on socket disconnection
2019-09-10 7:47:12  :: Turning threads off on socket disconnection
2019-09-10 7:47:15  :: Turning threads off on socket disconnection
2019-09-10 7:47:18  :: Turning threads off on socket disconnection
2019-09-10 7:47:21  :: Turning threads off on socket disconnection
2019-09-10 7:47:24  :: Turning threads off on socket disconnection
2019-09-10 7:47:27  :: Turning threads off on socket disconnection
2019-09-10 7:47:30  :: Turning threads off on socket disconnection
2019-09-10 7:47:33  :: Turning threads off on socket disconnection
2019-09-10 7:47:36  :: Turning threads off on socket disconnection
2019-09-10 7:47:39  :: Turning threads off on socket disconnection
2019-09-10 7:47:42  :: Turning threads off on socket disconnection
2019-09-10 7:47:45  :: Turning threads off on socket disconnection
2019-09-10 7:47:48  :: Turning threads off on socket disconnection
2019-09-10 7:47:51  :: Turning threads off on socket disconnection
2019-09-10 7:47:54  :: Turning threads off on socket disconnection
2019-09-10 7:47:57  :: Turning threads off on socket disconnection
2019-09-10 7:48:00  :: Turning threads off on socket disconnection
2019-09-10 7:48:03  :: Turning threads off on socket disconnection
2019-09-10 7:48:06  :: Turning threads off on socket disconnection
2019-09-10 7:48:09  :: Turning threads off on socket disconnection
2019-09-10 7:48:12  :: Turning threads off on socket disconnection
2019-09-10 7:48:15  :: Turning threads off on socket disconnection
2019-09-10 7:48:18  :: Turning threads off on socket disconnection
2019-09-10 7:48:21  :: Turning threads off on socket disconnection
2019-09-10 7:48:24  :: Turning threads off on socket disconnection
2019-09-10 7:48:27  :: Turning threads off on socket disconnection
2019-09-10 7:48:30  :: Turning threads off on socket disconnection
2019-09-10 7:48:33  :: Turning threads off on socket disconnection
2019-09-10 7:48:36  :: Turning threads off on socket disconnection
2019-09-10 7:48:39  :: Turning threads off on socket disconnection
2019-09-10 7:48:42  :: Turning threads off on socket disconnection
2019-09-10 7:48:45  :: Turning threads off on socket disconnection
2019-09-10 7:48:48  :: Turning threads off on socket disconnection
2019-09-10 7:48:51  :: Turning threads off on socket disconnection
2019-09-10 7:48:54  :: Turning threads off on socket disconnection
2019-09-10 7:48:57  :: Turning threads off on socket disconnection
2019-09-10 7:49:00  :: Turning threads off on socket disconnection
2019-09-10 7:49:03  :: Turning threads off on socket disconnection
2019-09-10 7:49:06  :: Turning threads off on socket disconnection
2019-09-10 7:49:09  :: Turning threads off on socket disconnection
2019-09-10 7:49:12  :: Turning threads off on socket disconnection
2019-09-10 7:49:15  :: Turning threads off on socket disconnection
2019-09-10 7:49:18  :: Turning threads off on socket disconnection
2019-09-10 7:49:21  :: Turning threads off on socket disconnection
2019-09-10 7:49:24  :: Turning threads off on socket disconnection
2019-09-10 7:49:27  :: Turning threads off on socket disconnection
2019-09-10 7:49:30  :: Turning threads off on socket disconnection
2019-09-10 7:49:33  :: Turning threads off on socket disconnection
2019-09-10 7:49:36  :: Turning threads off on socket disconnection
2019-09-10 7:49:39  :: Turning threads off on socket disconnection
2019-09-10 7:49:42  :: Turning threads off on socket disconnection
2019-09-10 7:49:45  :: Turning threads off on socket disconnection
2019-09-10 7:49:48  :: Turning threads off on socket disconnection
2019-09-10 7:49:51  :: Turning threads off on socket disconnection
2019-09-10 7:49:54  :: Turning threads off on socket disconnection
2019-09-10 7:49:57  :: Turning threads off on socket disconnection
2019-09-10 7:50:00  :: Turning threads off on socket disconnection
2019-09-10 7:50:03  :: Turning threads off on socket disconnection
2019-09-10 7:50:06  :: Turning threads off on socket disconnection
2019-09-10 7:50:09  :: Turning threads off on socket disconnection
2019-09-10 7:50:12  :: Turning threads off on socket disconnection
2019-09-10 7:50:15  :: Turning threads off on socket disconnection
2019-09-10 7:50:18  :: Turning threads off on socket disconnection
2019-09-10 7:50:21  :: Turning threads off on socket disconnection
2019-09-10 7:50:24  :: Turning threads off on socket disconnection
2019-09-10 7:50:27  :: Turning threads off on socket disconnection
2019-09-10 7:50:30  :: Turning threads off on socket disconnection
2019-09-10 7:50:33  :: Turning threads off on socket disconnection
2019-09-10 7:50:36  :: Turning threads off on socket disconnection
2019-09-10 7:50:39  :: Turning threads off on socket disconnection
2019-09-10 7:50:42  :: Turning threads off on socket disconnection
2019-09-10 7:50:45  :: Turning threads off on socket disconnection
2019-09-10 7:50:48  :: Turning threads off on socket disconnection
2019-09-10 7:50:51  :: Turning threads off on socket disconnection
2019-09-10 7:50:54  :: Turning threads off on socket disconnection
2019-09-10 7:50:57  :: Turning threads off on socket disconnection
2019-09-10 7:51:00  :: Turning threads off on socket disconnection
2019-09-10 7:51:03  :: Turning threads off on socket disconnection
2019-09-10 7:51:06  :: Turning threads off on socket disconnection
2019-09-10 7:51:09  :: Turning threads off on socket disconnection
2019-09-10 7:51:12  :: Turning threads off on socket disconnection
2019-09-10 7:51:15  :: Turning threads off on socket disconnection
2019-09-10 7:51:18  :: Turning threads off on socket disconnection
2019-09-10 7:51:21  :: Turning threads off on socket disconnection
2019-09-10 7:51:24  :: Turning threads off on socket disconnection
2019-09-10 7:51:27  :: Turning threads off on socket disconnection
2019-09-10 7:51:30  :: Turning threads off on socket disconnection
2019-09-10 7:51:33  :: Turning threads off on socket disconnection
2019-09-10 7:51:36  :: Turning threads off on socket disconnection
2019-09-10 7:51:39  :: Turning threads off on socket disconnection
2019-09-10 7:51:42  :: Turning threads off on socket disconnection
2019-09-10 7:51:45  :: Turning threads off on socket disconnection
2019-09-10 7:51:48  :: Turning threads off on socket disconnection
2019-09-10 7:51:51  :: Turning threads off on socket disconnection
2019-09-10 7:51:54  :: Turning threads off on socket disconnection
2019-09-10 7:51:57  :: Turning threads off on socket disconnection
2019-09-10 7:52:00  :: Turning threads off on socket disconnection
2019-09-10 7:52:03  :: Turning threads off on socket disconnection
2019-09-10 7:52:06  :: Turning threads off on socket disconnection
2019-09-10 7:52:09  :: Turning threads off on socket disconnection
2019-09-10 7:52:12  :: Turning threads off on socket disconnection
2019-09-10 7:52:15  :: Turning threads off on socket disconnection
2019-09-10 7:52:18  :: Turning threads off on socket disconnection
2019-09-10 7:52:21  :: Turning threads off on socket disconnection
2019-09-10 7:52:24  :: Turning threads off on socket disconnection
2019-09-10 7:52:27  :: Turning threads off on socket disconnection
2019-09-10 7:52:30  :: Turning threads off on socket disconnection
2019-09-10 7:52:33  :: Turning threads off on socket disconnection
2019-09-10 7:52:36  :: Turning threads off on socket disconnection
2019-09-10 7:52:39  :: Turning threads off on socket disconnection
2019-09-10 7:52:42  :: Turning threads off on socket disconnection
2019-09-10 7:52:45  :: Turning threads off on socket disconnection
2019-09-10 7:52:48  :: Turning threads off on socket disconnection
2019-09-10 7:52:51  :: Turning threads off on socket disconnection
2019-09-10 7:52:54  :: Turning threads off on socket disconnection
2019-09-10 7:52:57  :: Turning threads off on socket disconnection
2019-09-10 7:53:00  :: Turning threads off on socket disconnection
2019-09-10 7:53:03  :: Turning threads off on socket disconnection
2019-09-10 7:53:06  :: Turning threads off on socket disconnection
2019-09-10 7:53:09  :: Turning threads off on socket disconnection
2019-09-10 7:53:12  :: Turning threads off on socket disconnection
2019-09-10 7:53:15  :: Turning threads off on socket disconnection
2019-09-10 7:53:18  :: Turning threads off on socket disconnection
2019-09-10 7:53:21  :: Turning threads off on socket disconnection
2019-09-10 7:53:24  :: Turning threads off on socket disconnection
2019-09-10 7:53:27  :: Turning threads off on socket disconnection
2019-09-10 8:10:40  :: Initializing Mock Server...
2019-09-10 8:10:40  :: Initializing all collections...
2019-09-10 8:10:41  :: Creating history service for controller HistoryServiceController on URL http://localhost:29400/
2019-09-10 8:10:41  :: Collections Initialized...
2019-09-10 8:10:51  :: Connecting for the first time to client 5964
2019-09-10 8:10:51  :: Connected for the first time to client 5964
2019-09-10 8:11:17  :: OnMessage TokenRequest from IP -> 127.0.0.1
2019-09-10 8:11:17  :: OnMessage ClientLoginRequest from IP -> 127.0.0.1
2019-09-10 8:11:17  :: Sending ClientLoginResponse with UUID 4d2d30f4-cf04-4b44-9019-d03482b4593a
2019-09-10 8:11:17  :: Sending Instrument Batch 
2019-09-10 8:11:17  :: Sending ClientUserRecord
2019-09-10 8:11:17  :: Sending ClientMarketStateBatch
2019-09-10 8:11:17  :: Sending ClientAccountRecordBatch 
2019-09-10 8:11:20  :: OnMessage ClientHeartbeat from IP -> 127.0.0.1
2019-09-10 8:11:23  :: OnMessage ClientHeartbeat from IP -> 127.0.0.1
2019-09-10 8:11:23  :: OnMessage Subscribe from IP -> 127.0.0.1
2019-09-10 8:11:23  :: Incoming subscription for service LD - ServiceKey:2
2019-09-10 8:11:24  :: Updating best bid and ask for symbol ETH-USD
2019-09-10 8:11:25  :: SubscriptionResponse UUID:4d2d30f4-cf04-4b44-9019-d03482b4593a Service:LD ServiceKey:2 Success:True
2019-09-10 8:11:26  :: OnMessage ClientHeartbeat from IP -> 127.0.0.1
2019-09-10 8:11:29  :: OnMessage ClientHeartbeat from IP -> 127.0.0.1
2019-09-10 8:11:33  :: OnMessage ClientHeartbeat from IP -> 127.0.0.1
2019-09-10 8:11:35  :: OnMessage ClientHeartbeat from IP -> 127.0.0.1
2019-09-10 8:11:38  :: OnMessage ClientHeartbeat from IP -> 127.0.0.1
2019-09-10 8:11:41  :: OnMessage ClientHeartbeat from IP -> 127.0.0.1
2019-09-10 8:11:44  :: OnMessage ClientHeartbeat from IP -> 127.0.0.1
2019-09-10 8:11:47  :: OnMessage ClientHeartbeat from IP -> 127.0.0.1
2019-09-10 8:11:50  :: OnMessage ClientHeartbeat from IP -> 127.0.0.1
2019-09-10 8:11:53  :: OnMessage ClientHeartbeat from IP -> 127.0.0.1
2019-09-10 8:11:56  :: OnMessage ClientHeartbeat from IP -> 127.0.0.1
2019-09-10 8:11:59  :: OnMessage ClientHeartbeat from IP -> 127.0.0.1
2019-09-10 8:12:02  :: OnMessage ClientHeartbeat from IP -> 127.0.0.1
2019-09-10 8:12:05  :: OnMessage ClientHeartbeat from IP -> 127.0.0.1
2019-09-10 8:12:07  :: OnMessage Subscribe from IP -> 127.0.0.1
2019-09-10 8:12:07  :: Incoming subscription for service LD - ServiceKey:18
2019-09-10 8:12:08  :: Updating best bid and ask for symbol SWP-XBT-USD-X19
2019-09-10 8:12:08  :: Inserting quotes for symbol SWP-XBT-USD-X19
2019-09-10 8:12:08  :: Quotes for symbol SWP-XBT-USD-X19 inserted
2019-09-10 8:12:08  :: SubscriptionResponse UUID:4d2d30f4-cf04-4b44-9019-d03482b4593a Service:LD ServiceKey:18 Success:True
2019-09-10 8:12:08  :: OnMessage ClientHeartbeat from IP -> 127.0.0.1
2019-09-10 8:12:08  :: Searching quotes for symbol SWP-XBT-USD-X19. 
2019-09-10 8:12:08  :: Sending LQ for symbol SWP-XBT-USD-X19. Best bid= Best ask=
2019-09-10 8:12:11  :: OnMessage ClientHeartbeat from IP -> 127.0.0.1
2019-09-10 8:12:11  :: Searching quotes for symbol SWP-XBT-USD-X19. 
2019-09-10 8:12:11  :: Sending LQ for symbol SWP-XBT-USD-X19. Best bid= Best ask=
2019-09-10 8:12:14  :: Searching quotes for symbol SWP-XBT-USD-X19. 
2019-09-10 8:12:14  :: Sending LQ for symbol SWP-XBT-USD-X19. Best bid= Best ask=
2019-09-10 8:12:17  :: Searching quotes for symbol SWP-XBT-USD-X19. 
2019-09-10 8:12:17  :: Sending LQ for symbol SWP-XBT-USD-X19. Best bid= Best ask=
2019-09-10 8:12:20  :: Searching quotes for symbol SWP-XBT-USD-X19. 
2019-09-10 8:12:20  :: Sending LQ for symbol SWP-XBT-USD-X19. Best bid= Best ask=
2019-09-10 8:12:23  :: Searching quotes for symbol SWP-XBT-USD-X19. 
2019-09-10 8:12:23  :: Sending LQ for symbol SWP-XBT-USD-X19. Best bid= Best ask=
2019-09-10 8:12:26  :: Searching quotes for symbol SWP-XBT-USD-X19. 
2019-09-10 8:12:26  :: Sending LQ for symbol SWP-XBT-USD-X19. Best bid= Best ask=
2019-09-10 8:12:29  :: OnMessage ClientHeartbeat from IP -> 127.0.0.1
2019-09-10 8:12:29  :: OnMessage ClientHeartbeat from IP -> 127.0.0.1
2019-09-10 8:12:29  :: OnMessage ClientHeartbeat from IP -> 127.0.0.1
2019-09-10 8:12:29  :: OnMessage ClientHeartbeat from IP -> 127.0.0.1
2019-09-10 8:12:29  :: OnMessage ClientHeartbeat from IP -> 127.0.0.1
2019-09-10 8:12:29  :: OnMessage ClientHeartbeat from IP -> 127.0.0.1
2019-09-10 8:12:29  :: Searching quotes for symbol SWP-XBT-USD-X19. 
2019-09-10 8:12:29  :: Sending LQ for symbol SWP-XBT-USD-X19. Best bid= Best ask=
2019-09-10 8:12:32  :: OnMessage ClientHeartbeat from IP -> 127.0.0.1
2019-09-10 8:12:32  :: Searching quotes for symbol SWP-XBT-USD-X19. 
2019-09-10 8:12:32  :: Sending LQ for symbol SWP-XBT-USD-X19. Best bid= Best ask=
2019-09-10 8:12:35  :: OnMessage ClientHeartbeat from IP -> 127.0.0.1
2019-09-10 8:12:35  :: Searching quotes for symbol SWP-XBT-USD-X19. 
2019-09-10 8:12:35  :: Sending LQ for symbol SWP-XBT-USD-X19. Best bid= Best ask=
2019-09-10 8:12:38  :: OnMessage ClientHeartbeat from IP -> 127.0.0.1
2019-09-10 8:12:38  :: Searching quotes for symbol SWP-XBT-USD-X19. 
2019-09-10 8:12:38  :: Sending LQ for symbol SWP-XBT-USD-X19. Best bid= Best ask=
2019-09-10 8:12:41  :: OnMessage ClientHeartbeat from IP -> 127.0.0.1
2019-09-10 8:12:41  :: Searching quotes for symbol SWP-XBT-USD-X19. 
2019-09-10 8:12:41  :: Sending LQ for symbol SWP-XBT-USD-X19. Best bid= Best ask=
2019-09-10 8:12:44  :: OnMessage ClientHeartbeat from IP -> 127.0.0.1
2019-09-10 8:12:44  :: Searching quotes for symbol SWP-XBT-USD-X19. 
2019-09-10 8:12:44  :: Sending LQ for symbol SWP-XBT-USD-X19. Best bid= Best ask=
2019-09-10 8:12:47  :: OnMessage ClientHeartbeat from IP -> 127.0.0.1
2019-09-10 8:12:47  :: Searching quotes for symbol SWP-XBT-USD-X19. 
2019-09-10 8:12:47  :: Sending LQ for symbol SWP-XBT-USD-X19. Best bid= Best ask=
2019-09-10 8:12:50  :: OnMessage ClientHeartbeat from IP -> 127.0.0.1
2019-09-10 8:12:50  :: Searching quotes for symbol SWP-XBT-USD-X19. 
2019-09-10 8:12:50  :: Sending LQ for symbol SWP-XBT-USD-X19. Best bid= Best ask=
2019-09-10 8:12:53  :: OnMessage ClientHeartbeat from IP -> 127.0.0.1
2019-09-10 8:12:53  :: Searching quotes for symbol SWP-XBT-USD-X19. 
2019-09-10 8:12:53  :: Sending LQ for symbol SWP-XBT-USD-X19. Best bid= Best ask=
2019-09-10 8:12:56  :: OnMessage ClientHeartbeat from IP -> 127.0.0.1
2019-09-10 8:12:56  :: Searching quotes for symbol SWP-XBT-USD-X19. 
2019-09-10 8:12:56  :: Sending LQ for symbol SWP-XBT-USD-X19. Best bid= Best ask=
2019-09-10 8:12:59  :: OnMessage ClientHeartbeat from IP -> 127.0.0.1
2019-09-10 8:12:59  :: Searching quotes for symbol SWP-XBT-USD-X19. 
2019-09-10 8:12:59  :: Sending LQ for symbol SWP-XBT-USD-X19. Best bid= Best ask=
2019-09-10 8:13:02  :: OnMessage ClientHeartbeat from IP -> 127.0.0.1
2019-09-10 8:13:02  :: Searching quotes for symbol SWP-XBT-USD-X19. 
2019-09-10 8:13:02  :: Sending LQ for symbol SWP-XBT-USD-X19. Best bid= Best ask=
2019-09-10 8:13:05  :: OnMessage ClientHeartbeat from IP -> 127.0.0.1
2019-09-10 8:13:05  :: Searching quotes for symbol SWP-XBT-USD-X19. 
2019-09-10 8:13:05  :: Sending LQ for symbol SWP-XBT-USD-X19. Best bid= Best ask=
2019-09-10 8:13:08  :: OnMessage ClientHeartbeat from IP -> 127.0.0.1
2019-09-10 8:13:08  :: Searching quotes for symbol SWP-XBT-USD-X19. 
2019-09-10 8:13:08  :: Sending LQ for symbol SWP-XBT-USD-X19. Best bid= Best ask=
2019-09-10 8:13:11  :: OnMessage ClientHeartbeat from IP -> 127.0.0.1
2019-09-10 8:13:11  :: Searching quotes for symbol SWP-XBT-USD-X19. 
2019-09-10 8:13:11  :: Sending LQ for symbol SWP-XBT-USD-X19. Best bid= Best ask=
2019-09-10 8:13:14  :: OnMessage ClientHeartbeat from IP -> 127.0.0.1
2019-09-10 8:13:14  :: Searching quotes for symbol SWP-XBT-USD-X19. 
2019-09-10 8:13:14  :: Sending LQ for symbol SWP-XBT-USD-X19. Best bid= Best ask=
2019-09-10 8:13:17  :: OnMessage ClientHeartbeat from IP -> 127.0.0.1
2019-09-10 8:13:17  :: Searching quotes for symbol SWP-XBT-USD-X19. 
2019-09-10 8:13:17  :: Sending LQ for symbol SWP-XBT-USD-X19. Best bid= Best ask=
2019-09-10 8:13:20  :: OnMessage ClientHeartbeat from IP -> 127.0.0.1
2019-09-10 8:13:20  :: Searching quotes for symbol SWP-XBT-USD-X19. 
2019-09-10 8:13:20  :: Sending LQ for symbol SWP-XBT-USD-X19. Best bid= Best ask=
2019-09-10 8:13:23  :: OnMessage ClientHeartbeat from IP -> 127.0.0.1
2019-09-10 8:13:23  :: Searching quotes for symbol SWP-XBT-USD-X19. 
2019-09-10 8:13:23  :: Sending LQ for symbol SWP-XBT-USD-X19. Best bid= Best ask=
2019-09-10 8:13:26  :: OnMessage ClientHeartbeat from IP -> 127.0.0.1
2019-09-10 8:13:27  :: Searching quotes for symbol SWP-XBT-USD-X19. 
2019-09-10 8:13:27  :: Sending LQ for symbol SWP-XBT-USD-X19. Best bid= Best ask=
2019-09-10 8:13:29  :: OnMessage ClientHeartbeat from IP -> 127.0.0.1
2019-09-10 8:13:30  :: Searching quotes for symbol SWP-XBT-USD-X19. 
2019-09-10 8:13:30  :: Sending LQ for symbol SWP-XBT-USD-X19. Best bid= Best ask=
2019-09-10 8:13:32  :: OnMessage ClientHeartbeat from IP -> 127.0.0.1
2019-09-10 8:13:33  :: Searching quotes for symbol SWP-XBT-USD-X19. 
2019-09-10 8:13:33  :: Sending LQ for symbol SWP-XBT-USD-X19. Best bid= Best ask=
2019-09-10 8:13:40  :: Initializing Mock Server...
2019-09-10 8:13:40  :: Initializing all collections...
2019-09-10 8:13:40  :: Creating history service for controller HistoryServiceController on URL http://localhost:29400/
2019-09-10 8:13:41  :: Collections Initialized...
2019-09-10 8:13:47  :: Connecting for the first time to client 5987
2019-09-10 8:13:47  :: Connected for the first time to client 5987
2019-09-10 8:13:52  :: OnMessage TokenRequest from IP -> 127.0.0.1
2019-09-10 8:13:52  :: OnMessage ClientLoginRequest from IP -> 127.0.0.1
2019-09-10 8:13:52  :: Sending ClientLoginResponse with UUID 98e26e9e-28b6-4811-bcb0-0a9b98672e5e
2019-09-10 8:13:52  :: Sending Instrument Batch 
2019-09-10 8:13:52  :: Sending ClientUserRecord
2019-09-10 8:13:52  :: Sending ClientMarketStateBatch
2019-09-10 8:13:52  :: Sending ClientAccountRecordBatch 
2019-09-10 8:13:55  :: OnMessage ClientHeartbeat from IP -> 127.0.0.1
2019-09-10 8:13:58  :: OnMessage ClientHeartbeat from IP -> 127.0.0.1
2019-09-10 8:14:01  :: OnMessage ClientHeartbeat from IP -> 127.0.0.1
2019-09-10 8:14:03  :: OnMessage Subscribe from IP -> 127.0.0.1
2019-09-10 8:14:03  :: Incoming subscription for service LD - ServiceKey:18
2019-09-10 8:15:13  :: Initializing Mock Server...
2019-09-10 8:15:13  :: Initializing all collections...
2019-09-10 8:15:14  :: Creating history service for controller HistoryServiceController on URL http://localhost:29400/
2019-09-10 8:15:14  :: Collections Initialized...
2019-09-10 8:15:21  :: Connecting for the first time to client 6070
2019-09-10 8:15:21  :: Connected for the first time to client 6070
2019-09-10 8:15:31  :: OnMessage TokenRequest from IP -> 127.0.0.1
2019-09-10 8:15:32  :: OnMessage ClientLoginRequest from IP -> 127.0.0.1
2019-09-10 8:15:32  :: Sending ClientLoginResponse with UUID 9be15c52-7698-4883-bfa6-fac8b5626f66
2019-09-10 8:15:32  :: Sending Instrument Batch 
2019-09-10 8:15:32  :: Sending ClientUserRecord
2019-09-10 8:15:32  :: Sending ClientMarketStateBatch
2019-09-10 8:15:32  :: Sending ClientAccountRecordBatch 
2019-09-10 8:15:35  :: OnMessage ClientHeartbeat from IP -> 127.0.0.1
2019-09-10 8:15:38  :: OnMessage ClientHeartbeat from IP -> 127.0.0.1
2019-09-10 8:15:38  :: OnMessage Subscribe from IP -> 127.0.0.1
2019-09-10 8:15:38  :: Incoming subscription for service LD - ServiceKey:18
2019-09-10 8:15:40  :: Updating best bid and ask for symbol SWP-XBT-USD-X19
2019-09-10 8:15:40  :: Inserting quotes for symbol SWP-XBT-USD-X19
2019-09-10 8:15:40  :: Quotes for symbol SWP-XBT-USD-X19 inserted
2019-09-10 8:15:40  :: Searching quotes for symbol SWP-XBT-USD-X19. 
2019-09-10 8:15:40  :: SubscriptionResponse UUID:9be15c52-7698-4883-bfa6-fac8b5626f66 Service:LD ServiceKey:18 Success:True
2019-09-10 8:15:40  :: Sending LQ for symbol SWP-XBT-USD-X19. Best bid= Best ask=
2019-09-10 8:15:41  :: OnMessage ClientHeartbeat from IP -> 127.0.0.1
2019-09-10 8:15:43  :: Searching quotes for symbol SWP-XBT-USD-X19. 
2019-09-10 8:15:43  :: Sending LQ for symbol SWP-XBT-USD-X19. Best bid= Best ask=
2019-09-10 8:15:46  :: OnMessage ClientHeartbeat from IP -> 127.0.0.1
2019-09-10 8:15:46  :: Searching quotes for symbol SWP-XBT-USD-X19. 
2019-09-10 8:15:46  :: Sending LQ for symbol SWP-XBT-USD-X19. Best bid= Best ask=
2019-09-10 8:15:47  :: OnMessage ClientHeartbeat from IP -> 127.0.0.1
2019-09-10 8:15:49  :: Searching quotes for symbol SWP-XBT-USD-X19. 
2019-09-10 8:15:49  :: Sending LQ for symbol SWP-XBT-USD-X19. Best bid= Best ask=
2019-09-10 8:15:50  :: OnMessage ClientHeartbeat from IP -> 127.0.0.1
2019-09-10 8:15:52  :: Searching quotes for symbol SWP-XBT-USD-X19. 
2019-09-10 8:15:52  :: Sending LQ for symbol SWP-XBT-USD-X19. Best bid= Best ask=
2019-09-10 8:15:52  :: OnMessage Subscribe from IP -> 127.0.0.1
2019-09-10 8:15:52  :: Incoming subscription for service LD - ServiceKey:18
2019-09-10 8:15:55  :: Searching quotes for symbol SWP-XBT-USD-X19. 
2019-09-10 8:15:55  :: Sending LQ for symbol SWP-XBT-USD-X19. Best bid= Best ask=
2019-09-10 8:15:58  :: Updating best bid and ask for symbol SWP-XBT-USD-X19
2019-09-10 8:15:58  :: Erasing best bid for symbol SWP-XBT-USD-X19
2019-09-10 8:15:58  :: Erasing best ask for symbol SWP-XBT-USD-X19
2019-09-10 8:15:59  :: Searching quotes for symbol SWP-XBT-USD-X19. 
2019-09-10 8:15:59  :: Sending LQ for symbol SWP-XBT-USD-X19. Best bid= Best ask=
2019-09-10 8:15:59  :: SubscriptionResponse UUID:9be15c52-7698-4883-bfa6-fac8b5626f66 Service:LD ServiceKey:18 Success:True
2019-09-10 8:16:34  :: Initializing Mock Server...
2019-09-10 8:16:34  :: Initializing all collections...
2019-09-10 8:16:35  :: Creating history service for controller HistoryServiceController on URL http://localhost:29400/
2019-09-10 8:16:36  :: Collections Initialized...
2019-09-10 8:16:43  :: Connecting for the first time to client 6121
2019-09-10 8:16:43  :: Connected for the first time to client 6121
2019-09-10 8:16:49  :: OnMessage TokenRequest from IP -> 127.0.0.1
2019-09-10 8:16:49  :: OnMessage ClientLoginRequest from IP -> 127.0.0.1
2019-09-10 8:16:49  :: Sending ClientLoginResponse with UUID c46361f3-3d4c-427b-8c01-a0c82e0a778e
2019-09-10 8:16:49  :: Sending Instrument Batch 
2019-09-10 8:16:49  :: Sending ClientUserRecord
2019-09-10 8:16:49  :: Sending ClientMarketStateBatch
2019-09-10 8:16:49  :: Sending ClientAccountRecordBatch 
2019-09-10 8:16:52  :: OnMessage ClientHeartbeat from IP -> 127.0.0.1
2019-09-10 8:16:55  :: OnMessage ClientHeartbeat from IP -> 127.0.0.1
2019-09-10 8:16:58  :: OnMessage Subscribe from IP -> 127.0.0.1
2019-09-10 8:16:58  :: Incoming subscription for service LD - ServiceKey:18
2019-09-10 8:17:05  :: Updating best bid and ask for symbol SWP-XBT-USD-X19
2019-09-10 8:17:05  :: Inserting quotes for symbol SWP-XBT-USD-X19
2019-09-10 8:17:05  :: Quotes for symbol SWP-XBT-USD-X19 inserted
2019-09-10 8:17:11  :: Searching quotes for symbol SWP-XBT-USD-X19. 
2019-09-10 8:17:11  :: Sending LQ for symbol SWP-XBT-USD-X19. Best bid= Best ask=
2019-09-10 8:17:11  :: SubscriptionResponse UUID:c46361f3-3d4c-427b-8c01-a0c82e0a778e Service:LD ServiceKey:18 Success:True
2019-09-10 8:17:38  :: Updating best bid and ask for symbol SWP-XBT-USD-X19
2019-09-10 8:17:40  :: Erasing best bid for symbol SWP-XBT-USD-X19
2019-09-10 8:17:42  :: Erasing best ask for symbol SWP-XBT-USD-X19
2019-09-10 8:17:50  :: Initializing Mock Server...
2019-09-10 8:17:50  :: Initializing all collections...
2019-09-10 8:17:51  :: Creating history service for controller HistoryServiceController on URL http://localhost:29400/
2019-09-10 8:17:51  :: Collections Initialized...
2019-09-10 8:17:56  :: Connecting for the first time to client 6132
2019-09-10 8:17:56  :: Connected for the first time to client 6132
2019-09-10 8:18:00  :: OnMessage TokenRequest from IP -> 127.0.0.1
2019-09-10 8:18:00  :: OnMessage ClientLoginRequest from IP -> 127.0.0.1
2019-09-10 8:18:00  :: Sending ClientLoginResponse with UUID 359d4834-a033-4164-aaab-be0d8070ab82
2019-09-10 8:18:00  :: Sending Instrument Batch 
2019-09-10 8:18:00  :: Sending ClientUserRecord
2019-09-10 8:18:00  :: Sending ClientMarketStateBatch
2019-09-10 8:18:00  :: Sending ClientAccountRecordBatch 
2019-09-10 8:18:03  :: OnMessage ClientHeartbeat from IP -> 127.0.0.1
2019-09-10 8:18:05  :: OnMessage Subscribe from IP -> 127.0.0.1
2019-09-10 8:18:05  :: Incoming subscription for service LD - ServiceKey:18
2019-09-10 8:18:09  :: Updating best bid and ask for symbol SWP-XBT-USD-X19
2019-09-10 8:18:09  :: Inserting quotes for symbol SWP-XBT-USD-X19
2019-09-10 8:18:09  :: Quotes for symbol SWP-XBT-USD-X19 inserted
2019-09-10 8:18:09  :: Searching quotes for symbol SWP-XBT-USD-X19. 
2019-09-10 8:18:09  :: Sending LQ for symbol SWP-XBT-USD-X19. Best bid= Best ask=
2019-09-10 8:18:16  :: SubscriptionResponse UUID:359d4834-a033-4164-aaab-be0d8070ab82 Service:LD ServiceKey:18 Success:True
2019-09-10 8:18:23  :: Searching quotes for symbol SWP-XBT-USD-X19. 
2019-09-10 8:18:23  :: Sending LQ for symbol SWP-XBT-USD-X19. Best bid= Best ask=
2019-09-10 8:18:23  :: OnMessage ClientHeartbeat from IP -> 127.0.0.1
2019-09-10 8:18:23  :: OnMessage ClientHeartbeat from IP -> 127.0.0.1
2019-09-10 8:18:23  :: OnMessage ClientHeartbeat from IP -> 127.0.0.1
2019-09-10 8:18:26  :: Searching quotes for symbol SWP-XBT-USD-X19. 
2019-09-10 8:18:26  :: Sending LQ for symbol SWP-XBT-USD-X19. Best bid= Best ask=
2019-09-10 8:18:29  :: Searching quotes for symbol SWP-XBT-USD-X19. 
2019-09-10 8:18:29  :: Sending LQ for symbol SWP-XBT-USD-X19. Best bid= Best ask=
2019-09-10 8:18:32  :: Turning threads off on socket disconnection
2019-09-10 8:18:32  :: Critical error processing quote message for symbol SWP-XBT-USD-X19: Subproceso anulado....
2019-09-10 8:18:35  :: Turning threads off on socket disconnection
2019-09-10 8:18:38  :: Turning threads off on socket disconnection
2019-09-10 8:18:41  :: Turning threads off on socket disconnection
2019-09-10 8:18:44  :: Turning threads off on socket disconnection
2019-09-10 8:18:47  :: Turning threads off on socket disconnection
2019-09-10 8:18:50  :: Turning threads off on socket disconnection
2019-09-10 8:18:53  :: Turning threads off on socket disconnection
2019-09-10 8:18:56  :: Turning threads off on socket disconnection
2019-09-10 8:18:59  :: Turning threads off on socket disconnection
2019-09-10 8:19:02  :: Turning threads off on socket disconnection
2019-09-10 8:19:05  :: Turning threads off on socket disconnection
2019-09-10 8:19:08  :: Turning threads off on socket disconnection
2019-09-10 8:19:11  :: Turning threads off on socket disconnection
2019-09-10 8:19:14  :: Turning threads off on socket disconnection
2019-09-10 8:19:17  :: Turning threads off on socket disconnection
2019-09-10 8:22:08  :: Initializing Mock Server...
2019-09-10 8:22:08  :: Initializing all collections...
2019-09-10 8:22:09  :: Creating history service for controller HistoryServiceController on URL http://localhost:29400/
2019-09-10 8:22:09  :: Collections Initialized...
2019-09-10 8:22:15  :: Connecting for the first time to client 6257
2019-09-10 8:22:15  :: Connected for the first time to client 6257
2019-09-10 8:22:18  :: OnMessage TokenRequest from IP -> 127.0.0.1
2019-09-10 8:22:18  :: OnMessage ClientLoginRequest from IP -> 127.0.0.1
2019-09-10 8:22:18  :: Sending ClientLoginResponse with UUID 2624f3e4-10cb-422a-b8a3-d278ab9e2b8d
2019-09-10 8:22:18  :: Sending Instrument Batch 
2019-09-10 8:22:18  :: Sending ClientUserRecord
2019-09-10 8:22:18  :: Sending ClientMarketStateBatch
2019-09-10 8:22:18  :: Sending ClientAccountRecordBatch 
2019-09-10 8:22:21  :: OnMessage ClientHeartbeat from IP -> 127.0.0.1
2019-09-10 8:22:24  :: OnMessage ClientHeartbeat from IP -> 127.0.0.1
2019-09-10 8:22:27  :: OnMessage ClientHeartbeat from IP -> 127.0.0.1
2019-09-10 8:22:30  :: OnMessage Subscribe from IP -> 127.0.0.1
2019-09-10 8:22:30  :: Incoming subscription for service LD - ServiceKey:18
2019-09-10 8:22:33  :: SubscriptionResponse UUID:2624f3e4-10cb-422a-b8a3-d278ab9e2b8d Service:LD ServiceKey:18 Success:True
2019-09-10 8:22:33  :: OnMessage ClientHeartbeat from IP -> 127.0.0.1
2019-09-10 8:22:36  :: OnMessage ClientHeartbeat from IP -> 127.0.0.1
2019-09-10 8:22:39  :: OnMessage ClientHeartbeat from IP -> 127.0.0.1
2019-09-10 8:22:42  :: OnMessage ClientHeartbeat from IP -> 127.0.0.1
2019-09-10 8:22:48  :: Turning threads off on socket disconnection
2019-09-10 11:12:13  :: Initializing Mock Server...
2019-09-10 11:12:13  :: Initializing all collections...
2019-09-10 11:12:15  :: Creating history service for controller HistoryServiceController on URL http://localhost:29400/
2019-09-10 11:12:15  :: Collections Initialized...
2019-09-10 11:12:30  :: Connecting for the first time to client 12341
2019-09-10 11:12:30  :: Connected for the first time to client 12341
2019-09-10 11:12:45  :: OnMessage TokenRequest from IP -> 127.0.0.1
2019-09-10 11:12:45  :: OnMessage ClientLoginRequest from IP -> 127.0.0.1
2019-09-10 11:12:45  :: Sending ClientLoginResponse with UUID 65a2b986-6655-4a40-942e-e88b281ad843
2019-09-10 11:12:45  :: Sending Instrument Batch 
2019-09-10 11:12:45  :: Sending ClientUserRecord
2019-09-10 11:12:45  :: Sending ClientMarketStateBatch
2019-09-10 11:12:45  :: Sending ClientAccountRecordBatch 
2019-09-10 11:12:48  :: OnMessage ClientHeartbeat from IP -> 127.0.0.1
2019-09-10 11:12:50  :: OnMessage Subscribe from IP -> 127.0.0.1
2019-09-10 11:12:50  :: Incoming subscription for service LS - ServiceKey:2
2019-09-10 11:12:51  :: OnMessage ClientHeartbeat from IP -> 127.0.0.1
2019-09-10 11:12:53  :: SubscriptionResponse UUID:65a2b986-6655-4a40-942e-e88b281ad843 Service:LS ServiceKey:2 Success:True
2019-09-10 11:13:03  :: OnMessage ClientHeartbeat from IP -> 127.0.0.1
2019-09-10 11:13:03  :: OnMessage ClientHeartbeat from IP -> 127.0.0.1
2019-09-10 11:13:03  :: OnMessage ClientHeartbeat from IP -> 127.0.0.1
2019-09-10 11:13:03  :: OnMessage ClientHeartbeat from IP -> 127.0.0.1
2019-09-10 11:20:10  :: Turning threads off on socket disconnection
2019-09-10 11:20:10  :: Critical error processing last sales message: Subproceso anulado....
2019-09-10 11:42:43  :: Initializing Mock Server...
2019-09-10 11:42:43  :: Initializing all collections...
2019-09-10 11:42:45  :: Creating history service for controller HistoryServiceController on URL http://localhost:29400/
2019-09-10 11:42:45  :: Collections Initialized...
2019-09-10 12:34:55  :: Initializing Mock Server...
2019-09-10 12:34:55  :: Initializing all collections...
2019-09-10 12:34:58  :: Creating history service for controller HistoryServiceController on URL http://localhost:29400/
2019-09-10 12:34:58  :: Collections Initialized...
2019-09-10 12:35:12  :: Connecting for the first time to client 20133
2019-09-10 12:35:12  :: Connected for the first time to client 20133
2019-09-10 12:35:14  :: OnMessage TokenRequest from IP -> 127.0.0.1
2019-09-10 12:35:14  :: OnMessage ClientLoginRequest from IP -> 127.0.0.1
2019-09-10 12:35:14  :: Sending ClientLoginResponse with UUID ca1662ae-49fa-4940-b29f-65ce63649593
2019-09-10 12:35:14  :: Sending Instrument Batch 
2019-09-10 12:35:14  :: Sending ClientUserRecord
2019-09-10 12:35:14  :: Sending ClientMarketStateBatch
2019-09-10 12:35:14  :: Sending ClientAccountRecordBatch 
2019-09-10 12:35:17  :: OnMessage ClientHeartbeat from IP -> 127.0.0.1
2019-09-10 12:35:20  :: OnMessage Subscribe from IP -> 127.0.0.1
2019-09-10 12:35:20  :: Incoming subscription for service LD - ServiceKey:2
2019-09-10 12:35:21  :: SubscriptionResponse UUID:ca1662ae-49fa-4940-b29f-65ce63649593 Service:LD ServiceKey:2 Success:True
2019-09-10 12:35:21  :: OnMessage ClientHeartbeat from IP -> 127.0.0.1
2019-09-10 12:35:29  :: Turning threads off on socket disconnection
2019-09-10 12:35:32  :: Turning threads off on socket disconnection
2019-09-10 12:35:35  :: Turning threads off on socket disconnection
2019-09-10 12:35:38  :: Turning threads off on socket disconnection
2019-09-10 12:35:41  :: Turning threads off on socket disconnection
2019-09-10 12:35:44  :: Turning threads off on socket disconnection
2019-09-10 12:35:47  :: Turning threads off on socket disconnection
2019-09-10 12:35:50  :: Turning threads off on socket disconnection
2019-09-10 12:35:53  :: Turning threads off on socket disconnection
2019-09-10 12:35:56  :: Turning threads off on socket disconnection
2019-09-10 12:35:59  :: Turning threads off on socket disconnection
2019-09-10 12:36:02  :: Turning threads off on socket disconnection
2019-09-10 12:36:05  :: Turning threads off on socket disconnection
2019-09-10 12:36:08  :: Turning threads off on socket disconnection
2019-09-10 12:36:11  :: Turning threads off on socket disconnection
2019-09-10 12:36:14  :: Turning threads off on socket disconnection
2019-09-10 12:36:18  :: Turning threads off on socket disconnection
2019-09-10 12:36:20  :: Turning threads off on socket disconnection
2019-09-10 12:36:23  :: Turning threads off on socket disconnection
2019-09-10 12:36:26  :: Turning threads off on socket disconnection
2019-09-10 12:36:30  :: Turning threads off on socket disconnection
2019-09-10 12:36:33  :: Turning threads off on socket disconnection
2019-09-10 12:36:36  :: Turning threads off on socket disconnection
2019-09-10 12:36:39  :: Turning threads off on socket disconnection
2019-09-10 12:36:42  :: Turning threads off on socket disconnection
2019-09-10 12:36:45  :: Turning threads off on socket disconnection
2019-09-10 12:36:48  :: Turning threads off on socket disconnection
2019-09-10 12:36:51  :: Turning threads off on socket disconnection
2019-09-10 12:36:54  :: Turning threads off on socket disconnection
2019-09-10 12:36:57  :: Turning threads off on socket disconnection
2019-09-10 12:37:00  :: Turning threads off on socket disconnection
2019-09-10 12:37:03  :: Turning threads off on socket disconnection
2019-09-10 12:37:06  :: Turning threads off on socket disconnection
2019-09-10 12:37:09  :: Turning threads off on socket disconnection
2019-09-10 12:37:12  :: Turning threads off on socket disconnection
2019-09-10 12:37:15  :: Turning threads off on socket disconnection
2019-09-10 12:37:18  :: Turning threads off on socket disconnection
2019-09-10 12:37:21  :: Turning threads off on socket disconnection
2019-09-10 12:37:24  :: Turning threads off on socket disconnection
2019-09-10 12:37:27  :: Turning threads off on socket disconnection
2019-09-10 12:37:30  :: Turning threads off on socket disconnection
2019-09-10 12:37:33  :: Turning threads off on socket disconnection
2019-09-10 12:37:36  :: Turning threads off on socket disconnection
2019-09-10 12:37:39  :: Turning threads off on socket disconnection
2019-09-10 12:37:42  :: Turning threads off on socket disconnection
2019-09-10 12:37:45  :: Turning threads off on socket disconnection
2019-09-10 12:37:48  :: Turning threads off on socket disconnection
2019-09-10 12:37:51  :: Turning threads off on socket disconnection
2019-09-10 12:37:54  :: Turning threads off on socket disconnection
2019-09-10 12:37:57  :: Turning threads off on socket disconnection
2019-09-10 12:38:00  :: Turning threads off on socket disconnection
2019-09-10 12:38:03  :: Turning threads off on socket disconnection
2019-09-10 12:38:06  :: Turning threads off on socket disconnection
2019-09-10 12:38:09  :: Turning threads off on socket disconnection
2019-09-10 12:38:12  :: Turning threads off on socket disconnection
2019-09-10 12:38:15  :: Turning threads off on socket disconnection
2019-09-10 12:38:18  :: Turning threads off on socket disconnection
2019-09-10 12:38:21  :: Turning threads off on socket disconnection
2019-09-10 12:38:24  :: Turning threads off on socket disconnection
2019-09-10 12:38:28  :: Turning threads off on socket disconnection
2019-09-10 12:38:31  :: Turning threads off on socket disconnection
2019-09-10 12:38:34  :: Turning threads off on socket disconnection
2019-09-10 12:38:37  :: Turning threads off on socket disconnection
2019-09-10 12:38:41  :: Turning threads off on socket disconnection
2019-09-10 12:38:44  :: Turning threads off on socket disconnection
2019-09-10 12:38:47  :: Turning threads off on socket disconnection
2019-09-10 12:38:50  :: Turning threads off on socket disconnection
2019-09-10 12:38:53  :: Turning threads off on socket disconnection
2019-09-10 12:38:56  :: Turning threads off on socket disconnection
2019-09-10 12:38:59  :: Turning threads off on socket disconnection
2019-09-10 12:39:02  :: Turning threads off on socket disconnection
2019-09-10 12:39:05  :: Turning threads off on socket disconnection
2019-09-10 12:39:08  :: Turning threads off on socket disconnection
2019-09-10 12:39:11  :: Turning threads off on socket disconnection
2019-09-10 12:39:14  :: Turning threads off on socket disconnection
2019-09-10 12:39:17  :: Turning threads off on socket disconnection
2019-09-10 12:39:20  :: Turning threads off on socket disconnection
2019-09-10 12:39:23  :: Turning threads off on socket disconnection
2019-09-10 12:39:26  :: Turning threads off on socket disconnection
2019-09-10 12:39:29  :: Turning threads off on socket disconnection
2019-09-10 12:39:32  :: Turning threads off on socket disconnection
2019-09-10 12:39:35  :: Turning threads off on socket disconnection
2019-09-10 12:39:38  :: Turning threads off on socket disconnection
2019-09-10 12:39:41  :: Turning threads off on socket disconnection
2019-09-10 12:39:44  :: Turning threads off on socket disconnection
2019-09-10 12:39:47  :: Turning threads off on socket disconnection
2019-09-10 12:39:50  :: Turning threads off on socket disconnection
2019-09-10 12:39:53  :: Turning threads off on socket disconnection
2019-09-10 12:39:56  :: Turning threads off on socket disconnection
2019-09-10 12:39:59  :: Turning threads off on socket disconnection
2019-09-10 12:40:02  :: Turning threads off on socket disconnection
2019-09-10 12:40:05  :: Turning threads off on socket disconnection
2019-09-10 12:40:08  :: Turning threads off on socket disconnection
2019-09-10 12:40:11  :: Turning threads off on socket disconnection
2019-09-10 12:40:14  :: Turning threads off on socket disconnection
2019-09-10 12:40:17  :: Turning threads off on socket disconnection
2019-09-10 12:40:20  :: Turning threads off on socket disconnection
2019-09-10 12:40:23  :: Turning threads off on socket disconnection
2019-09-10 12:40:26  :: Turning threads off on socket disconnection
2019-09-10 12:40:29  :: Turning threads off on socket disconnection
2019-09-10 12:40:32  :: Turning threads off on socket disconnection
2019-09-10 12:40:35  :: Turning threads off on socket disconnection
2019-09-10 12:40:38  :: Turning threads off on socket disconnection
2019-09-10 12:40:41  :: Turning threads off on socket disconnection
2019-09-10 12:40:44  :: Turning threads off on socket disconnection
2019-09-10 12:40:47  :: Turning threads off on socket disconnection
2019-09-10 12:40:50  :: Turning threads off on socket disconnection
2019-09-10 12:40:53  :: Turning threads off on socket disconnection
2019-09-10 12:40:56  :: Turning threads off on socket disconnection
2019-09-10 12:40:59  :: Turning threads off on socket disconnection
2019-09-10 12:41:02  :: Turning threads off on socket disconnection
2019-09-10 12:41:05  :: Turning threads off on socket disconnection
2019-09-10 12:41:08  :: Turning threads off on socket disconnection
2019-09-10 12:41:11  :: Turning threads off on socket disconnection
2019-09-10 12:41:14  :: Turning threads off on socket disconnection
2019-09-10 12:41:17  :: Turning threads off on socket disconnection
2019-09-10 12:41:20  :: Turning threads off on socket disconnection
2019-09-10 12:41:23  :: Turning threads off on socket disconnection
2019-09-10 12:41:26  :: Turning threads off on socket disconnection
2019-09-10 12:41:29  :: Turning threads off on socket disconnection
2019-09-10 12:41:32  :: Turning threads off on socket disconnection
2019-09-10 12:41:35  :: Turning threads off on socket disconnection
2019-09-10 12:41:38  :: Turning threads off on socket disconnection
2019-09-10 12:41:41  :: Turning threads off on socket disconnection
2019-09-10 12:41:44  :: Turning threads off on socket disconnection
2019-09-10 12:41:47  :: Turning threads off on socket disconnection
2019-09-10 12:41:50  :: Turning threads off on socket disconnection
2019-09-10 12:41:53  :: Turning threads off on socket disconnection
2019-09-10 12:41:56  :: Turning threads off on socket disconnection
2019-09-10 12:41:59  :: Turning threads off on socket disconnection
2019-09-10 12:42:02  :: Turning threads off on socket disconnection
2019-09-10 12:42:05  :: Turning threads off on socket disconnection
2019-09-10 12:42:08  :: Turning threads off on socket disconnection
2019-09-10 12:42:11  :: Turning threads off on socket disconnection
2019-09-10 12:42:14  :: Turning threads off on socket disconnection
2019-09-10 12:42:17  :: Turning threads off on socket disconnection
2019-09-10 12:42:20  :: Turning threads off on socket disconnection
2019-09-10 12:42:23  :: Turning threads off on socket disconnection
2019-09-10 12:42:26  :: Turning threads off on socket disconnection
2019-09-10 12:42:29  :: Turning threads off on socket disconnection
2019-09-10 12:42:32  :: Turning threads off on socket disconnection
2019-09-10 12:42:35  :: Turning threads off on socket disconnection
2019-09-10 12:42:38  :: Turning threads off on socket disconnection
2019-09-10 12:42:41  :: Turning threads off on socket disconnection
2019-09-10 12:42:44  :: Turning threads off on socket disconnection
2019-09-10 12:42:47  :: Turning threads off on socket disconnection
2019-09-10 12:42:50  :: Turning threads off on socket disconnection
2019-09-10 12:42:53  :: Turning threads off on socket disconnection
2019-09-10 12:42:56  :: Turning threads off on socket disconnection
2019-09-10 12:42:59  :: Turning threads off on socket disconnection
2019-09-10 12:43:02  :: Turning threads off on socket disconnection
2019-09-10 12:43:05  :: Turning threads off on socket disconnection
2019-09-10 12:43:08  :: Turning threads off on socket disconnection
2019-09-10 12:43:17  :: Initializing Mock Server...
2019-09-10 12:43:17  :: Initializing all collections...
2019-09-10 12:43:18  :: Creating history service for controller HistoryServiceController on URL http://localhost:29400/
2019-09-10 12:43:18  :: Collections Initialized...
2019-09-10 12:43:29  :: Connecting for the first time to client 20424
2019-09-10 12:43:29  :: Connected for the first time to client 20424
2019-09-10 12:43:44  :: OnMessage TokenRequest from IP -> 127.0.0.1
2019-09-10 12:43:44  :: OnMessage ClientLoginRequest from IP -> 127.0.0.1
2019-09-10 12:43:44  :: Sending ClientLoginResponse with UUID cafbb5f0-620a-4eb5-b4f7-bace3599966b
2019-09-10 12:43:44  :: Sending Instrument Batch 
2019-09-10 12:43:44  :: Sending ClientUserRecord
2019-09-10 12:43:44  :: Sending ClientMarketStateBatch
2019-09-10 12:43:44  :: Sending ClientAccountRecordBatch 
2019-09-10 12:43:47  :: OnMessage ClientHeartbeat from IP -> 127.0.0.1
2019-09-10 12:43:49  :: OnMessage Subscribe from IP -> 127.0.0.1
2019-09-10 12:43:49  :: Incoming subscription for service LD - ServiceKey:2
2019-09-10 12:43:50  :: SubscriptionResponse UUID:cafbb5f0-620a-4eb5-b4f7-bace3599966b Service:LD ServiceKey:2 Success:True
2019-09-10 12:43:50  :: OnMessage ClientHeartbeat from IP -> 127.0.0.1
2019-09-10 12:43:53  :: OnMessage ClientHeartbeat from IP -> 127.0.0.1
2019-09-10 12:43:56  :: OnMessage ClientHeartbeat from IP -> 127.0.0.1
2019-09-10 12:43:59  :: OnMessage ClientHeartbeat from IP -> 127.0.0.1
2019-09-10 12:44:02  :: OnMessage ClientHeartbeat from IP -> 127.0.0.1
2019-09-10 12:44:05  :: OnMessage ClientHeartbeat from IP -> 127.0.0.1
2019-09-10 12:44:08  :: OnMessage ClientHeartbeat from IP -> 127.0.0.1
2019-09-10 12:44:11  :: OnMessage ClientHeartbeat from IP -> 127.0.0.1
2019-09-10 12:44:14  :: OnMessage ClientHeartbeat from IP -> 127.0.0.1
2019-09-10 12:44:17  :: OnMessage ClientHeartbeat from IP -> 127.0.0.1
2019-09-10 12:44:20  :: OnMessage ClientHeartbeat from IP -> 127.0.0.1
2019-09-10 12:44:23  :: OnMessage ClientHeartbeat from IP -> 127.0.0.1
2019-09-10 12:44:26  :: OnMessage ClientHeartbeat from IP -> 127.0.0.1
2019-09-10 12:44:29  :: OnMessage ClientHeartbeat from IP -> 127.0.0.1
2019-09-10 12:44:32  :: OnMessage ClientHeartbeat from IP -> 127.0.0.1
2019-09-10 12:44:35  :: OnMessage ClientHeartbeat from IP -> 127.0.0.1
2019-09-10 12:44:38  :: OnMessage ClientHeartbeat from IP -> 127.0.0.1
2019-09-10 12:44:41  :: OnMessage ClientHeartbeat from IP -> 127.0.0.1
2019-09-10 12:44:44  :: OnMessage ClientHeartbeat from IP -> 127.0.0.1
2019-09-10 12:44:47  :: OnMessage ClientHeartbeat from IP -> 127.0.0.1
2019-09-10 12:44:50  :: OnMessage ClientHeartbeat from IP -> 127.0.0.1
2019-09-10 12:44:53  :: OnMessage ClientHeartbeat from IP -> 127.0.0.1
2019-09-10 12:44:56  :: OnMessage ClientHeartbeat from IP -> 127.0.0.1
2019-09-10 12:44:59  :: OnMessage ClientHeartbeat from IP -> 127.0.0.1
2019-09-10 12:45:02  :: OnMessage ClientHeartbeat from IP -> 127.0.0.1
2019-09-10 12:45:05  :: OnMessage ClientHeartbeat from IP -> 127.0.0.1
2019-09-10 12:45:08  :: OnMessage ClientHeartbeat from IP -> 127.0.0.1
2019-09-10 12:45:11  :: OnMessage ClientHeartbeat from IP -> 127.0.0.1
2019-09-10 12:45:14  :: OnMessage ClientHeartbeat from IP -> 127.0.0.1
2019-09-10 12:45:17  :: OnMessage ClientHeartbeat from IP -> 127.0.0.1
2019-09-10 12:45:20  :: OnMessage ClientHeartbeat from IP -> 127.0.0.1
2019-09-10 12:45:23  :: OnMessage ClientHeartbeat from IP -> 127.0.0.1
2019-09-10 12:45:26  :: OnMessage ClientHeartbeat from IP -> 127.0.0.1
2019-09-10 12:45:29  :: OnMessage ClientHeartbeat from IP -> 127.0.0.1
2019-09-10 12:45:32  :: OnMessage ClientHeartbeat from IP -> 127.0.0.1
2019-09-10 12:45:35  :: OnMessage ClientHeartbeat from IP -> 127.0.0.1
2019-09-10 12:45:38  :: OnMessage ClientHeartbeat from IP -> 127.0.0.1
2019-09-10 12:45:41  :: OnMessage ClientHeartbeat from IP -> 127.0.0.1
2019-09-10 12:45:44  :: OnMessage ClientHeartbeat from IP -> 127.0.0.1
2019-09-10 12:45:47  :: OnMessage ClientHeartbeat from IP -> 127.0.0.1
2019-09-10 12:45:50  :: OnMessage ClientHeartbeat from IP -> 127.0.0.1
2019-09-10 12:45:53  :: OnMessage ClientHeartbeat from IP -> 127.0.0.1
2019-09-10 12:45:56  :: OnMessage ClientHeartbeat from IP -> 127.0.0.1
2019-09-10 12:45:59  :: OnMessage ClientHeartbeat from IP -> 127.0.0.1
2019-09-10 12:46:02  :: OnMessage ClientHeartbeat from IP -> 127.0.0.1
2019-09-10 12:46:05  :: OnMessage ClientHeartbeat from IP -> 127.0.0.1
2019-09-10 12:46:08  :: OnMessage ClientHeartbeat from IP -> 127.0.0.1
2019-09-10 12:46:11  :: OnMessage ClientHeartbeat from IP -> 127.0.0.1
2019-09-10 12:46:14  :: OnMessage ClientHeartbeat from IP -> 127.0.0.1
2019-09-10 12:46:17  :: OnMessage ClientHeartbeat from IP -> 127.0.0.1
2019-09-10 12:46:20  :: OnMessage ClientHeartbeat from IP -> 127.0.0.1
2019-09-10 12:46:23  :: OnMessage ClientHeartbeat from IP -> 127.0.0.1
2019-09-10 12:46:26  :: OnMessage ClientHeartbeat from IP -> 127.0.0.1
2019-09-10 12:46:29  :: OnMessage ClientHeartbeat from IP -> 127.0.0.1
2019-09-10 12:46:32  :: OnMessage ClientHeartbeat from IP -> 127.0.0.1
2019-09-10 12:46:35  :: OnMessage ClientHeartbeat from IP -> 127.0.0.1
2019-09-10 12:46:38  :: OnMessage ClientHeartbeat from IP -> 127.0.0.1
2019-09-10 12:46:41  :: OnMessage ClientHeartbeat from IP -> 127.0.0.1
2019-09-10 12:46:44  :: OnMessage ClientHeartbeat from IP -> 127.0.0.1
2019-09-10 12:46:47  :: OnMessage ClientHeartbeat from IP -> 127.0.0.1
2019-09-10 12:46:50  :: OnMessage ClientHeartbeat from IP -> 127.0.0.1
2019-09-10 12:46:53  :: OnMessage ClientHeartbeat from IP -> 127.0.0.1
2019-09-10 12:46:56  :: OnMessage ClientHeartbeat from IP -> 127.0.0.1
2019-09-10 12:46:59  :: OnMessage ClientHeartbeat from IP -> 127.0.0.1
2019-09-10 12:47:02  :: OnMessage ClientHeartbeat from IP -> 127.0.0.1
2019-09-10 12:47:05  :: OnMessage ClientHeartbeat from IP -> 127.0.0.1
2019-09-10 12:47:08  :: OnMessage ClientHeartbeat from IP -> 127.0.0.1
2019-09-10 12:47:11  :: OnMessage ClientHeartbeat from IP -> 127.0.0.1
2019-09-10 12:47:14  :: OnMessage ClientHeartbeat from IP -> 127.0.0.1
2019-09-10 12:47:17  :: OnMessage ClientHeartbeat from IP -> 127.0.0.1
2019-09-10 12:47:20  :: OnMessage ClientHeartbeat from IP -> 127.0.0.1
2019-09-10 12:47:23  :: OnMessage ClientHeartbeat from IP -> 127.0.0.1
2019-09-10 12:47:26  :: OnMessage ClientHeartbeat from IP -> 127.0.0.1
2019-09-10 12:47:29  :: OnMessage ClientHeartbeat from IP -> 127.0.0.1
2019-09-10 12:47:32  :: OnMessage ClientHeartbeat from IP -> 127.0.0.1
2019-09-10 12:47:35  :: OnMessage ClientHeartbeat from IP -> 127.0.0.1
2019-09-10 12:47:38  :: OnMessage ClientHeartbeat from IP -> 127.0.0.1
2019-09-10 12:47:41  :: OnMessage ClientHeartbeat from IP -> 127.0.0.1
2019-09-10 12:47:44  :: OnMessage ClientHeartbeat from IP -> 127.0.0.1
2019-09-10 12:47:47  :: OnMessage ClientHeartbeat from IP -> 127.0.0.1
2019-09-10 12:47:50  :: OnMessage ClientHeartbeat from IP -> 127.0.0.1
2019-09-10 12:47:53  :: OnMessage ClientHeartbeat from IP -> 127.0.0.1
2019-09-10 12:47:57  :: OnMessage ClientHeartbeat from IP -> 127.0.0.1
2019-09-10 12:47:59  :: OnMessage ClientHeartbeat from IP -> 127.0.0.1
2019-09-10 12:48:02  :: OnMessage ClientHeartbeat from IP -> 127.0.0.1
2019-09-10 12:48:06  :: OnMessage ClientHeartbeat from IP -> 127.0.0.1
2019-09-10 12:48:09  :: OnMessage ClientHeartbeat from IP -> 127.0.0.1
2019-09-10 12:48:12  :: OnMessage ClientHeartbeat from IP -> 127.0.0.1
2019-09-10 12:48:15  :: OnMessage ClientHeartbeat from IP -> 127.0.0.1
2019-09-10 12:48:18  :: OnMessage ClientHeartbeat from IP -> 127.0.0.1
2019-09-10 12:48:21  :: OnMessage ClientHeartbeat from IP -> 127.0.0.1
2019-09-10 12:48:24  :: OnMessage ClientHeartbeat from IP -> 127.0.0.1
2019-09-10 12:48:27  :: OnMessage ClientHeartbeat from IP -> 127.0.0.1
2019-09-10 12:48:30  :: OnMessage ClientHeartbeat from IP -> 127.0.0.1
2019-09-10 12:48:33  :: OnMessage ClientHeartbeat from IP -> 127.0.0.1
2019-09-10 12:48:36  :: OnMessage ClientHeartbeat from IP -> 127.0.0.1
2019-09-10 12:48:39  :: OnMessage ClientHeartbeat from IP -> 127.0.0.1
2019-09-10 12:48:42  :: OnMessage ClientHeartbeat from IP -> 127.0.0.1
2019-09-10 12:48:45  :: OnMessage ClientHeartbeat from IP -> 127.0.0.1
2019-09-10 12:48:48  :: OnMessage ClientHeartbeat from IP -> 127.0.0.1
2019-09-10 12:48:51  :: OnMessage ClientHeartbeat from IP -> 127.0.0.1
2019-09-10 12:48:54  :: OnMessage ClientHeartbeat from IP -> 127.0.0.1
2019-09-10 12:48:57  :: OnMessage ClientHeartbeat from IP -> 127.0.0.1
2019-09-10 12:49:00  :: OnMessage ClientHeartbeat from IP -> 127.0.0.1
2019-09-10 12:49:03  :: OnMessage ClientHeartbeat from IP -> 127.0.0.1
2019-09-10 12:49:06  :: OnMessage ClientHeartbeat from IP -> 127.0.0.1
2019-09-10 12:49:09  :: OnMessage ClientHeartbeat from IP -> 127.0.0.1
2019-09-10 12:49:12  :: OnMessage ClientHeartbeat from IP -> 127.0.0.1
2019-09-10 12:49:15  :: OnMessage ClientHeartbeat from IP -> 127.0.0.1
2019-09-10 12:49:18  :: OnMessage ClientHeartbeat from IP -> 127.0.0.1
2019-09-10 12:49:21  :: OnMessage ClientHeartbeat from IP -> 127.0.0.1
2019-09-10 12:49:24  :: OnMessage ClientHeartbeat from IP -> 127.0.0.1
2019-09-10 12:49:27  :: OnMessage ClientHeartbeat from IP -> 127.0.0.1
2019-09-10 12:49:30  :: OnMessage ClientHeartbeat from IP -> 127.0.0.1
2019-09-10 12:49:33  :: OnMessage ClientHeartbeat from IP -> 127.0.0.1
2019-09-10 12:49:36  :: OnMessage ClientHeartbeat from IP -> 127.0.0.1
2019-09-10 12:49:39  :: OnMessage ClientHeartbeat from IP -> 127.0.0.1
2019-09-10 12:49:42  :: OnMessage ClientHeartbeat from IP -> 127.0.0.1
2019-09-10 12:49:45  :: OnMessage ClientHeartbeat from IP -> 127.0.0.1
2019-09-10 12:49:48  :: OnMessage ClientHeartbeat from IP -> 127.0.0.1
2019-09-10 12:49:51  :: OnMessage ClientHeartbeat from IP -> 127.0.0.1
2019-09-10 12:49:54  :: OnMessage ClientHeartbeat from IP -> 127.0.0.1
2019-09-10 12:49:57  :: OnMessage ClientHeartbeat from IP -> 127.0.0.1
2019-09-10 12:50:00  :: OnMessage ClientHeartbeat from IP -> 127.0.0.1
2019-09-10 12:50:03  :: OnMessage ClientHeartbeat from IP -> 127.0.0.1
2019-09-10 12:50:06  :: OnMessage ClientHeartbeat from IP -> 127.0.0.1
2019-09-10 12:50:09  :: OnMessage ClientHeartbeat from IP -> 127.0.0.1
2019-09-10 12:50:12  :: OnMessage ClientHeartbeat from IP -> 127.0.0.1
2019-09-10 12:50:15  :: OnMessage ClientHeartbeat from IP -> 127.0.0.1
2019-09-10 12:50:18  :: OnMessage ClientHeartbeat from IP -> 127.0.0.1
2019-09-10 12:50:21  :: OnMessage ClientHeartbeat from IP -> 127.0.0.1
2019-09-10 12:50:24  :: OnMessage ClientHeartbeat from IP -> 127.0.0.1
2019-09-10 12:50:27  :: OnMessage ClientHeartbeat from IP -> 127.0.0.1
2019-09-10 12:50:30  :: OnMessage ClientHeartbeat from IP -> 127.0.0.1
2019-09-10 12:50:33  :: OnMessage ClientHeartbeat from IP -> 127.0.0.1
2019-09-10 12:50:36  :: OnMessage ClientHeartbeat from IP -> 127.0.0.1
2019-09-10 12:50:39  :: OnMessage ClientHeartbeat from IP -> 127.0.0.1
2019-09-10 12:50:42  :: OnMessage ClientHeartbeat from IP -> 127.0.0.1
2019-09-10 12:50:45  :: OnMessage ClientHeartbeat from IP -> 127.0.0.1
2019-09-10 12:50:48  :: OnMessage ClientHeartbeat from IP -> 127.0.0.1
2019-09-10 12:50:51  :: OnMessage ClientHeartbeat from IP -> 127.0.0.1
2019-09-10 12:50:54  :: OnMessage ClientHeartbeat from IP -> 127.0.0.1
2019-09-10 12:50:57  :: OnMessage ClientHeartbeat from IP -> 127.0.0.1
2019-09-10 12:51:00  :: OnMessage ClientHeartbeat from IP -> 127.0.0.1
2019-09-10 12:51:03  :: OnMessage ClientHeartbeat from IP -> 127.0.0.1
2019-09-10 12:51:06  :: OnMessage ClientHeartbeat from IP -> 127.0.0.1
2019-09-10 12:51:09  :: OnMessage ClientHeartbeat from IP -> 127.0.0.1
2019-09-10 12:51:12  :: OnMessage ClientHeartbeat from IP -> 127.0.0.1
2019-09-10 12:51:15  :: OnMessage ClientHeartbeat from IP -> 127.0.0.1
2019-09-10 12:51:18  :: OnMessage ClientHeartbeat from IP -> 127.0.0.1
2019-09-10 12:51:21  :: OnMessage ClientHeartbeat from IP -> 127.0.0.1
2019-09-10 12:51:24  :: OnMessage ClientHeartbeat from IP -> 127.0.0.1
2019-09-10 12:51:27  :: OnMessage ClientHeartbeat from IP -> 127.0.0.1
2019-09-10 12:51:30  :: OnMessage ClientHeartbeat from IP -> 127.0.0.1
2019-09-10 12:51:33  :: OnMessage ClientHeartbeat from IP -> 127.0.0.1
2019-09-10 12:51:36  :: OnMessage ClientHeartbeat from IP -> 127.0.0.1
2019-09-10 12:51:39  :: OnMessage ClientHeartbeat from IP -> 127.0.0.1
2019-09-10 12:51:42  :: OnMessage ClientHeartbeat from IP -> 127.0.0.1
2019-09-10 12:51:45  :: OnMessage ClientHeartbeat from IP -> 127.0.0.1
2019-09-10 12:51:48  :: OnMessage ClientHeartbeat from IP -> 127.0.0.1
2019-09-10 12:51:51  :: OnMessage ClientHeartbeat from IP -> 127.0.0.1
2019-09-10 12:51:54  :: OnMessage ClientHeartbeat from IP -> 127.0.0.1
2019-09-10 12:51:57  :: OnMessage ClientHeartbeat from IP -> 127.0.0.1
2019-09-10 12:52:00  :: OnMessage ClientHeartbeat from IP -> 127.0.0.1
2019-09-10 12:52:03  :: OnMessage ClientHeartbeat from IP -> 127.0.0.1
2019-09-10 12:52:06  :: OnMessage ClientHeartbeat from IP -> 127.0.0.1
2019-09-10 12:52:09  :: OnMessage ClientHeartbeat from IP -> 127.0.0.1
2019-09-10 12:52:12  :: OnMessage ClientHeartbeat from IP -> 127.0.0.1
2019-09-10 12:52:15  :: OnMessage ClientHeartbeat from IP -> 127.0.0.1
2019-09-10 12:52:18  :: OnMessage ClientHeartbeat from IP -> 127.0.0.1
2019-09-10 12:52:21  :: OnMessage ClientHeartbeat from IP -> 127.0.0.1
2019-09-10 12:52:24  :: OnMessage ClientHeartbeat from IP -> 127.0.0.1
2019-09-10 12:52:27  :: OnMessage ClientHeartbeat from IP -> 127.0.0.1
2019-09-10 12:52:30  :: OnMessage ClientHeartbeat from IP -> 127.0.0.1
2019-09-10 12:52:33  :: OnMessage ClientHeartbeat from IP -> 127.0.0.1
2019-09-10 12:52:36  :: OnMessage ClientHeartbeat from IP -> 127.0.0.1
2019-09-10 12:52:39  :: OnMessage ClientHeartbeat from IP -> 127.0.0.1
2019-09-10 12:52:42  :: OnMessage ClientHeartbeat from IP -> 127.0.0.1
2019-09-10 12:52:45  :: OnMessage ClientHeartbeat from IP -> 127.0.0.1
2019-09-10 12:52:48  :: OnMessage ClientHeartbeat from IP -> 127.0.0.1
2019-09-10 12:52:51  :: OnMessage ClientHeartbeat from IP -> 127.0.0.1
2019-09-10 12:52:54  :: OnMessage ClientHeartbeat from IP -> 127.0.0.1
2019-09-10 12:52:57  :: OnMessage ClientHeartbeat from IP -> 127.0.0.1
2019-09-10 12:53:00  :: OnMessage ClientHeartbeat from IP -> 127.0.0.1
2019-09-10 12:53:03  :: OnMessage ClientHeartbeat from IP -> 127.0.0.1
2019-09-10 12:53:06  :: OnMessage ClientHeartbeat from IP -> 127.0.0.1
2019-09-10 12:53:09  :: OnMessage ClientHeartbeat from IP -> 127.0.0.1
2019-09-10 12:53:12  :: OnMessage ClientHeartbeat from IP -> 127.0.0.1
2019-09-10 12:53:15  :: OnMessage ClientHeartbeat from IP -> 127.0.0.1
2019-09-10 12:53:18  :: OnMessage ClientHeartbeat from IP -> 127.0.0.1
2019-09-10 12:53:21  :: OnMessage ClientHeartbeat from IP -> 127.0.0.1
2019-09-10 12:53:24  :: OnMessage ClientHeartbeat from IP -> 127.0.0.1
2019-09-10 12:53:27  :: OnMessage ClientHeartbeat from IP -> 127.0.0.1
2019-09-10 12:53:30  :: OnMessage ClientHeartbeat from IP -> 127.0.0.1
2019-09-10 12:53:33  :: OnMessage ClientHeartbeat from IP -> 127.0.0.1
2019-09-10 12:53:36  :: OnMessage ClientHeartbeat from IP -> 127.0.0.1
2019-09-10 12:53:39  :: OnMessage ClientHeartbeat from IP -> 127.0.0.1
2019-09-10 12:53:42  :: OnMessage ClientHeartbeat from IP -> 127.0.0.1
2019-09-10 12:53:45  :: OnMessage ClientHeartbeat from IP -> 127.0.0.1
2019-09-10 12:53:48  :: OnMessage ClientHeartbeat from IP -> 127.0.0.1
2019-09-10 12:53:51  :: OnMessage ClientHeartbeat from IP -> 127.0.0.1
2019-09-10 12:53:54  :: OnMessage ClientHeartbeat from IP -> 127.0.0.1
2019-09-10 12:53:57  :: OnMessage ClientHeartbeat from IP -> 127.0.0.1
2019-09-10 12:54:00  :: OnMessage ClientHeartbeat from IP -> 127.0.0.1
2019-09-10 12:54:03  :: OnMessage ClientHeartbeat from IP -> 127.0.0.1
2019-09-10 12:54:06  :: OnMessage ClientHeartbeat from IP -> 127.0.0.1
2019-09-10 12:54:09  :: OnMessage ClientHeartbeat from IP -> 127.0.0.1
2019-09-10 12:54:12  :: OnMessage ClientHeartbeat from IP -> 127.0.0.1
2019-09-10 12:54:15  :: OnMessage ClientHeartbeat from IP -> 127.0.0.1
2019-09-10 12:54:18  :: OnMessage ClientHeartbeat from IP -> 127.0.0.1
2019-09-10 12:54:21  :: OnMessage ClientHeartbeat from IP -> 127.0.0.1
2019-09-10 12:54:24  :: OnMessage ClientHeartbeat from IP -> 127.0.0.1
2019-09-10 12:54:27  :: OnMessage ClientHeartbeat from IP -> 127.0.0.1
2019-09-10 12:54:30  :: OnMessage ClientHeartbeat from IP -> 127.0.0.1
2019-09-10 12:54:33  :: OnMessage ClientHeartbeat from IP -> 127.0.0.1
2019-09-10 12:54:36  :: OnMessage ClientHeartbeat from IP -> 127.0.0.1
2019-09-10 12:54:39  :: OnMessage ClientHeartbeat from IP -> 127.0.0.1
2019-09-10 12:54:42  :: OnMessage ClientHeartbeat from IP -> 127.0.0.1
2019-09-10 12:54:45  :: OnMessage ClientHeartbeat from IP -> 127.0.0.1
2019-09-10 12:54:48  :: OnMessage ClientHeartbeat from IP -> 127.0.0.1
2019-09-10 12:54:51  :: OnMessage ClientHeartbeat from IP -> 127.0.0.1
2019-09-10 12:54:54  :: OnMessage ClientHeartbeat from IP -> 127.0.0.1
2019-09-10 12:54:57  :: OnMessage ClientHeartbeat from IP -> 127.0.0.1
2019-09-10 12:55:00  :: OnMessage ClientHeartbeat from IP -> 127.0.0.1
2019-09-10 12:55:03  :: OnMessage ClientHeartbeat from IP -> 127.0.0.1
2019-09-10 12:55:06  :: OnMessage ClientHeartbeat from IP -> 127.0.0.1
2019-09-10 12:55:09  :: OnMessage ClientHeartbeat from IP -> 127.0.0.1
2019-09-10 12:55:12  :: OnMessage ClientHeartbeat from IP -> 127.0.0.1
2019-09-10 12:55:15  :: OnMessage ClientHeartbeat from IP -> 127.0.0.1
2019-09-10 12:55:18  :: OnMessage ClientHeartbeat from IP -> 127.0.0.1
2019-09-10 12:55:21  :: OnMessage ClientHeartbeat from IP -> 127.0.0.1
2019-09-10 12:55:24  :: OnMessage ClientHeartbeat from IP -> 127.0.0.1
2019-09-10 12:55:27  :: OnMessage ClientHeartbeat from IP -> 127.0.0.1
2019-09-10 12:55:30  :: OnMessage ClientHeartbeat from IP -> 127.0.0.1
2019-09-10 12:55:33  :: OnMessage ClientHeartbeat from IP -> 127.0.0.1
2019-09-10 12:55:36  :: OnMessage ClientHeartbeat from IP -> 127.0.0.1
2019-09-10 12:55:39  :: OnMessage ClientHeartbeat from IP -> 127.0.0.1
2019-09-10 12:55:42  :: OnMessage ClientHeartbeat from IP -> 127.0.0.1
2019-09-10 12:55:45  :: OnMessage ClientHeartbeat from IP -> 127.0.0.1
2019-09-10 12:55:48  :: OnMessage ClientHeartbeat from IP -> 127.0.0.1
2019-09-10 12:55:51  :: OnMessage ClientHeartbeat from IP -> 127.0.0.1
2019-09-10 12:55:54  :: OnMessage ClientHeartbeat from IP -> 127.0.0.1
2019-09-10 12:55:57  :: OnMessage ClientHeartbeat from IP -> 127.0.0.1
2019-09-10 12:56:00  :: OnMessage ClientHeartbeat from IP -> 127.0.0.1
2019-09-10 12:56:03  :: OnMessage ClientHeartbeat from IP -> 127.0.0.1
2019-09-10 12:56:06  :: OnMessage ClientHeartbeat from IP -> 127.0.0.1
2019-09-10 12:56:09  :: OnMessage ClientHeartbeat from IP -> 127.0.0.1
2019-09-10 12:56:12  :: OnMessage ClientHeartbeat from IP -> 127.0.0.1
2019-09-10 12:56:15  :: OnMessage ClientHeartbeat from IP -> 127.0.0.1
2019-09-10 12:56:18  :: OnMessage ClientHeartbeat from IP -> 127.0.0.1
2019-09-10 12:56:21  :: OnMessage ClientHeartbeat from IP -> 127.0.0.1
2019-09-10 12:56:24  :: OnMessage ClientHeartbeat from IP -> 127.0.0.1
2019-09-10 12:56:27  :: OnMessage ClientHeartbeat from IP -> 127.0.0.1
2019-09-10 12:56:30  :: OnMessage ClientHeartbeat from IP -> 127.0.0.1
2019-09-10 12:56:33  :: OnMessage ClientHeartbeat from IP -> 127.0.0.1
2019-09-10 12:56:36  :: OnMessage ClientHeartbeat from IP -> 127.0.0.1
2019-09-10 12:56:39  :: OnMessage ClientHeartbeat from IP -> 127.0.0.1
2019-09-10 12:56:42  :: OnMessage ClientHeartbeat from IP -> 127.0.0.1
2019-09-10 12:56:45  :: OnMessage ClientHeartbeat from IP -> 127.0.0.1
2019-09-10 12:56:48  :: OnMessage ClientHeartbeat from IP -> 127.0.0.1
2019-09-10 12:56:51  :: OnMessage ClientHeartbeat from IP -> 127.0.0.1
2019-09-10 12:56:54  :: OnMessage ClientHeartbeat from IP -> 127.0.0.1
2019-09-10 12:56:57  :: OnMessage ClientHeartbeat from IP -> 127.0.0.1
2019-09-10 12:57:00  :: OnMessage ClientHeartbeat from IP -> 127.0.0.1
2019-09-10 12:57:03  :: OnMessage ClientHeartbeat from IP -> 127.0.0.1
2019-09-10 12:57:06  :: OnMessage ClientHeartbeat from IP -> 127.0.0.1
2019-09-10 12:57:09  :: OnMessage ClientHeartbeat from IP -> 127.0.0.1
2019-09-10 12:57:12  :: OnMessage ClientHeartbeat from IP -> 127.0.0.1
2019-09-10 12:57:15  :: OnMessage ClientHeartbeat from IP -> 127.0.0.1
2019-09-10 12:57:18  :: OnMessage ClientHeartbeat from IP -> 127.0.0.1
2019-09-10 12:57:21  :: OnMessage ClientHeartbeat from IP -> 127.0.0.1
2019-09-10 12:57:24  :: OnMessage ClientHeartbeat from IP -> 127.0.0.1
2019-09-10 12:57:27  :: OnMessage ClientHeartbeat from IP -> 127.0.0.1
2019-09-10 12:57:30  :: OnMessage ClientHeartbeat from IP -> 127.0.0.1
2019-09-10 12:57:33  :: OnMessage ClientHeartbeat from IP -> 127.0.0.1
2019-09-10 12:57:36  :: OnMessage ClientHeartbeat from IP -> 127.0.0.1
2019-09-10 12:57:39  :: OnMessage ClientHeartbeat from IP -> 127.0.0.1
2019-09-10 12:57:42  :: OnMessage ClientHeartbeat from IP -> 127.0.0.1
2019-09-10 12:57:45  :: OnMessage ClientHeartbeat from IP -> 127.0.0.1
2019-09-10 12:57:48  :: OnMessage ClientHeartbeat from IP -> 127.0.0.1
2019-09-10 12:57:51  :: OnMessage ClientHeartbeat from IP -> 127.0.0.1
2019-09-10 12:57:54  :: OnMessage ClientHeartbeat from IP -> 127.0.0.1
2019-09-10 12:57:57  :: OnMessage ClientHeartbeat from IP -> 127.0.0.1
2019-09-10 12:58:00  :: OnMessage ClientHeartbeat from IP -> 127.0.0.1
2019-09-10 12:58:03  :: OnMessage ClientHeartbeat from IP -> 127.0.0.1
2019-09-10 12:58:06  :: OnMessage ClientHeartbeat from IP -> 127.0.0.1
2019-09-10 12:58:09  :: OnMessage ClientHeartbeat from IP -> 127.0.0.1
2019-09-10 18:29:55  :: Initializing Mock Server...
2019-09-10 18:29:55  :: Initializing all collections...
2019-09-10 18:29:57  :: Creating history service for controller HistoryServiceController on URL http://localhost:29400/
2019-09-10 18:29:57  :: Collections Initialized...
2019-09-10 18:30:06  :: Connecting for the first time to client 35265
2019-09-10 18:30:06  :: Connected for the first time to client 35265
2019-09-10 18:30:19  :: OnMessage TokenRequest from IP -> 127.0.0.1
2019-09-10 18:30:19  :: OnMessage ClientLoginRequest from IP -> 127.0.0.1
2019-09-10 18:30:19  :: Sending ClientLoginResponse with UUID 99117c89-784e-452a-a295-73a9c8dd412f
2019-09-10 18:30:19  :: Sending Instrument Batch 
2019-09-10 18:30:19  :: Sending ClientUserRecord
2019-09-10 18:30:19  :: Sending ClientMarketStateBatch
2019-09-10 18:30:19  :: Sending ClientAccountRecordBatch 
2019-09-10 18:30:22  :: OnMessage ClientHeartbeat from IP -> 127.0.0.1
2019-09-10 18:30:25  :: OnMessage ClientHeartbeat from IP -> 127.0.0.1
2019-09-10 18:30:35  :: OnMessage ClientHeartbeat from IP -> 127.0.0.1
2019-09-10 18:30:39  :: OnMessage ClientHeartbeat from IP -> 127.0.0.1
2019-09-10 18:39:14  :: Initializing Mock Server...
2019-09-10 18:39:14  :: Initializing all collections...
2019-09-10 18:39:14  :: Creating history service for controller HistoryServiceController on URL http://localhost:29400/
2019-09-10 18:39:15  :: Collections Initialized...
2019-09-10 18:39:23  :: Connecting for the first time to client 35400
2019-09-10 18:39:23  :: Connected for the first time to client 35400
2019-09-10 18:40:18  :: OnMessage TokenRequest from IP -> 127.0.0.1
2019-09-10 18:40:19  :: OnMessage ClientLoginRequest from IP -> 127.0.0.1
2019-09-10 18:40:19  :: Sending ClientLoginResponse with UUID 2e80abe9-d629-4404-9058-739f98b910a3
2019-09-10 18:40:19  :: Sending Instrument Batch 
2019-09-10 18:40:19  :: Sending ClientUserRecord
2019-09-10 18:40:19  :: Sending ClientMarketStateBatch
2019-09-10 18:40:19  :: Sending ClientAccountRecordBatch 
2019-09-10 18:40:22  :: OnMessage ClientHeartbeat from IP -> 127.0.0.1
2019-09-10 18:40:22  :: OnMessage ClientOrderReq from IP -> 127.0.0.1
2019-09-10 18:40:22  :: Sending ClientOrderResponse ...
2019-09-10 18:40:50  :: Initializing Mock Server...
2019-09-10 18:40:50  :: Initializing all collections...
2019-09-10 18:40:50  :: Creating history service for controller HistoryServiceController on URL http://localhost:29400/
2019-09-10 18:40:51  :: Collections Initialized...
2019-09-10 18:40:57  :: Connecting for the first time to client 35432
2019-09-10 18:40:57  :: Connected for the first time to client 35432
2019-09-10 18:41:03  :: OnMessage TokenRequest from IP -> 127.0.0.1
2019-09-10 18:41:03  :: OnMessage ClientLoginRequest from IP -> 127.0.0.1
2019-09-10 18:41:03  :: Sending ClientLoginResponse with UUID b66d6894-3c45-4976-8902-ef9838f546b7
2019-09-10 18:41:03  :: Sending Instrument Batch 
2019-09-10 18:41:03  :: Sending ClientUserRecord
2019-09-10 18:41:03  :: Sending ClientMarketStateBatch
2019-09-10 18:41:03  :: Sending ClientAccountRecordBatch 
2019-09-10 18:41:06  :: OnMessage ClientHeartbeat from IP -> 127.0.0.1
2019-09-10 18:41:07  :: OnMessage ClientOrderReq from IP -> 127.0.0.1
2019-09-10 18:41:07  :: Sending ClientOrderResponse rejected ...
2019-09-10 18:41:09  :: OnMessage ClientHeartbeat from IP -> 127.0.0.1
2019-09-10 18:43:18  :: Turning threads off on socket disconnection
