2019-08-01 18:27:22  :: Initializing Mock Server...
2019-08-01 18:27:22  :: Initializing all collections...
2019-08-01 18:27:23  :: Creating history service for controller HistoryServiceController on URL http://localhost:3040
2019-08-01 18:27:23  :: Critical error creating history service for controller HistoryServiceController on URL http://localhost:3040:No se puede cargar el archivo o ensamblado 'Newtonsoft.Json, Version=4.5.0.0, Culture=neutral, PublicKeyToken=30ad4fe6b2a6aeed' ni una de sus dependencias. La definición del manifiesto del ensamblado no coincide con la referencia al ensamblado. (Excepción de HRESULT: 0x80131040)
2019-08-01 18:27:23  :: Collections Initialized...
2019-08-01 18:30:06  :: Initializing Mock Server...
2019-08-01 18:30:06  :: Initializing all collections...
2019-08-01 18:30:06  :: Creating history service for controller HistoryServiceController on URL http://localhost:3040
2019-08-01 18:30:06  :: Critical error creating history service for controller HistoryServiceController on URL http://localhost:3040:No se puede cargar el archivo o ensamblado 'Newtonsoft.Json, Version=4.5.0.0, Culture=neutral, PublicKeyToken=30ad4fe6b2a6aeed' ni una de sus dependencias. La definición del manifiesto del ensamblado no coincide con la referencia al ensamblado. (Excepción de HRESULT: 0x80131040)
2019-08-01 18:30:06  :: Collections Initialized...
2019-08-01 18:31:06  :: Initializing Mock Server...
2019-08-01 18:31:06  :: Initializing all collections...
2019-08-01 18:31:06  :: Creating history service for controller HistoryServiceController on URL http://localhost:3040/
2019-08-01 18:31:06  :: Critical error creating history service for controller HistoryServiceController on URL http://localhost:3040/:No se puede cargar el archivo o ensamblado 'Newtonsoft.Json, Version=4.5.0.0, Culture=neutral, PublicKeyToken=30ad4fe6b2a6aeed' ni una de sus dependencias. La definición del manifiesto del ensamblado no coincide con la referencia al ensamblado. (Excepción de HRESULT: 0x80131040)
2019-08-01 18:31:06  :: Collections Initialized...
2019-08-01 18:32:06  :: Initializing Mock Server...
2019-08-01 18:32:06  :: Initializing all collections...
2019-08-01 18:32:07  :: Creating history service for controller HistoryServiceController on URL http://localhost:3040/
2019-08-01 18:32:41  :: Initializing Mock Server...
2019-08-01 18:32:41  :: Initializing all collections...
2019-08-01 18:32:43  :: Creating history service for controller HistoryServiceController on URL http://localhost:3040/
2019-08-01 18:38:00  :: Initializing Mock Server...
2019-08-01 18:38:00  :: Initializing all collections...
2019-08-01 18:38:00  :: Error initializing collections: No se puede cargar el archivo o ensamblado 'Newtonsoft.Json, Version=4.5.0.0, Culture=neutral, PublicKeyToken=30ad4fe6b2a6aeed' ni una de sus dependencias. La definición del manifiesto del ensamblado no coincide con la referencia al ensamblado. (Excepción de HRESULT: 0x80131040)...
2019-08-01 18:38:25  :: Initializing Mock Server...
2019-08-01 18:38:25  :: Initializing all collections...
2019-08-01 18:38:25  :: Error initializing collections: No se puede cargar el archivo o ensamblado 'Newtonsoft.Json, Version=4.5.0.0, Culture=neutral, PublicKeyToken=30ad4fe6b2a6aeed' ni una de sus dependencias. La definición del manifiesto del ensamblado no coincide con la referencia al ensamblado. (Excepción de HRESULT: 0x80131040)...
2019-08-01 18:38:45  :: Initializing Mock Server...
2019-08-01 18:38:45  :: Initializing all collections...
2019-08-01 18:40:40  :: Initializing Mock Server...
2019-08-01 18:40:40  :: Initializing all collections...
2019-08-01 18:42:33  :: Initializing Mock Server...
2019-08-01 18:42:33  :: Initializing all collections...
2019-08-01 18:42:43  :: Creating history service for controller HistoryServiceController on URL http://localhost:3040/
2019-08-01 18:44:12  :: Initializing Mock Server...
2019-08-01 18:44:12  :: Initializing all collections...
2019-08-01 18:44:21  :: Creating history service for controller HistoryServiceController on URL http://localhost:3040/
2019-08-01 18:52:07  :: Initializing Mock Server...
2019-08-01 18:52:07  :: Initializing all collections...
2019-08-01 18:52:14  :: Creating history service for controller HistoryServiceController on URL http://localhost:3040/
2019-08-01 18:52:19  :: Collections Initialized...
2019-08-01 18:53:05  :: Initializing Mock Server...
2019-08-01 18:53:05  :: Initializing all collections...
2019-08-01 18:53:07  :: Creating history service for controller HistoryServiceController on URL http://localhost:3040/
2019-08-01 18:53:08  :: Collections Initialized...
2019-08-01 18:55:11  :: Initializing Mock Server...
2019-08-01 18:55:11  :: Initializing all collections...
2019-08-01 18:55:12  :: Creating history service for controller HistoryServiceController on URL http://localhost:3040/
2019-08-01 18:55:12  :: Collections Initialized...
2019-08-01 18:55:55  :: Initializing Mock Server...
2019-08-01 18:55:55  :: Initializing all collections...
2019-08-01 18:55:55  :: Creating history service for controller HistoryServiceController on URL http://localhost:3040/
2019-08-01 18:55:56  :: Collections Initialized...
2019-08-01 18:56:30  :: Initializing Mock Server...
2019-08-01 18:56:30  :: Initializing all collections...
2019-08-01 18:56:30  :: Creating history service for controller HistoryServiceController on URL http://localhost:3040/
2019-08-01 18:56:31  :: Collections Initialized...
2019-08-01 18:57:06  :: Initializing Mock Server...
2019-08-01 18:57:06  :: Initializing all collections...
2019-08-01 18:57:06  :: Creating history service for controller HistoryServiceController on URL http://localhost:3040/
2019-08-01 18:57:06  :: Collections Initialized...
2019-08-01 18:58:43  :: Initializing Mock Server...
2019-08-01 18:58:43  :: Initializing all collections...
2019-08-01 18:58:44  :: Creating history service for controller HistoryServiceController on URL http://localhost:29400/
2019-08-01 18:58:44  :: Collections Initialized...
2019-08-01 18:59:28  :: Initializing Mock Server...
2019-08-01 18:59:28  :: Initializing all collections...
2019-08-01 18:59:29  :: Creating history service for controller HistoryServiceController on URL http://localhost:29400/
2019-08-01 18:59:29  :: Collections Initialized...
