2019-10-30 10:41:47  :: Initializing Mock Server...
2019-10-30 10:41:47  :: Initializing all collections...
2019-10-30 10:41:47  :: Creating history service for controller HistoryServiceController on URL http://localhost:29400/
2019-10-30 10:41:48  :: Collections Initialized...
2019-10-30 10:44:18  :: Initializing Mock Server...
2019-10-30 10:44:18  :: Initializing all collections...
2019-10-30 10:44:18  :: Creating history service for controller HistoryServiceController on URL http://localhost:29400/
2019-10-30 10:44:19  :: Collections Initialized...
2019-10-30 10:44:28  :: Connecting for the first time to client 39443
2019-10-30 10:44:28  :: Connected for the first time to client 39443
2019-10-30 10:44:37  :: OnMessage TokenRequest from IP -> 127.0.0.1
2019-10-30 10:44:37  :: OnMessage ClientLoginRequest from IP -> 127.0.0.1
2019-10-30 10:44:37  :: Sending ClientLoginResponse with UUID d05ad7cb-b50d-4580-b29b-0f7ac2b90d26
2019-10-30 10:44:37  :: Sending Instrument Batch 
2019-10-30 10:44:37  :: Sending ClientInstrumentState 
2019-10-30 10:44:37  :: Sending ClientInstrumentState 
2019-10-30 10:44:37  :: Sending ClientInstrumentState 
2019-10-30 10:44:37  :: Sending ClientInstrumentState 
2019-10-30 10:44:37  :: Sending ClientInstrumentState 
2019-10-30 10:44:37  :: Sending ClientInstrumentState 
2019-10-30 10:44:37  :: Sending ClientInstrumentState 
2019-10-30 10:44:37  :: Sending ClientInstrumentState 
2019-10-30 10:44:37  :: Sending ClientInstrumentState 
2019-10-30 10:44:37  :: Sending ClientInstrumentState 
2019-10-30 10:44:37  :: Sending ClientInstrumentState 
2019-10-30 10:44:37  :: Sending ClientInstrumentState 
2019-10-30 10:44:37  :: Sending ClientInstrumentState 
2019-10-30 10:44:37  :: Sending ClientInstrumentState 
2019-10-30 10:44:37  :: Sending ClientInstrumentState 
2019-10-30 10:44:37  :: Sending ClientInstrumentState 
2019-10-30 10:44:37  :: Sending ClientInstrumentState 
2019-10-30 10:44:37  :: Sending ClientInstrumentState 
2019-10-30 10:44:37  :: Sending ClientInstrumentState 
2019-10-30 10:44:37  :: Sending ClientInstrumentState 
2019-10-30 10:44:37  :: Sending ClientInstrumentState 
2019-10-30 10:44:37  :: Sending ClientUserRecord
2019-10-30 10:44:37  :: Sending ClientMarketStateBatch
2019-10-30 10:44:37  :: Sending ClientAccountRecordBatch 
2019-10-30 10:44:40  :: OnMessage ClientHeartbeat from IP -> 127.0.0.1
2019-10-30 10:44:41  :: OnMessage Subscribe from IP -> 127.0.0.1
2019-10-30 10:44:41  :: Incoming subscription for service SP - ServiceKey:NDF-XBT-USD-X18@*
2019-10-30 10:44:46  :: SubscriptionResponse UUID:d05ad7cb-b50d-4580-b29b-0f7ac2b90d26 Service:SP ServiceKey:NDF-XBT-USD-X18@* Success:True
2019-10-30 10:45:29  :: Initializing Mock Server...
2019-10-30 10:45:29  :: Initializing all collections...
2019-10-30 10:45:29  :: Creating history service for controller HistoryServiceController on URL http://localhost:29400/
2019-10-30 10:45:29  :: Collections Initialized...
2019-10-30 10:45:37  :: Connecting for the first time to client 39460
2019-10-30 10:45:37  :: Connected for the first time to client 39460
2019-10-30 10:45:39  :: OnMessage TokenRequest from IP -> 127.0.0.1
2019-10-30 10:45:39  :: OnMessage ClientLoginRequest from IP -> 127.0.0.1
2019-10-30 10:45:39  :: Sending ClientLoginResponse with UUID c3bbd7fa-c172-470b-9172-888c8eb08635
2019-10-30 10:45:39  :: Sending Instrument Batch 
2019-10-30 10:45:39  :: Sending ClientInstrumentState 
2019-10-30 10:45:39  :: Sending ClientInstrumentState 
2019-10-30 10:45:39  :: Sending ClientInstrumentState 
2019-10-30 10:45:39  :: Sending ClientInstrumentState 
2019-10-30 10:45:39  :: Sending ClientInstrumentState 
2019-10-30 10:45:39  :: Sending ClientInstrumentState 
2019-10-30 10:45:39  :: Sending ClientInstrumentState 
2019-10-30 10:45:39  :: Sending ClientInstrumentState 
2019-10-30 10:45:39  :: Sending ClientInstrumentState 
2019-10-30 10:45:39  :: Sending ClientInstrumentState 
2019-10-30 10:45:39  :: Sending ClientInstrumentState 
2019-10-30 10:45:39  :: Sending ClientInstrumentState 
2019-10-30 10:45:39  :: Sending ClientInstrumentState 
2019-10-30 10:45:39  :: Sending ClientInstrumentState 
2019-10-30 10:45:39  :: Sending ClientInstrumentState 
2019-10-30 10:45:39  :: Sending ClientInstrumentState 
2019-10-30 10:45:39  :: Sending ClientInstrumentState 
2019-10-30 10:45:39  :: Sending ClientInstrumentState 
2019-10-30 10:45:39  :: Sending ClientInstrumentState 
2019-10-30 10:45:39  :: Sending ClientInstrumentState 
2019-10-30 10:45:39  :: Sending ClientInstrumentState 
2019-10-30 10:45:39  :: Sending ClientUserRecord
2019-10-30 10:45:39  :: Sending ClientMarketStateBatch
2019-10-30 10:45:39  :: Sending ClientAccountRecordBatch 
2019-10-30 10:45:42  :: OnMessage ClientHeartbeat from IP -> 127.0.0.1
2019-10-30 10:45:44  :: OnMessage Subscribe from IP -> 127.0.0.1
2019-10-30 10:45:44  :: Incoming subscription for service SP - ServiceKey:*@NDF-XBT-USD-X18@*
2019-10-30 10:46:12  :: Initializing Mock Server...
2019-10-30 10:46:12  :: Initializing all collections...
2019-10-30 10:46:13  :: Creating history service for controller HistoryServiceController on URL http://localhost:29400/
2019-10-30 10:46:13  :: Collections Initialized...
2019-10-30 10:46:27  :: Connecting for the first time to client 39466
2019-10-30 10:46:27  :: Connected for the first time to client 39466
2019-10-30 10:46:33  :: OnMessage TokenRequest from IP -> 127.0.0.1
2019-10-30 10:46:33  :: OnMessage ClientLoginRequest from IP -> 127.0.0.1
2019-10-30 10:46:33  :: Sending ClientLoginResponse with UUID 519bc1c6-880f-4509-8129-572d7613267c
2019-10-30 10:46:33  :: Sending Instrument Batch 
2019-10-30 10:46:33  :: Sending ClientInstrumentState 
2019-10-30 10:46:34  :: Sending ClientInstrumentState 
2019-10-30 10:46:34  :: Sending ClientInstrumentState 
2019-10-30 10:46:34  :: Sending ClientInstrumentState 
2019-10-30 10:46:34  :: Sending ClientInstrumentState 
2019-10-30 10:46:34  :: Sending ClientInstrumentState 
2019-10-30 10:46:34  :: Sending ClientInstrumentState 
2019-10-30 10:46:34  :: Sending ClientInstrumentState 
2019-10-30 10:46:34  :: Sending ClientInstrumentState 
2019-10-30 10:46:34  :: Sending ClientInstrumentState 
2019-10-30 10:46:34  :: Sending ClientInstrumentState 
2019-10-30 10:46:34  :: Sending ClientInstrumentState 
2019-10-30 10:46:34  :: Sending ClientInstrumentState 
2019-10-30 10:46:34  :: Sending ClientInstrumentState 
2019-10-30 10:46:34  :: Sending ClientInstrumentState 
2019-10-30 10:46:34  :: Sending ClientInstrumentState 
2019-10-30 10:46:34  :: Sending ClientInstrumentState 
2019-10-30 10:46:34  :: Sending ClientInstrumentState 
2019-10-30 10:46:34  :: Sending ClientInstrumentState 
2019-10-30 10:46:34  :: Sending ClientInstrumentState 
2019-10-30 10:46:34  :: Sending ClientInstrumentState 
2019-10-30 10:46:34  :: Sending ClientUserRecord
2019-10-30 10:46:34  :: Sending ClientMarketStateBatch
2019-10-30 10:46:34  :: Sending ClientAccountRecordBatch 
2019-10-30 10:46:37  :: OnMessage ClientHeartbeat from IP -> 127.0.0.1
2019-10-30 10:46:39  :: OnMessage Subscribe from IP -> 127.0.0.1
2019-10-30 10:46:39  :: Incoming subscription for service SP - ServiceKey:*@NDF-XBT-USD-X18@*
2019-10-30 10:46:51  :: SubscriptionResponse UUID:519bc1c6-880f-4509-8129-572d7613267c Service:SP ServiceKey:*@NDF-XBT-USD-X18@* Success:True
2019-10-30 10:46:51  :: OnMessage ClientHeartbeat from IP -> 127.0.0.1
2019-10-30 10:46:51  :: OnMessage ClientHeartbeat from IP -> 127.0.0.1
2019-10-30 10:46:51  :: OnMessage ClientHeartbeat from IP -> 127.0.0.1
2019-10-30 10:46:54  :: OnMessage ClientHeartbeat from IP -> 127.0.0.1
2019-10-30 10:46:57  :: OnMessage ClientHeartbeat from IP -> 127.0.0.1
2019-10-30 10:47:00  :: OnMessage ClientHeartbeat from IP -> 127.0.0.1
2019-10-30 10:47:06  :: Turning threads off on socket disconnection
