2019-04-28 12:06:01  :: Initializing Mock Simulated Server...
2019-04-28 12:06:01  :: Initializing all collections...
2019-04-28 12:06:01  :: 4/28/2019 12:06:01 PMBaseCommunicationModule.LoadConfig
2019-04-28 12:06:01  :: Loading config:.\BitMex\incomingBitmex.xml
2019-04-28 12:06:01  :: Processing config:.\BitMex\incomingBitmex.xml
2019-04-28 12:06:02  :: Ending GetConfiguracion .\BitMex\incomingBitmex.xml
2019-04-28 12:06:05  :: 4/28/2019 12:06:05 PMOrderRouterBase.LoadConfig
2019-04-28 12:06:05  :: Loading config:.\BitMex\outgoingBitmex.xml
2019-04-28 12:06:05  :: Processing config:.\BitMex\outgoingBitmex.xml
2019-04-28 12:06:05  :: Ending GetConfiguracion .\BitMex\outgoingBitmex.xml
2019-04-28 12:06:06  :: Collections Initialized...
2019-04-28 12:06:06  :: Successfully subscribed to execution event 
2019-04-28 12:06:24  :: Incoming Login request for user MM1_CLOBUI2
2019-04-28 12:06:24  :: user MM1_CLOBUI2 Successfully logged in
2019-04-28 12:06:26  :: @Outgoing Bitmex:Routing  to market for symbol XBTU19
2019-04-28 12:07:27  :: Initializing Mock Simulated Server...
2019-04-28 12:07:27  :: Initializing all collections...
2019-04-28 12:07:27  :: 4/28/2019 12:07:27 PMBaseCommunicationModule.LoadConfig
2019-04-28 12:07:27  :: Loading config:.\BitMex\incomingBitmex.xml
2019-04-28 12:07:27  :: Processing config:.\BitMex\incomingBitmex.xml
2019-04-28 12:07:28  :: Ending GetConfiguracion .\BitMex\incomingBitmex.xml
2019-04-28 12:07:30  :: 4/28/2019 12:07:30 PMOrderRouterBase.LoadConfig
2019-04-28 12:07:30  :: Loading config:.\BitMex\outgoingBitmex.xml
2019-04-28 12:07:30  :: Processing config:.\BitMex\outgoingBitmex.xml
2019-04-28 12:07:30  :: Ending GetConfiguracion .\BitMex\outgoingBitmex.xml
2019-04-28 12:07:31  :: Collections Initialized...
2019-04-28 12:07:32  :: Successfully subscribed to execution event 
2019-04-28 12:07:40  :: Incoming Login request for user MM1_CLOBUI2
2019-04-28 12:07:40  :: user MM1_CLOBUI2 Successfully logged in
2019-04-28 12:08:13  :: @Outgoing Bitmex:Routing  to market for symbol XBTU19
2019-04-28 12:09:31  :: Initializing Mock Simulated Server...
2019-04-28 12:09:31  :: Initializing all collections...
2019-04-28 12:09:31  :: 4/28/2019 12:09:31 PMBaseCommunicationModule.LoadConfig
2019-04-28 12:09:31  :: Loading config:.\BitMex\incomingBitmex.xml
2019-04-28 12:09:31  :: Processing config:.\BitMex\incomingBitmex.xml
2019-04-28 12:09:31  :: Ending GetConfiguracion .\BitMex\incomingBitmex.xml
2019-04-28 12:09:34  :: 4/28/2019 12:09:34 PMOrderRouterBase.LoadConfig
2019-04-28 12:09:34  :: Loading config:.\BitMex\outgoingBitmex.xml
2019-04-28 12:09:34  :: Processing config:.\BitMex\outgoingBitmex.xml
2019-04-28 12:09:35  :: Ending GetConfiguracion .\BitMex\outgoingBitmex.xml
2019-04-28 12:09:36  :: Collections Initialized...
2019-04-28 12:09:36  :: Successfully subscribed to execution event 
2019-04-28 12:10:09  :: Incoming Login request for user MM1_CLOBUI2
2019-04-28 12:10:09  :: user MM1_CLOBUI2 Successfully logged in
2019-04-28 12:10:23  :: Incoming Login request for user MM1_CLOBUI2
2019-04-28 12:10:23  :: user MM1_CLOBUI2 Successfully logged in
2019-04-28 12:10:34  :: @Outgoing Bitmex:Routing  to market for symbol XBTU19
2019-04-28 12:10:38  :: Unknown order processing execution report for OrderId 31cc90a5-5650-6408-f5d6-690ea040cdfd 
2019-04-28 12:12:24  :: Initializing Mock Simulated Server...
2019-04-28 12:12:24  :: Initializing all collections...
2019-04-28 12:12:24  :: 4/28/2019 12:12:24 PMBaseCommunicationModule.LoadConfig
2019-04-28 12:12:24  :: Loading config:.\BitMex\incomingBitmex.xml
2019-04-28 12:12:24  :: Processing config:.\BitMex\incomingBitmex.xml
2019-04-28 12:12:25  :: Ending GetConfiguracion .\BitMex\incomingBitmex.xml
2019-04-28 12:12:28  :: 4/28/2019 12:12:28 PMOrderRouterBase.LoadConfig
2019-04-28 12:12:28  :: Loading config:.\BitMex\outgoingBitmex.xml
2019-04-28 12:12:28  :: Processing config:.\BitMex\outgoingBitmex.xml
2019-04-28 12:12:28  :: Ending GetConfiguracion .\BitMex\outgoingBitmex.xml
2019-04-28 12:12:29  :: Collections Initialized...
2019-04-28 12:12:29  :: Successfully subscribed to execution event 
2019-04-28 12:12:51  :: Incoming Login request for user MM1_CLOBUI2
2019-04-28 12:12:51  :: user MM1_CLOBUI2 Successfully logged in
2019-04-28 12:12:58  :: @Outgoing Bitmex:Routing  to market for symbol XBTU19
2019-04-28 12:12:58  :: Critical Error publishing Execution Report:La clave proporcionada no se encontró en el diccionario.
2019-04-28 12:21:48  :: Initializing Mock Simulated Server...
2019-04-28 12:21:48  :: Initializing all collections...
2019-04-28 12:21:48  :: 4/28/2019 12:21:48 PMBaseCommunicationModule.LoadConfig
2019-04-28 12:21:48  :: Loading config:.\BitMex\incomingBitmex.xml
2019-04-28 12:21:48  :: Processing config:.\BitMex\incomingBitmex.xml
2019-04-28 12:21:48  :: Ending GetConfiguracion .\BitMex\incomingBitmex.xml
2019-04-28 12:21:52  :: 4/28/2019 12:21:52 PMOrderRouterBase.LoadConfig
2019-04-28 12:21:52  :: Loading config:.\BitMex\outgoingBitmex.xml
2019-04-28 12:21:52  :: Processing config:.\BitMex\outgoingBitmex.xml
2019-04-28 12:21:52  :: Ending GetConfiguracion .\BitMex\outgoingBitmex.xml
2019-04-28 12:21:53  :: Collections Initialized...
2019-04-28 12:21:53  :: Successfully subscribed to execution event 
2019-04-28 12:22:05  :: Incoming Login request for user MM1_CLOBUI2
2019-04-28 12:22:05  :: user MM1_CLOBUI2 Successfully logged in
2019-04-28 12:22:10  :: Critical Error publishing Execution Report:La clave proporcionada no se encontró en el diccionario.
2019-04-28 12:22:10  :: @Outgoing Bitmex:Routing  to market for symbol XBTU19
2019-04-28 12:22:32  :: Initializing Mock Simulated Server...
2019-04-28 12:22:32  :: Initializing all collections...
2019-04-28 12:22:32  :: 4/28/2019 12:22:32 PMBaseCommunicationModule.LoadConfig
2019-04-28 12:22:32  :: Loading config:.\BitMex\incomingBitmex.xml
2019-04-28 12:22:32  :: Processing config:.\BitMex\incomingBitmex.xml
2019-04-28 12:22:32  :: Ending GetConfiguracion .\BitMex\incomingBitmex.xml
2019-04-28 12:22:35  :: 4/28/2019 12:22:35 PMOrderRouterBase.LoadConfig
2019-04-28 12:22:35  :: Loading config:.\BitMex\outgoingBitmex.xml
2019-04-28 12:22:35  :: Processing config:.\BitMex\outgoingBitmex.xml
2019-04-28 12:22:35  :: Ending GetConfiguracion .\BitMex\outgoingBitmex.xml
2019-04-28 12:22:36  :: Collections Initialized...
2019-04-28 12:22:37  :: Successfully subscribed to execution event 
2019-04-28 12:23:01  :: Incoming Login request for user MM1_CLOBUI2
2019-04-28 12:23:01  :: user MM1_CLOBUI2 Successfully logged in
2019-04-28 12:23:05  :: Critical Error publishing Execution Report:La clave proporcionada no se encontró en el diccionario.
2019-04-28 12:23:05  :: @Outgoing Bitmex:Routing  to market for symbol XBTU19
2019-04-28 12:26:23  :: Initializing Mock Simulated Server...
2019-04-28 12:26:23  :: Initializing all collections...
2019-04-28 12:26:23  :: 4/28/2019 12:26:23 PMBaseCommunicationModule.LoadConfig
2019-04-28 12:26:23  :: Loading config:.\BitMex\incomingBitmex.xml
2019-04-28 12:26:23  :: Processing config:.\BitMex\incomingBitmex.xml
2019-04-28 12:26:24  :: Ending GetConfiguracion .\BitMex\incomingBitmex.xml
2019-04-28 12:26:26  :: 4/28/2019 12:26:26 PMOrderRouterBase.LoadConfig
2019-04-28 12:26:26  :: Loading config:.\BitMex\outgoingBitmex.xml
2019-04-28 12:26:26  :: Processing config:.\BitMex\outgoingBitmex.xml
2019-04-28 12:26:26  :: Ending GetConfiguracion .\BitMex\outgoingBitmex.xml
2019-04-28 12:26:27  :: Collections Initialized...
2019-04-28 12:26:28  :: Successfully subscribed to execution event 
2019-04-28 12:26:41  :: Incoming Login request for user MM1_CLOBUI2
2019-04-28 12:26:41  :: user MM1_CLOBUI2 Successfully logged in
2019-04-28 12:27:11  :: Critical Error publishing Execution Report:La clave proporcionada no se encontró en el diccionario.
2019-04-28 12:27:11  :: @Outgoing Bitmex:Routing  to market for symbol XBTU19
2019-04-28 12:28:20  :: Initializing Mock Simulated Server...
2019-04-28 12:28:20  :: Initializing all collections...
2019-04-28 12:28:20  :: 4/28/2019 12:28:20 PMBaseCommunicationModule.LoadConfig
2019-04-28 12:28:20  :: Loading config:.\BitMex\incomingBitmex.xml
2019-04-28 12:28:20  :: Processing config:.\BitMex\incomingBitmex.xml
2019-04-28 12:28:21  :: Ending GetConfiguracion .\BitMex\incomingBitmex.xml
2019-04-28 12:28:24  :: 4/28/2019 12:28:24 PMOrderRouterBase.LoadConfig
2019-04-28 12:28:24  :: Loading config:.\BitMex\outgoingBitmex.xml
2019-04-28 12:28:24  :: Processing config:.\BitMex\outgoingBitmex.xml
2019-04-28 12:28:24  :: Ending GetConfiguracion .\BitMex\outgoingBitmex.xml
2019-04-28 12:28:25  :: Collections Initialized...
2019-04-28 12:28:25  :: Successfully subscribed to execution event 
2019-04-28 12:28:34  :: Incoming Login request for user MM1_CLOBUI2
2019-04-28 12:28:34  :: user MM1_CLOBUI2 Successfully logged in
2019-04-28 12:28:49  :: Critical Error publishing Execution Report:La clave proporcionada no se encontró en el diccionario.
2019-04-28 12:28:49  :: @Outgoing Bitmex:Routing  to market for symbol XBTU19
2019-04-28 12:31:06  :: Initializing Mock Simulated Server...
2019-04-28 12:31:06  :: Initializing all collections...
2019-04-28 12:31:06  :: 4/28/2019 12:31:06 PMBaseCommunicationModule.LoadConfig
2019-04-28 12:31:06  :: Loading config:.\BitMex\incomingBitmex.xml
2019-04-28 12:31:06  :: Processing config:.\BitMex\incomingBitmex.xml
2019-04-28 12:31:07  :: Ending GetConfiguracion .\BitMex\incomingBitmex.xml
2019-04-28 12:31:10  :: 4/28/2019 12:31:10 PMOrderRouterBase.LoadConfig
2019-04-28 12:31:10  :: Loading config:.\BitMex\outgoingBitmex.xml
2019-04-28 12:31:10  :: Processing config:.\BitMex\outgoingBitmex.xml
2019-04-28 12:31:10  :: Ending GetConfiguracion .\BitMex\outgoingBitmex.xml
2019-04-28 12:31:11  :: Collections Initialized...
2019-04-28 12:31:12  :: Successfully subscribed to execution event 
2019-04-28 12:31:17  :: Incoming Login request for user MM1_CLOBUI2
2019-04-28 12:31:17  :: user MM1_CLOBUI2 Successfully logged in
2019-04-28 12:31:24  :: @Outgoing Bitmex:Routing  to market for symbol XBTU19
2019-04-28 12:31:31  :: Critical Error publishing Execution Report:Cola vacía.
2019-04-28 12:32:14  :: Initializing Mock Simulated Server...
2019-04-28 12:32:14  :: Initializing all collections...
2019-04-28 12:32:14  :: 4/28/2019 12:32:14 PMBaseCommunicationModule.LoadConfig
2019-04-28 12:32:14  :: Loading config:.\BitMex\incomingBitmex.xml
2019-04-28 12:32:14  :: Processing config:.\BitMex\incomingBitmex.xml
2019-04-28 12:32:14  :: Ending GetConfiguracion .\BitMex\incomingBitmex.xml
2019-04-28 12:32:20  :: 4/28/2019 12:32:20 PMOrderRouterBase.LoadConfig
2019-04-28 12:32:20  :: Loading config:.\BitMex\outgoingBitmex.xml
2019-04-28 12:32:20  :: Processing config:.\BitMex\outgoingBitmex.xml
2019-04-28 12:32:20  :: Ending GetConfiguracion .\BitMex\outgoingBitmex.xml
2019-04-28 12:32:21  :: Collections Initialized...
2019-04-28 12:32:21  :: Successfully subscribed to execution event 
2019-04-28 12:32:36  :: Incoming Login request for user MM1_CLOBUI2
2019-04-28 12:32:36  :: user MM1_CLOBUI2 Successfully logged in
2019-04-28 12:32:42  :: @Outgoing Bitmex:Routing  to market for symbol XBTU19
2019-04-28 12:33:37  :: Initializing Mock Simulated Server...
2019-04-28 12:33:37  :: Initializing all collections...
2019-04-28 12:33:37  :: 4/28/2019 12:33:37 PMBaseCommunicationModule.LoadConfig
2019-04-28 12:33:37  :: Loading config:.\BitMex\incomingBitmex.xml
2019-04-28 12:33:37  :: Processing config:.\BitMex\incomingBitmex.xml
2019-04-28 12:33:37  :: Ending GetConfiguracion .\BitMex\incomingBitmex.xml
2019-04-28 12:33:40  :: 4/28/2019 12:33:40 PMOrderRouterBase.LoadConfig
2019-04-28 12:33:40  :: Loading config:.\BitMex\outgoingBitmex.xml
2019-04-28 12:33:40  :: Processing config:.\BitMex\outgoingBitmex.xml
2019-04-28 12:33:40  :: Ending GetConfiguracion .\BitMex\outgoingBitmex.xml
2019-04-28 12:33:41  :: Collections Initialized...
2019-04-28 12:33:42  :: Successfully subscribed to execution event 
2019-04-28 12:33:47  :: Incoming Login request for user MM1_CLOBUI2
2019-04-28 12:33:47  :: user MM1_CLOBUI2 Successfully logged in
2019-04-28 12:33:54  :: @Outgoing Bitmex:Routing  to market for symbol XBTU19
2019-04-28 12:34:09  :: Unknown order processing execution report for OrderId 64e112ad-cbfa-3667-571f-c71612dad881 
