2019-06-21 16:45:03  :: Initializing Mock Simulated Server...
2019-06-21 16:45:03  :: Initializing all collections...
2019-06-21 16:45:03  :: 6/21/2019 4:45:03 PMBaseCommunicationModule.LoadConfig
2019-06-21 16:45:03  :: Loading config:.\BitMex\incomingBitmex.xml
2019-06-21 16:45:03  :: Processing config:.\BitMex\incomingBitmex.xml
2019-06-21 16:45:03  :: Ending GetConfiguracion .\BitMex\incomingBitmex.xml
2019-06-21 16:45:03  :: Initializing WSMarketDataManager @ BitMexInstructionBasedMarketClient
2019-06-21 16:45:05  :: Connected: True - Error Message: 
2019-06-21 16:45:05  :: Initializing SecurityListManager @ BitMexInstructionBasedMarketClient
2019-06-21 16:45:05  :: Assigning events @ BitMexInstructionBasedMarketClient
2019-06-21 16:45:05  :: 6/21/2019 4:45:05 PMOrderRouterBase.LoadConfig
2019-06-21 16:45:05  :: Loading config:.\BitMex\outgoingBitmex.xml
2019-06-21 16:45:05  :: Processing config:.\BitMex\outgoingBitmex.xml
2019-06-21 16:45:05  :: Ending GetConfiguracion .\BitMex\outgoingBitmex.xml
2019-06-21 16:45:06  :: Collections Initialized...
2019-06-21 16:45:06  :: Successfully subscribed to execution event 
2019-06-21 16:45:13  :: Connecting for the first time to client 28287
2019-06-21 16:45:13  :: Connected for the first time to client 28287
2019-06-21 16:45:25  :: Incoming Login request for user MM1_CLOBUI
2019-06-21 16:45:25  :: user MM1_CLOBUI Successfully logged in
2019-06-21 16:45:31  :: Incoming subscription for Service: PS - Service key: * - UUID: APIClientUUID SubscriptionType: S UserId: MM1_CLOBUI JsonToken:eyJhbGciOiJIUzI1NiIsInR5cCI6IkpXVCJ9.eyJpYXQiOjE1NTEzODY5NjksImV4cCI
2019-06-21 16:45:39  :: SubscriptionResponse UUID:APIClientUUID Service:PS ServiceKey:* Success:True
2019-06-21 17:00:03  :: Unknown order processing execution report for OrderId 00000000-0000-0000-0000-000000000000 
