2019-04-17 11:55:08  :: Initializing Mock Simulated Server...
2019-04-17 11:55:08  :: Initializing all collections...
2019-04-17 11:55:09  :: 4/17/2019 11:55:09 AMBaseCommunicationModule.LoadConfig
2019-04-17 11:55:09  :: Loading config:.\BitMex\incomingBitmex.xml
2019-04-17 11:55:09  :: Processing config:.\BitMex\incomingBitmex.xml
2019-04-17 11:55:09  :: Ending GetConfiguracion .\BitMex\incomingBitmex.xml
2019-04-17 11:55:12  :: Collections Initialized...
2019-04-17 11:55:35  :: Incoming Login request for user MM1_CLOBUI
2019-04-17 11:55:35  :: user MM1_CLOBUI Successfully logged in
2019-04-17 11:56:07  :: Initializing Mock Simulated Server...
2019-04-17 11:56:07  :: Initializing all collections...
2019-04-17 11:56:07  :: 4/17/2019 11:56:07 AMBaseCommunicationModule.LoadConfig
2019-04-17 11:56:07  :: Loading config:.\BitMex\incomingBitmex.xml
2019-04-17 11:56:07  :: Processing config:.\BitMex\incomingBitmex.xml
2019-04-17 11:56:07  :: Ending GetConfiguracion .\BitMex\incomingBitmex.xml
2019-04-17 11:56:10  :: Collections Initialized...
2019-04-17 11:56:13  :: Incoming Login request for user MM1_CLOBUI
2019-04-17 11:56:13  :: user MM1_CLOBUI Successfully logged in
2019-04-17 11:56:42  :: Initializing Mock Simulated Server...
2019-04-17 11:56:42  :: Initializing all collections...
2019-04-17 11:56:43  :: 4/17/2019 11:56:43 AMBaseCommunicationModule.LoadConfig
2019-04-17 11:56:43  :: Loading config:.\BitMex\incomingBitmex.xml
2019-04-17 11:56:43  :: Processing config:.\BitMex\incomingBitmex.xml
2019-04-17 11:56:43  :: Ending GetConfiguracion .\BitMex\incomingBitmex.xml
2019-04-17 11:56:46  :: Collections Initialized...
2019-04-17 11:56:51  :: Incoming Login request for user MM2_CLOBUI2
2019-04-17 11:56:51  :: user MM2_CLOBUI2 Successfully logged in
2019-04-17 13:18:34  :: Initializing Mock Simulated Server...
2019-04-17 13:18:34  :: Initializing all collections...
2019-04-17 13:18:35  :: 4/17/2019 1:18:35 PMBaseCommunicationModule.LoadConfig
2019-04-17 13:18:35  :: Loading config:.\BitMex\incomingBitmex.xml
2019-04-17 13:18:35  :: Processing config:.\BitMex\incomingBitmex.xml
2019-04-17 13:18:35  :: Ending GetConfiguracion .\BitMex\incomingBitmex.xml
2019-04-17 13:18:37  :: Collections Initialized...
2019-04-17 13:18:55  :: Incoming Login request for user MM1_CLOBUI
2019-04-17 13:18:55  :: user MM1_CLOBUI Successfully logged in
2019-04-17 14:37:50  :: Initializing Mock Simulated Server...
2019-04-17 14:37:50  :: Initializing all collections...
2019-04-17 14:37:52  :: 4/17/2019 2:37:52 PMBaseCommunicationModule.LoadConfig
2019-04-17 14:37:52  :: Loading config:.\BitMex\incomingBitmex.xml
2019-04-17 14:37:52  :: Processing config:.\BitMex\incomingBitmex.xml
2019-04-17 14:37:53  :: Ending GetConfiguracion .\BitMex\incomingBitmex.xml
2019-04-17 14:37:56  :: Collections Initialized...
2019-04-17 14:38:40  :: Incoming Login request for user MM1_CLOBUI2
2019-04-17 14:38:40  :: user MM1_CLOBUI2 Successfully logged in
2019-04-17 14:41:49  :: Initializing Mock Simulated Server...
2019-04-17 14:41:49  :: Initializing all collections...
2019-04-17 14:41:50  :: 4/17/2019 2:41:50 PMBaseCommunicationModule.LoadConfig
2019-04-17 14:41:50  :: Loading config:.\BitMex\incomingBitmex.xml
2019-04-17 14:41:50  :: Processing config:.\BitMex\incomingBitmex.xml
2019-04-17 14:41:52  :: Ending GetConfiguracion .\BitMex\incomingBitmex.xml
2019-04-17 14:41:55  :: Collections Initialized...
2019-04-17 14:42:28  :: Incoming Login request for user MM2_CLOBUI2
2019-04-17 14:42:28  :: user MM2_CLOBUI2 Successfully logged in
2019-04-17 15:03:48  :: Initializing Mock Simulated Server...
2019-04-17 15:03:48  :: Initializing all collections...
2019-04-17 15:03:49  :: 4/17/2019 3:03:49 PMBaseCommunicationModule.LoadConfig
2019-04-17 15:03:49  :: Loading config:.\BitMex\incomingBitmex.xml
2019-04-17 15:03:49  :: Processing config:.\BitMex\incomingBitmex.xml
2019-04-17 15:03:49  :: Ending GetConfiguracion .\BitMex\incomingBitmex.xml
2019-04-17 15:03:51  :: Collections Initialized...
2019-04-17 15:04:06  :: Incoming Login request for user MM2_CLOBUI2
2019-04-17 15:04:06  :: user MM2_CLOBUI2 Successfully logged in
2019-04-17 16:33:33  :: Initializing Mock Simulated Server...
2019-04-17 16:33:33  :: Initializing all collections...
2019-04-17 16:33:33  :: 4/17/2019 4:33:33 PMBaseCommunicationModule.LoadConfig
2019-04-17 16:33:33  :: Loading config:.\BitMex\incomingBitmex.xml
2019-04-17 16:33:33  :: Processing config:.\BitMex\incomingBitmex.xml
2019-04-17 16:33:33  :: Ending GetConfiguracion .\BitMex\incomingBitmex.xml
2019-04-17 16:33:36  :: Collections Initialized...
2019-04-17 16:33:49  :: Incoming Login request for user MM1_CLOBUI
2019-04-17 16:33:49  :: user MM1_CLOBUI Successfully logged in
2019-04-17 16:33:49  :: Incoming subscription for service TB
2019-04-17 16:33:49  :: Incoming subscription for service TD
2019-04-17 16:33:49  :: Incoming subscription for service CU
2019-04-17 16:35:08  :: Initializing Mock Server...
2019-04-17 16:35:08  :: Initializing all collections...
2019-04-17 16:35:08  :: Collections Initialized...
2019-04-17 16:35:16  :: Incoming Login request for user MM1_CLOBUI
2019-04-17 16:35:16  :: user MM1_CLOBUI Successfully logged in
2019-04-17 16:35:16  :: Incoming subscription for service TB
2019-04-17 16:35:16  :: Incoming subscription for service TD
2019-04-17 16:35:51  :: Initializing Mock Server...
2019-04-17 16:35:51  :: Initializing all collections...
2019-04-17 16:35:52  :: Collections Initialized...
2019-04-17 16:36:02  :: Incoming Login request for user MM1_CLOBUI
2019-04-17 16:36:02  :: user MM1_CLOBUI Successfully logged in
2019-04-17 16:36:02  :: Incoming subscription for service TB
2019-04-17 16:36:02  :: Incoming subscription for service TD
2019-04-17 16:36:02  :: Incoming subscription for service CU
2019-04-17 16:36:43  :: Initializing Mock Server...
2019-04-17 16:36:43  :: Initializing all collections...
2019-04-17 16:36:43  :: Collections Initialized...
2019-04-17 16:36:50  :: Incoming Login request for user MM1_CLOBUI
2019-04-17 16:36:50  :: user MM1_CLOBUI Successfully logged in
2019-04-17 16:36:50  :: Incoming subscription for service TB
2019-04-17 16:37:02  :: Incoming subscription for service TD
2019-04-17 16:37:02  :: Incoming subscription for service CU
2019-04-17 16:37:31  :: Incoming Login request for user MM1_CLOBUI
2019-04-17 16:37:31  :: user MM1_CLOBUI Successfully logged in
2019-04-17 16:37:31  :: Incoming subscription for service TB
2019-04-17 16:37:31  :: Incoming subscription for service TD
2019-04-17 16:39:34  :: Initializing Mock Server...
2019-04-17 16:39:34  :: Initializing all collections...
2019-04-17 16:39:34  :: Collections Initialized...
2019-04-17 16:40:13  :: Incoming Login request for user MM1_CLOBUI
2019-04-17 16:40:13  :: user MM1_CLOBUI Successfully logged in
2019-04-17 16:40:13  :: Incoming subscription for service TB
2019-04-17 16:40:13  :: Incoming subscription for service TD
2019-04-17 16:40:15  :: Incoming subscription for service CU
