2019-08-13 10:13:07  :: Initializing Mock Server...
2019-08-13 10:13:07  :: Initializing all collections...
2019-08-13 10:13:07  :: Creating history service for controller HistoryServiceController on URL http://localhost:29400/
2019-08-13 10:13:08  :: Collections Initialized...
2019-08-13 10:13:40  :: Connecting for the first time to client 4022
2019-08-13 10:13:40  :: Connected for the first time to client 4022
2019-08-13 12:34:00  :: Initializing Mock Server...
2019-08-13 12:34:00  :: Initializing all collections...
2019-08-13 12:34:01  :: Creating history service for controller HistoryServiceController on URL http://localhost:29400/
2019-08-13 12:34:02  :: Collections Initialized...
2019-08-13 12:34:20  :: Connecting for the first time to client 3745
2019-08-13 12:34:20  :: Connected for the first time to client 3745
2019-08-13 12:34:51  :: OnMessage TokenRequest from IP -> 127.0.0.1
2019-08-13 12:36:21  :: Initializing Mock Server...
2019-08-13 12:36:21  :: Initializing all collections...
2019-08-13 12:36:21  :: Creating history service for controller HistoryServiceController on URL http://localhost:29400/
2019-08-13 12:36:21  :: Collections Initialized...
2019-08-13 12:36:33  :: Connecting for the first time to client 3908
2019-08-13 12:36:33  :: Connected for the first time to client 3908
2019-08-13 12:36:39  :: OnMessage TokenRequest from IP -> 127.0.0.1
2019-08-13 12:37:33  :: Initializing Mock Server...
2019-08-13 12:37:33  :: Initializing all collections...
2019-08-13 12:37:34  :: Creating history service for controller HistoryServiceController on URL http://localhost:29400/
2019-08-13 12:37:34  :: Collections Initialized...
2019-08-13 12:37:41  :: Connecting for the first time to client 3994
2019-08-13 12:37:41  :: Connected for the first time to client 3994
2019-08-13 12:37:46  :: OnMessage TokenRequest from IP -> 127.0.0.1
2019-08-13 12:38:02  :: OnMessage ClientLogin from IP -> 127.0.0.1
2019-08-13 12:38:02  :: Incoming Login request for user 
2019-08-13 12:38:02  :: user  Rejected because of wrong user or password
2019-08-13 12:38:02  ::  OnClose for client 3994
2019-08-13 12:38:02  :: Turning threads off on socket disconnection
2019-08-13 12:42:20  :: Initializing Mock Server...
2019-08-13 12:42:20  :: Initializing all collections...
2019-08-13 12:42:20  :: Creating history service for controller HistoryServiceController on URL http://localhost:29400/
2019-08-13 12:42:20  :: Collections Initialized...
2019-08-13 12:42:29  :: Connecting for the first time to client 4216
2019-08-13 12:42:29  :: Connected for the first time to client 4216
2019-08-13 12:42:35  :: OnMessage TokenRequest from IP -> 127.0.0.1
2019-08-13 12:42:35  :: OnMessage ClientLogin from IP -> 127.0.0.1
2019-08-13 12:43:24  :: Initializing Mock Server...
2019-08-13 12:43:24  :: Initializing all collections...
2019-08-13 12:43:25  :: Creating history service for controller HistoryServiceController on URL http://localhost:29400/
2019-08-13 12:43:25  :: Collections Initialized...
2019-08-13 12:47:06  :: Initializing Mock Server...
2019-08-13 12:47:06  :: Initializing all collections...
2019-08-13 12:47:06  :: Creating history service for controller HistoryServiceController on URL http://localhost:29400/
2019-08-13 12:47:06  :: Collections Initialized...
2019-08-13 12:47:28  :: Connecting for the first time to client 4581
2019-08-13 12:47:28  :: Connected for the first time to client 4581
2019-08-13 12:47:31  :: OnMessage TokenRequest from IP -> 127.0.0.1
2019-08-13 12:47:39  :: OnMessage ClientLogin from IP -> 127.0.0.1
2019-08-13 12:49:07  :: Initializing Mock Server...
2019-08-13 12:49:07  :: Initializing all collections...
2019-08-13 12:49:07  :: Creating history service for controller HistoryServiceController on URL http://localhost:29400/
2019-08-13 12:49:07  :: Collections Initialized...
2019-08-13 12:49:14  :: Connecting for the first time to client 4664
2019-08-13 12:49:14  :: Connected for the first time to client 4664
2019-08-13 12:49:17  :: OnMessage TokenRequest from IP -> 127.0.0.1
2019-08-13 12:49:19  :: OnMessage ClientLogin from IP -> 127.0.0.1
2019-08-13 14:52:55  :: Initializing Mock Server...
2019-08-13 14:52:55  :: Initializing all collections...
2019-08-13 14:52:56  :: Creating history service for controller HistoryServiceController on URL http://localhost:29400/
2019-08-13 14:52:56  :: Collections Initialized...
2019-08-13 14:53:49  :: Connecting for the first time to client 13504
2019-08-13 14:53:49  :: Connected for the first time to client 13504
2019-08-13 14:53:52  :: OnMessage TokenRequest from IP -> 127.0.0.1
2019-08-13 14:54:12  :: Connecting second client 13517.  Removing previous client
2019-08-13 14:54:12  :: Turning threads off on socket disconnection
2019-08-13 14:54:12  :: Connected second client 13517.  Removing previous client
2019-08-13 14:54:17  :: OnMessage TokenRequest from IP -> 127.0.0.1
2019-08-13 14:54:42  :: Initializing Mock Server...
2019-08-13 14:54:42  :: Initializing all collections...
2019-08-13 14:54:42  :: Creating history service for controller HistoryServiceController on URL http://localhost:29400/
2019-08-13 14:54:42  :: Collections Initialized...
2019-08-13 15:00:21  :: Initializing Mock Server...
2019-08-13 15:00:21  :: Initializing all collections...
2019-08-13 15:00:22  :: Creating history service for controller HistoryServiceController on URL http://localhost:29400/
2019-08-13 15:00:22  :: Collections Initialized...
2019-08-13 15:00:30  :: Connecting for the first time to client 13736
2019-08-13 15:00:30  :: Connected for the first time to client 13736
2019-08-13 15:00:37  :: OnMessage TokenRequest from IP -> 127.0.0.1
2019-08-13 15:01:21  :: Connecting second client 13741.  Removing previous client
2019-08-13 15:01:21  :: Turning threads off on socket disconnection
2019-08-13 15:01:21  :: Connected second client 13741.  Removing previous client
2019-08-13 15:01:22  :: OnMessage TokenRequest from IP -> 127.0.0.1
2019-08-13 15:09:43  :: Initializing Mock Server...
2019-08-13 15:09:43  :: Initializing all collections...
2019-08-13 15:09:43  :: Creating history service for controller HistoryServiceController on URL http://localhost:29400/
2019-08-13 15:09:43  :: Collections Initialized...
2019-08-13 15:09:49  :: Connecting for the first time to client 14283
2019-08-13 15:09:49  :: Connected for the first time to client 14283
2019-08-13 15:10:04  :: Initializing Mock Server...
2019-08-13 15:10:04  :: Initializing all collections...
2019-08-13 15:10:05  :: Creating history service for controller HistoryServiceController on URL http://localhost:29400/
2019-08-13 15:10:05  :: Collections Initialized...
2019-08-13 15:10:12  :: Connecting for the first time to client 14298
2019-08-13 15:10:12  :: Connected for the first time to client 14298
2019-08-13 15:10:16  :: OnMessage TokenRequest from IP -> 127.0.0.1
2019-08-13 15:11:45  :: Connecting second client 14354.  Removing previous client
2019-08-13 15:11:45  :: Turning threads off on socket disconnection
2019-08-13 15:11:45  :: Connected second client 14354.  Removing previous client
2019-08-13 15:11:50  :: OnMessage TokenRequest from IP -> 127.0.0.1
2019-08-13 15:16:54  :: Initializing Mock Server...
2019-08-13 15:16:54  :: Initializing all collections...
2019-08-13 15:16:54  :: Creating history service for controller HistoryServiceController on URL http://localhost:29400/
2019-08-13 15:16:55  :: Collections Initialized...
2019-08-13 15:17:28  :: Connecting for the first time to client 14822
2019-08-13 15:17:28  :: Connected for the first time to client 14822
2019-08-13 15:17:33  :: OnMessage TokenRequest from IP -> 127.0.0.1
2019-08-13 15:17:56  :: Connecting second client 14901.  Removing previous client
2019-08-13 15:17:56  :: Turning threads off on socket disconnection
2019-08-13 15:17:56  :: Connected second client 14901.  Removing previous client
2019-08-13 15:17:59  :: OnMessage TokenRequest from IP -> 127.0.0.1
2019-08-13 15:23:35  :: Initializing Mock Server...
2019-08-13 15:23:35  :: Initializing all collections...
2019-08-13 15:23:35  :: Creating history service for controller HistoryServiceController on URL http://localhost:29400/
2019-08-13 15:23:36  :: Collections Initialized...
2019-08-13 15:23:45  :: Connecting for the first time to client 15412
2019-08-13 15:23:45  :: Connected for the first time to client 15412
2019-08-13 15:23:48  :: OnMessage TokenRequest from IP -> 127.0.0.1
2019-08-13 15:24:16  :: Initializing Mock Server...
2019-08-13 15:24:16  :: Initializing all collections...
2019-08-13 15:24:17  :: Creating history service for controller HistoryServiceController on URL http://localhost:29400/
2019-08-13 15:24:17  :: Collections Initialized...
2019-08-13 15:24:21  :: Connecting for the first time to client 15423
2019-08-13 15:24:21  :: Connected for the first time to client 15423
2019-08-13 15:25:17  :: OnMessage TokenRequest from IP -> 127.0.0.1
2019-08-13 15:27:51  :: Initializing Mock Server...
2019-08-13 15:27:51  :: Initializing all collections...
2019-08-13 15:27:51  :: Creating history service for controller HistoryServiceController on URL http://localhost:29400/
2019-08-13 15:27:52  :: Collections Initialized...
2019-08-13 15:28:11  :: Connecting for the first time to client 15715
2019-08-13 15:28:11  :: Connected for the first time to client 15715
2019-08-13 15:28:19  :: Connecting second client 15718.  Removing previous client
2019-08-13 15:28:19  :: Turning threads off on socket disconnection
2019-08-13 15:28:19  :: Connected second client 15718.  Removing previous client
2019-08-13 15:28:22  :: OnMessage TokenRequest from IP -> 127.0.0.1
2019-08-13 15:33:28  :: Initializing Mock Server...
2019-08-13 15:33:28  :: Initializing all collections...
2019-08-13 15:33:28  :: Creating history service for controller HistoryServiceController on URL http://localhost:29400/
2019-08-13 15:33:29  :: Collections Initialized...
2019-08-13 15:33:34  :: Connecting for the first time to client 15871
2019-08-13 15:33:34  :: Connected for the first time to client 15871
2019-08-13 15:33:36  :: OnMessage TokenRequest from IP -> 127.0.0.1
2019-08-13 15:41:13  :: Initializing Mock Server...
2019-08-13 15:41:13  :: Initializing all collections...
2019-08-13 15:41:13  :: Creating history service for controller HistoryServiceController on URL http://localhost:29400/
2019-08-13 15:41:14  :: Collections Initialized...
2019-08-13 15:41:27  :: Connecting for the first time to client 16177
2019-08-13 15:41:27  :: Connected for the first time to client 16177
2019-08-13 15:41:33  :: OnMessage TokenRequest from IP -> 127.0.0.1
2019-08-13 15:43:08  :: Initializing Mock Server...
2019-08-13 15:43:08  :: Initializing all collections...
2019-08-13 15:43:08  :: Creating history service for controller HistoryServiceController on URL http://localhost:29400/
2019-08-13 15:43:09  :: Collections Initialized...
2019-08-13 15:43:23  :: Connecting for the first time to client 16245
2019-08-13 15:43:23  :: Connected for the first time to client 16245
2019-08-13 15:43:26  :: OnMessage TokenRequest from IP -> 127.0.0.1
2019-08-13 15:45:52  :: Initializing Mock Server...
2019-08-13 15:45:52  :: Initializing all collections...
2019-08-13 15:45:52  :: Creating history service for controller HistoryServiceController on URL http://localhost:29400/
2019-08-13 15:45:52  :: Collections Initialized...
2019-08-13 15:46:06  :: Initializing Mock Server...
2019-08-13 15:46:06  :: Initializing all collections...
2019-08-13 15:46:07  :: Creating history service for controller HistoryServiceController on URL http://localhost:29400/
2019-08-13 15:46:07  :: Collections Initialized...
2019-08-13 15:46:11  :: Connecting for the first time to client 16270
2019-08-13 15:46:11  :: Connected for the first time to client 16270
2019-08-13 15:46:14  :: OnMessage TokenRequest from IP -> 127.0.0.1
2019-08-13 15:46:55  :: Initializing Mock Server...
2019-08-13 15:46:55  :: Initializing all collections...
2019-08-13 15:46:56  :: Creating history service for controller HistoryServiceController on URL http://localhost:29400/
2019-08-13 15:46:56  :: Collections Initialized...
2019-08-13 15:47:43  :: Initializing Mock Server...
2019-08-13 15:47:43  :: Initializing all collections...
2019-08-13 15:47:43  :: Creating history service for controller HistoryServiceController on URL http://localhost:29400/
2019-08-13 15:47:44  :: Collections Initialized...
2019-08-13 15:47:48  :: Connecting for the first time to client 16354
2019-08-13 15:47:48  :: Connected for the first time to client 16354
2019-08-13 15:47:48  :: OnMessage TokenRequest from IP -> 127.0.0.1
2019-08-13 15:50:03  :: Initializing Mock Server...
2019-08-13 15:50:03  :: Initializing all collections...
2019-08-13 15:50:04  :: Creating history service for controller HistoryServiceController on URL http://localhost:29400/
2019-08-13 15:50:04  :: Collections Initialized...
2019-08-13 15:50:08  :: Connecting for the first time to client 16475
2019-08-13 15:50:08  :: Connected for the first time to client 16475
2019-08-13 15:50:15  :: OnMessage TokenRequest from IP -> 127.0.0.1
2019-08-13 15:52:40  :: Initializing Mock Server...
2019-08-13 15:52:40  :: Initializing all collections...
2019-08-13 15:52:41  :: Creating history service for controller HistoryServiceController on URL http://localhost:29400/
2019-08-13 15:52:41  :: Collections Initialized...
2019-08-13 15:52:45  :: Connecting for the first time to client 16574
2019-08-13 15:52:45  :: Connected for the first time to client 16574
2019-08-13 15:52:48  :: OnMessage TokenRequest from IP -> 127.0.0.1
2019-08-13 15:53:59  :: Initializing Mock Server...
2019-08-13 15:53:59  :: Initializing all collections...
2019-08-13 15:53:59  :: Creating history service for controller HistoryServiceController on URL http://localhost:29400/
2019-08-13 15:54:00  :: Collections Initialized...
2019-08-13 15:54:05  :: Connecting for the first time to client 16625
2019-08-13 15:54:05  :: Connected for the first time to client 16625
2019-08-13 15:54:07  :: OnMessage TokenRequest from IP -> 127.0.0.1
2019-08-13 15:54:29  :: Connecting second client 16635.  Removing previous client
2019-08-13 15:54:29  :: Turning threads off on socket disconnection
2019-08-13 15:54:29  :: Connected second client 16635.  Removing previous client
2019-08-13 15:54:30  :: OnMessage TokenRequest from IP -> 127.0.0.1
2019-08-13 15:55:37  :: Initializing Mock Server...
2019-08-13 15:55:37  :: Initializing all collections...
2019-08-13 15:55:37  :: Creating history service for controller HistoryServiceController on URL http://localhost:29400/
2019-08-13 15:55:37  :: Collections Initialized...
2019-08-13 15:55:42  :: Connecting for the first time to client 16651
2019-08-13 15:55:42  :: Connected for the first time to client 16651
2019-08-13 15:55:44  :: OnMessage TokenRequest from IP -> 127.0.0.1
2019-08-13 15:56:17  :: Initializing Mock Server...
2019-08-13 15:56:17  :: Initializing all collections...
2019-08-13 15:56:18  :: Creating history service for controller HistoryServiceController on URL http://localhost:29400/
2019-08-13 15:56:18  :: Collections Initialized...
2019-08-13 15:56:24  :: Connecting for the first time to client 16655
2019-08-13 15:56:24  :: Connected for the first time to client 16655
2019-08-13 15:56:28  :: OnMessage TokenRequest from IP -> 127.0.0.1
2019-08-13 16:04:41  :: Initializing Mock Server...
2019-08-13 16:04:41  :: Initializing all collections...
2019-08-13 16:04:41  :: Creating history service for controller HistoryServiceController on URL http://localhost:29400/
2019-08-13 16:04:42  :: Collections Initialized...
2019-08-13 16:04:56  :: Connecting for the first time to client 17205
2019-08-13 16:04:56  :: Connected for the first time to client 17205
2019-08-13 16:05:04  :: OnMessage TokenRequest from IP -> 127.0.0.1
2019-08-13 16:08:00  :: Initializing Mock Server...
2019-08-13 16:08:00  :: Initializing all collections...
2019-08-13 16:08:01  :: Creating history service for controller HistoryServiceController on URL http://localhost:29400/
2019-08-13 16:08:01  :: Collections Initialized...
2019-08-13 16:08:23  :: Connecting for the first time to client 17406
2019-08-13 16:08:23  :: Connected for the first time to client 17406
2019-08-13 16:08:27  :: OnMessage TokenRequest from IP -> 127.0.0.1
2019-08-13 16:09:50  :: Initializing Mock Server...
2019-08-13 16:09:50  :: Initializing all collections...
2019-08-13 16:09:50  :: Creating history service for controller HistoryServiceController on URL http://localhost:29400/
2019-08-13 16:09:50  :: Collections Initialized...
2019-08-13 16:09:57  :: Connecting for the first time to client 17489
2019-08-13 16:09:57  :: Connected for the first time to client 17489
2019-08-13 16:10:02  :: OnMessage TokenRequest from IP -> 127.0.0.1
2019-08-13 16:11:10  :: Initializing Mock Server...
2019-08-13 16:11:10  :: Initializing all collections...
2019-08-13 16:11:11  :: Creating history service for controller HistoryServiceController on URL http://localhost:29400/
2019-08-13 16:11:11  :: Collections Initialized...
2019-08-13 16:11:18  :: Connecting for the first time to client 17499
2019-08-13 16:11:18  :: Connected for the first time to client 17499
2019-08-13 16:11:21  :: OnMessage TokenRequest from IP -> 127.0.0.1
2019-08-13 16:47:44  :: Initializing Mock Server...
2019-08-13 16:47:44  :: Initializing all collections...
2019-08-13 16:47:44  :: Creating history service for controller HistoryServiceController on URL http://localhost:29400/
2019-08-13 16:47:45  :: Collections Initialized...
2019-08-13 16:47:53  :: Connecting for the first time to client 18994
2019-08-13 16:47:53  :: Connected for the first time to client 18994
2019-08-13 16:48:11  :: OnMessage TokenRequest from IP -> 127.0.0.1
2019-08-13 16:48:19  :: OnMessage ClientLogin from IP -> 127.0.0.1
2019-08-13 16:50:31  :: Connecting second client 19108.  Removing previous client
2019-08-13 16:50:31  :: Turning threads off on socket disconnection
2019-08-13 16:50:31  :: Connected second client 19108.  Removing previous client
2019-08-13 16:50:35  :: OnMessage TokenRequest from IP -> 127.0.0.1
2019-08-13 16:54:19  :: Initializing Mock Server...
2019-08-13 16:54:19  :: Initializing all collections...
2019-08-13 16:54:20  :: Creating history service for controller HistoryServiceController on URL http://localhost:29400/
2019-08-13 16:54:20  :: Collections Initialized...
2019-08-13 16:54:30  :: Connecting for the first time to client 19334
2019-08-13 16:54:30  :: Connected for the first time to client 19334
2019-08-13 16:54:33  :: OnMessage TokenRequest from IP -> 127.0.0.1
