2019-05-13 17:29:50  :: Initializing Mock Simulated Server...
2019-05-13 17:29:50  :: Initializing all collections...
2019-05-13 17:29:50  :: 5/13/2019 5:29:50 PMBaseCommunicationModule.LoadConfig
2019-05-13 17:29:50  :: Loading config:.\BitMex\incomingBitmex.xml
2019-05-13 17:29:50  :: Processing config:.\BitMex\incomingBitmex.xml
2019-05-13 17:29:50  :: Ending GetConfiguracion .\BitMex\incomingBitmex.xml
2019-05-13 17:30:04  :: 5/13/2019 5:30:04 PMOrderRouterBase.LoadConfig
2019-05-13 17:30:04  :: Loading config:.\BitMex\outgoingBitmex.xml
2019-05-13 17:30:04  :: Processing config:.\BitMex\outgoingBitmex.xml
2019-05-13 17:30:04  :: Ending GetConfiguracion .\BitMex\outgoingBitmex.xml
2019-05-13 17:30:05  :: Collections Initialized...
2019-05-13 17:30:06  :: Successfully subscribed to execution event 
2019-05-13 18:53:01  :: Initializing Mock Simulated Server...
2019-05-13 18:53:01  :: Initializing all collections...
2019-05-13 18:53:01  :: 5/13/2019 6:53:01 PMBaseCommunicationModule.LoadConfig
2019-05-13 18:53:01  :: Loading config:.\BitMex\incomingBitmex.xml
2019-05-13 18:53:01  :: Processing config:.\BitMex\incomingBitmex.xml
2019-05-13 18:53:01  :: Ending GetConfiguracion .\BitMex\incomingBitmex.xml
2019-05-13 18:53:01  :: Initializing WSMarketDataManager @ BitMexInstructionBasedMarketClient
2019-05-13 18:53:14  :: Initializing SecurityListManager @ BitMexInstructionBasedMarketClient
2019-05-13 18:53:14  :: Assigning events @ BitMexInstructionBasedMarketClient
2019-05-13 18:53:14  :: 5/13/2019 6:53:14 PMOrderRouterBase.LoadConfig
2019-05-13 18:53:14  :: Loading config:.\BitMex\outgoingBitmex.xml
2019-05-13 18:53:14  :: Processing config:.\BitMex\outgoingBitmex.xml
2019-05-13 18:53:14  :: Ending GetConfiguracion .\BitMex\outgoingBitmex.xml
2019-05-13 18:53:15  :: Collections Initialized...
2019-05-13 18:53:15  :: Successfully subscribed to execution event 
2019-05-13 18:53:31  :: Connecting for the first time to client 39974
2019-05-13 18:53:31  :: Connected for the first time to client 39974
2019-05-13 18:53:46  :: Incoming Login request for user MM2_CLOBUI1
2019-05-13 18:53:46  :: user MM2_CLOBUI1 Successfully logged in
2019-05-13 18:53:53  :: Incoming subscription for Service: Oy - Service key: * - UUID: APIClientUUID SubscriptionType: S UserId: MM2_CLOBUI1 JsonToken:eyJhbGciOiJIUzI1NiIsInR5cCI6IkpXVCJ9.eyJpYXQiOjE1NTEzODY5NjksImV4cCI
2019-05-13 18:53:53  :: Entering ProcessMyOrders for ServiceKey=*
2019-05-13 18:53:53  :: @Outgoing Bitmex:Recovering full order list
2019-05-13 18:53:54  :: SubscriptionResponse UUID: Service:Oy ServiceKey:* Success:True
2019-05-13 19:02:25  :: Initializing Mock Simulated Server...
2019-05-13 19:02:25  :: Initializing all collections...
2019-05-13 19:02:25  :: 5/13/2019 7:02:25 PMBaseCommunicationModule.LoadConfig
2019-05-13 19:02:25  :: Loading config:.\BitMex\incomingBitmex.xml
2019-05-13 19:02:25  :: Processing config:.\BitMex\incomingBitmex.xml
2019-05-13 19:02:25  :: Ending GetConfiguracion .\BitMex\incomingBitmex.xml
2019-05-13 19:02:26  :: Initializing WSMarketDataManager @ BitMexInstructionBasedMarketClient
2019-05-13 19:02:29  :: Initializing SecurityListManager @ BitMexInstructionBasedMarketClient
2019-05-13 19:02:30  :: Assigning events @ BitMexInstructionBasedMarketClient
2019-05-13 19:05:07  :: Initializing Mock Simulated Server...
2019-05-13 19:05:07  :: Initializing all collections...
2019-05-13 19:05:07  :: 5/13/2019 7:05:07 PMBaseCommunicationModule.LoadConfig
2019-05-13 19:05:07  :: Loading config:.\BitMex\incomingBitmex.xml
2019-05-13 19:05:07  :: Processing config:.\BitMex\incomingBitmex.xml
2019-05-13 19:05:07  :: Ending GetConfiguracion .\BitMex\incomingBitmex.xml
2019-05-13 19:05:12  :: Initializing WSMarketDataManager @ BitMexInstructionBasedMarketClient
2019-05-13 19:05:46  :: Initializing SecurityListManager @ BitMexInstructionBasedMarketClient
2019-05-13 19:05:50  :: Assigning events @ BitMexInstructionBasedMarketClient
2019-05-13 19:06:29  :: Initializing Mock Simulated Server...
2019-05-13 19:06:29  :: Initializing all collections...
2019-05-13 19:06:29  :: 5/13/2019 7:06:29 PMBaseCommunicationModule.LoadConfig
2019-05-13 19:06:29  :: Loading config:.\BitMex\incomingBitmex.xml
2019-05-13 19:06:29  :: Processing config:.\BitMex\incomingBitmex.xml
2019-05-13 19:06:29  :: Ending GetConfiguracion .\BitMex\incomingBitmex.xml
2019-05-13 19:06:31  :: Initializing WSMarketDataManager @ BitMexInstructionBasedMarketClient
2019-05-13 19:15:35  :: Initializing Mock Simulated Server...
2019-05-13 19:15:35  :: Initializing all collections...
2019-05-13 19:15:36  :: 5/13/2019 7:15:36 PMBaseCommunicationModule.LoadConfig
2019-05-13 19:15:36  :: Loading config:.\BitMex\incomingBitmex.xml
2019-05-13 19:15:36  :: Processing config:.\BitMex\incomingBitmex.xml
2019-05-13 19:15:36  :: Ending GetConfiguracion .\BitMex\incomingBitmex.xml
2019-05-13 19:15:37  :: Initializing WSMarketDataManager @ BitMexInstructionBasedMarketClient
2019-05-13 19:16:22  :: Authenticated: False - Error Message: 
2019-05-13 19:16:22  :: Initializing SecurityListManager @ BitMexInstructionBasedMarketClient
2019-05-13 19:16:22  :: Assigning events @ BitMexInstructionBasedMarketClient
2019-05-13 19:16:23  :: 5/13/2019 7:16:23 PMOrderRouterBase.LoadConfig
2019-05-13 19:16:23  :: Loading config:.\BitMex\outgoingBitmex.xml
2019-05-13 19:16:23  :: Processing config:.\BitMex\outgoingBitmex.xml
2019-05-13 19:16:23  :: Ending GetConfiguracion .\BitMex\outgoingBitmex.xml
2019-05-13 19:16:23  :: Collections Initialized...
2019-05-13 19:16:24  :: Successfully subscribed to execution event 
2019-05-13 19:17:11  :: Initializing Mock Simulated Server...
2019-05-13 19:17:11  :: Initializing all collections...
2019-05-13 19:17:11  :: 5/13/2019 7:17:11 PMBaseCommunicationModule.LoadConfig
2019-05-13 19:17:11  :: Loading config:.\BitMex\incomingBitmex.xml
2019-05-13 19:17:11  :: Processing config:.\BitMex\incomingBitmex.xml
2019-05-13 19:17:11  :: Ending GetConfiguracion .\BitMex\incomingBitmex.xml
2019-05-13 19:17:13  :: Initializing WSMarketDataManager @ BitMexInstructionBasedMarketClient
2019-05-13 19:18:07  :: Initializing Mock Simulated Server...
2019-05-13 19:18:07  :: Initializing all collections...
2019-05-13 19:18:07  :: 5/13/2019 7:18:07 PMBaseCommunicationModule.LoadConfig
2019-05-13 19:18:07  :: Loading config:.\BitMex\incomingBitmex.xml
2019-05-13 19:18:07  :: Processing config:.\BitMex\incomingBitmex.xml
2019-05-13 19:18:07  :: Ending GetConfiguracion .\BitMex\incomingBitmex.xml
2019-05-13 19:18:09  :: Initializing WSMarketDataManager @ BitMexInstructionBasedMarketClient
2019-05-13 19:19:04  :: Initializing Mock Simulated Server...
2019-05-13 19:19:04  :: Initializing all collections...
2019-05-13 19:19:04  :: 5/13/2019 7:19:04 PMBaseCommunicationModule.LoadConfig
2019-05-13 19:19:04  :: Loading config:.\BitMex\incomingBitmex.xml
2019-05-13 19:19:04  :: Processing config:.\BitMex\incomingBitmex.xml
2019-05-13 19:19:04  :: Ending GetConfiguracion .\BitMex\incomingBitmex.xml
2019-05-13 19:19:05  :: Initializing WSMarketDataManager @ BitMexInstructionBasedMarketClient
2019-05-13 19:19:48  :: Initializing Mock Simulated Server...
2019-05-13 19:19:48  :: Initializing all collections...
2019-05-13 19:19:48  :: 5/13/2019 7:19:48 PMBaseCommunicationModule.LoadConfig
2019-05-13 19:19:48  :: Loading config:.\BitMex\incomingBitmex.xml
2019-05-13 19:19:48  :: Processing config:.\BitMex\incomingBitmex.xml
2019-05-13 19:19:48  :: Ending GetConfiguracion .\BitMex\incomingBitmex.xml
2019-05-13 19:19:49  :: Initializing WSMarketDataManager @ BitMexInstructionBasedMarketClient
