2019-04-13 13:47:35  :: Initializing Mock Server...
2019-04-13 13:47:35  :: Initializing all collections...
2019-04-13 13:47:36  :: Collections Initialized...
2019-04-13 13:48:03  :: Incoming Login request for user MM1_CLOBUI
2019-04-13 13:48:03  :: user MM1_CLOBUI Successfully logged in
2019-04-13 13:48:03  :: Incoming subscription for service TA
2019-04-13 13:48:30  :: Initializing Mock Server...
2019-04-13 13:48:30  :: Initializing all collections...
2019-04-13 13:48:30  :: Collections Initialized...
2019-04-13 13:48:38  :: Incoming Login request for user MM1_CLOBUI
2019-04-13 13:48:38  :: user MM1_CLOBUI Successfully logged in
2019-04-13 13:48:38  :: Incoming subscription for service TB
2019-04-13 13:48:38  :: Incoming subscription for service TD
2019-04-13 13:48:38  :: Incoming subscription for service CU
2019-04-13 13:49:00  :: Initializing Mock Server...
2019-04-13 13:49:00  :: Initializing all collections...
2019-04-13 13:49:01  :: Collections Initialized...
2019-04-13 13:49:08  :: Incoming Login request for user MM1_CLOBUI
2019-04-13 13:49:08  :: user MM1_CLOBUI Successfully logged in
2019-04-13 13:49:08  :: Incoming subscription for service LD
2019-04-13 13:49:29  :: Initializing Mock Server...
2019-04-13 13:49:29  :: Initializing all collections...
2019-04-13 13:49:30  :: Collections Initialized...
2019-04-13 13:49:36  :: Incoming Login request for user MM1_CLOBUI
2019-04-13 13:49:36  :: user MM1_CLOBUI Successfully logged in
2019-04-13 13:49:36  :: Incoming subscription for service LS
2019-04-13 13:49:36  :: Last Sales not found for symbol SWP-XBT-USD-G19...
2019-04-13 13:49:37  :: Incoming subscription for service LQ
2019-04-13 13:49:37  :: Quotes not found for symbol SWP-XBT-USD-G19...
2019-04-13 13:49:38  :: Incoming subscription for service FD
2019-04-13 13:49:39  :: Incoming subscription for service FP
2019-04-13 15:19:08  :: Initializing Mock Simulated Server...
2019-04-13 15:19:08  :: Initializing all collections...
2019-04-13 15:19:09  :: Collections Initialized...
2019-04-13 15:23:29  :: Initializing Mock Simulated Server...
2019-04-13 15:23:29  :: Initializing all collections...
2019-04-13 15:23:29  :: Collections Initialized...
2019-04-13 15:23:55  :: Incoming Login request for user MM1_CLOBUI
2019-04-13 15:23:55  :: user MM1_CLOBUI Successfully logged in
2019-04-13 15:23:55  :: Incoming subscription for service TA
2019-04-13 15:25:38  :: Initializing Mock Simulated Server...
2019-04-13 15:25:38  :: Initializing all collections...
2019-04-13 15:25:38  :: Collections Initialized...
2019-04-13 15:25:49  :: Incoming Login request for user MM1_CLOBUI
2019-04-13 15:25:49  :: user MM1_CLOBUI Successfully logged in
2019-04-13 15:25:49  :: Incoming subscription for service TA
2019-04-13 15:26:36  :: Initializing Mock Simulated Server...
2019-04-13 15:26:36  :: Initializing all collections...
2019-04-13 15:26:36  :: Collections Initialized...
2019-04-13 16:48:10  :: Initializing Mock Simulated Server...
2019-04-13 16:48:13  :: Initializing all collections...
2019-04-13 16:48:38  :: 4/13/2019 4:48:38 PMBaseCommunicationModule.LoadConfig
2019-04-13 16:48:38  :: Loading config:.\BitMex\incomingBitmex.xml
2019-04-13 16:48:38  :: Processing config:.\BitMex\incomingBitmex.xml
2019-04-13 16:48:38  :: Ending GetConfiguracion .\BitMex\incomingBitmex.xml
2019-04-13 16:51:25  :: Collections Initialized...
