2019-05-06 14:55:40  :: Initializing Mock Server...
2019-05-06 14:55:40  :: Initializing all collections...
2019-05-06 14:55:40  :: Collections Initialized...
2019-05-06 14:55:47  :: Initializing Mock Server...
2019-05-06 14:55:47  :: Initializing all collections...
2019-05-06 14:55:47  :: Collections Initialized...
2019-05-06 14:59:53  :: Initializing Mock Server...
2019-05-06 14:59:53  :: Initializing all collections...
2019-05-06 15:00:10  :: Initializing Mock Server...
2019-05-06 15:00:10  :: Initializing all collections...
2019-05-06 15:00:11  :: Collections Initialized...
2019-05-06 15:32:42  :: Initializing Mock Server...
2019-05-06 15:32:42  :: Initializing all collections...
2019-05-06 15:32:42  :: Collections Initialized...
2019-05-06 15:33:29  :: Incoming connection request from 127.0.0.1
2019-05-06 15:33:29  :: Incoming Login request for user MM1_CLOBUI
2019-05-06 15:33:29  :: user MM1_CLOBUI Successfully logged in
2019-05-06 15:33:29  :: Incoming subscription for service LS
2019-05-06 15:33:30  :: Incoming subscription for service LQ
2019-05-06 15:33:31  :: Incoming subscription for service FD
2019-05-06 15:33:32  :: Incoming subscription for service FP
2019-05-06 15:33:32  :: SubscriptionResponse UUID:MarketDataPOCUUID Service:LS ServiceKey:XBT-USD Success:True
2019-05-06 15:33:33  :: SubscriptionResponse UUID:MarketDataPOCUUID Service:LQ ServiceKey:XBT-USD Success:True
2019-05-06 15:33:34  :: SubscriptionResponse UUID:MarketDataPOCUUID Service:FP ServiceKey:XBT-USD Success:True
2019-05-06 15:33:35  :: SubscriptionResponse UUID:MarketDataPOCUUID Service:FD ServiceKey:XBT-USD Success:True
2019-05-06 15:34:34  :: Critical error processing last sales message: Subproceso anulado....
2019-05-06 15:34:34  :: Critical error processing quote message: Subproceso anulado....
2019-05-06 15:34:34  :: Critical error processing daily settlement price message: Subproceso anulado....
2019-05-06 15:34:34  :: Turning threads off on socket disconnection
2019-05-06 15:34:34  :: Critical error processing daily settlement price message: Subproceso anulado....
2019-05-06 15:34:49  :: Initializing Mock Server...
2019-05-06 15:34:49  :: Initializing all collections...
2019-05-06 15:34:49  :: Collections Initialized...
2019-05-06 15:34:58  :: Incoming connection request from 127.0.0.1
2019-05-06 15:35:52  :: Initializing Mock Server...
2019-05-06 15:35:52  :: Initializing all collections...
2019-05-06 15:35:52  :: Collections Initialized...
2019-05-06 15:35:59  :: Incoming connection request from 127.0.0.1
2019-05-06 15:36:02  :: OnMessage from IP -> 127.0.0.1
2019-05-06 15:36:02  :: Incoming Login request for user MM1_CLOBUI
2019-05-06 15:36:02  :: user MM1_CLOBUI Successfully logged in
2019-05-06 15:36:02  :: OnMessage from IP -> 127.0.0.1
2019-05-06 15:36:02  :: Incoming subscription for service LS
2019-05-06 15:36:03  :: OnMessage from IP -> 127.0.0.1
2019-05-06 15:36:03  :: Incoming subscription for service LQ
2019-05-06 15:36:04  :: OnMessage from IP -> 127.0.0.1
2019-05-06 15:36:04  :: Incoming subscription for service FD
2019-05-06 15:36:05  :: OnMessage from IP -> 127.0.0.1
2019-05-06 15:36:05  :: Incoming subscription for service FP
2019-05-06 15:36:05  :: SubscriptionResponse UUID:MarketDataPOCUUID Service:LS ServiceKey:XBT-USD Success:True
2019-05-06 15:36:06  :: SubscriptionResponse UUID:MarketDataPOCUUID Service:LQ ServiceKey:XBT-USD Success:True
2019-05-06 15:36:07  :: SubscriptionResponse UUID:MarketDataPOCUUID Service:FP ServiceKey:XBT-USD Success:True
2019-05-06 15:36:08  :: SubscriptionResponse UUID:MarketDataPOCUUID Service:FD ServiceKey:XBT-USD Success:True
