2019-10-03 12:22:00  :: Initializing Mock Server...
2019-10-03 12:22:00  :: Initializing all collections...
2019-10-03 12:22:01  :: Creating history service for controller HistoryServiceController on URL http://localhost:29400/
2019-10-03 12:22:02  :: Collections Initialized...
2019-10-03 12:22:23  :: Connecting for the first time to client 4381
2019-10-03 12:22:23  :: Connected for the first time to client 4381
2019-10-03 12:22:32  :: OnMessage TokenRequest from IP -> 127.0.0.1
2019-10-03 12:23:02  :: Initializing Mock Server...
2019-10-03 12:23:02  :: Initializing all collections...
2019-10-03 12:23:02  :: Creating history service for controller HistoryServiceController on URL http://localhost:29400/
2019-10-03 12:23:02  :: Collections Initialized...
2019-10-03 12:23:09  :: Connecting for the first time to client 4385
2019-10-03 12:23:09  :: Connected for the first time to client 4385
2019-10-03 12:23:12  :: OnMessage TokenRequest from IP -> 127.0.0.1
2019-10-03 12:23:13  :: OnMessage ClientLoginRequest from IP -> 127.0.0.1
2019-10-03 12:23:13  :: Sending ClientLoginResponse with UUID b80d426b-6470-4bda-9f7e-1963a04c704e
2019-10-03 12:23:13  :: Sending Instrument Batch 
2019-10-03 12:23:13  :: Sending ClientInstrumentState 
2019-10-03 12:23:13  :: Sending ClientInstrumentState 
2019-10-03 12:23:13  :: Sending ClientInstrumentState 
2019-10-03 12:23:13  :: Sending ClientInstrumentState 
2019-10-03 12:23:13  :: Sending ClientInstrumentState 
2019-10-03 12:23:13  :: Sending ClientInstrumentState 
2019-10-03 12:23:13  :: Sending ClientInstrumentState 
2019-10-03 12:23:13  :: Sending ClientInstrumentState 
2019-10-03 12:23:13  :: Sending ClientInstrumentState 
2019-10-03 12:23:13  :: Sending ClientInstrumentState 
2019-10-03 12:23:13  :: Sending ClientInstrumentState 
2019-10-03 12:23:13  :: Sending ClientInstrumentState 
2019-10-03 12:23:13  :: Sending ClientInstrumentState 
2019-10-03 12:23:13  :: Sending ClientInstrumentState 
2019-10-03 12:23:13  :: Sending ClientInstrumentState 
2019-10-03 12:23:13  :: Sending ClientInstrumentState 
2019-10-03 12:23:13  :: Sending ClientInstrumentState 
2019-10-03 12:23:13  :: Sending ClientInstrumentState 
2019-10-03 12:23:13  :: Sending ClientInstrumentState 
2019-10-03 12:23:13  :: Sending ClientInstrumentState 
2019-10-03 12:23:13  :: Sending ClientInstrumentState 
2019-10-03 12:23:13  :: Sending ClientUserRecord
2019-10-03 12:23:13  :: Exception unencrypting secret IujcY4o7WYL6l2IkRNoohUfOfRIynuWOsubq85JFJ91+EITsGHiCWTvhyPuvXFau: Unknown state trasnlation for PlatformStatus 7
2019-10-03 12:23:21  :: OnMessage ClientOrderReq from IP -> 127.0.0.1
2019-10-03 12:23:21  :: Sending ClientOrderResponse ...
2019-10-03 12:23:21  :: Best ask for buy order (Limit Price=15000.0) found at price 14999.0
2019-10-03 12:23:21  :: We update the ask price level 14999.0 for symbol ETH-USD (@DepthOfBook and @Orders and we send the message)
2019-10-03 12:23:21  :: Searching for affecter orders for symbol ETH-USD
2019-10-03 12:23:21  :: We send the DepthOfBook Message updating the ask price level 14999.0 for symbol ETH-USD (@DepthOfBook and @Orders and we send the message)
2019-10-03 12:23:21  :: We send a Trade for Size=10.0 and Price=14999.0 for symbol ETH-USD
2019-10-03 12:23:21  :: We update LastSale MD for Size=10 and Price=14999 for symbol ETH-USD
2019-10-03 12:23:21  :: LastSale updated...
2019-10-03 12:23:21  :: We udate Quotes MD for Size=10 and Price=14999 for symbol ETH-USD
2019-10-03 12:23:21  :: Updating best bid and ask for symbol ETH-USD
2019-10-03 12:23:21  :: Quotes updated...
2019-10-03 12:23:21  :: Halting security ETH-USD because of price change 66.371614666524686756823909420 % 
2019-10-03 12:23:21  :: We send a Trade Notification for Size=10 and Price=14999 for symbol ETH-USD
2019-10-03 12:23:21  :: Final leftQty=0 out of loop for buy order at price level 15000.0
2019-10-03 12:23:21  :: Creating new order in Orders collection for ClOrderId = 638ac9cc-515e-4e9c-8882-47e6d2d19b39
2019-10-03 12:23:21  :: Sending open order count for all symbols : 2
2019-10-03 12:23:21  :: Updating best bid and ask for symbol ETH-USD
2019-10-03 12:23:22  :: OnMessage ClientOrderReq from IP -> 127.0.0.1
2019-10-03 12:23:22  :: Sending ClientOrderResponse ...
2019-10-03 12:23:22  :: Best ask for buy order (Limit Price=15000.0) found at price 14999.0
2019-10-03 12:23:22  :: We update the ask price level 14999.0 for symbol ETH-USD (@DepthOfBook and @Orders and we send the message)
2019-10-03 12:23:22  :: Searching for affecter orders for symbol ETH-USD
2019-10-03 12:23:22  :: We send the DepthOfBook Message updating the ask price level 14999.0 for symbol ETH-USD (@DepthOfBook and @Orders and we send the message)
2019-10-03 12:23:22  :: We send a Trade for Size=10.0 and Price=14999.0 for symbol ETH-USD
2019-10-03 12:23:22  :: We update LastSale MD for Size=10 and Price=14999 for symbol ETH-USD
2019-10-03 12:23:22  :: LastSale updated...
2019-10-03 12:23:22  :: We udate Quotes MD for Size=10 and Price=14999 for symbol ETH-USD
2019-10-03 12:23:22  :: Updating best bid and ask for symbol ETH-USD
2019-10-03 12:23:22  :: Quotes updated...
2019-10-03 12:23:22  :: We send a Trade Notification for Size=10 and Price=14999 for symbol ETH-USD
2019-10-03 12:23:22  :: Final leftQty=0 out of loop for buy order at price level 15000.0
2019-10-03 12:23:22  :: Creating new order in Orders collection for ClOrderId = b69e5d79-72a4-49f5-bdc7-8e3a652077ab
2019-10-03 12:23:22  :: Sending open order count for all symbols : 2
2019-10-03 12:23:22  :: Updating best bid and ask for symbol ETH-USD
2019-10-03 12:23:23  :: OnMessage ClientOrderReq from IP -> 127.0.0.1
2019-10-03 12:23:23  :: Sending ClientOrderResponse ...
2019-10-03 12:23:23  :: Best ask for buy order (Limit Price=15000.0) found at price 14999.0
2019-10-03 12:23:23  :: We update the ask price level 14999.0 for symbol ETH-USD (@DepthOfBook and @Orders and we send the message)
2019-10-03 12:23:23  :: Searching for affecter orders for symbol ETH-USD
2019-10-03 12:23:23  :: We send the DepthOfBook Message updating the ask price level 14999.0 for symbol ETH-USD (@DepthOfBook and @Orders and we send the message)
2019-10-03 12:23:23  :: We send a Trade for Size=10.0 and Price=14999.0 for symbol ETH-USD
2019-10-03 12:23:23  :: We update LastSale MD for Size=10 and Price=14999 for symbol ETH-USD
2019-10-03 12:23:23  :: LastSale updated...
2019-10-03 12:23:23  :: We udate Quotes MD for Size=10 and Price=14999 for symbol ETH-USD
2019-10-03 12:23:23  :: Updating best bid and ask for symbol ETH-USD
2019-10-03 12:23:23  :: Quotes updated...
2019-10-03 12:23:23  :: We send a Trade Notification for Size=10 and Price=14999 for symbol ETH-USD
2019-10-03 12:23:23  :: Final leftQty=0 out of loop for buy order at price level 15000.0
2019-10-03 12:23:23  :: Creating new order in Orders collection for ClOrderId = c0373942-5680-47b6-98de-66eb83783bab
2019-10-03 12:23:23  :: Sending open order count for all symbols : 2
2019-10-03 12:23:23  :: Updating best bid and ask for symbol ETH-USD
2019-10-03 12:23:36  :: Initializing Mock Server...
2019-10-03 12:23:36  :: Initializing all collections...
2019-10-03 12:23:37  :: Creating history service for controller HistoryServiceController on URL http://localhost:29400/
2019-10-03 12:23:37  :: Collections Initialized...
2019-10-03 12:23:43  :: Connecting for the first time to client 4413
2019-10-03 12:23:43  :: Connected for the first time to client 4413
2019-10-03 12:23:54  :: OnMessage TokenRequest from IP -> 127.0.0.1
2019-10-03 12:23:54  :: OnMessage ClientLoginRequest from IP -> 127.0.0.1
2019-10-03 12:23:54  :: Sending ClientLoginResponse with UUID 39779435-9e84-4d42-bf5d-9094571aa269
2019-10-03 12:23:54  :: Sending Instrument Batch 
2019-10-03 12:23:54  :: Sending ClientInstrumentState 
2019-10-03 12:23:54  :: Sending ClientInstrumentState 
2019-10-03 12:23:54  :: Sending ClientInstrumentState 
2019-10-03 12:23:54  :: Sending ClientInstrumentState 
2019-10-03 12:23:55  :: Sending ClientInstrumentState 
2019-10-03 12:23:55  :: Sending ClientInstrumentState 
2019-10-03 12:23:55  :: Sending ClientInstrumentState 
2019-10-03 12:23:55  :: Sending ClientInstrumentState 
2019-10-03 12:23:55  :: Sending ClientInstrumentState 
2019-10-03 12:23:55  :: Sending ClientInstrumentState 
2019-10-03 12:23:55  :: Sending ClientInstrumentState 
2019-10-03 12:23:55  :: Sending ClientInstrumentState 
2019-10-03 12:23:55  :: Sending ClientInstrumentState 
2019-10-03 12:23:55  :: Sending ClientInstrumentState 
2019-10-03 12:23:55  :: Sending ClientInstrumentState 
2019-10-03 12:23:55  :: Sending ClientInstrumentState 
2019-10-03 12:23:55  :: Sending ClientInstrumentState 
2019-10-03 12:23:55  :: Sending ClientInstrumentState 
2019-10-03 12:23:55  :: Sending ClientInstrumentState 
2019-10-03 12:23:55  :: Sending ClientInstrumentState 
2019-10-03 12:23:55  :: Sending ClientInstrumentState 
2019-10-03 12:23:55  :: Sending ClientUserRecord
2019-10-03 12:23:55  :: Exception unencrypting secret 0/wKuv5TmHLZ1NX63b4ILehFCoVGDwF/DXSLkebGcC7+witcGK9D5KbSLSEDGcVB: Unknown state trasnlation for PlatformStatus 7
2019-10-03 12:23:59  :: OnMessage ClientOrderReq from IP -> 127.0.0.1
2019-10-03 12:23:59  :: Sending ClientOrderResponse ...
2019-10-03 12:23:59  :: Best ask for buy order (Limit Price=11000.0) found at price 14999.0
2019-10-03 12:23:59  :: Could not find matching sell price for symbol ETH-USD and order price 11000.0
2019-10-03 12:23:59  :: Evaluating price levels ...
2019-10-03 12:23:59  :: Sending new bid entry: Price=11000.0 Size=10.0 ...
2019-10-03 12:23:59  :: Evaluating LegacyOrderRecord ...
2019-10-03 12:23:59  :: Creating new order in Orders collection for ClOrderId = da534bd1-9696-45ee-b7d9-f962b0afecbf
2019-10-03 12:23:59  :: Sending open order count for all symbols : 3
2019-10-03 12:23:59  :: Updating quotes ...
2019-10-03 12:23:59  :: Updating best bid and ask for symbol ETH-USD
2019-10-03 12:24:00  :: OnMessage ClientOrderReq from IP -> 127.0.0.1
2019-10-03 12:24:00  :: Sending ClientOrderResponse ...
2019-10-03 12:24:00  :: Best ask for buy order (Limit Price=11000.0) found at price 14999.0
2019-10-03 12:24:00  :: Could not find matching sell price for symbol ETH-USD and order price 11000.0
2019-10-03 12:24:00  :: Evaluating price levels ...
2019-10-03 12:24:00  :: Sending upd bid entry: Price=11000.0 Size=20.0 ...
2019-10-03 12:24:00  :: Evaluating LegacyOrderRecord ...
2019-10-03 12:24:00  :: Creating new order in Orders collection for ClOrderId = 8fca955a-481c-442c-ad61-6b77fa031c65
2019-10-03 12:24:00  :: Sending open order count for all symbols : 4
2019-10-03 12:24:00  :: Updating quotes ...
2019-10-03 12:24:00  :: Updating best bid and ask for symbol ETH-USD
2019-10-03 12:24:01  :: OnMessage ClientOrderReq from IP -> 127.0.0.1
2019-10-03 12:24:01  :: Sending ClientOrderResponse ...
2019-10-03 12:24:01  :: Best ask for buy order (Limit Price=11000.0) found at price 14999.0
2019-10-03 12:24:01  :: Could not find matching sell price for symbol ETH-USD and order price 11000.0
2019-10-03 12:24:01  :: Evaluating price levels ...
2019-10-03 12:24:01  :: Sending upd bid entry: Price=11000.0 Size=30.0 ...
2019-10-03 12:24:01  :: Evaluating LegacyOrderRecord ...
2019-10-03 12:24:01  :: Creating new order in Orders collection for ClOrderId = 28d58126-91e4-4c74-b4ef-6fd497b542c8
2019-10-03 12:24:01  :: Sending open order count for all symbols : 5
2019-10-03 12:24:01  :: Updating quotes ...
2019-10-03 12:24:01  :: Updating best bid and ask for symbol ETH-USD
2019-10-03 12:24:05  :: OnMessage ClientMassCancelReq from IP -> 127.0.0.1
2019-10-03 12:24:05  :: Processing ProcessLegacyOrderMassCancelMock
2019-10-03 12:24:05  :: Sending cancellation ack for ClOrdId: 
2019-10-03 12:24:05  :: Evaluating price levels for ClOrdId: 
2019-10-03 12:24:05  :: Sending ClientMassCancelResponse
2019-10-03 12:24:05  :: Exception processing LegacyOrderMassCancelReq: Referencia a objeto no establecida como instancia de un objeto.
2019-10-03 12:24:51  :: Initializing Mock Server...
2019-10-03 12:24:51  :: Initializing all collections...
2019-10-03 12:24:51  :: Creating history service for controller HistoryServiceController on URL http://localhost:29400/
2019-10-03 12:24:51  :: Collections Initialized...
2019-10-03 12:24:58  :: Connecting for the first time to client 4421
2019-10-03 12:24:58  :: Connected for the first time to client 4421
2019-10-03 12:25:03  :: OnMessage TokenRequest from IP -> 127.0.0.1
2019-10-03 12:25:03  :: OnMessage ClientLoginRequest from IP -> 127.0.0.1
2019-10-03 12:25:03  :: Sending ClientLoginResponse with UUID bbf96a52-9249-41c9-baaa-eaeb30233e97
2019-10-03 12:25:03  :: Sending Instrument Batch 
2019-10-03 12:25:03  :: Sending ClientInstrumentState 
2019-10-03 12:25:03  :: Sending ClientInstrumentState 
2019-10-03 12:25:03  :: Sending ClientInstrumentState 
2019-10-03 12:25:03  :: Sending ClientInstrumentState 
2019-10-03 12:25:03  :: Sending ClientInstrumentState 
2019-10-03 12:25:03  :: Sending ClientInstrumentState 
2019-10-03 12:25:03  :: Sending ClientInstrumentState 
2019-10-03 12:25:03  :: Sending ClientInstrumentState 
2019-10-03 12:25:03  :: Sending ClientInstrumentState 
2019-10-03 12:25:03  :: Sending ClientInstrumentState 
2019-10-03 12:25:03  :: Sending ClientInstrumentState 
2019-10-03 12:25:03  :: Sending ClientInstrumentState 
2019-10-03 12:25:03  :: Sending ClientInstrumentState 
2019-10-03 12:25:03  :: Sending ClientInstrumentState 
2019-10-03 12:25:03  :: Sending ClientInstrumentState 
2019-10-03 12:25:03  :: Sending ClientInstrumentState 
2019-10-03 12:25:03  :: Sending ClientInstrumentState 
2019-10-03 12:25:03  :: Sending ClientInstrumentState 
2019-10-03 12:25:03  :: Sending ClientInstrumentState 
2019-10-03 12:25:03  :: Sending ClientInstrumentState 
2019-10-03 12:25:03  :: Sending ClientInstrumentState 
2019-10-03 12:25:03  :: Sending ClientUserRecord
2019-10-03 12:25:03  :: Exception unencrypting secret r/EpAtrsUN2URkGWupiuFGYLb9pOM+CX+cThLkLLS1BdUFfBsOFqV0AuFpb7f1y6: Unknown state trasnlation for PlatformStatus 7
2019-10-03 12:25:07  :: OnMessage ClientMassCancelReq from IP -> 127.0.0.1
2019-10-03 12:25:18  :: Processing ProcessLegacyOrderMassCancelMock
2019-10-03 12:25:29  :: Sending cancellation ack for ClOrdId: 
2019-10-03 12:28:11  :: Initializing Mock Server...
2019-10-03 12:28:11  :: Initializing all collections...
2019-10-03 12:28:11  :: Creating history service for controller HistoryServiceController on URL http://localhost:29400/
2019-10-03 12:28:12  :: Collections Initialized...
2019-10-03 12:28:26  :: Connecting for the first time to client 4708
2019-10-03 12:28:26  :: Connected for the first time to client 4708
2019-10-03 12:28:52  :: OnMessage TokenRequest from IP -> 127.0.0.1
2019-10-03 12:28:52  :: OnMessage ClientLoginRequest from IP -> 127.0.0.1
2019-10-03 12:28:52  :: Sending ClientLoginResponse with UUID c8ad15ce-1de0-4ffd-b5ee-905f4f12a312
2019-10-03 12:28:52  :: Sending Instrument Batch 
2019-10-03 12:28:52  :: Sending ClientInstrumentState 
2019-10-03 12:28:52  :: Sending ClientInstrumentState 
2019-10-03 12:28:52  :: Sending ClientInstrumentState 
2019-10-03 12:28:52  :: Sending ClientInstrumentState 
2019-10-03 12:28:52  :: Sending ClientInstrumentState 
2019-10-03 12:28:52  :: Sending ClientInstrumentState 
2019-10-03 12:28:52  :: Sending ClientInstrumentState 
2019-10-03 12:28:52  :: Sending ClientInstrumentState 
2019-10-03 12:28:52  :: Sending ClientInstrumentState 
2019-10-03 12:28:52  :: Sending ClientInstrumentState 
2019-10-03 12:28:52  :: Sending ClientInstrumentState 
2019-10-03 12:28:52  :: Sending ClientInstrumentState 
2019-10-03 12:28:52  :: Sending ClientInstrumentState 
2019-10-03 12:28:52  :: Sending ClientInstrumentState 
2019-10-03 12:28:52  :: Sending ClientInstrumentState 
2019-10-03 12:28:52  :: Sending ClientInstrumentState 
2019-10-03 12:28:52  :: Sending ClientInstrumentState 
2019-10-03 12:28:52  :: Sending ClientInstrumentState 
2019-10-03 12:28:52  :: Sending ClientInstrumentState 
2019-10-03 12:28:52  :: Sending ClientInstrumentState 
2019-10-03 12:28:52  :: Sending ClientInstrumentState 
2019-10-03 12:28:52  :: Sending ClientUserRecord
2019-10-03 12:28:53  :: Exception unencrypting secret SHBMtetuA328W7GqK0VnNbmYbUImu9K2xe5od6ox47Bu3erEhOXOS1dHBxNG8IsC: Unknown state trasnlation for PlatformStatus 7
2019-10-03 12:28:58  :: OnMessage ClientOrderReq from IP -> 127.0.0.1
2019-10-03 12:28:58  :: Sending ClientOrderResponse ...
2019-10-03 12:28:58  :: Best ask for buy order (Limit Price=11000.0) found at price 14999.0
2019-10-03 12:28:58  :: Could not find matching sell price for symbol ETH-USD and order price 11000.0
2019-10-03 12:28:58  :: Evaluating price levels ...
2019-10-03 12:28:58  :: Sending new bid entry: Price=11000.0 Size=10.0 ...
2019-10-03 12:28:58  :: Evaluating LegacyOrderRecord ...
2019-10-03 12:28:59  :: Creating new order in Orders collection for ClOrderId = a8ec6531-9955-4212-84fa-dcd867a9b4f6
2019-10-03 12:28:59  :: Sending open order count for all symbols : 3
2019-10-03 12:28:59  :: Updating quotes ...
2019-10-03 12:28:59  :: Updating best bid and ask for symbol ETH-USD
2019-10-03 12:28:59  :: OnMessage ClientOrderReq from IP -> 127.0.0.1
2019-10-03 12:28:59  :: Sending ClientOrderResponse ...
2019-10-03 12:28:59  :: Best ask for buy order (Limit Price=11000.0) found at price 14999.0
2019-10-03 12:28:59  :: Could not find matching sell price for symbol ETH-USD and order price 11000.0
2019-10-03 12:28:59  :: Evaluating price levels ...
2019-10-03 12:28:59  :: Sending upd bid entry: Price=11000.0 Size=20.0 ...
2019-10-03 12:28:59  :: Evaluating LegacyOrderRecord ...
2019-10-03 12:28:59  :: Creating new order in Orders collection for ClOrderId = c76e7ba5-73d3-4ae2-bf8f-fd67d4fed7ef
2019-10-03 12:28:59  :: Sending open order count for all symbols : 4
2019-10-03 12:28:59  :: Updating quotes ...
2019-10-03 12:28:59  :: Updating best bid and ask for symbol ETH-USD
2019-10-03 12:29:00  :: OnMessage ClientOrderReq from IP -> 127.0.0.1
2019-10-03 12:29:00  :: Sending ClientOrderResponse ...
2019-10-03 12:29:00  :: Best ask for buy order (Limit Price=11000.0) found at price 14999.0
2019-10-03 12:29:00  :: Could not find matching sell price for symbol ETH-USD and order price 11000.0
2019-10-03 12:29:00  :: Evaluating price levels ...
2019-10-03 12:29:00  :: Sending upd bid entry: Price=11000.0 Size=30.0 ...
2019-10-03 12:29:00  :: Evaluating LegacyOrderRecord ...
2019-10-03 12:29:00  :: Creating new order in Orders collection for ClOrderId = e1ff5856-fcb7-4ef6-9614-6b6fbe8d955a
2019-10-03 12:29:00  :: Sending open order count for all symbols : 5
2019-10-03 12:29:00  :: Updating quotes ...
2019-10-03 12:29:00  :: Updating best bid and ask for symbol ETH-USD
2019-10-03 12:29:04  :: OnMessage ClientMassCancelReq from IP -> 127.0.0.1
2019-10-03 12:29:06  :: Processing ProcessLegacyOrderMassCancelMock
2019-10-03 12:29:12  :: Sending cancellation ack for ClOrdId: 
2019-10-03 12:29:14  :: Evaluating price levels for ClOrdId: 
2019-10-03 12:29:26  :: Initializing Mock Server...
2019-10-03 12:29:26  :: Initializing all collections...
2019-10-03 12:29:26  :: Creating history service for controller HistoryServiceController on URL http://localhost:29400/
2019-10-03 12:29:27  :: Collections Initialized...
2019-10-03 12:29:32  :: Connecting for the first time to client 4716
2019-10-03 12:29:32  :: Connected for the first time to client 4716
2019-10-03 12:29:39  :: OnMessage TokenRequest from IP -> 127.0.0.1
2019-10-03 12:29:39  :: OnMessage ClientLoginRequest from IP -> 127.0.0.1
2019-10-03 12:29:39  :: Sending ClientLoginResponse with UUID 0480410e-7ebc-4bca-93b5-7ea2a2fdf9f8
2019-10-03 12:29:39  :: Sending Instrument Batch 
2019-10-03 12:29:39  :: Sending ClientInstrumentState 
2019-10-03 12:29:39  :: Sending ClientInstrumentState 
2019-10-03 12:29:39  :: Sending ClientInstrumentState 
2019-10-03 12:29:39  :: Sending ClientInstrumentState 
2019-10-03 12:29:39  :: Sending ClientInstrumentState 
2019-10-03 12:29:39  :: Sending ClientInstrumentState 
2019-10-03 12:29:39  :: Sending ClientInstrumentState 
2019-10-03 12:29:39  :: Sending ClientInstrumentState 
2019-10-03 12:29:39  :: Sending ClientInstrumentState 
2019-10-03 12:29:39  :: Sending ClientInstrumentState 
2019-10-03 12:29:39  :: Sending ClientInstrumentState 
2019-10-03 12:29:39  :: Sending ClientInstrumentState 
2019-10-03 12:29:39  :: Sending ClientInstrumentState 
2019-10-03 12:29:39  :: Sending ClientInstrumentState 
2019-10-03 12:29:39  :: Sending ClientInstrumentState 
2019-10-03 12:29:39  :: Sending ClientInstrumentState 
2019-10-03 12:29:39  :: Sending ClientInstrumentState 
2019-10-03 12:29:39  :: Sending ClientInstrumentState 
2019-10-03 12:29:39  :: Sending ClientInstrumentState 
2019-10-03 12:29:39  :: Sending ClientInstrumentState 
2019-10-03 12:29:39  :: Sending ClientInstrumentState 
2019-10-03 12:29:39  :: Sending ClientUserRecord
2019-10-03 12:29:39  :: Exception unencrypting secret h1kw+qE8jGnEdkYK/rdjKH/jXUV4CQWFOyld5fs9ypP6LyVmqEdGHnJf6E7hin0D: Unknown state trasnlation for PlatformStatus 7
2019-10-03 12:29:43  :: OnMessage ClientMassCancelReq from IP -> 127.0.0.1
2019-10-03 12:29:45  :: Processing ProcessLegacyOrderMassCancelMock
2019-10-03 12:29:48  :: Sending cancellation ack for ClOrdId: 
2019-10-03 12:29:48  :: Evaluating price levels for ClOrdId: 
2019-10-03 12:31:13  :: Initializing Mock Server...
2019-10-03 12:31:13  :: Initializing all collections...
2019-10-03 12:31:14  :: Creating history service for controller HistoryServiceController on URL http://localhost:29400/
2019-10-03 12:31:15  :: Collections Initialized...
2019-10-03 12:31:22  :: Connecting for the first time to client 4745
2019-10-03 12:31:22  :: Connected for the first time to client 4745
2019-10-03 12:31:29  :: OnMessage TokenRequest from IP -> 127.0.0.1
2019-10-03 12:31:29  :: OnMessage ClientLoginRequest from IP -> 127.0.0.1
2019-10-03 12:31:29  :: Sending ClientLoginResponse with UUID 00be60c5-8b80-4fc4-9dd5-6282d2a2507f
2019-10-03 12:31:29  :: Sending Instrument Batch 
2019-10-03 12:31:29  :: Sending ClientInstrumentState 
2019-10-03 12:31:29  :: Sending ClientInstrumentState 
2019-10-03 12:31:29  :: Sending ClientInstrumentState 
2019-10-03 12:31:29  :: Sending ClientInstrumentState 
2019-10-03 12:31:29  :: Sending ClientInstrumentState 
2019-10-03 12:31:29  :: Sending ClientInstrumentState 
2019-10-03 12:31:29  :: Sending ClientInstrumentState 
2019-10-03 12:31:29  :: Sending ClientInstrumentState 
2019-10-03 12:31:29  :: Sending ClientInstrumentState 
2019-10-03 12:31:29  :: Sending ClientInstrumentState 
2019-10-03 12:31:29  :: Sending ClientInstrumentState 
2019-10-03 12:31:29  :: Sending ClientInstrumentState 
2019-10-03 12:31:29  :: Sending ClientInstrumentState 
2019-10-03 12:31:29  :: Sending ClientInstrumentState 
2019-10-03 12:31:29  :: Sending ClientInstrumentState 
2019-10-03 12:31:29  :: Sending ClientInstrumentState 
2019-10-03 12:31:29  :: Sending ClientInstrumentState 
2019-10-03 12:31:29  :: Sending ClientInstrumentState 
2019-10-03 12:31:29  :: Sending ClientInstrumentState 
2019-10-03 12:31:29  :: Sending ClientInstrumentState 
2019-10-03 12:31:29  :: Sending ClientInstrumentState 
2019-10-03 12:31:29  :: Sending ClientUserRecord
2019-10-03 12:31:29  :: Exception unencrypting secret vQd3wlPNE1pfbE1jVPW786IhWkKkTpqQhhJgSBUJllBe6CwFiUvNP7AjfCtAMMfF: Unknown state trasnlation for PlatformStatus 7
2019-10-03 12:31:34  :: OnMessage ClientOrderReq from IP -> 127.0.0.1
2019-10-03 12:31:34  :: Sending ClientOrderResponse ...
2019-10-03 12:31:34  :: Best ask for buy order (Limit Price=11000.0) found at price 14999.0
2019-10-03 12:31:34  :: Could not find matching sell price for symbol ETH-USD and order price 11000.0
2019-10-03 12:31:34  :: Evaluating price levels ...
2019-10-03 12:31:34  :: Sending new bid entry: Price=11000.0 Size=10.0 ...
2019-10-03 12:31:34  :: Evaluating LegacyOrderRecord ...
2019-10-03 12:31:34  :: Creating new order in Orders collection for ClOrderId = 20f39b8c-fb41-424d-a917-658caa167632
2019-10-03 12:31:34  :: Sending open order count for all symbols : 3
2019-10-03 12:31:34  :: Updating quotes ...
2019-10-03 12:31:34  :: Updating best bid and ask for symbol ETH-USD
2019-10-03 12:31:34  :: OnMessage ClientOrderReq from IP -> 127.0.0.1
2019-10-03 12:31:34  :: Sending ClientOrderResponse ...
2019-10-03 12:31:34  :: Best ask for buy order (Limit Price=11000.0) found at price 14999.0
2019-10-03 12:31:34  :: Could not find matching sell price for symbol ETH-USD and order price 11000.0
2019-10-03 12:31:34  :: Evaluating price levels ...
2019-10-03 12:31:34  :: Sending upd bid entry: Price=11000.0 Size=20.0 ...
2019-10-03 12:31:34  :: Evaluating LegacyOrderRecord ...
2019-10-03 12:31:34  :: Creating new order in Orders collection for ClOrderId = 0673f8c8-2268-4d97-b550-bcfb83a33550
2019-10-03 12:31:34  :: Sending open order count for all symbols : 4
2019-10-03 12:31:34  :: Updating quotes ...
2019-10-03 12:31:34  :: Updating best bid and ask for symbol ETH-USD
2019-10-03 12:31:35  :: OnMessage ClientOrderReq from IP -> 127.0.0.1
2019-10-03 12:31:35  :: Sending ClientOrderResponse ...
2019-10-03 12:31:35  :: Best ask for buy order (Limit Price=11000.0) found at price 14999.0
2019-10-03 12:31:35  :: Could not find matching sell price for symbol ETH-USD and order price 11000.0
2019-10-03 12:31:35  :: Evaluating price levels ...
2019-10-03 12:31:35  :: Sending upd bid entry: Price=11000.0 Size=30.0 ...
2019-10-03 12:31:35  :: Evaluating LegacyOrderRecord ...
2019-10-03 12:31:35  :: Creating new order in Orders collection for ClOrderId = 9926abda-580e-4897-9bfc-0bcef7a555fa
2019-10-03 12:31:35  :: Sending open order count for all symbols : 5
2019-10-03 12:31:35  :: Updating quotes ...
2019-10-03 12:31:35  :: Updating best bid and ask for symbol ETH-USD
2019-10-03 12:31:38  :: OnMessage ClientMassCancelReq from IP -> 127.0.0.1
2019-10-03 12:31:43  :: Processing ProcessLegacyOrderMassCancelMock
2019-10-03 12:31:49  :: Sending cancellation ack for ClOrdId: 
2019-10-03 12:31:50  :: Evaluating price levels for ClOrdId: 
2019-10-03 12:31:53  :: Sending upd bid entry: Price=7490.0 Size=997.0 ...
2019-10-03 12:32:18  :: Updating best bid and ask for symbol ETH-USD
2019-10-03 12:32:26  :: Sending cancellation ack for ClOrdId: 
2019-10-03 12:32:26  :: Evaluating price levels for ClOrdId: 
2019-10-03 12:32:27  :: Sending upd bid entry: Price=7468.0 Size=1595.0 ...
2019-10-03 12:32:27  :: Updating best bid and ask for symbol ETH-USD
2019-10-03 12:32:31  :: Sending cancellation ack for ClOrdId: 20f39b8c-fb41-424d-a917-658caa167632
2019-10-03 12:32:32  :: Evaluating price levels for ClOrdId: 20f39b8c-fb41-424d-a917-658caa167632
2019-10-03 12:32:33  :: Sending upd bid entry: Price=11000.0 Size=20.0 ...
2019-10-03 12:32:42  :: Updating best bid and ask for symbol ETH-USD
2019-10-03 12:32:45  :: Sending cancellation ack for ClOrdId: 0673f8c8-2268-4d97-b550-bcfb83a33550
2019-10-03 12:32:46  :: Evaluating price levels for ClOrdId: 0673f8c8-2268-4d97-b550-bcfb83a33550
2019-10-03 12:32:46  :: Sending upd bid entry: Price=11000.0 Size=10.0 ...
2019-10-03 12:32:47  :: Updating best bid and ask for symbol ETH-USD
2019-10-03 12:32:54  :: Sending cancellation ack for ClOrdId: 9926abda-580e-4897-9bfc-0bcef7a555fa
2019-10-03 12:32:55  :: Evaluating price levels for ClOrdId: 9926abda-580e-4897-9bfc-0bcef7a555fa
2019-10-03 12:32:55  :: Sending upd bid entry: Price=11000.0 Size=0.0 ...
2019-10-03 12:32:56  :: Updating best bid and ask for symbol ETH-USD
2019-10-03 12:33:06  :: Sending ClientMassCancelResponse
2019-10-03 12:33:06  :: Sending open order count for all symbols : 0
2019-10-03 13:54:01  :: Initializing Mock Server...
2019-10-03 13:54:01  :: Initializing all collections...
2019-10-03 13:54:02  :: Creating history service for controller HistoryServiceController on URL http://localhost:29400/
2019-10-03 13:54:02  :: Collections Initialized...
2019-10-03 13:54:11  :: Connecting for the first time to client 6920
2019-10-03 13:54:11  :: Connected for the first time to client 6920
2019-10-03 13:54:16  :: OnMessage TokenRequest from IP -> 127.0.0.1
2019-10-03 13:54:16  :: OnMessage ClientLoginRequest from IP -> 127.0.0.1
2019-10-03 13:54:16  :: Sending ClientLoginResponse with UUID ccace07d-f428-4c04-ba1d-e291d0f259d4
2019-10-03 13:54:16  :: Sending Instrument Batch 
2019-10-03 13:54:16  :: Sending ClientInstrumentState 
2019-10-03 13:54:16  :: Sending ClientInstrumentState 
2019-10-03 13:54:16  :: Sending ClientInstrumentState 
2019-10-03 13:54:16  :: Sending ClientInstrumentState 
2019-10-03 13:54:16  :: Sending ClientInstrumentState 
2019-10-03 13:54:16  :: Sending ClientInstrumentState 
2019-10-03 13:54:16  :: Sending ClientInstrumentState 
2019-10-03 13:54:16  :: Sending ClientInstrumentState 
2019-10-03 13:54:16  :: Sending ClientInstrumentState 
2019-10-03 13:54:16  :: Sending ClientInstrumentState 
2019-10-03 13:54:16  :: Sending ClientInstrumentState 
2019-10-03 13:54:16  :: Sending ClientInstrumentState 
2019-10-03 13:54:16  :: Sending ClientInstrumentState 
2019-10-03 13:54:16  :: Sending ClientInstrumentState 
2019-10-03 13:54:16  :: Sending ClientInstrumentState 
2019-10-03 13:54:16  :: Sending ClientInstrumentState 
2019-10-03 13:54:16  :: Sending ClientInstrumentState 
2019-10-03 13:54:16  :: Sending ClientInstrumentState 
2019-10-03 13:54:16  :: Sending ClientInstrumentState 
2019-10-03 13:54:16  :: Sending ClientInstrumentState 
2019-10-03 13:54:16  :: Sending ClientInstrumentState 
2019-10-03 13:54:16  :: Sending ClientUserRecord
2019-10-03 13:54:16  :: Exception unencrypting secret +RQ+dofsAmfaIf2y5EMTzc3Ryp7DZCJo7NM1wiVMzOvylQeE3MeWcR6Nh018TqEx: Unknown state trasnlation for PlatformStatus 7
2019-10-03 13:54:21  :: OnMessage ClientOrderReq from IP -> 127.0.0.1
2019-10-03 13:54:21  :: Sending ClientOrderResponse ...
2019-10-03 13:54:22  :: Best ask for buy order (Limit Price=11000.0) found at price 14999.0
2019-10-03 13:54:22  :: Could not find matching sell price for symbol ETH-USD and order price 11000.0
2019-10-03 13:54:22  :: Evaluating price levels ...
2019-10-03 13:54:22  :: Sending new bid entry: Price=11000.0 Size=10.0 ...
2019-10-03 13:54:22  :: Evaluating LegacyOrderRecord ...
2019-10-03 13:54:22  :: Creating new order in Orders collection for ClOrderId = a2b61e4e-d439-4e7e-bca8-a6bc7b8b1c63
2019-10-03 13:54:22  :: Sending open order count for all symbols : 3
2019-10-03 13:54:22  :: Updating quotes ...
2019-10-03 13:54:22  :: Updating best bid and ask for symbol ETH-USD
2019-10-03 17:37:28  :: Initializing Mock Server...
2019-10-03 17:37:28  :: Initializing all collections...
2019-10-03 17:37:29  :: Creating history service for controller HistoryServiceController on URL http://localhost:29400/
2019-10-03 17:37:31  :: Collections Initialized...
2019-10-03 17:37:41  :: Connecting for the first time to client 10621
2019-10-03 17:37:41  :: Connected for the first time to client 10621
2019-10-03 17:37:43  :: OnMessage TokenRequest from IP -> 127.0.0.1
2019-10-03 17:37:43  :: OnMessage ClientLoginRequest from IP -> 127.0.0.1
2019-10-03 17:37:43  :: Sending ClientLoginResponse with UUID 8381b8b3-b956-4212-9824-6c4abcf4a2bb
2019-10-03 17:37:43  :: Sending Instrument Batch 
2019-10-03 17:37:43  :: Sending ClientInstrumentState 
2019-10-03 17:37:43  :: Sending ClientInstrumentState 
2019-10-03 17:37:43  :: Sending ClientInstrumentState 
2019-10-03 17:37:43  :: Sending ClientInstrumentState 
2019-10-03 17:37:43  :: Sending ClientInstrumentState 
2019-10-03 17:37:43  :: Sending ClientInstrumentState 
2019-10-03 17:37:43  :: Sending ClientInstrumentState 
2019-10-03 17:37:43  :: Sending ClientInstrumentState 
2019-10-03 17:37:43  :: Sending ClientInstrumentState 
2019-10-03 17:37:43  :: Sending ClientInstrumentState 
2019-10-03 17:37:43  :: Sending ClientInstrumentState 
2019-10-03 17:37:43  :: Sending ClientInstrumentState 
2019-10-03 17:37:43  :: Sending ClientInstrumentState 
2019-10-03 17:37:43  :: Sending ClientInstrumentState 
2019-10-03 17:37:43  :: Sending ClientInstrumentState 
2019-10-03 17:37:43  :: Sending ClientInstrumentState 
2019-10-03 17:37:43  :: Sending ClientInstrumentState 
2019-10-03 17:37:43  :: Sending ClientInstrumentState 
2019-10-03 17:37:43  :: Sending ClientInstrumentState 
2019-10-03 17:37:43  :: Sending ClientInstrumentState 
2019-10-03 17:37:43  :: Sending ClientInstrumentState 
2019-10-03 17:37:43  :: Sending ClientUserRecord
2019-10-03 17:37:43  :: Exception unencrypting secret 3olOyPPBVlh/kJGpLGw4QLrzX/gu1SuThA4j/XmNxm+wUC1piKdFBmAMLvaWDTAw: Unknown state trasnlation for PlatformStatus 7
2019-10-03 17:38:55  :: OnMessage ClientOrderReq from IP -> 127.0.0.1
2019-10-03 17:38:55  :: Sending ClientOrderResponse ...
2019-10-03 17:38:55  :: Best ask for buy order (Limit Price=11000.0) found at price 14999.0
2019-10-03 17:38:55  :: Could not find matching sell price for symbol ETH-USD and order price 11000.0
2019-10-03 17:38:55  :: Evaluating price levels ...
2019-10-03 17:38:55  :: Sending new bid entry: Price=11000.0 Size=10.0 ...
2019-10-03 17:38:55  :: Evaluating LegacyOrderRecord ...
2019-10-03 17:38:56  :: Creating new order in Orders collection for ClOrderId = d57739ef-4026-41a1-83bc-e05c1a60b3fd
2019-10-03 17:38:56  :: Sending open order count for all symbols : 3
2019-10-03 17:38:56  :: Updating quotes ...
2019-10-03 17:38:56  :: Updating best bid and ask for symbol ETH-USD
