2019-04-09 10:48:47  :: Initializing Mock Server...
2019-04-09 10:48:47  :: Initializing all collections...
2019-04-09 10:48:48  :: Collections Initialized...
2019-04-09 10:49:21  :: Incoming Login request for user MM1_CLOBUI
2019-04-09 10:49:21  :: user MM1_CLOBUI Successfully logged in
2019-04-09 10:49:21  :: Incoming subscription for service TB
2019-04-09 10:49:21  :: Incoming subscription for service TD
2019-04-09 12:00:19  :: Initializing Mock Server...
2019-04-09 12:00:19  :: Initializing all collections...
2019-04-09 12:00:19  :: Collections Initialized...
2019-04-09 12:00:26  :: Incoming Login request for user MM1_CLOBUI
2019-04-09 12:00:26  :: user MM1_CLOBUI Successfully logged in
2019-04-09 12:00:26  :: Incoming subscription for service TB
2019-04-09 12:00:26  :: Incoming subscription for service TD
2019-04-09 12:00:26  :: Incoming subscription for service CU
2019-04-09 12:01:24  :: Incoming Login request for user MM1_CLOBUI
2019-04-09 12:01:24  :: user MM1_CLOBUI Successfully logged in
2019-04-09 12:01:24  :: Incoming subscription for service TB
2019-04-09 12:01:24  :: Incoming subscription for service TD
2019-04-09 12:01:24  :: Incoming subscription for service CU
2019-04-09 12:02:17  :: Initializing Mock Server...
2019-04-09 12:02:17  :: Initializing all collections...
2019-04-09 12:02:19  :: Collections Initialized...
2019-04-09 12:02:25  :: Incoming Login request for user MM1_CLOBUI
2019-04-09 12:02:25  :: user MM1_CLOBUI Successfully logged in
2019-04-09 12:02:25  :: Incoming subscription for service TB
2019-04-09 12:02:25  :: Incoming subscription for service TD
2019-04-09 12:02:25  :: Incoming subscription for service CU
2019-04-09 12:03:39  :: Incoming Login request for user MM1_CLOBUI
2019-04-09 12:03:39  :: user MM1_CLOBUI Successfully logged in
2019-04-09 12:03:39  :: Incoming subscription for service TB
2019-04-09 12:03:39  :: Incoming subscription for service TD
2019-04-09 12:03:50  :: Initializing Mock Server...
2019-04-09 12:03:50  :: Initializing all collections...
2019-04-09 12:03:50  :: Collections Initialized...
2019-04-09 12:04:05  :: Incoming Login request for user MM1_CLOBUI
2019-04-09 12:04:05  :: user MM1_CLOBUI Successfully logged in
2019-04-09 12:04:05  :: Incoming subscription for service TB
2019-04-09 12:04:06  :: Incoming subscription for service TD
2019-04-09 12:04:06  :: Incoming subscription for service CU
2019-04-09 12:04:37  :: Incoming Login request for user MM1_CLOBUI
2019-04-09 12:04:37  :: user MM1_CLOBUI Successfully logged in
2019-04-09 12:04:37  :: Incoming subscription for service TB
2019-04-09 12:04:37  :: Incoming subscription for service TD
2019-04-09 12:04:37  :: Incoming subscription for service CU
2019-04-09 12:05:49  :: Initializing Mock Server...
2019-04-09 12:05:49  :: Initializing all collections...
2019-04-09 12:05:49  :: Collections Initialized...
2019-04-09 12:05:56  :: Incoming Login request for user MM1_CLOBUI
2019-04-09 12:05:56  :: user MM1_CLOBUI Successfully logged in
2019-04-09 12:05:56  :: Incoming subscription for service TB
2019-04-09 12:05:56  :: Incoming subscription for service TD
2019-04-09 12:05:56  :: Incoming subscription for service CU
2019-04-09 12:07:01  :: Initializing Mock Server...
2019-04-09 12:07:01  :: Initializing all collections...
2019-04-09 12:07:01  :: Collections Initialized...
2019-04-09 12:07:08  :: Incoming Login request for user MM1_CLOBUI
2019-04-09 12:07:08  :: user MM1_CLOBUI Successfully logged in
2019-04-09 12:07:08  :: Incoming subscription for service TB
2019-04-09 12:07:08  :: Incoming subscription for service TD
2019-04-09 12:07:08  :: Incoming subscription for service CU
2019-04-09 12:08:07  :: Initializing Mock Server...
2019-04-09 12:08:07  :: Initializing all collections...
2019-04-09 12:08:07  :: Collections Initialized...
2019-04-09 12:08:13  :: Incoming Login request for user MM1_CLOBUI
2019-04-09 12:08:13  :: user MM1_CLOBUI Successfully logged in
2019-04-09 12:08:13  :: Incoming subscription for service TB
2019-04-09 12:08:13  :: Incoming subscription for service TD
2019-04-09 12:08:21  :: Initializing Mock Server...
2019-04-09 12:08:21  :: Initializing all collections...
2019-04-09 12:08:21  :: Collections Initialized...
2019-04-09 12:08:27  :: Incoming Login request for user MM1_CLOBUI
2019-04-09 12:08:27  :: user MM1_CLOBUI Successfully logged in
2019-04-09 12:08:27  :: Incoming subscription for service TB
2019-04-09 12:08:27  :: Incoming subscription for service TD
2019-04-09 12:08:27  :: Incoming subscription for service CU
2019-04-09 12:09:18  :: Initializing Mock Server...
2019-04-09 12:09:18  :: Initializing all collections...
2019-04-09 12:09:18  :: Collections Initialized...
2019-04-09 12:09:26  :: Incoming Login request for user MM1_CLOBUI
2019-04-09 12:09:26  :: user MM1_CLOBUI Successfully logged in
2019-04-09 12:09:26  :: Incoming subscription for service TB
2019-04-09 12:09:26  :: Incoming subscription for service TD
2019-04-09 12:09:26  :: Incoming subscription for service CU
2019-04-09 12:09:40  :: Incoming Login request for user MM1_CLOBUI
2019-04-09 12:09:40  :: user MM1_CLOBUI Successfully logged in
2019-04-09 12:09:40  :: Incoming subscription for service TB
2019-04-09 12:09:40  :: Incoming subscription for service TD
2019-04-09 12:09:40  :: Incoming subscription for service CU
2019-04-09 12:11:14  :: Initializing Mock Server...
2019-04-09 12:11:14  :: Initializing all collections...
2019-04-09 12:11:14  :: Collections Initialized...
2019-04-09 12:11:22  :: Incoming Login request for user MM1_CLOBUI
2019-04-09 12:11:22  :: user MM1_CLOBUI Successfully logged in
2019-04-09 12:11:22  :: Incoming subscription for service TB
2019-04-09 12:11:22  :: Incoming subscription for service TD
2019-04-09 12:11:29  :: Initializing Mock Server...
2019-04-09 12:11:29  :: Initializing all collections...
2019-04-09 12:11:29  :: Collections Initialized...
2019-04-09 12:11:36  :: Incoming Login request for user MM1_CLOBUI
2019-04-09 12:11:36  :: user MM1_CLOBUI Successfully logged in
2019-04-09 12:11:36  :: Incoming subscription for service TB
2019-04-09 12:11:36  :: Incoming subscription for service TD
2019-04-09 12:11:36  :: Incoming subscription for service CU
2019-04-09 12:12:47  :: Initializing Mock Server...
2019-04-09 12:12:47  :: Initializing all collections...
2019-04-09 12:12:47  :: Collections Initialized...
2019-04-09 12:12:54  :: Incoming Login request for user MM1_CLOBUI
2019-04-09 12:12:54  :: user MM1_CLOBUI Successfully logged in
2019-04-09 12:12:54  :: Incoming subscription for service TB
2019-04-09 12:12:54  :: Incoming subscription for service TD
2019-04-09 12:12:54  :: Incoming subscription for service CU
2019-04-09 12:55:29  :: Initializing Mock Server...
2019-04-09 12:55:29  :: Initializing all collections...
2019-04-09 12:55:29  :: Collections Initialized...
2019-04-09 12:55:38  :: Incoming Login request for user MM1_CLOBUI
2019-04-09 12:55:38  :: user MM1_CLOBUI Successfully logged in
2019-04-09 12:55:38  :: Incoming subscription for service TB
2019-04-09 12:55:38  :: Incoming subscription for service TD
2019-04-09 12:55:38  :: Incoming subscription for service CU
2019-04-09 14:55:25  :: Initializing Mock Server...
2019-04-09 14:55:25  :: Initializing all collections...
2019-04-09 14:55:25  :: Collections Initialized...
2019-04-09 14:55:36  :: Incoming Login request for user MM1_CLOBUI
2019-04-09 14:55:36  :: user MM1_CLOBUI Successfully logged in
2019-04-09 15:18:11  :: Initializing Mock Server...
2019-04-09 15:18:11  :: Initializing all collections...
2019-04-09 15:18:12  :: Collections Initialized...
2019-04-09 15:18:25  :: Incoming Login request for user MM1_CLOBUI
2019-04-09 15:18:25  :: user MM1_CLOBUI Successfully logged in
2019-04-09 15:18:27  :: Incoming subscription for service TB
2019-04-09 15:18:27  :: Incoming subscription for service TD
2019-04-09 15:18:27  :: Incoming subscription for service CU
2019-04-09 15:19:11  :: Initializing Mock Server...
2019-04-09 15:19:11  :: Initializing all collections...
2019-04-09 15:19:11  :: Collections Initialized...
2019-04-09 15:19:18  :: Incoming Login request for user MM1_CLOBUI
2019-04-09 15:19:18  :: user MM1_CLOBUI Successfully logged in
2019-04-09 15:19:18  :: Incoming subscription for service TB
2019-04-09 15:19:18  :: Incoming subscription for service TD
2019-04-09 15:19:18  :: Incoming subscription for service CU
