2020-04-07 16:10:33  :: Initializing Mock Server...
2020-04-07 16:10:33  :: Initializing all collections...
2020-04-07 16:10:35  :: Creating history service for controller HistoryServiceController on URL http://localhost:29400/
2020-04-07 16:10:35  :: Collections Initialized...
2020-04-07 16:10:51  :: Connecting for the first time to client 57276
2020-04-07 16:10:51  :: Connected for the first time to client 57276
2020-04-07 16:10:51  :: OnMessage TokenRequest from IP -> 127.0.0.1
2020-04-07 16:10:52  :: OnMessage ClientLoginRequest from IP -> 127.0.0.1
2020-04-07 16:10:52  :: Sending ClientLoginResponse with UUID 2582035c-7652-4db7-bb78-da2ffd9f25d7
2020-04-07 16:10:52  :: Sending Instrument Batch 
2020-04-07 16:10:52  :: Sending ClientInstrumentState 
2020-04-07 16:10:52  :: Sending ClientInstrumentState 
2020-04-07 16:10:52  :: Sending ClientInstrumentState 
2020-04-07 16:10:52  :: Sending ClientInstrumentState 
2020-04-07 16:10:52  :: Sending ClientInstrumentState 
2020-04-07 16:10:52  :: Sending ClientInstrumentState 
2020-04-07 16:10:52  :: Sending ClientInstrumentState 
2020-04-07 16:10:52  :: Sending ClientInstrumentState 
2020-04-07 16:10:52  :: Sending ClientInstrumentState 
2020-04-07 16:10:52  :: Sending ClientInstrumentState 
2020-04-07 16:10:52  :: Sending ClientInstrumentState 
2020-04-07 16:10:52  :: Sending ClientInstrumentState 
2020-04-07 16:10:52  :: Sending ClientInstrumentState 
2020-04-07 16:10:52  :: Sending ClientInstrumentState 
2020-04-07 16:10:52  :: Sending ClientInstrumentState 
2020-04-07 16:10:52  :: Sending ClientInstrumentState 
2020-04-07 16:10:52  :: Sending ClientInstrumentState 
2020-04-07 16:10:52  :: Sending ClientInstrumentState 
2020-04-07 16:10:52  :: Sending ClientInstrumentState 
2020-04-07 16:10:52  :: Sending ClientInstrumentState 
2020-04-07 16:10:52  :: Sending ClientUserRecord
2020-04-07 16:10:52  :: Sending ClientMarketStateBatch
2020-04-07 16:10:52  :: Sending ClientAccountRecordBatch 
2020-04-07 16:10:55  :: OnMessage ClientHeartbeat from IP -> 127.0.0.1
2020-04-07 16:10:58  :: OnMessage ClientHeartbeat from IP -> 127.0.0.1
2020-04-07 16:11:01  :: OnMessage ClientHeartbeat from IP -> 127.0.0.1
2020-04-07 16:11:04  :: OnMessage ClientHeartbeat from IP -> 127.0.0.1
2020-04-07 16:11:07  :: OnMessage ClientHeartbeat from IP -> 127.0.0.1
2020-04-07 16:11:07  :: OnMessage FirmsListRequest from IP -> 127.0.0.1
2020-04-07 16:11:07  :: Process FirmsListReqest: 9 firms loaded
2020-04-07 16:11:10  :: OnMessage ClientHeartbeat from IP -> 127.0.0.1
2020-04-07 16:11:18  :: OnMessage ClientHeartbeat from IP -> 127.0.0.1
2020-04-07 16:12:24  :: Initializing Mock Server...
2020-04-07 16:12:24  :: Initializing all collections...
2020-04-07 16:12:25  :: Creating history service for controller HistoryServiceController on URL http://localhost:29400/
2020-04-07 16:12:25  :: Collections Initialized...
2020-04-07 16:12:33  :: Connecting for the first time to client 57337
2020-04-07 16:12:33  :: Connected for the first time to client 57337
2020-04-07 16:12:40  :: OnMessage TokenRequest from IP -> 127.0.0.1
2020-04-07 16:12:40  :: OnMessage ClientLoginRequest from IP -> 127.0.0.1
2020-04-07 16:12:40  :: Sending ClientLoginResponse with UUID d7c09635-b7a5-41a5-af2e-02a47e354399
2020-04-07 16:12:40  :: Sending Instrument Batch 
2020-04-07 16:12:40  :: Sending ClientInstrumentState 
2020-04-07 16:12:40  :: Sending ClientInstrumentState 
2020-04-07 16:12:40  :: Sending ClientInstrumentState 
2020-04-07 16:12:40  :: Sending ClientInstrumentState 
2020-04-07 16:12:40  :: Sending ClientInstrumentState 
2020-04-07 16:12:40  :: Sending ClientInstrumentState 
2020-04-07 16:12:40  :: Sending ClientInstrumentState 
2020-04-07 16:12:40  :: Sending ClientInstrumentState 
2020-04-07 16:12:40  :: Sending ClientInstrumentState 
2020-04-07 16:12:40  :: Sending ClientInstrumentState 
2020-04-07 16:12:40  :: Sending ClientInstrumentState 
2020-04-07 16:12:40  :: Sending ClientInstrumentState 
2020-04-07 16:12:40  :: Sending ClientInstrumentState 
2020-04-07 16:12:40  :: Sending ClientInstrumentState 
2020-04-07 16:12:40  :: Sending ClientInstrumentState 
2020-04-07 16:12:40  :: Sending ClientInstrumentState 
2020-04-07 16:12:40  :: Sending ClientInstrumentState 
2020-04-07 16:12:40  :: Sending ClientInstrumentState 
2020-04-07 16:12:40  :: Sending ClientInstrumentState 
2020-04-07 16:12:40  :: Sending ClientInstrumentState 
2020-04-07 16:12:40  :: Sending ClientUserRecord
2020-04-07 16:12:40  :: Sending ClientMarketStateBatch
2020-04-07 16:12:40  :: Sending ClientAccountRecordBatch 
2020-04-07 16:12:43  :: OnMessage ClientHeartbeat from IP -> 127.0.0.1
2020-04-07 16:12:46  :: OnMessage ClientHeartbeat from IP -> 127.0.0.1
2020-04-07 16:12:49  :: OnMessage FirmsListRequest from IP -> 127.0.0.1
2020-04-07 16:15:27  :: Initializing Mock Server...
2020-04-07 16:15:27  :: Initializing all collections...
2020-04-07 16:15:28  :: Creating history service for controller HistoryServiceController on URL http://localhost:29400/
2020-04-07 16:15:28  :: Collections Initialized...
2020-04-07 16:15:36  :: Connecting for the first time to client 57433
2020-04-07 16:15:36  :: Connected for the first time to client 57433
2020-04-07 16:15:39  :: OnMessage TokenRequest from IP -> 127.0.0.1
2020-04-07 16:15:39  :: OnMessage ClientLoginRequest from IP -> 127.0.0.1
2020-04-07 16:15:39  :: Sending ClientLoginResponse with UUID b309b3ce-78f6-4e83-a184-d25f06330014
2020-04-07 16:15:39  :: Sending Instrument Batch 
2020-04-07 16:15:39  :: Sending ClientInstrumentState 
2020-04-07 16:15:39  :: Sending ClientInstrumentState 
2020-04-07 16:15:40  :: Sending ClientInstrumentState 
2020-04-07 16:15:40  :: Sending ClientInstrumentState 
2020-04-07 16:15:40  :: Sending ClientInstrumentState 
2020-04-07 16:15:40  :: Sending ClientInstrumentState 
2020-04-07 16:15:40  :: Sending ClientInstrumentState 
2020-04-07 16:15:40  :: Sending ClientInstrumentState 
2020-04-07 16:15:40  :: Sending ClientInstrumentState 
2020-04-07 16:15:40  :: Sending ClientInstrumentState 
2020-04-07 16:15:40  :: Sending ClientInstrumentState 
2020-04-07 16:15:40  :: Sending ClientInstrumentState 
2020-04-07 16:15:40  :: Sending ClientInstrumentState 
2020-04-07 16:15:40  :: Sending ClientInstrumentState 
2020-04-07 16:15:40  :: Sending ClientInstrumentState 
2020-04-07 16:15:40  :: Sending ClientInstrumentState 
2020-04-07 16:15:40  :: Sending ClientInstrumentState 
2020-04-07 16:15:40  :: Sending ClientInstrumentState 
2020-04-07 16:15:40  :: Sending ClientInstrumentState 
2020-04-07 16:15:40  :: Sending ClientInstrumentState 
2020-04-07 16:15:40  :: Sending ClientUserRecord
2020-04-07 16:15:40  :: Sending ClientMarketStateBatch
2020-04-07 16:15:40  :: Sending ClientAccountRecordBatch 
2020-04-07 16:15:43  :: OnMessage ClientHeartbeat from IP -> 127.0.0.1
2020-04-07 16:15:43  :: OnMessage FirmsListRequest from IP -> 127.0.0.1
2020-04-07 16:17:49  :: Initializing Mock Server...
2020-04-07 16:17:49  :: Initializing all collections...
2020-04-07 16:17:49  :: Creating history service for controller HistoryServiceController on URL http://localhost:29400/
2020-04-07 16:17:50  :: Collections Initialized...
2020-04-07 16:17:59  :: Connecting for the first time to client 57516
2020-04-07 16:17:59  :: Connected for the first time to client 57516
2020-04-07 16:18:04  :: OnMessage TokenRequest from IP -> 127.0.0.1
2020-04-07 16:18:04  :: OnMessage ClientLoginRequest from IP -> 127.0.0.1
2020-04-07 16:18:04  :: Sending ClientLoginResponse with UUID 2ba21da9-fb46-4f22-b047-1e36d4bbbfa6
2020-04-07 16:18:04  :: Sending Instrument Batch 
2020-04-07 16:18:04  :: Sending ClientInstrumentState 
2020-04-07 16:18:04  :: Sending ClientInstrumentState 
2020-04-07 16:18:04  :: Sending ClientInstrumentState 
2020-04-07 16:18:04  :: Sending ClientInstrumentState 
2020-04-07 16:18:04  :: Sending ClientInstrumentState 
2020-04-07 16:18:04  :: Sending ClientInstrumentState 
2020-04-07 16:18:04  :: Sending ClientInstrumentState 
2020-04-07 16:18:04  :: Sending ClientInstrumentState 
2020-04-07 16:18:04  :: Sending ClientInstrumentState 
2020-04-07 16:18:04  :: Sending ClientInstrumentState 
2020-04-07 16:18:04  :: Sending ClientInstrumentState 
2020-04-07 16:18:04  :: Sending ClientInstrumentState 
2020-04-07 16:18:04  :: Sending ClientInstrumentState 
2020-04-07 16:18:04  :: Sending ClientInstrumentState 
2020-04-07 16:18:04  :: Sending ClientInstrumentState 
2020-04-07 16:18:04  :: Sending ClientInstrumentState 
2020-04-07 16:18:04  :: Sending ClientInstrumentState 
2020-04-07 16:18:04  :: Sending ClientInstrumentState 
2020-04-07 16:18:04  :: Sending ClientInstrumentState 
2020-04-07 16:18:04  :: Sending ClientInstrumentState 
2020-04-07 16:18:04  :: Sending ClientUserRecord
2020-04-07 16:18:04  :: Sending ClientMarketStateBatch
2020-04-07 16:18:04  :: Sending ClientAccountRecordBatch 
2020-04-07 16:18:07  :: OnMessage ClientHeartbeat from IP -> 127.0.0.1
2020-04-07 16:18:09  :: OnMessage FirmsListRequest from IP -> 127.0.0.1
2020-04-07 16:32:07  :: Initializing Mock Server...
2020-04-07 16:32:07  :: Initializing all collections...
2020-04-07 16:32:08  :: Creating history service for controller HistoryServiceController on URL http://localhost:29400/
2020-04-07 16:32:08  :: Collections Initialized...
2020-04-07 16:32:17  :: Connecting for the first time to client 57962
2020-04-07 16:32:17  :: Connected for the first time to client 57962
2020-04-07 16:32:22  :: OnMessage TokenRequest from IP -> 127.0.0.1
2020-04-07 16:32:22  :: OnMessage ClientLoginRequest from IP -> 127.0.0.1
2020-04-07 16:32:22  :: Sending ClientLoginResponse with UUID a5529211-568e-443c-84fd-344e7804f36c
2020-04-07 16:32:22  :: Sending Instrument Batch 
2020-04-07 16:32:22  :: Sending ClientInstrumentState 
2020-04-07 16:32:22  :: Sending ClientInstrumentState 
2020-04-07 16:32:22  :: Sending ClientInstrumentState 
2020-04-07 16:32:22  :: Sending ClientInstrumentState 
2020-04-07 16:32:22  :: Sending ClientInstrumentState 
2020-04-07 16:32:22  :: Sending ClientInstrumentState 
2020-04-07 16:32:22  :: Sending ClientInstrumentState 
2020-04-07 16:32:22  :: Sending ClientInstrumentState 
2020-04-07 16:32:22  :: Sending ClientInstrumentState 
2020-04-07 16:32:22  :: Sending ClientInstrumentState 
2020-04-07 16:32:22  :: Sending ClientInstrumentState 
2020-04-07 16:32:22  :: Sending ClientInstrumentState 
2020-04-07 16:32:22  :: Sending ClientInstrumentState 
2020-04-07 16:32:22  :: Sending ClientInstrumentState 
2020-04-07 16:32:22  :: Sending ClientInstrumentState 
2020-04-07 16:32:22  :: Sending ClientInstrumentState 
2020-04-07 16:32:22  :: Sending ClientInstrumentState 
2020-04-07 16:32:22  :: Sending ClientInstrumentState 
2020-04-07 16:32:22  :: Sending ClientInstrumentState 
2020-04-07 16:32:22  :: Sending ClientInstrumentState 
2020-04-07 16:32:22  :: Sending ClientUserRecord
2020-04-07 16:32:22  :: Sending ClientMarketStateBatch
2020-04-07 16:32:22  :: Sending ClientAccountRecordBatch 
2020-04-07 16:32:26  :: OnMessage ClientHeartbeat from IP -> 127.0.0.1
2020-04-07 16:32:27  :: OnMessage ClientOrderReq from IP -> 127.0.0.1
2020-04-07 16:32:27  :: Sending ClientOrderResponse ...
2020-04-07 16:32:27  :: Evaluating price levels ...
2020-04-07 16:32:27  :: Sending new bid entry: Price=8900.0 Size=10.0 ...
2020-04-07 16:32:27  :: Evaluating LegacyOrderRecord ...
2020-04-07 16:32:27  :: brkpnt Creating new order in Orders collection for OrderId = b440c360-eae8-427b-b762-91e8b19a9540
2020-04-07 16:32:27  :: Creating new order in Orders collection for OrderId = b440c360-eae8-427b-b762-91e8b19a9540
2020-04-07 16:32:27  :: Sending open order count for all symbols : 3
2020-04-07 16:34:53  :: Initializing Mock Server...
2020-04-07 16:34:53  :: Initializing all collections...
2020-04-07 16:34:53  :: Creating history service for controller HistoryServiceController on URL http://localhost:29400/
2020-04-07 16:34:54  :: Collections Initialized...
2020-04-07 16:35:02  :: Connecting for the first time to client 58065
2020-04-07 16:35:02  :: Connected for the first time to client 58065
2020-04-07 16:35:10  :: OnMessage TokenRequest from IP -> 127.0.0.1
2020-04-07 16:35:10  :: OnMessage ClientLoginRequest from IP -> 127.0.0.1
2020-04-07 16:35:10  :: Sending ClientLoginResponse with UUID 07c9e5ad-c0ad-497c-98af-f425c542bbcf
2020-04-07 16:35:10  :: Sending Instrument Batch 
2020-04-07 16:35:11  :: Sending ClientInstrumentState 
2020-04-07 16:35:11  :: Sending ClientInstrumentState 
2020-04-07 16:35:11  :: Sending ClientInstrumentState 
2020-04-07 16:35:11  :: Sending ClientInstrumentState 
2020-04-07 16:35:11  :: Sending ClientInstrumentState 
2020-04-07 16:35:11  :: Sending ClientInstrumentState 
2020-04-07 16:35:11  :: Sending ClientInstrumentState 
2020-04-07 16:35:11  :: Sending ClientInstrumentState 
2020-04-07 16:35:11  :: Sending ClientInstrumentState 
2020-04-07 16:35:11  :: Sending ClientInstrumentState 
2020-04-07 16:35:11  :: Sending ClientInstrumentState 
2020-04-07 16:35:11  :: Sending ClientInstrumentState 
2020-04-07 16:35:11  :: Sending ClientInstrumentState 
2020-04-07 16:35:11  :: Sending ClientInstrumentState 
2020-04-07 16:35:11  :: Sending ClientInstrumentState 
2020-04-07 16:35:11  :: Sending ClientInstrumentState 
2020-04-07 16:35:11  :: Sending ClientInstrumentState 
2020-04-07 16:35:11  :: Sending ClientInstrumentState 
2020-04-07 16:35:11  :: Sending ClientInstrumentState 
2020-04-07 16:35:11  :: Sending ClientInstrumentState 
2020-04-07 16:35:11  :: Sending ClientUserRecord
2020-04-07 16:35:11  :: Sending ClientMarketStateBatch
2020-04-07 16:35:11  :: Sending ClientAccountRecordBatch 
2020-04-07 16:35:14  :: OnMessage ClientHeartbeat from IP -> 127.0.0.1
2020-04-07 16:35:17  :: OnMessage ClientHeartbeat from IP -> 127.0.0.1
2020-04-07 16:35:20  :: OnMessage ClientHeartbeat from IP -> 127.0.0.1
2020-04-07 16:35:21  :: OnMessage ClientOrderReq from IP -> 127.0.0.1
2020-04-07 16:35:21  :: Sending ClientOrderResponse ...
2020-04-07 16:35:21  :: Evaluating price levels ...
2020-04-07 16:35:21  :: Sending new bid entry: Price=8900.0 Size=10.0 ...
2020-04-07 16:35:21  :: Evaluating LegacyOrderRecord ...
2020-04-07 16:35:21  :: brkpnt Creating new order in Orders collection for OrderId = 6d9efc1a-924e-4902-8be0-9bed778ba485
2020-04-07 16:35:21  :: Creating new order in Orders collection for OrderId = 6d9efc1a-924e-4902-8be0-9bed778ba485
2020-04-07 16:35:21  :: Sending open order count for all symbols : 3
2020-04-07 16:38:36  :: Initializing Mock Server...
2020-04-07 16:38:36  :: Initializing all collections...
2020-04-07 16:38:36  :: Creating history service for controller HistoryServiceController on URL http://localhost:29400/
2020-04-07 16:38:36  :: Collections Initialized...
2020-04-07 16:38:44  :: Connecting for the first time to client 58167
2020-04-07 16:38:44  :: Connected for the first time to client 58167
2020-04-07 16:38:50  :: OnMessage TokenRequest from IP -> 127.0.0.1
2020-04-07 16:38:50  :: OnMessage ClientLoginRequest from IP -> 127.0.0.1
2020-04-07 16:38:50  :: Sending ClientLoginResponse with UUID 0ec4f66f-4329-4710-a65c-779a576b568f
2020-04-07 16:38:50  :: Sending Instrument Batch 
2020-04-07 16:38:50  :: Sending ClientInstrumentState 
2020-04-07 16:38:50  :: Sending ClientInstrumentState 
2020-04-07 16:38:50  :: Sending ClientInstrumentState 
2020-04-07 16:38:50  :: Sending ClientInstrumentState 
2020-04-07 16:38:50  :: Sending ClientInstrumentState 
2020-04-07 16:38:50  :: Sending ClientInstrumentState 
2020-04-07 16:38:50  :: Sending ClientInstrumentState 
2020-04-07 16:38:50  :: Sending ClientInstrumentState 
2020-04-07 16:38:50  :: Sending ClientInstrumentState 
2020-04-07 16:38:50  :: Sending ClientInstrumentState 
2020-04-07 16:38:50  :: Sending ClientInstrumentState 
2020-04-07 16:38:50  :: Sending ClientInstrumentState 
2020-04-07 16:38:50  :: Sending ClientInstrumentState 
2020-04-07 16:38:50  :: Sending ClientInstrumentState 
2020-04-07 16:38:50  :: Sending ClientInstrumentState 
2020-04-07 16:38:50  :: Sending ClientInstrumentState 
2020-04-07 16:38:50  :: Sending ClientInstrumentState 
2020-04-07 16:38:50  :: Sending ClientInstrumentState 
2020-04-07 16:38:50  :: Sending ClientInstrumentState 
2020-04-07 16:38:50  :: Sending ClientInstrumentState 
2020-04-07 16:38:50  :: Sending ClientUserRecord
2020-04-07 16:38:50  :: Sending ClientMarketStateBatch
2020-04-07 16:38:50  :: Sending ClientAccountRecordBatch 
2020-04-07 16:38:53  :: OnMessage ClientHeartbeat from IP -> 127.0.0.1
2020-04-07 16:38:56  :: OnMessage ClientHeartbeat from IP -> 127.0.0.1
2020-04-07 16:38:58  :: OnMessage ClientOrderReq from IP -> 127.0.0.1
2020-04-07 16:38:58  :: Sending ClientOrderResponse ...
2020-04-07 16:38:58  :: Evaluating price levels ...
2020-04-07 16:38:58  :: Sending new bid entry: Price=8900.0 Size=10.0 ...
2020-04-07 16:38:58  :: Evaluating LegacyOrderRecord ...
2020-04-07 16:38:58  :: brkpnt Creating new order in Orders collection for OrderId = 8334c49d-4789-44d6-bc43-7169ffb2f3ab
2020-04-07 16:38:58  :: Creating new order in Orders collection for OrderId = 8334c49d-4789-44d6-bc43-7169ffb2f3ab
2020-04-07 16:38:58  :: Sending open order count for all symbols : 1
2020-04-07 16:41:34  :: Initializing Mock Server...
2020-04-07 16:41:34  :: Initializing all collections...
2020-04-07 16:41:34  :: Creating history service for controller HistoryServiceController on URL http://localhost:29400/
2020-04-07 16:41:35  :: Collections Initialized...
2020-04-07 16:41:44  :: Connecting for the first time to client 58225
2020-04-07 16:41:44  :: Connected for the first time to client 58225
2020-04-07 16:41:49  :: OnMessage TokenRequest from IP -> 127.0.0.1
2020-04-07 16:41:49  :: OnMessage ClientLoginRequest from IP -> 127.0.0.1
2020-04-07 16:41:49  :: Sending ClientLoginResponse with UUID 6c3f4211-b142-4c7b-8b2b-06c18cbe0b0d
2020-04-07 16:41:49  :: Sending Instrument Batch 
2020-04-07 16:41:49  :: Sending ClientInstrumentState 
2020-04-07 16:41:49  :: Sending ClientInstrumentState 
2020-04-07 16:41:49  :: Sending ClientInstrumentState 
2020-04-07 16:41:49  :: Sending ClientInstrumentState 
2020-04-07 16:41:49  :: Sending ClientInstrumentState 
2020-04-07 16:41:49  :: Sending ClientInstrumentState 
2020-04-07 16:41:49  :: Sending ClientInstrumentState 
2020-04-07 16:41:49  :: Sending ClientInstrumentState 
2020-04-07 16:41:49  :: Sending ClientInstrumentState 
2020-04-07 16:41:49  :: Sending ClientInstrumentState 
2020-04-07 16:41:49  :: Sending ClientInstrumentState 
2020-04-07 16:41:49  :: Sending ClientInstrumentState 
2020-04-07 16:41:49  :: Sending ClientInstrumentState 
2020-04-07 16:41:49  :: Sending ClientInstrumentState 
2020-04-07 16:41:49  :: Sending ClientInstrumentState 
2020-04-07 16:41:49  :: Sending ClientInstrumentState 
2020-04-07 16:41:49  :: Sending ClientInstrumentState 
2020-04-07 16:41:49  :: Sending ClientInstrumentState 
2020-04-07 16:41:49  :: Sending ClientInstrumentState 
2020-04-07 16:41:49  :: Sending ClientInstrumentState 
2020-04-07 16:41:49  :: Sending ClientUserRecord
2020-04-07 16:41:49  :: Sending ClientMarketStateBatch
2020-04-07 16:41:49  :: Sending ClientAccountRecordBatch 
2020-04-07 16:41:52  :: OnMessage ClientHeartbeat from IP -> 127.0.0.1
2020-04-07 16:41:53  :: OnMessage ClientOrderReq from IP -> 127.0.0.1
2020-04-07 16:41:53  :: Sending ClientOrderResponse ...
2020-04-07 16:41:53  :: Evaluating price levels ...
2020-04-07 16:41:53  :: Sending new bid entry: Price=8900.0 Size=10.0 ...
2020-04-07 16:41:53  :: Evaluating LegacyOrderRecord ...
2020-04-07 16:41:53  :: brkpnt Creating new order in Orders collection for OrderId = 3163dee1-ce8f-4651-8ee8-cd8757000089
2020-04-07 16:41:53  :: Creating new order in Orders collection for OrderId = 3163dee1-ce8f-4651-8ee8-cd8757000089
2020-04-07 16:41:53  :: Sending open order count for all symbols : 1
2020-04-07 16:47:32  :: Initializing Mock Server...
2020-04-07 16:47:32  :: Initializing all collections...
2020-04-07 16:47:33  :: Creating history service for controller HistoryServiceController on URL http://localhost:29400/
2020-04-07 16:47:33  :: Collections Initialized...
2020-04-07 16:47:45  :: Connecting for the first time to client 58437
2020-04-07 16:47:45  :: Connected for the first time to client 58437
2020-04-07 16:47:48  :: OnMessage TokenRequest from IP -> 127.0.0.1
2020-04-07 16:47:48  :: OnMessage ClientLoginRequest from IP -> 127.0.0.1
2020-04-07 16:47:48  :: Sending ClientLoginResponse with UUID 903e57f6-1244-4525-be27-a55b8248744a
2020-04-07 16:47:48  :: Sending Instrument Batch 
2020-04-07 16:47:48  :: Sending ClientInstrumentState 
2020-04-07 16:47:48  :: Sending ClientInstrumentState 
2020-04-07 16:47:48  :: Sending ClientInstrumentState 
2020-04-07 16:47:48  :: Sending ClientInstrumentState 
2020-04-07 16:47:48  :: Sending ClientInstrumentState 
2020-04-07 16:47:48  :: Sending ClientInstrumentState 
2020-04-07 16:47:48  :: Sending ClientInstrumentState 
2020-04-07 16:47:48  :: Sending ClientInstrumentState 
2020-04-07 16:47:48  :: Sending ClientInstrumentState 
2020-04-07 16:47:48  :: Sending ClientInstrumentState 
2020-04-07 16:47:48  :: Sending ClientInstrumentState 
2020-04-07 16:47:48  :: Sending ClientInstrumentState 
2020-04-07 16:47:48  :: Sending ClientInstrumentState 
2020-04-07 16:47:48  :: Sending ClientInstrumentState 
2020-04-07 16:47:48  :: Sending ClientInstrumentState 
2020-04-07 16:47:48  :: Sending ClientInstrumentState 
2020-04-07 16:47:48  :: Sending ClientInstrumentState 
2020-04-07 16:47:48  :: Sending ClientInstrumentState 
2020-04-07 16:47:48  :: Sending ClientInstrumentState 
2020-04-07 16:47:48  :: Sending ClientInstrumentState 
2020-04-07 16:47:48  :: Sending ClientUserRecord
2020-04-07 16:47:48  :: Sending ClientMarketStateBatch
2020-04-07 16:47:48  :: Sending ClientAccountRecordBatch 
2020-04-07 16:47:51  :: OnMessage ClientHeartbeat from IP -> 127.0.0.1
2020-04-07 16:47:54  :: OnMessage ClientOrderReq from IP -> 127.0.0.1
2020-04-07 16:47:54  :: Sending ClientOrderResponse ...
2020-04-07 16:47:54  :: Evaluating price levels ...
2020-04-07 16:47:54  :: Sending new bid entry: Price=8900.0 Size=10.0 ...
2020-04-07 16:47:54  :: Evaluating LegacyOrderRecord ...
2020-04-07 16:47:54  :: brkpnt Creating new order in Orders collection for OrderId = 3a7227ac-1bc9-498f-9f29-7300b3557a37
2020-04-07 16:47:54  :: Creating new order in Orders collection for OrderId = 3a7227ac-1bc9-498f-9f29-7300b3557a37
2020-04-07 16:47:54  :: Sending open order count for all symbols : 3
2020-04-07 17:08:00  :: Initializing Mock Server...
2020-04-07 17:08:00  :: Initializing all collections...
2020-04-07 17:08:01  :: Creating history service for controller HistoryServiceController on URL http://localhost:29400/
2020-04-07 17:08:01  :: Collections Initialized...
2020-04-07 17:08:11  :: Connecting for the first time to client 59760
2020-04-07 17:08:11  :: Connected for the first time to client 59760
2020-04-07 17:08:15  :: OnMessage TokenRequest from IP -> 127.0.0.1
2020-04-07 17:08:15  :: OnMessage ClientLoginRequest from IP -> 127.0.0.1
2020-04-07 17:08:15  :: Sending ClientLoginResponse with UUID afa2f80d-086b-4e9c-be61-d696cd6628e1
2020-04-07 17:08:15  :: Sending Instrument Batch 
2020-04-07 17:08:15  :: Sending ClientInstrumentState 
2020-04-07 17:08:15  :: Sending ClientInstrumentState 
2020-04-07 17:08:15  :: Sending ClientInstrumentState 
2020-04-07 17:08:15  :: Sending ClientInstrumentState 
2020-04-07 17:08:15  :: Sending ClientInstrumentState 
2020-04-07 17:08:15  :: Sending ClientInstrumentState 
2020-04-07 17:08:15  :: Sending ClientInstrumentState 
2020-04-07 17:08:15  :: Sending ClientInstrumentState 
2020-04-07 17:08:15  :: Sending ClientInstrumentState 
2020-04-07 17:08:15  :: Sending ClientInstrumentState 
2020-04-07 17:08:15  :: Sending ClientInstrumentState 
2020-04-07 17:08:15  :: Sending ClientInstrumentState 
2020-04-07 17:08:15  :: Sending ClientInstrumentState 
2020-04-07 17:08:15  :: Sending ClientInstrumentState 
2020-04-07 17:08:15  :: Sending ClientInstrumentState 
2020-04-07 17:08:15  :: Sending ClientInstrumentState 
2020-04-07 17:08:15  :: Sending ClientInstrumentState 
2020-04-07 17:08:15  :: Sending ClientInstrumentState 
2020-04-07 17:08:15  :: Sending ClientInstrumentState 
2020-04-07 17:08:15  :: Sending ClientInstrumentState 
2020-04-07 17:08:15  :: Sending ClientUserRecord
2020-04-07 17:08:15  :: Sending ClientMarketStateBatch
2020-04-07 17:08:15  :: Sending ClientAccountRecordBatch 
2020-04-07 17:08:18  :: OnMessage ClientHeartbeat from IP -> 127.0.0.1
2020-04-07 17:08:20  :: OnMessage ClientOrderReq from IP -> 127.0.0.1
2020-04-07 17:08:20  :: Sending ClientOrderResponse ...
2020-04-07 17:08:20  :: Evaluating price levels ...
2020-04-07 17:08:20  :: Sending new bid entry: Price=9103.0 Size=10.0 ...
2020-04-07 17:08:20  :: Evaluating LegacyOrderRecord ...
2020-04-07 17:08:20  :: brkpnt Creating new order in Orders collection for OrderId = dd12522c-ac2f-49ab-832c-1f4c4dabcfff
2020-04-07 17:08:20  :: Creating new order in Orders collection for OrderId = dd12522c-ac2f-49ab-832c-1f4c4dabcfff
2020-04-07 17:08:20  :: Sending open order count for all symbols : 4
2020-04-07 17:08:20  :: Updating quotes ...
2020-04-07 17:08:20  :: Updating best bid and ask for symbol SWP-XBT-USD-G19
2020-04-07 17:08:20  :: Inserting quotes for symbol SWP-XBT-USD-G19
2020-04-07 17:08:20  :: Quotes for symbol SWP-XBT-USD-G19 inserted
2020-04-07 17:08:20  :: Updating credit ...
2020-04-07 17:08:20  :: Searching quotes for symbol SWP-XBT-USD-G19. 
2020-04-07 17:08:20  :: Sending LQ for symbol SWP-XBT-USD-G19. Best bid=9103.0 Best ask=
2020-04-07 17:08:21  :: OnMessage ClientHeartbeat from IP -> 127.0.0.1
2020-04-07 17:08:23  :: Searching quotes for symbol SWP-XBT-USD-G19. 
2020-04-07 17:08:23  :: Sending LQ for symbol SWP-XBT-USD-G19. Best bid=9103.0 Best ask=
2020-04-07 17:08:24  :: OnMessage ClientHeartbeat from IP -> 127.0.0.1
2020-04-07 17:08:26  :: Searching quotes for symbol SWP-XBT-USD-G19. 
2020-04-07 17:08:26  :: Sending LQ for symbol SWP-XBT-USD-G19. Best bid=9103.0 Best ask=
2020-04-07 17:08:29  :: Searching quotes for symbol SWP-XBT-USD-G19. 
2020-04-07 17:08:29  :: Sending LQ for symbol SWP-XBT-USD-G19. Best bid=9103.0 Best ask=
2020-04-07 17:08:32  :: Searching quotes for symbol SWP-XBT-USD-G19. 
2020-04-07 17:08:32  :: Sending LQ for symbol SWP-XBT-USD-G19. Best bid=9103.0 Best ask=
2020-04-07 17:08:35  :: Searching quotes for symbol SWP-XBT-USD-G19. 
2020-04-07 17:08:35  :: Sending LQ for symbol SWP-XBT-USD-G19. Best bid=9103.0 Best ask=
2020-04-07 17:08:38  :: Searching quotes for symbol SWP-XBT-USD-G19. 
2020-04-07 17:08:38  :: Sending LQ for symbol SWP-XBT-USD-G19. Best bid=9103.0 Best ask=
2020-04-07 17:08:41  :: Searching quotes for symbol SWP-XBT-USD-G19. 
2020-04-07 17:08:41  :: Sending LQ for symbol SWP-XBT-USD-G19. Best bid=9103.0 Best ask=
2020-04-07 17:08:44  :: Searching quotes for symbol SWP-XBT-USD-G19. 
2020-04-07 17:08:44  :: Sending LQ for symbol SWP-XBT-USD-G19. Best bid=9103.0 Best ask=
2020-04-07 17:08:47  :: Searching quotes for symbol SWP-XBT-USD-G19. 
2020-04-07 17:08:47  :: Sending LQ for symbol SWP-XBT-USD-G19. Best bid=9103.0 Best ask=
2020-04-07 17:08:50  :: Searching quotes for symbol SWP-XBT-USD-G19. 
2020-04-07 17:08:50  :: Sending LQ for symbol SWP-XBT-USD-G19. Best bid=9103.0 Best ask=
2020-04-07 17:08:53  :: Searching quotes for symbol SWP-XBT-USD-G19. 
2020-04-07 17:08:53  :: Sending LQ for symbol SWP-XBT-USD-G19. Best bid=9103.0 Best ask=
2020-04-07 17:09:31  :: Initializing Mock Server...
2020-04-07 17:09:31  :: Initializing all collections...
2020-04-07 17:09:32  :: Creating history service for controller HistoryServiceController on URL http://localhost:29400/
2020-04-07 17:09:32  :: Collections Initialized...
2020-04-07 17:09:40  :: Connecting for the first time to client 59799
2020-04-07 17:09:40  :: Connected for the first time to client 59799
2020-04-07 17:09:47  :: OnMessage TokenRequest from IP -> 127.0.0.1
2020-04-07 17:09:47  :: OnMessage ClientLoginRequest from IP -> 127.0.0.1
2020-04-07 17:09:47  :: Sending ClientLoginResponse with UUID d543260d-8135-40cd-9290-057b7fec9ec3
2020-04-07 17:09:47  :: Sending Instrument Batch 
2020-04-07 17:09:47  :: Sending ClientInstrumentState 
2020-04-07 17:09:47  :: Sending ClientInstrumentState 
2020-04-07 17:09:47  :: Sending ClientInstrumentState 
2020-04-07 17:09:47  :: Sending ClientInstrumentState 
2020-04-07 17:09:47  :: Sending ClientInstrumentState 
2020-04-07 17:09:47  :: Sending ClientInstrumentState 
2020-04-07 17:09:47  :: Sending ClientInstrumentState 
2020-04-07 17:09:47  :: Sending ClientInstrumentState 
2020-04-07 17:09:47  :: Sending ClientInstrumentState 
2020-04-07 17:09:47  :: Sending ClientInstrumentState 
2020-04-07 17:09:47  :: Sending ClientInstrumentState 
2020-04-07 17:09:47  :: Sending ClientInstrumentState 
2020-04-07 17:09:47  :: Sending ClientInstrumentState 
2020-04-07 17:09:47  :: Sending ClientInstrumentState 
2020-04-07 17:09:47  :: Sending ClientInstrumentState 
2020-04-07 17:09:47  :: Sending ClientInstrumentState 
2020-04-07 17:09:47  :: Sending ClientInstrumentState 
2020-04-07 17:09:47  :: Sending ClientInstrumentState 
2020-04-07 17:09:47  :: Sending ClientInstrumentState 
2020-04-07 17:09:47  :: Sending ClientInstrumentState 
2020-04-07 17:09:47  :: Sending ClientUserRecord
2020-04-07 17:09:47  :: Sending ClientMarketStateBatch
2020-04-07 17:09:47  :: Sending ClientAccountRecordBatch 
2020-04-07 17:09:50  :: OnMessage ClientHeartbeat from IP -> 127.0.0.1
2020-04-07 17:09:52  :: OnMessage ClientOrderReq from IP -> 127.0.0.1
2020-04-07 17:09:52  :: Sending ClientOrderResponse ...
2020-04-07 17:09:52  :: Evaluating price levels ...
2020-04-07 17:09:52  :: Sending new bid entry: Price=9103.0 Size=10.0 ...
2020-04-07 17:09:52  :: Evaluating LegacyOrderRecord ...
2020-04-07 17:09:52  :: brkpnt Creating new order in Orders collection for OrderId = eab05a82-beff-4c0b-8316-510c2a4af4b8
2020-04-07 17:09:52  :: Creating new order in Orders collection for OrderId = eab05a82-beff-4c0b-8316-510c2a4af4b8
2020-04-07 17:09:52  :: Sending open order count for all symbols : 4
2020-04-07 17:09:55  :: Updating quotes ...
2020-04-07 17:09:55  :: Updating best bid and ask for symbol SWP-XBT-USD-G19
2020-04-07 17:09:55  :: Inserting quotes for symbol SWP-XBT-USD-G19
2020-04-07 17:09:55  :: Quotes for symbol SWP-XBT-USD-G19 inserted
2020-04-07 17:09:55  :: Updating credit ...
2020-04-07 17:09:57  :: Searching quotes for symbol SWP-XBT-USD-G19. 
2020-04-07 17:09:57  :: Sending LQ for symbol SWP-XBT-USD-G19. Best bid=9103.0 Best ask=
2020-04-07 17:09:57  :: OnMessage ClientHeartbeat from IP -> 127.0.0.1
2020-04-07 17:09:57  :: OnMessage ClientHeartbeat from IP -> 127.0.0.1
2020-04-07 17:10:00  :: OnMessage ClientHeartbeat from IP -> 127.0.0.1
2020-04-07 17:10:00  :: Searching quotes for symbol SWP-XBT-USD-G19. 
2020-04-07 17:10:00  :: Sending LQ for symbol SWP-XBT-USD-G19. Best bid=9103.0 Best ask=
2020-04-07 17:10:03  :: OnMessage ClientHeartbeat from IP -> 127.0.0.1
2020-04-07 17:10:03  :: Searching quotes for symbol SWP-XBT-USD-G19. 
2020-04-07 17:10:03  :: Sending LQ for symbol SWP-XBT-USD-G19. Best bid=9103.0 Best ask=
2020-04-07 17:10:09  :: Initializing Mock Server...
2020-04-07 17:10:09  :: Initializing all collections...
2020-04-07 17:10:10  :: Creating history service for controller HistoryServiceController on URL http://localhost:29400/
2020-04-07 17:10:10  :: Collections Initialized...
2020-04-07 17:10:17  :: Connecting for the first time to client 59831
2020-04-07 17:10:17  :: Connected for the first time to client 59831
2020-04-07 17:10:21  :: OnMessage TokenRequest from IP -> 127.0.0.1
2020-04-07 17:10:21  :: OnMessage ClientLoginRequest from IP -> 127.0.0.1
2020-04-07 17:10:21  :: Sending ClientLoginResponse with UUID 8187ce8e-c05b-4493-9077-2e2448254162
2020-04-07 17:10:21  :: Sending Instrument Batch 
2020-04-07 17:10:21  :: Sending ClientInstrumentState 
2020-04-07 17:10:21  :: Sending ClientInstrumentState 
2020-04-07 17:10:21  :: Sending ClientInstrumentState 
2020-04-07 17:10:21  :: Sending ClientInstrumentState 
2020-04-07 17:10:21  :: Sending ClientInstrumentState 
2020-04-07 17:10:21  :: Sending ClientInstrumentState 
2020-04-07 17:10:21  :: Sending ClientInstrumentState 
2020-04-07 17:10:21  :: Sending ClientInstrumentState 
2020-04-07 17:10:21  :: Sending ClientInstrumentState 
2020-04-07 17:10:21  :: Sending ClientInstrumentState 
2020-04-07 17:10:21  :: Sending ClientInstrumentState 
2020-04-07 17:10:21  :: Sending ClientInstrumentState 
2020-04-07 17:10:21  :: Sending ClientInstrumentState 
2020-04-07 17:10:21  :: Sending ClientInstrumentState 
2020-04-07 17:10:21  :: Sending ClientInstrumentState 
2020-04-07 17:10:21  :: Sending ClientInstrumentState 
2020-04-07 17:10:21  :: Sending ClientInstrumentState 
2020-04-07 17:10:21  :: Sending ClientInstrumentState 
2020-04-07 17:10:21  :: Sending ClientInstrumentState 
2020-04-07 17:10:21  :: Sending ClientInstrumentState 
2020-04-07 17:10:21  :: Sending ClientUserRecord
2020-04-07 17:10:21  :: Sending ClientMarketStateBatch
2020-04-07 17:10:21  :: Sending ClientAccountRecordBatch 
2020-04-07 17:10:24  :: OnMessage ClientHeartbeat from IP -> 127.0.0.1
2020-04-07 17:10:24  :: OnMessage ClientOrderReq from IP -> 127.0.0.1
2020-04-07 17:10:24  :: Sending ClientOrderResponse ...
2020-04-07 17:10:24  :: Evaluating price levels ...
2020-04-07 17:10:24  :: Sending new bid entry: Price=9103.0 Size=10.0 ...
2020-04-07 17:10:24  :: Evaluating LegacyOrderRecord ...
2020-04-07 17:10:24  :: brkpnt Creating new order in Orders collection for OrderId = b2080057-e7a1-46af-8b26-2eb4eb4320ea
2020-04-07 17:10:24  :: Creating new order in Orders collection for OrderId = b2080057-e7a1-46af-8b26-2eb4eb4320ea
2020-04-07 17:10:24  :: Sending open order count for all symbols : 4
2020-04-07 17:10:28  :: Updating quotes ...
2020-04-07 17:10:28  :: Updating best bid and ask for symbol SWP-XBT-USD-G19
2020-04-07 17:10:28  :: Inserting quotes for symbol SWP-XBT-USD-G19
2020-04-07 17:10:28  :: Quotes for symbol SWP-XBT-USD-G19 inserted
2020-04-07 17:10:28  :: Updating credit ...
2020-04-07 17:10:30  :: Searching quotes for symbol SWP-XBT-USD-G19. 
2020-04-07 17:10:30  :: Sending LQ for symbol SWP-XBT-USD-G19. Best bid=9103.0 Best ask=
2020-04-07 17:11:08  :: Searching quotes for symbol SWP-XBT-USD-G19. 
2020-04-07 17:11:08  :: Sending LQ for symbol SWP-XBT-USD-G19. Best bid=9103.0 Best ask=
2020-04-07 17:11:12  :: Searching quotes for symbol SWP-XBT-USD-G19. 
2020-04-07 17:11:12  :: Sending LQ for symbol SWP-XBT-USD-G19. Best bid=9103.0 Best ask=
2020-04-07 17:11:15  :: Searching quotes for symbol SWP-XBT-USD-G19. 
2020-04-07 17:11:15  :: Sending LQ for symbol SWP-XBT-USD-G19. Best bid=9103.0 Best ask=
2020-04-07 17:12:56  :: Initializing Mock Server...
2020-04-07 17:12:56  :: Initializing all collections...
2020-04-07 17:12:56  :: Creating history service for controller HistoryServiceController on URL http://localhost:29400/
2020-04-07 17:12:57  :: Collections Initialized...
2020-04-07 17:13:07  :: Connecting for the first time to client 59876
2020-04-07 17:13:07  :: Connected for the first time to client 59876
2020-04-07 17:13:10  :: OnMessage TokenRequest from IP -> 127.0.0.1
2020-04-07 17:13:10  :: OnMessage ClientLoginRequest from IP -> 127.0.0.1
2020-04-07 17:13:10  :: Sending ClientLoginResponse with UUID 5cc6e6a7-42e1-4d7e-b698-09cdd33a338d
2020-04-07 17:13:10  :: Sending Instrument Batch 
2020-04-07 17:13:10  :: Sending ClientInstrumentState 
2020-04-07 17:13:10  :: Sending ClientInstrumentState 
2020-04-07 17:13:10  :: Sending ClientInstrumentState 
2020-04-07 17:13:10  :: Sending ClientInstrumentState 
2020-04-07 17:13:10  :: Sending ClientInstrumentState 
2020-04-07 17:13:10  :: Sending ClientInstrumentState 
2020-04-07 17:13:10  :: Sending ClientInstrumentState 
2020-04-07 17:13:10  :: Sending ClientInstrumentState 
2020-04-07 17:13:10  :: Sending ClientInstrumentState 
2020-04-07 17:13:10  :: Sending ClientInstrumentState 
2020-04-07 17:13:10  :: Sending ClientInstrumentState 
2020-04-07 17:13:10  :: Sending ClientInstrumentState 
2020-04-07 17:13:10  :: Sending ClientInstrumentState 
2020-04-07 17:13:10  :: Sending ClientInstrumentState 
2020-04-07 17:13:10  :: Sending ClientInstrumentState 
2020-04-07 17:13:10  :: Sending ClientInstrumentState 
2020-04-07 17:13:10  :: Sending ClientInstrumentState 
2020-04-07 17:13:10  :: Sending ClientInstrumentState 
2020-04-07 17:13:10  :: Sending ClientInstrumentState 
2020-04-07 17:13:10  :: Sending ClientInstrumentState 
2020-04-07 17:13:10  :: Sending ClientUserRecord
2020-04-07 17:13:10  :: Sending ClientMarketStateBatch
2020-04-07 17:13:10  :: Sending ClientAccountRecordBatch 
2020-04-07 17:13:13  :: OnMessage ClientHeartbeat from IP -> 127.0.0.1
2020-04-07 17:13:14  :: OnMessage ClientOrderReq from IP -> 127.0.0.1
2020-04-07 17:13:14  :: Sending ClientOrderResponse ...
2020-04-07 17:13:14  :: Evaluating price levels ...
2020-04-07 17:13:14  :: Sending new bid entry: Price=9103.0 Size=10.0 ...
2020-04-07 17:13:14  :: Evaluating LegacyOrderRecord ...
2020-04-07 17:13:14  :: brkpnt Creating new order in Orders collection for OrderId = 037c252f-f783-4b51-ade3-303a7a5b436e
2020-04-07 17:13:15  :: Creating new order in Orders collection for OrderId = 037c252f-f783-4b51-ade3-303a7a5b436e
2020-04-07 17:13:15  :: Sending open order count for all symbols : 4
2020-04-07 17:13:19  :: Updating quotes ...
2020-04-07 17:13:19  :: Updating best bid and ask for symbol SWP-XBT-USD-G19
2020-04-07 17:13:19  :: Inserting quotes for symbol SWP-XBT-USD-G19
2020-04-07 17:13:19  :: Quotes for symbol SWP-XBT-USD-G19 inserted
2020-04-07 17:13:19  :: Updating credit ...
2020-04-07 17:13:20  :: Searching quotes for symbol SWP-XBT-USD-G19. 
2020-04-07 17:13:20  :: Sending LQ for symbol SWP-XBT-USD-G19. Best bid=9103.0 Best ask=
2020-04-07 17:13:20  :: OnMessage ClientHeartbeat from IP -> 127.0.0.1
2020-04-07 17:13:22  :: OnMessage ClientHeartbeat from IP -> 127.0.0.1
2020-04-07 17:13:24  :: Searching quotes for symbol SWP-XBT-USD-G19. 
2020-04-07 17:13:24  :: Sending LQ for symbol SWP-XBT-USD-G19. Best bid=9103.0 Best ask=
2020-04-07 17:13:25  :: OnMessage ClientHeartbeat from IP -> 127.0.0.1
2020-04-07 17:13:27  :: Searching quotes for symbol SWP-XBT-USD-G19. 
2020-04-07 17:13:27  :: Sending LQ for symbol SWP-XBT-USD-G19. Best bid=9103.0 Best ask=
2020-04-07 17:13:28  :: OnMessage ClientHeartbeat from IP -> 127.0.0.1
2020-04-07 17:13:30  :: Searching quotes for symbol SWP-XBT-USD-G19. 
2020-04-07 17:13:30  :: Sending LQ for symbol SWP-XBT-USD-G19. Best bid=9103.0 Best ask=
2020-04-07 17:13:31  :: OnMessage ClientHeartbeat from IP -> 127.0.0.1
2020-04-07 17:13:33  :: Searching quotes for symbol SWP-XBT-USD-G19. 
2020-04-07 17:13:33  :: Sending LQ for symbol SWP-XBT-USD-G19. Best bid=9103.0 Best ask=
2020-04-07 17:13:34  :: OnMessage ClientHeartbeat from IP -> 127.0.0.1
2020-04-07 17:13:36  :: Searching quotes for symbol SWP-XBT-USD-G19. 
2020-04-07 17:13:36  :: Sending LQ for symbol SWP-XBT-USD-G19. Best bid=9103.0 Best ask=
2020-04-07 17:13:37  :: OnMessage ClientHeartbeat from IP -> 127.0.0.1
2020-04-07 17:13:39  :: Searching quotes for symbol SWP-XBT-USD-G19. 
2020-04-07 17:13:39  :: Sending LQ for symbol SWP-XBT-USD-G19. Best bid=9103.0 Best ask=
2020-04-07 17:13:40  :: OnMessage ClientHeartbeat from IP -> 127.0.0.1
2020-04-07 17:13:47  :: Initializing Mock Server...
2020-04-07 17:13:47  :: Initializing all collections...
2020-04-07 17:13:47  :: Creating history service for controller HistoryServiceController on URL http://localhost:29400/
2020-04-07 17:13:48  :: Collections Initialized...
2020-04-07 17:13:55  :: Connecting for the first time to client 59886
2020-04-07 17:13:55  :: Connected for the first time to client 59886
2020-04-07 17:13:58  :: OnMessage TokenRequest from IP -> 127.0.0.1
2020-04-07 17:13:59  :: OnMessage ClientLoginRequest from IP -> 127.0.0.1
2020-04-07 17:13:59  :: Sending ClientLoginResponse with UUID d36554a6-9947-4cb4-89e9-c1b4ff644891
2020-04-07 17:13:59  :: Sending Instrument Batch 
2020-04-07 17:13:59  :: Sending ClientInstrumentState 
2020-04-07 17:13:59  :: Sending ClientInstrumentState 
2020-04-07 17:13:59  :: Sending ClientInstrumentState 
2020-04-07 17:13:59  :: Sending ClientInstrumentState 
2020-04-07 17:13:59  :: Sending ClientInstrumentState 
2020-04-07 17:13:59  :: Sending ClientInstrumentState 
2020-04-07 17:13:59  :: Sending ClientInstrumentState 
2020-04-07 17:13:59  :: Sending ClientInstrumentState 
2020-04-07 17:13:59  :: Sending ClientInstrumentState 
2020-04-07 17:13:59  :: Sending ClientInstrumentState 
2020-04-07 17:13:59  :: Sending ClientInstrumentState 
2020-04-07 17:13:59  :: Sending ClientInstrumentState 
2020-04-07 17:13:59  :: Sending ClientInstrumentState 
2020-04-07 17:13:59  :: Sending ClientInstrumentState 
2020-04-07 17:13:59  :: Sending ClientInstrumentState 
2020-04-07 17:13:59  :: Sending ClientInstrumentState 
2020-04-07 17:13:59  :: Sending ClientInstrumentState 
2020-04-07 17:13:59  :: Sending ClientInstrumentState 
2020-04-07 17:13:59  :: Sending ClientInstrumentState 
2020-04-07 17:13:59  :: Sending ClientInstrumentState 
2020-04-07 17:13:59  :: Sending ClientUserRecord
2020-04-07 17:13:59  :: Sending ClientMarketStateBatch
2020-04-07 17:13:59  :: Sending ClientAccountRecordBatch 
2020-04-07 17:14:02  :: OnMessage ClientHeartbeat from IP -> 127.0.0.1
2020-04-07 17:14:02  :: OnMessage ClientOrderReq from IP -> 127.0.0.1
2020-04-07 17:14:03  :: Sending ClientOrderResponse ...
2020-04-07 17:15:35  :: Initializing Mock Server...
2020-04-07 17:15:35  :: Initializing all collections...
2020-04-07 17:15:35  :: Creating history service for controller HistoryServiceController on URL http://localhost:29400/
2020-04-07 17:15:35  :: Collections Initialized...
2020-04-07 17:15:44  :: Connecting for the first time to client 59923
2020-04-07 17:15:44  :: Connected for the first time to client 59923
2020-04-07 17:15:47  :: OnMessage TokenRequest from IP -> 127.0.0.1
2020-04-07 17:15:47  :: OnMessage ClientLoginRequest from IP -> 127.0.0.1
2020-04-07 17:15:47  :: Sending ClientLoginResponse with UUID b226dc8e-719a-4484-8428-6db498ef2e3c
2020-04-07 17:15:47  :: Sending Instrument Batch 
2020-04-07 17:15:47  :: Sending ClientInstrumentState 
2020-04-07 17:15:47  :: Sending ClientInstrumentState 
2020-04-07 17:15:47  :: Sending ClientInstrumentState 
2020-04-07 17:15:47  :: Sending ClientInstrumentState 
2020-04-07 17:15:47  :: Sending ClientInstrumentState 
2020-04-07 17:15:47  :: Sending ClientInstrumentState 
2020-04-07 17:15:47  :: Sending ClientInstrumentState 
2020-04-07 17:15:47  :: Sending ClientInstrumentState 
2020-04-07 17:15:47  :: Sending ClientInstrumentState 
2020-04-07 17:15:47  :: Sending ClientInstrumentState 
2020-04-07 17:15:47  :: Sending ClientInstrumentState 
2020-04-07 17:15:47  :: Sending ClientInstrumentState 
2020-04-07 17:15:47  :: Sending ClientInstrumentState 
2020-04-07 17:15:47  :: Sending ClientInstrumentState 
2020-04-07 17:15:47  :: Sending ClientInstrumentState 
2020-04-07 17:15:47  :: Sending ClientInstrumentState 
2020-04-07 17:15:47  :: Sending ClientInstrumentState 
2020-04-07 17:15:47  :: Sending ClientInstrumentState 
2020-04-07 17:15:47  :: Sending ClientInstrumentState 
2020-04-07 17:15:47  :: Sending ClientInstrumentState 
2020-04-07 17:15:47  :: Sending ClientUserRecord
2020-04-07 17:15:47  :: Sending ClientMarketStateBatch
2020-04-07 17:15:47  :: Sending ClientAccountRecordBatch 
2020-04-07 17:15:50  :: OnMessage ClientHeartbeat from IP -> 127.0.0.1
2020-04-07 17:15:53  :: OnMessage ClientOrderReq from IP -> 127.0.0.1
2020-04-07 17:15:53  :: Sending ClientOrderResponse ...
2020-04-07 17:16:40  :: Initializing Mock Server...
2020-04-07 17:16:40  :: Initializing all collections...
2020-04-07 17:16:40  :: Creating history service for controller HistoryServiceController on URL http://localhost:29400/
2020-04-07 17:16:41  :: Collections Initialized...
2020-04-07 17:16:48  :: Connecting for the first time to client 59931
2020-04-07 17:16:48  :: Connected for the first time to client 59931
2020-04-07 17:16:50  :: OnMessage TokenRequest from IP -> 127.0.0.1
2020-04-07 17:16:50  :: OnMessage ClientLoginRequest from IP -> 127.0.0.1
2020-04-07 17:16:50  :: Sending ClientLoginResponse with UUID 658c48ac-53d2-4e76-baca-cfe0d5e53be4
2020-04-07 17:16:50  :: Sending Instrument Batch 
2020-04-07 17:16:50  :: Sending ClientInstrumentState 
2020-04-07 17:16:50  :: Sending ClientInstrumentState 
2020-04-07 17:16:50  :: Sending ClientInstrumentState 
2020-04-07 17:16:50  :: Sending ClientInstrumentState 
2020-04-07 17:16:50  :: Sending ClientInstrumentState 
2020-04-07 17:16:50  :: Sending ClientInstrumentState 
2020-04-07 17:16:50  :: Sending ClientInstrumentState 
2020-04-07 17:16:50  :: Sending ClientInstrumentState 
2020-04-07 17:16:50  :: Sending ClientInstrumentState 
2020-04-07 17:16:50  :: Sending ClientInstrumentState 
2020-04-07 17:16:50  :: Sending ClientInstrumentState 
2020-04-07 17:16:50  :: Sending ClientInstrumentState 
2020-04-07 17:16:50  :: Sending ClientInstrumentState 
2020-04-07 17:16:50  :: Sending ClientInstrumentState 
2020-04-07 17:16:50  :: Sending ClientInstrumentState 
2020-04-07 17:16:50  :: Sending ClientInstrumentState 
2020-04-07 17:16:50  :: Sending ClientInstrumentState 
2020-04-07 17:16:50  :: Sending ClientInstrumentState 
2020-04-07 17:16:50  :: Sending ClientInstrumentState 
2020-04-07 17:16:50  :: Sending ClientInstrumentState 
2020-04-07 17:16:50  :: Sending ClientUserRecord
2020-04-07 17:16:50  :: Sending ClientMarketStateBatch
2020-04-07 17:16:50  :: Sending ClientAccountRecordBatch 
2020-04-07 17:16:53  :: OnMessage ClientHeartbeat from IP -> 127.0.0.1
2020-04-07 17:16:54  :: OnMessage ClientOrderReq from IP -> 127.0.0.1
2020-04-07 17:16:54  :: Sending ClientOrderResponse ...
2020-04-07 17:17:05  :: Best ask for buy order (Limit Price=9103.0) found at price 9102
2020-04-07 17:17:05  :: We update the ask price level 9102 for symbol SWP-XBT-USD-G19 (@DepthOfBook and @Orders and we send the message)
2020-04-07 17:17:05  :: Searching for affecter orders for symbol SWP-XBT-USD-G19
2020-04-07 17:17:05  :: We send the DepthOfBook Message updating the ask price level 9102 for symbol SWP-XBT-USD-G19 (@DepthOfBook and @Orders and we send the message)
2020-04-07 17:17:05  :: We send a Trade for Size=10.0 and Price=9102 for symbol SWP-XBT-USD-G19
2020-04-07 17:17:05  :: We update LastSale MD for Size=10 and Price=9102 for symbol SWP-XBT-USD-G19
2020-04-07 17:17:05  :: LastSale updated...
2020-04-07 17:17:05  :: We udate Quotes MD for Size=10 and Price=9102 for symbol SWP-XBT-USD-G19
2020-04-07 17:17:05  :: Updating best bid and ask for symbol SWP-XBT-USD-G19
2020-04-07 17:17:05  :: Inserting quotes for symbol SWP-XBT-USD-G19
2020-04-07 17:17:05  :: Quotes for symbol SWP-XBT-USD-G19 inserted
2020-04-07 17:17:05  :: Quotes updated...
2020-04-07 17:17:05  :: Searching quotes for symbol SWP-XBT-USD-G19. 
2020-04-07 17:17:05  :: Sending LQ for symbol SWP-XBT-USD-G19. Best bid= Best ask=9102
2020-04-07 17:17:05  :: We send a Trade Notification for Size=10 and Price=9102 for symbol SWP-XBT-USD-G19
2020-04-07 17:17:27  :: Searching quotes for symbol SWP-XBT-USD-G19. 
2020-04-07 17:17:27  :: Sending LQ for symbol SWP-XBT-USD-G19. Best bid= Best ask=9102
2020-04-07 17:17:38  :: Searching quotes for symbol SWP-XBT-USD-G19. 
2020-04-07 17:17:38  :: Sending LQ for symbol SWP-XBT-USD-G19. Best bid= Best ask=9102
2020-04-07 17:19:25  :: Initializing Mock Server...
2020-04-07 17:19:25  :: Initializing all collections...
2020-04-07 17:19:26  :: Creating history service for controller HistoryServiceController on URL http://localhost:29400/
2020-04-07 17:19:26  :: Collections Initialized...
2020-04-07 17:19:36  :: Connecting for the first time to client 60000
2020-04-07 17:19:36  :: Connected for the first time to client 60000
2020-04-07 17:20:21  :: Closing previous client 
2020-04-07 17:20:21  :: Turning threads off on socket disconnection
2020-04-07 17:20:24  :: OnMessage TokenRequest from IP -> 127.0.0.1
2020-04-07 17:20:24  :: OnMessage ClientLoginRequest from IP -> 127.0.0.1
2020-04-07 17:20:24  :: Sending ClientLoginResponse with UUID 29068d9c-5545-43a7-b3de-9e77e2893aa9
2020-04-07 17:20:24  :: Sending Instrument Batch 
2020-04-07 17:20:24  :: Sending ClientInstrumentState 
2020-04-07 17:20:24  :: Sending ClientInstrumentState 
2020-04-07 17:20:24  :: Sending ClientInstrumentState 
2020-04-07 17:20:24  :: Sending ClientInstrumentState 
2020-04-07 17:20:24  :: Sending ClientInstrumentState 
2020-04-07 17:20:24  :: Sending ClientInstrumentState 
2020-04-07 17:20:24  :: Sending ClientInstrumentState 
2020-04-07 17:20:24  :: Sending ClientInstrumentState 
2020-04-07 17:20:24  :: Sending ClientInstrumentState 
2020-04-07 17:20:24  :: Sending ClientInstrumentState 
2020-04-07 17:20:24  :: Sending ClientInstrumentState 
2020-04-07 17:20:24  :: Sending ClientInstrumentState 
2020-04-07 17:20:24  :: Sending ClientInstrumentState 
2020-04-07 17:20:24  :: Sending ClientInstrumentState 
2020-04-07 17:20:24  :: Sending ClientInstrumentState 
2020-04-07 17:20:24  :: Sending ClientInstrumentState 
2020-04-07 17:20:24  :: Sending ClientInstrumentState 
2020-04-07 17:20:24  :: Sending ClientInstrumentState 
2020-04-07 17:20:24  :: Sending ClientInstrumentState 
2020-04-07 17:20:24  :: Sending ClientInstrumentState 
2020-04-07 17:20:24  :: Sending ClientUserRecord
2020-04-07 17:20:24  :: Sending ClientMarketStateBatch
2020-04-07 17:20:24  :: Sending ClientAccountRecordBatch 
2020-04-07 17:20:27  :: OnMessage ClientHeartbeat from IP -> 127.0.0.1
2020-04-07 17:20:28  :: OnMessage ClientOrderReq from IP -> 127.0.0.1
2020-04-07 17:20:28  :: Sending ClientOrderResponse ...
2020-04-07 17:20:33  :: Best ask for buy order (Limit Price=9103.0) found at price 9102
2020-04-07 17:20:42  :: We update the ask price level 9102 for symbol SWP-XBT-USD-G19 (@DepthOfBook and @Orders and we send the message)
2020-04-07 17:20:42  :: Searching for affecter orders for symbol SWP-XBT-USD-G19
2020-04-07 17:20:42  :: We send the DepthOfBook Message updating the ask price level 9102 for symbol SWP-XBT-USD-G19 (@DepthOfBook and @Orders and we send the message)
2020-04-07 17:20:43  :: We send a Trade for Size=10.0 and Price=9102 for symbol SWP-XBT-USD-G19
2020-04-07 17:20:43  :: We update LastSale MD for Size=10 and Price=9102 for symbol SWP-XBT-USD-G19
2020-04-07 17:20:43  :: LastSale updated...
2020-04-07 17:20:43  :: We udate Quotes MD for Size=10 and Price=9102 for symbol SWP-XBT-USD-G19
2020-04-07 17:20:43  :: Updating best bid and ask for symbol SWP-XBT-USD-G19
2020-04-07 17:20:43  :: Inserting quotes for symbol SWP-XBT-USD-G19
2020-04-07 17:20:43  :: Quotes for symbol SWP-XBT-USD-G19 inserted
2020-04-07 17:20:43  :: Quotes updated...
2020-04-07 17:20:43  :: Searching quotes for symbol SWP-XBT-USD-G19. 
2020-04-07 17:20:43  :: We send a Trade Notification for Size=10 and Price=9102 for symbol SWP-XBT-USD-G19
2020-04-07 17:20:43  :: Sending LQ for symbol SWP-XBT-USD-G19. Best bid= Best ask=9102
2020-04-07 17:20:55  :: Searching quotes for symbol SWP-XBT-USD-G19. 
2020-04-07 17:20:55  :: Sending LQ for symbol SWP-XBT-USD-G19. Best bid= Best ask=9102
2020-04-07 17:20:58  :: Searching quotes for symbol SWP-XBT-USD-G19. 
2020-04-07 17:21:00  :: Sending LQ for symbol SWP-XBT-USD-G19. Best bid= Best ask=9102
2020-04-07 17:21:04  :: Searching quotes for symbol SWP-XBT-USD-G19. 
2020-04-07 17:21:04  :: Sending LQ for symbol SWP-XBT-USD-G19. Best bid= Best ask=9102
2020-04-07 17:21:06  :: Final leftQty=0 out of loop for buy order at price level 9103.0
2020-04-07 17:21:06  :: brkpnt Creating new order in Orders collection for OrderId = 3852820d-e2a5-47c7-88f3-382f79baffcd
2020-04-07 17:21:06  :: Creating new order in Orders collection for OrderId = 3852820d-e2a5-47c7-88f3-382f79baffcd
2020-04-07 17:21:06  :: Sending open order count for all symbols : 2
2020-04-07 17:21:06  :: Updating best bid and ask for symbol SWP-XBT-USD-G19
2020-04-07 17:21:06  :: Erasing best bid for symbol SWP-XBT-USD-G19
2020-04-07 17:21:06  :: OnMessage ClientHeartbeat from IP -> 127.0.0.1
2020-04-07 17:21:06  :: OnMessage ClientHeartbeat from IP -> 127.0.0.1
2020-04-07 17:21:06  :: OnMessage ClientHeartbeat from IP -> 127.0.0.1
2020-04-07 17:21:06  :: OnMessage ClientHeartbeat from IP -> 127.0.0.1
2020-04-07 17:21:06  :: OnMessage ClientHeartbeat from IP -> 127.0.0.1
2020-04-07 17:21:06  :: OnMessage ClientHeartbeat from IP -> 127.0.0.1
2020-04-07 17:21:07  :: OnMessage ClientHeartbeat from IP -> 127.0.0.1
2020-04-07 17:21:07  :: Searching quotes for symbol SWP-XBT-USD-G19. 
2020-04-07 17:21:07  :: Sending LQ for symbol SWP-XBT-USD-G19. Best bid= Best ask=9102
2020-04-07 17:21:56  :: Initializing Mock Server...
2020-04-07 17:21:56  :: Initializing all collections...
2020-04-07 17:21:56  :: Creating history service for controller HistoryServiceController on URL http://localhost:29400/
2020-04-07 17:21:57  :: Collections Initialized...
2020-04-07 17:22:05  :: Connecting for the first time to client 60081
2020-04-07 17:22:05  :: Connected for the first time to client 60081
2020-04-07 17:22:08  :: OnMessage TokenRequest from IP -> 127.0.0.1
2020-04-07 17:22:08  :: OnMessage ClientLoginRequest from IP -> 127.0.0.1
2020-04-07 17:22:08  :: Sending ClientLoginResponse with UUID a94d0616-883d-43e2-9956-7410fc6d8070
2020-04-07 17:22:08  :: Sending Instrument Batch 
2020-04-07 17:22:08  :: Sending ClientInstrumentState 
2020-04-07 17:22:08  :: Sending ClientInstrumentState 
2020-04-07 17:22:08  :: Sending ClientInstrumentState 
2020-04-07 17:22:08  :: Sending ClientInstrumentState 
2020-04-07 17:22:08  :: Sending ClientInstrumentState 
2020-04-07 17:22:08  :: Sending ClientInstrumentState 
2020-04-07 17:22:08  :: Sending ClientInstrumentState 
2020-04-07 17:22:08  :: Sending ClientInstrumentState 
2020-04-07 17:22:08  :: Sending ClientInstrumentState 
2020-04-07 17:22:08  :: Sending ClientInstrumentState 
2020-04-07 17:22:08  :: Sending ClientInstrumentState 
2020-04-07 17:22:08  :: Sending ClientInstrumentState 
2020-04-07 17:22:08  :: Sending ClientInstrumentState 
2020-04-07 17:22:08  :: Sending ClientInstrumentState 
2020-04-07 17:22:08  :: Sending ClientInstrumentState 
2020-04-07 17:22:08  :: Sending ClientInstrumentState 
2020-04-07 17:22:08  :: Sending ClientInstrumentState 
2020-04-07 17:22:08  :: Sending ClientInstrumentState 
2020-04-07 17:22:08  :: Sending ClientInstrumentState 
2020-04-07 17:22:08  :: Sending ClientInstrumentState 
2020-04-07 17:22:08  :: Sending ClientUserRecord
2020-04-07 17:22:08  :: Sending ClientMarketStateBatch
2020-04-07 17:22:08  :: Sending ClientAccountRecordBatch 
2020-04-07 17:22:11  :: OnMessage ClientHeartbeat from IP -> 127.0.0.1
2020-04-07 17:22:12  :: OnMessage ClientOrderReq from IP -> 127.0.0.1
2020-04-07 17:22:12  :: Sending ClientOrderResponse ...
2020-04-07 17:22:12  :: Best ask for buy order (Limit Price=9103.0) found at price 9102
2020-04-07 17:22:12  :: We update the ask price level 9102 for symbol SWP-XBT-USD-G19 (@DepthOfBook and @Orders and we send the message)
2020-04-07 17:22:12  :: Searching for affecter orders for symbol SWP-XBT-USD-G19
2020-04-07 17:22:12  :: We send the DepthOfBook Message updating the ask price level 9102 for symbol SWP-XBT-USD-G19 (@DepthOfBook and @Orders and we send the message)
2020-04-07 17:22:12  :: We send a Trade for Size=10.0 and Price=9102 for symbol SWP-XBT-USD-G19
2020-04-07 17:22:12  :: We update LastSale MD for Size=10 and Price=9102 for symbol SWP-XBT-USD-G19
2020-04-07 17:22:12  :: LastSale updated...
2020-04-07 17:22:12  :: We udate Quotes MD for Size=10 and Price=9102 for symbol SWP-XBT-USD-G19
2020-04-07 17:22:12  :: Updating best bid and ask for symbol SWP-XBT-USD-G19
2020-04-07 17:22:12  :: Inserting quotes for symbol SWP-XBT-USD-G19
2020-04-07 17:22:12  :: Quotes for symbol SWP-XBT-USD-G19 inserted
2020-04-07 17:22:12  :: Quotes updated...
2020-04-07 17:22:12  :: Searching quotes for symbol SWP-XBT-USD-G19. 
2020-04-07 17:22:12  :: Sending LQ for symbol SWP-XBT-USD-G19. Best bid= Best ask=9102
2020-04-07 17:22:12  :: We send a Trade Notification for Size=10 and Price=9102 for symbol SWP-XBT-USD-G19
2020-04-07 17:22:33  :: Searching quotes for symbol SWP-XBT-USD-G19. 
2020-04-07 17:22:33  :: Sending LQ for symbol SWP-XBT-USD-G19. Best bid= Best ask=9102
2020-04-07 17:22:53  :: Searching quotes for symbol SWP-XBT-USD-G19. 
2020-04-07 17:22:53  :: Sending LQ for symbol SWP-XBT-USD-G19. Best bid= Best ask=9102
2020-04-07 17:23:02  :: Searching quotes for symbol SWP-XBT-USD-G19. 
2020-04-07 17:23:02  :: Sending LQ for symbol SWP-XBT-USD-G19. Best bid= Best ask=9102
2020-04-07 17:23:08  :: Searching quotes for symbol SWP-XBT-USD-G19. 
2020-04-07 17:23:08  :: Sending LQ for symbol SWP-XBT-USD-G19. Best bid= Best ask=9102
2020-04-07 17:23:16  :: Searching quotes for symbol SWP-XBT-USD-G19. 
2020-04-07 17:23:16  :: Sending LQ for symbol SWP-XBT-USD-G19. Best bid= Best ask=9102
2020-04-07 17:23:19  :: Searching quotes for symbol SWP-XBT-USD-G19. 
2020-04-07 17:23:19  :: Sending LQ for symbol SWP-XBT-USD-G19. Best bid= Best ask=9102
2020-04-07 17:23:23  :: Searching quotes for symbol SWP-XBT-USD-G19. 
2020-04-07 17:23:23  :: Sending LQ for symbol SWP-XBT-USD-G19. Best bid= Best ask=9102
2020-04-07 17:23:26  :: Searching quotes for symbol SWP-XBT-USD-G19. 
2020-04-07 17:23:38  :: Sending LQ for symbol SWP-XBT-USD-G19. Best bid= Best ask=9102
2020-04-07 17:23:57  :: Searching quotes for symbol SWP-XBT-USD-G19. 
2020-04-07 17:23:57  :: Sending LQ for symbol SWP-XBT-USD-G19. Best bid= Best ask=9102
2020-04-07 17:25:02  :: Initializing Mock Server...
2020-04-07 17:25:02  :: Initializing all collections...
2020-04-07 17:25:03  :: Creating history service for controller HistoryServiceController on URL http://localhost:29400/
2020-04-07 17:25:03  :: Collections Initialized...
2020-04-07 17:25:15  :: Connecting for the first time to client 60235
2020-04-07 17:25:15  :: Connected for the first time to client 60235
2020-04-07 17:25:28  :: OnMessage TokenRequest from IP -> 127.0.0.1
2020-04-07 17:25:28  :: OnMessage ClientLoginRequest from IP -> 127.0.0.1
2020-04-07 17:25:28  :: Sending ClientLoginResponse with UUID 3f842f63-dfce-41ac-b74e-9d3ea0b7af57
2020-04-07 17:25:28  :: Sending Instrument Batch 
2020-04-07 17:25:28  :: Sending ClientInstrumentState 
2020-04-07 17:25:28  :: Sending ClientInstrumentState 
2020-04-07 17:25:28  :: Sending ClientInstrumentState 
2020-04-07 17:25:28  :: Sending ClientInstrumentState 
2020-04-07 17:25:28  :: Sending ClientInstrumentState 
2020-04-07 17:25:28  :: Sending ClientInstrumentState 
2020-04-07 17:25:28  :: Sending ClientInstrumentState 
2020-04-07 17:25:28  :: Sending ClientInstrumentState 
2020-04-07 17:25:28  :: Sending ClientInstrumentState 
2020-04-07 17:25:28  :: Sending ClientInstrumentState 
2020-04-07 17:25:28  :: Sending ClientInstrumentState 
2020-04-07 17:25:28  :: Sending ClientInstrumentState 
2020-04-07 17:25:28  :: Sending ClientInstrumentState 
2020-04-07 17:25:28  :: Sending ClientInstrumentState 
2020-04-07 17:25:28  :: Sending ClientInstrumentState 
2020-04-07 17:25:28  :: Sending ClientInstrumentState 
2020-04-07 17:25:28  :: Sending ClientInstrumentState 
2020-04-07 17:25:28  :: Sending ClientInstrumentState 
2020-04-07 17:25:28  :: Sending ClientInstrumentState 
2020-04-07 17:25:28  :: Sending ClientInstrumentState 
2020-04-07 17:25:28  :: Sending ClientUserRecord
2020-04-07 17:25:28  :: Sending ClientMarketStateBatch
2020-04-07 17:25:28  :: Sending ClientAccountRecordBatch 
2020-04-07 17:25:31  :: OnMessage ClientHeartbeat from IP -> 127.0.0.1
2020-04-07 17:25:34  :: OnMessage ClientHeartbeat from IP -> 127.0.0.1
2020-04-07 17:25:36  :: OnMessage ClientOrderReq from IP -> 127.0.0.1
2020-04-07 17:25:36  :: Sending ClientOrderResponse ...
2020-04-07 17:25:36  :: Best ask for buy order (Limit Price=9103.0) found at price 9102
2020-04-07 17:25:36  :: We eliminate the ask price level 9102 for symbolSWP-XBT-USD-G19 (@DepthOfBook and @Orders and we send the message)
2020-04-07 17:25:36  :: We send the DepthOfBookMessage removing the ask price level 9102 for symbolSWP-XBT-USD-G19 (@DepthOfBook and @Orders and we send the message)
2020-04-07 17:25:36  :: We send a Trade for Size=20 and Price=9102 for symbol SWP-XBT-USD-G19
2020-04-07 17:25:36  :: We update LastSale MD for Size=20 and Price=9102 for symbol SWP-XBT-USD-G19
2020-04-07 17:25:36  :: LastSale updated...
2020-04-07 17:25:36  :: We udate Quotes MD for Size=20 and Price=9102 for symbol SWP-XBT-USD-G19
2020-04-07 17:25:36  :: Updating best bid and ask for symbol SWP-XBT-USD-G19
2020-04-07 17:25:36  :: Inserting quotes for symbol SWP-XBT-USD-G19
2020-04-07 17:25:36  :: Quotes for symbol SWP-XBT-USD-G19 inserted
2020-04-07 17:25:36  :: Quotes updated...
2020-04-07 17:25:36  :: We send a Trade Notification for Size=20 and Price=9102 for symbol SWP-XBT-USD-G19
2020-04-07 17:25:36  :: Searching quotes for symbol SWP-XBT-USD-G19. 
2020-04-07 17:25:36  :: Sending LQ for symbol SWP-XBT-USD-G19. Best bid= Best ask=
2020-04-07 17:25:41  :: Searching quotes for symbol SWP-XBT-USD-G19. 
2020-04-07 17:25:48  :: Sending LQ for symbol SWP-XBT-USD-G19. Best bid= Best ask=
2020-04-07 17:26:07  :: Searching quotes for symbol SWP-XBT-USD-G19. 
2020-04-07 17:26:07  :: Sending LQ for symbol SWP-XBT-USD-G19. Best bid= Best ask=
2020-04-07 17:26:10  :: Searching quotes for symbol SWP-XBT-USD-G19. 
2020-04-07 17:26:10  :: Sending LQ for symbol SWP-XBT-USD-G19. Best bid= Best ask=
2020-04-07 17:29:19  :: Initializing Mock Server...
2020-04-07 17:29:19  :: Initializing all collections...
2020-04-07 17:29:20  :: Creating history service for controller HistoryServiceController on URL http://localhost:29400/
2020-04-07 17:29:20  :: Collections Initialized...
2020-04-07 17:29:28  :: Connecting for the first time to client 60382
2020-04-07 17:29:28  :: Connected for the first time to client 60382
2020-04-07 17:29:31  :: OnMessage TokenRequest from IP -> 127.0.0.1
2020-04-07 17:29:31  :: OnMessage ClientLoginRequest from IP -> 127.0.0.1
2020-04-07 17:29:31  :: Sending ClientLoginResponse with UUID 68e1903c-08e8-4341-bf8d-8cfb96637ec2
2020-04-07 17:29:31  :: Sending Instrument Batch 
2020-04-07 17:29:31  :: Sending ClientInstrumentState 
2020-04-07 17:29:31  :: Sending ClientInstrumentState 
2020-04-07 17:29:31  :: Sending ClientInstrumentState 
2020-04-07 17:29:31  :: Sending ClientInstrumentState 
2020-04-07 17:29:31  :: Sending ClientInstrumentState 
2020-04-07 17:29:31  :: Sending ClientInstrumentState 
2020-04-07 17:29:31  :: Sending ClientInstrumentState 
2020-04-07 17:29:31  :: Sending ClientInstrumentState 
2020-04-07 17:29:31  :: Sending ClientInstrumentState 
2020-04-07 17:29:31  :: Sending ClientInstrumentState 
2020-04-07 17:29:31  :: Sending ClientInstrumentState 
2020-04-07 17:29:31  :: Sending ClientInstrumentState 
2020-04-07 17:29:31  :: Sending ClientInstrumentState 
2020-04-07 17:29:31  :: Sending ClientInstrumentState 
2020-04-07 17:29:31  :: Sending ClientInstrumentState 
2020-04-07 17:29:31  :: Sending ClientInstrumentState 
2020-04-07 17:29:31  :: Sending ClientInstrumentState 
2020-04-07 17:29:31  :: Sending ClientInstrumentState 
2020-04-07 17:29:31  :: Sending ClientInstrumentState 
2020-04-07 17:29:31  :: Sending ClientInstrumentState 
2020-04-07 17:29:31  :: Sending ClientUserRecord
2020-04-07 17:29:31  :: Sending ClientMarketStateBatch
2020-04-07 17:29:31  :: Sending ClientAccountRecordBatch 
2020-04-07 17:29:34  :: OnMessage ClientHeartbeat from IP -> 127.0.0.1
2020-04-07 17:29:35  :: OnMessage ClientOrderReq from IP -> 127.0.0.1
2020-04-07 17:29:35  :: Sending ClientOrderResponse ...
2020-04-07 17:29:35  :: Best ask for buy order (Limit Price=9103.0) found at price 9102
2020-04-07 17:29:35  :: We eliminate the ask price level 9102 for symbolSWP-XBT-USD-G19 (@DepthOfBook and @Orders and we send the message)
2020-04-07 17:29:35  :: We send the DepthOfBookMessage removing the ask price level 9102 for symbolSWP-XBT-USD-G19 (@DepthOfBook and @Orders and we send the message)
2020-04-07 17:29:35  :: We send a Trade for Size=20 and Price=9102 for symbol SWP-XBT-USD-G19
2020-04-07 17:29:35  :: We update LastSale MD for Size=20 and Price=9102 for symbol SWP-XBT-USD-G19
2020-04-07 17:29:35  :: LastSale updated...
2020-04-07 17:29:35  :: We udate Quotes MD for Size=20 and Price=9102 for symbol SWP-XBT-USD-G19
2020-04-07 17:29:35  :: Updating best bid and ask for symbol SWP-XBT-USD-G19
2020-04-07 17:29:35  :: Inserting quotes for symbol SWP-XBT-USD-G19
2020-04-07 17:29:35  :: Quotes for symbol SWP-XBT-USD-G19 inserted
2020-04-07 17:29:35  :: Quotes updated...
2020-04-07 17:29:35  :: Searching quotes for symbol SWP-XBT-USD-G19. 
2020-04-07 17:29:35  :: We send a Trade Notification for Size=20 and Price=9102 for symbol SWP-XBT-USD-G19
2020-04-07 17:29:35  :: Sending LQ for symbol SWP-XBT-USD-G19. Best bid= Best ask=
2020-04-07 17:29:38  :: Searching quotes for symbol SWP-XBT-USD-G19. 
2020-04-07 17:29:38  :: Sending LQ for symbol SWP-XBT-USD-G19. Best bid= Best ask=
2020-04-07 17:29:40  :: We create the remaining buy price level 9103.0  for size 10.0
2020-04-07 17:29:49  :: Searching quotes for symbol SWP-XBT-USD-G19. 
2020-04-07 17:29:49  :: Sending LQ for symbol SWP-XBT-USD-G19. Best bid= Best ask=
2020-04-07 17:29:49  :: brkpnt Creating new order in Orders collection for OrderId = 49d85fb0-54c4-4485-962b-29096c51c4d5
2020-04-07 17:29:49  :: Creating new order in Orders collection for OrderId = 49d85fb0-54c4-4485-962b-29096c51c4d5
2020-04-07 17:29:49  :: Sending open order count for all symbols : 3
2020-04-07 17:30:00  :: Searching quotes for symbol SWP-XBT-USD-G19. 
2020-04-07 17:30:00  :: Sending LQ for symbol SWP-XBT-USD-G19. Best bid= Best ask=
2020-04-07 17:30:10  :: Searching quotes for symbol SWP-XBT-USD-G19. 
2020-04-07 17:30:10  :: Sending LQ for symbol SWP-XBT-USD-G19. Best bid= Best ask=
2020-04-07 17:33:30  :: Initializing Mock Server...
2020-04-07 17:33:30  :: Initializing all collections...
2020-04-07 17:33:30  :: Creating history service for controller HistoryServiceController on URL http://localhost:29400/
2020-04-07 17:33:31  :: Collections Initialized...
2020-04-07 17:33:45  :: Connecting for the first time to client 60564
2020-04-07 17:33:45  :: Connected for the first time to client 60564
2020-04-07 17:33:49  :: OnMessage TokenRequest from IP -> 127.0.0.1
2020-04-07 17:33:49  :: OnMessage ClientLoginRequest from IP -> 127.0.0.1
2020-04-07 17:33:49  :: Sending ClientLoginResponse with UUID 75a2c648-0ded-40c8-90bf-bc8e996a126d
2020-04-07 17:33:49  :: Sending Instrument Batch 
2020-04-07 17:33:49  :: Sending ClientInstrumentState 
2020-04-07 17:33:49  :: Sending ClientInstrumentState 
2020-04-07 17:33:49  :: Sending ClientInstrumentState 
2020-04-07 17:33:49  :: Sending ClientInstrumentState 
2020-04-07 17:33:49  :: Sending ClientInstrumentState 
2020-04-07 17:33:49  :: Sending ClientInstrumentState 
2020-04-07 17:33:49  :: Sending ClientInstrumentState 
2020-04-07 17:33:49  :: Sending ClientInstrumentState 
2020-04-07 17:33:49  :: Sending ClientInstrumentState 
2020-04-07 17:33:49  :: Sending ClientInstrumentState 
2020-04-07 17:33:49  :: Sending ClientInstrumentState 
2020-04-07 17:33:49  :: Sending ClientInstrumentState 
2020-04-07 17:33:49  :: Sending ClientInstrumentState 
2020-04-07 17:33:49  :: Sending ClientInstrumentState 
2020-04-07 17:33:49  :: Sending ClientInstrumentState 
2020-04-07 17:33:49  :: Sending ClientInstrumentState 
2020-04-07 17:33:49  :: Sending ClientInstrumentState 
2020-04-07 17:33:49  :: Sending ClientInstrumentState 
2020-04-07 17:33:49  :: Sending ClientInstrumentState 
2020-04-07 17:33:49  :: Sending ClientInstrumentState 
2020-04-07 17:33:49  :: Sending ClientUserRecord
2020-04-07 17:33:49  :: Sending ClientMarketStateBatch
2020-04-07 17:33:49  :: Sending ClientAccountRecordBatch 
2020-04-07 17:33:52  :: OnMessage ClientHeartbeat from IP -> 127.0.0.1
2020-04-07 17:33:53  :: OnMessage ClientOrderReq from IP -> 127.0.0.1
2020-04-07 17:33:53  :: Sending ClientOrderResponse ...
2020-04-07 17:33:53  :: Best ask for buy order (Limit Price=9103.0) found at price 9102
2020-04-07 17:33:53  :: We update the ask price level 9102 for symbol SWP-XBT-USD-G19 (@DepthOfBook and @Orders and we send the message)
2020-04-07 17:33:53  :: Searching for affecter orders for symbol SWP-XBT-USD-G19
2020-04-07 17:33:53  :: We send the DepthOfBook Message updating the ask price level 9102 for symbol SWP-XBT-USD-G19 (@DepthOfBook and @Orders and we send the message)
2020-04-07 17:33:53  :: We send a Trade for Size=10.0 and Price=9102 for symbol SWP-XBT-USD-G19
2020-04-07 17:33:53  :: We update LastSale MD for Size=10 and Price=9102 for symbol SWP-XBT-USD-G19
2020-04-07 17:33:53  :: LastSale updated...
2020-04-07 17:33:53  :: We udate Quotes MD for Size=10 and Price=9102 for symbol SWP-XBT-USD-G19
2020-04-07 17:33:53  :: Updating best bid and ask for symbol SWP-XBT-USD-G19
2020-04-07 17:33:53  :: Inserting quotes for symbol SWP-XBT-USD-G19
2020-04-07 17:33:53  :: Quotes for symbol SWP-XBT-USD-G19 inserted
2020-04-07 17:33:53  :: Quotes updated...
2020-04-07 17:33:53  :: Searching quotes for symbol SWP-XBT-USD-G19. 
2020-04-07 17:33:53  :: We send a Trade Notification for Size=10 and Price=9102 for symbol SWP-XBT-USD-G19
2020-04-07 17:33:53  :: Sending LQ for symbol SWP-XBT-USD-G19. Best bid= Best ask=9102
2020-04-07 17:33:57  :: Searching quotes for symbol SWP-XBT-USD-G19. 
2020-04-07 17:33:57  :: Sending LQ for symbol SWP-XBT-USD-G19. Best bid= Best ask=9102
2020-04-07 17:34:12  :: Searching quotes for symbol SWP-XBT-USD-G19. 
2020-04-07 17:34:12  :: Sending LQ for symbol SWP-XBT-USD-G19. Best bid= Best ask=9102
2020-04-07 17:34:13  :: Final leftQty=0 out of loop for buy order at price level 9103.0
2020-04-07 17:34:13  :: brkpnt Creating new order in Orders collection for OrderId = 608f4d00-7b26-4438-a0c8-99830cc25efe
2020-04-07 17:34:13  :: Creating new order in Orders collection for OrderId = 608f4d00-7b26-4438-a0c8-99830cc25efe
2020-04-07 17:34:13  :: Sending open order count for all symbols : 2
2020-04-07 17:34:15  :: Searching quotes for symbol SWP-XBT-USD-G19. 
2020-04-07 17:34:15  :: Updating best bid and ask for symbol SWP-XBT-USD-G19
2020-04-07 17:34:15  :: Sending LQ for symbol SWP-XBT-USD-G19. Best bid= Best ask=9102
2020-04-07 17:34:15  :: Erasing best bid for symbol SWP-XBT-USD-G19
2020-04-07 17:34:16  :: OnMessage ClientHeartbeat from IP -> 127.0.0.1
2020-04-07 17:34:16  :: OnMessage ClientHeartbeat from IP -> 127.0.0.1
2020-04-07 17:34:16  :: OnMessage ClientHeartbeat from IP -> 127.0.0.1
2020-04-07 17:34:18  :: Searching quotes for symbol SWP-XBT-USD-G19. 
2020-04-07 17:34:18  :: Sending LQ for symbol SWP-XBT-USD-G19. Best bid= Best ask=9102
2020-04-07 17:34:18  :: OnMessage ClientHeartbeat from IP -> 127.0.0.1
2020-04-07 17:34:27  :: Initializing Mock Server...
2020-04-07 17:34:27  :: Initializing all collections...
2020-04-07 17:34:28  :: Creating history service for controller HistoryServiceController on URL http://localhost:29400/
2020-04-07 17:34:28  :: Collections Initialized...
2020-04-07 17:34:35  :: Connecting for the first time to client 60584
2020-04-07 17:34:35  :: Connected for the first time to client 60584
2020-04-07 17:34:37  :: OnMessage TokenRequest from IP -> 127.0.0.1
2020-04-07 17:34:37  :: OnMessage ClientLoginRequest from IP -> 127.0.0.1
2020-04-07 17:34:37  :: Sending ClientLoginResponse with UUID af66d4e2-f7d7-4d1e-b983-3aa49556c1b6
2020-04-07 17:34:37  :: Sending Instrument Batch 
2020-04-07 17:34:37  :: Sending ClientInstrumentState 
2020-04-07 17:34:37  :: Sending ClientInstrumentState 
2020-04-07 17:34:37  :: Sending ClientInstrumentState 
2020-04-07 17:34:37  :: Sending ClientInstrumentState 
2020-04-07 17:34:37  :: Sending ClientInstrumentState 
2020-04-07 17:34:37  :: Sending ClientInstrumentState 
2020-04-07 17:34:37  :: Sending ClientInstrumentState 
2020-04-07 17:34:37  :: Sending ClientInstrumentState 
2020-04-07 17:34:37  :: Sending ClientInstrumentState 
2020-04-07 17:34:37  :: Sending ClientInstrumentState 
2020-04-07 17:34:37  :: Sending ClientInstrumentState 
2020-04-07 17:34:37  :: Sending ClientInstrumentState 
2020-04-07 17:34:37  :: Sending ClientInstrumentState 
2020-04-07 17:34:37  :: Sending ClientInstrumentState 
2020-04-07 17:34:37  :: Sending ClientInstrumentState 
2020-04-07 17:34:37  :: Sending ClientInstrumentState 
2020-04-07 17:34:37  :: Sending ClientInstrumentState 
2020-04-07 17:34:37  :: Sending ClientInstrumentState 
2020-04-07 17:34:37  :: Sending ClientInstrumentState 
2020-04-07 17:34:37  :: Sending ClientInstrumentState 
2020-04-07 17:34:37  :: Sending ClientUserRecord
2020-04-07 17:34:37  :: Sending ClientMarketStateBatch
2020-04-07 17:34:37  :: Sending ClientAccountRecordBatch 
2020-04-07 17:34:40  :: OnMessage ClientHeartbeat from IP -> 127.0.0.1
2020-04-07 17:34:41  :: OnMessage ClientOrderReq from IP -> 127.0.0.1
2020-04-07 17:34:41  :: Sending ClientOrderResponse ...
2020-04-07 17:34:41  :: Best ask for buy order (Limit Price=9103.0) found at price 9102
2020-04-07 17:34:41  :: We update the ask price level 9102 for symbol SWP-XBT-USD-G19 (@DepthOfBook and @Orders and we send the message)
2020-04-07 17:34:41  :: Searching for affecter orders for symbol SWP-XBT-USD-G19
2020-04-07 17:34:41  :: We send the DepthOfBook Message updating the ask price level 9102 for symbol SWP-XBT-USD-G19 (@DepthOfBook and @Orders and we send the message)
2020-04-07 17:34:41  :: We send a Trade for Size=10.0 and Price=9102 for symbol SWP-XBT-USD-G19
2020-04-07 17:34:42  :: We update LastSale MD for Size=10 and Price=9102 for symbol SWP-XBT-USD-G19
2020-04-07 17:34:42  :: LastSale updated...
2020-04-07 17:34:42  :: We udate Quotes MD for Size=10 and Price=9102 for symbol SWP-XBT-USD-G19
2020-04-07 17:34:42  :: Updating best bid and ask for symbol SWP-XBT-USD-G19
2020-04-07 17:34:42  :: Inserting quotes for symbol SWP-XBT-USD-G19
2020-04-07 17:34:42  :: Quotes for symbol SWP-XBT-USD-G19 inserted
2020-04-07 17:34:42  :: Quotes updated...
2020-04-07 17:34:42  :: We send a Trade Notification for Size=10 and Price=9102 for symbol SWP-XBT-USD-G19
2020-04-07 17:34:42  :: Searching quotes for symbol SWP-XBT-USD-G19. 
2020-04-07 17:34:42  :: Sending LQ for symbol SWP-XBT-USD-G19. Best bid= Best ask=9102
2020-04-07 17:34:46  :: Searching quotes for symbol SWP-XBT-USD-G19. 
2020-04-07 17:34:46  :: Sending LQ for symbol SWP-XBT-USD-G19. Best bid= Best ask=9102
2020-04-07 17:34:49  :: Searching quotes for symbol SWP-XBT-USD-G19. 
2020-04-07 17:34:49  :: Sending LQ for symbol SWP-XBT-USD-G19. Best bid= Best ask=9102
2020-04-07 17:35:33  :: Initializing Mock Server...
2020-04-07 17:35:33  :: Initializing all collections...
2020-04-07 17:35:34  :: Creating history service for controller HistoryServiceController on URL http://localhost:29400/
2020-04-07 17:35:34  :: Collections Initialized...
2020-04-07 17:35:43  :: Connecting for the first time to client 60658
2020-04-07 17:35:43  :: Connected for the first time to client 60658
2020-04-07 17:35:45  :: OnMessage TokenRequest from IP -> 127.0.0.1
2020-04-07 17:35:46  :: OnMessage ClientLoginRequest from IP -> 127.0.0.1
2020-04-07 17:35:46  :: Sending ClientLoginResponse with UUID 0646dd1a-1c65-4724-82b6-38706cdcb984
2020-04-07 17:35:46  :: Sending Instrument Batch 
2020-04-07 17:35:46  :: Sending ClientInstrumentState 
2020-04-07 17:35:46  :: Sending ClientInstrumentState 
2020-04-07 17:35:46  :: Sending ClientInstrumentState 
2020-04-07 17:35:46  :: Sending ClientInstrumentState 
2020-04-07 17:35:46  :: Sending ClientInstrumentState 
2020-04-07 17:35:46  :: Sending ClientInstrumentState 
2020-04-07 17:35:46  :: Sending ClientInstrumentState 
2020-04-07 17:35:46  :: Sending ClientInstrumentState 
2020-04-07 17:35:46  :: Sending ClientInstrumentState 
2020-04-07 17:35:46  :: Sending ClientInstrumentState 
2020-04-07 17:35:46  :: Sending ClientInstrumentState 
2020-04-07 17:35:46  :: Sending ClientInstrumentState 
2020-04-07 17:35:46  :: Sending ClientInstrumentState 
2020-04-07 17:35:46  :: Sending ClientInstrumentState 
2020-04-07 17:35:46  :: Sending ClientInstrumentState 
2020-04-07 17:35:46  :: Sending ClientInstrumentState 
2020-04-07 17:35:46  :: Sending ClientInstrumentState 
2020-04-07 17:35:46  :: Sending ClientInstrumentState 
2020-04-07 17:35:46  :: Sending ClientInstrumentState 
2020-04-07 17:35:46  :: Sending ClientInstrumentState 
2020-04-07 17:35:46  :: Sending ClientUserRecord
2020-04-07 17:35:46  :: Sending ClientMarketStateBatch
2020-04-07 17:35:46  :: Sending ClientAccountRecordBatch 
2020-04-07 17:35:49  :: OnMessage ClientHeartbeat from IP -> 127.0.0.1
2020-04-07 17:35:51  :: OnMessage ClientOrderReq from IP -> 127.0.0.1
2020-04-07 17:35:51  :: Sending ClientOrderResponse ...
2020-04-07 17:35:51  :: Best ask for buy order (Limit Price=9103.0) found at price 9102
2020-04-07 17:35:51  :: We update the ask price level 9102 for symbol SWP-XBT-USD-G19 (@DepthOfBook and @Orders and we send the message)
2020-04-07 17:35:51  :: Searching for affecter orders for symbol SWP-XBT-USD-G19
2020-04-07 17:35:51  :: We send the DepthOfBook Message updating the ask price level 9102 for symbol SWP-XBT-USD-G19 (@DepthOfBook and @Orders and we send the message)
2020-04-07 17:35:51  :: We send a Trade for Size=10.0 and Price=9102 for symbol SWP-XBT-USD-G19
2020-04-07 17:35:51  :: We update LastSale MD for Size=10 and Price=9102 for symbol SWP-XBT-USD-G19
2020-04-07 17:35:51  :: LastSale updated...
2020-04-07 17:35:51  :: We udate Quotes MD for Size=10 and Price=9102 for symbol SWP-XBT-USD-G19
2020-04-07 17:35:51  :: Updating best bid and ask for symbol SWP-XBT-USD-G19
2020-04-07 17:35:51  :: Inserting quotes for symbol SWP-XBT-USD-G19
2020-04-07 17:35:51  :: Quotes for symbol SWP-XBT-USD-G19 inserted
2020-04-07 17:35:51  :: Quotes updated...
2020-04-07 17:35:51  :: Searching quotes for symbol SWP-XBT-USD-G19. 
2020-04-07 17:35:51  :: Sending LQ for symbol SWP-XBT-USD-G19. Best bid= Best ask=9102
2020-04-07 17:35:51  :: We send a Trade Notification for Size=10 and Price=9102 for symbol SWP-XBT-USD-G19
2020-04-07 17:35:51  :: Final leftQty=0 out of loop for buy order at price level 9103.0
2020-04-07 17:35:51  :: brkpnt Creating new order in Orders collection for OrderId = 582f2621-341a-4a3d-b15e-1beb91a13383
2020-04-07 17:35:51  :: Creating new order in Orders collection for OrderId = 582f2621-341a-4a3d-b15e-1beb91a13383
2020-04-07 17:35:51  :: Sending open order count for all symbols : 2
2020-04-07 17:35:55  :: Searching quotes for symbol SWP-XBT-USD-G19. 
2020-04-07 17:35:55  :: Sending LQ for symbol SWP-XBT-USD-G19. Best bid= Best ask=9102
2020-04-07 17:36:54  :: Initializing Mock Server...
2020-04-07 17:36:54  :: Initializing all collections...
2020-04-07 17:36:54  :: Creating history service for controller HistoryServiceController on URL http://localhost:29400/
2020-04-07 17:36:55  :: Collections Initialized...
2020-04-07 17:37:03  :: Connecting for the first time to client 60682
2020-04-07 17:37:03  :: Connected for the first time to client 60682
2020-04-07 17:37:06  :: OnMessage TokenRequest from IP -> 127.0.0.1
2020-04-07 17:37:06  :: OnMessage ClientLoginRequest from IP -> 127.0.0.1
2020-04-07 17:37:06  :: Sending ClientLoginResponse with UUID 785d2167-457a-487a-a563-6fe6cba96087
2020-04-07 17:37:06  :: Sending Instrument Batch 
2020-04-07 17:37:06  :: Sending ClientInstrumentState 
2020-04-07 17:37:06  :: Sending ClientInstrumentState 
2020-04-07 17:37:06  :: Sending ClientInstrumentState 
2020-04-07 17:37:06  :: Sending ClientInstrumentState 
2020-04-07 17:37:06  :: Sending ClientInstrumentState 
2020-04-07 17:37:06  :: Sending ClientInstrumentState 
2020-04-07 17:37:06  :: Sending ClientInstrumentState 
2020-04-07 17:37:06  :: Sending ClientInstrumentState 
2020-04-07 17:37:06  :: Sending ClientInstrumentState 
2020-04-07 17:37:06  :: Sending ClientInstrumentState 
2020-04-07 17:37:06  :: Sending ClientInstrumentState 
2020-04-07 17:37:06  :: Sending ClientInstrumentState 
2020-04-07 17:37:06  :: Sending ClientInstrumentState 
2020-04-07 17:37:06  :: Sending ClientInstrumentState 
2020-04-07 17:37:06  :: Sending ClientInstrumentState 
2020-04-07 17:37:06  :: Sending ClientInstrumentState 
2020-04-07 17:37:06  :: Sending ClientInstrumentState 
2020-04-07 17:37:06  :: Sending ClientInstrumentState 
2020-04-07 17:37:06  :: Sending ClientInstrumentState 
2020-04-07 17:37:06  :: Sending ClientInstrumentState 
2020-04-07 17:37:06  :: Sending ClientUserRecord
2020-04-07 17:37:07  :: Sending ClientMarketStateBatch
2020-04-07 17:37:07  :: Sending ClientAccountRecordBatch 
2020-04-07 17:37:10  :: OnMessage ClientHeartbeat from IP -> 127.0.0.1
2020-04-07 17:37:11  :: OnMessage ClientOrderReq from IP -> 127.0.0.1
2020-04-07 17:37:11  :: Sending ClientOrderResponse ...
2020-04-07 17:37:11  :: Best ask for buy order (Limit Price=9103.0) found at price 9102
2020-04-07 17:37:11  :: We update the ask price level 9102 for symbol SWP-XBT-USD-G19 (@DepthOfBook and @Orders and we send the message)
2020-04-07 17:37:11  :: Searching for affecter orders for symbol SWP-XBT-USD-G19
2020-04-07 17:37:11  :: We send the DepthOfBook Message updating the ask price level 9102 for symbol SWP-XBT-USD-G19 (@DepthOfBook and @Orders and we send the message)
2020-04-07 17:37:11  :: We send a Trade for Size=10.0 and Price=9102 for symbol SWP-XBT-USD-G19
2020-04-07 17:37:11  :: We update LastSale MD for Size=10 and Price=9102 for symbol SWP-XBT-USD-G19
2020-04-07 17:37:11  :: LastSale updated...
2020-04-07 17:37:11  :: We udate Quotes MD for Size=10 and Price=9102 for symbol SWP-XBT-USD-G19
2020-04-07 17:37:11  :: Updating best bid and ask for symbol SWP-XBT-USD-G19
2020-04-07 17:37:11  :: Inserting quotes for symbol SWP-XBT-USD-G19
2020-04-07 17:37:11  :: Quotes for symbol SWP-XBT-USD-G19 inserted
2020-04-07 17:37:11  :: Quotes updated...
2020-04-07 17:37:11  :: Searching quotes for symbol SWP-XBT-USD-G19. 
2020-04-07 17:37:11  :: We send a Trade Notification for Size=10 and Price=9102 for symbol SWP-XBT-USD-G19
2020-04-07 17:37:11  :: Sending LQ for symbol SWP-XBT-USD-G19. Best bid= Best ask=9102
2020-04-07 17:37:11  :: Final leftQty=0 out of loop for buy order at price level 9103.0
2020-04-07 17:37:11  :: brkpnt Creating new order in Orders collection for OrderId = 1b74ab3d-ec92-4eed-bf80-1f80e5d0fd17
2020-04-07 17:37:11  :: Creating new order in Orders collection for OrderId = 1b74ab3d-ec92-4eed-bf80-1f80e5d0fd17
2020-04-07 17:37:11  :: Sending open order count for all symbols : 2
2020-04-07 17:37:11  :: Updating best bid and ask for symbol SWP-XBT-USD-G19
2020-04-07 17:37:11  :: Erasing best bid for symbol SWP-XBT-USD-G19
2020-04-07 17:37:18  :: Searching quotes for symbol SWP-XBT-USD-G19. 
2020-04-07 17:37:18  :: Sending LQ for symbol SWP-XBT-USD-G19. Best bid= Best ask=9102
2020-04-07 17:37:22  :: Searching quotes for symbol SWP-XBT-USD-G19. 
2020-04-07 17:37:22  :: Sending LQ for symbol SWP-XBT-USD-G19. Best bid= Best ask=9102
2020-04-07 17:37:30  :: Searching quotes for symbol SWP-XBT-USD-G19. 
2020-04-07 17:37:30  :: Sending LQ for symbol SWP-XBT-USD-G19. Best bid= Best ask=9102
2020-04-07 17:37:33  :: OnMessage ClientHeartbeat from IP -> 127.0.0.1
2020-04-07 17:37:33  :: OnMessage ClientHeartbeat from IP -> 127.0.0.1
2020-04-07 17:37:33  :: OnMessage ClientHeartbeat from IP -> 127.0.0.1
2020-04-07 17:37:33  :: OnMessage ClientHeartbeat from IP -> 127.0.0.1
2020-04-07 17:37:33  :: Searching quotes for symbol SWP-XBT-USD-G19. 
2020-04-07 17:37:33  :: Sending LQ for symbol SWP-XBT-USD-G19. Best bid= Best ask=9102
2020-04-07 17:37:33  :: OnMessage ClientHeartbeat from IP -> 127.0.0.1
2020-04-07 17:37:46  :: Initializing Mock Server...
2020-04-07 17:37:46  :: Initializing all collections...
2020-04-07 17:37:46  :: Creating history service for controller HistoryServiceController on URL http://localhost:29400/
2020-04-07 17:37:47  :: Collections Initialized...
2020-04-07 17:37:54  :: Connecting for the first time to client 60705
2020-04-07 17:37:54  :: Connected for the first time to client 60705
2020-04-07 17:38:15  :: OnMessage TokenRequest from IP -> 127.0.0.1
2020-04-07 17:38:15  :: OnMessage ClientLoginRequest from IP -> 127.0.0.1
2020-04-07 17:38:15  :: Sending ClientLoginResponse with UUID 86e68150-7af6-4ef3-9113-31d806d1d8f2
2020-04-07 17:38:15  :: Sending Instrument Batch 
2020-04-07 17:38:15  :: Sending ClientInstrumentState 
2020-04-07 17:38:15  :: Sending ClientInstrumentState 
2020-04-07 17:38:15  :: Sending ClientInstrumentState 
2020-04-07 17:38:15  :: Sending ClientInstrumentState 
2020-04-07 17:38:15  :: Sending ClientInstrumentState 
2020-04-07 17:38:15  :: Sending ClientInstrumentState 
2020-04-07 17:38:15  :: Sending ClientInstrumentState 
2020-04-07 17:38:15  :: Sending ClientInstrumentState 
2020-04-07 17:38:15  :: Sending ClientInstrumentState 
2020-04-07 17:38:15  :: Sending ClientInstrumentState 
2020-04-07 17:38:15  :: Sending ClientInstrumentState 
2020-04-07 17:38:15  :: Sending ClientInstrumentState 
2020-04-07 17:38:15  :: Sending ClientInstrumentState 
2020-04-07 17:38:15  :: Sending ClientInstrumentState 
2020-04-07 17:38:15  :: Sending ClientInstrumentState 
2020-04-07 17:38:15  :: Sending ClientInstrumentState 
2020-04-07 17:38:15  :: Sending ClientInstrumentState 
2020-04-07 17:38:15  :: Sending ClientInstrumentState 
2020-04-07 17:38:15  :: Sending ClientInstrumentState 
2020-04-07 17:38:15  :: Sending ClientInstrumentState 
2020-04-07 17:38:15  :: Sending ClientUserRecord
2020-04-07 17:38:15  :: Sending ClientMarketStateBatch
2020-04-07 17:38:15  :: Sending ClientAccountRecordBatch 
2020-04-07 17:38:18  :: OnMessage ClientHeartbeat from IP -> 127.0.0.1
2020-04-07 17:38:21  :: OnMessage ClientOrderReq from IP -> 127.0.0.1
2020-04-07 17:38:21  :: Sending ClientOrderResponse ...
2020-04-07 17:38:21  :: Best ask for buy order (Limit Price=9103.0) found at price 9102
2020-04-07 17:38:21  :: We eliminate the ask price level 9102 for symbolSWP-XBT-USD-G19 (@DepthOfBook and @Orders and we send the message)
2020-04-07 17:38:21  :: We send the DepthOfBookMessage removing the ask price level 9102 for symbolSWP-XBT-USD-G19 (@DepthOfBook and @Orders and we send the message)
2020-04-07 17:38:21  :: We send a Trade for Size=20 and Price=9102 for symbol SWP-XBT-USD-G19
2020-04-07 17:38:21  :: We update LastSale MD for Size=20 and Price=9102 for symbol SWP-XBT-USD-G19
2020-04-07 17:38:21  :: LastSale updated...
2020-04-07 17:38:21  :: We udate Quotes MD for Size=20 and Price=9102 for symbol SWP-XBT-USD-G19
2020-04-07 17:38:21  :: Updating best bid and ask for symbol SWP-XBT-USD-G19
2020-04-07 17:38:21  :: Inserting quotes for symbol SWP-XBT-USD-G19
2020-04-07 17:38:21  :: Quotes for symbol SWP-XBT-USD-G19 inserted
2020-04-07 17:38:21  :: Quotes updated...
2020-04-07 17:38:21  :: We send a Trade Notification for Size=20 and Price=9102 for symbol SWP-XBT-USD-G19
2020-04-07 17:38:21  :: Searching quotes for symbol SWP-XBT-USD-G19. 
2020-04-07 17:38:21  :: Sending LQ for symbol SWP-XBT-USD-G19. Best bid= Best ask=
2020-04-07 17:38:21  :: We create the remaining buy price level 9103.0  for size 10.0
2020-04-07 17:38:21  :: brkpnt Creating new order in Orders collection for OrderId = 8a1bb949-0276-49c5-8028-796e00e151e8
2020-04-07 17:38:21  :: Creating new order in Orders collection for OrderId = 8a1bb949-0276-49c5-8028-796e00e151e8
2020-04-07 17:38:21  :: Sending open order count for all symbols : 3
2020-04-07 17:38:21  :: Updating best bid and ask for symbol SWP-XBT-USD-G19
2020-04-07 17:38:21  :: Erasing best ask for symbol SWP-XBT-USD-G19
2020-04-07 17:38:25  :: Searching quotes for symbol SWP-XBT-USD-G19. 
2020-04-07 17:38:25  :: Sending LQ for symbol SWP-XBT-USD-G19. Best bid=9103.0 Best ask=
2020-04-07 17:38:32  :: Searching quotes for symbol SWP-XBT-USD-G19. 
2020-04-07 17:38:32  :: Sending LQ for symbol SWP-XBT-USD-G19. Best bid=9103.0 Best ask=
2020-04-07 17:38:37  :: Searching quotes for symbol SWP-XBT-USD-G19. 
2020-04-07 17:38:37  :: Sending LQ for symbol SWP-XBT-USD-G19. Best bid=9103.0 Best ask=
