2019-05-17 9:41:53  :: Initializing Mock Simulated Server...
2019-05-17 9:41:53  :: Initializing all collections...
2019-05-17 9:41:53  :: 5/17/2019 9:41:53 AMBaseCommunicationModule.LoadConfig
2019-05-17 9:41:53  :: Loading config:.\BitMex\incomingBitmex.xml
2019-05-17 9:41:53  :: Processing config:.\BitMex\incomingBitmex.xml
2019-05-17 9:41:54  :: Ending GetConfiguracion .\BitMex\incomingBitmex.xml
2019-05-17 9:41:54  :: Initializing WSMarketDataManager @ BitMexInstructionBasedMarketClient
2019-05-17 9:42:06  :: Connected: True - Error Message: 
2019-05-17 9:42:06  :: Initializing SecurityListManager @ BitMexInstructionBasedMarketClient
2019-05-17 9:42:06  :: Assigning events @ BitMexInstructionBasedMarketClient
2019-05-17 9:42:06  :: 5/17/2019 9:42:06 AMOrderRouterBase.LoadConfig
2019-05-17 9:42:06  :: Loading config:.\BitMex\outgoingBitmex.xml
2019-05-17 9:42:06  :: Processing config:.\BitMex\outgoingBitmex.xml
2019-05-17 9:42:06  :: Ending GetConfiguracion .\BitMex\outgoingBitmex.xml
2019-05-17 9:42:07  :: Collections Initialized...
2019-05-17 9:42:08  :: Successfully subscribed to execution event 
2019-05-17 9:42:19  :: Connecting for the first time to client 53193
2019-05-17 9:42:19  :: Connected for the first time to client 53193
2019-05-17 9:42:30  :: Incoming Login request for user MM2_CLOBUI2
2019-05-17 9:42:30  :: user MM2_CLOBUI2 Successfully logged in
2019-05-17 9:44:48  :: Unknown order processing execution report for OrderId db5d681c-b03f-62a8-c720-3840aeb9f435 
2019-05-17 9:57:33  :: Unknown order processing execution report for OrderId 8b5e929f-20b3-9fb1-f7d3-3aa462f8fc5f 
2019-05-17 9:59:50  :: Unknown order processing execution report for OrderId 82b8c076-a041-70d1-ad74-ec2916d6f167 
2019-05-17 10:13:10  :: Unknown order processing execution report for OrderId 70ac0d64-2e9e-5ca7-bc31-2c9d321e7495 
2019-05-17 10:13:32  :: Unknown order processing execution report for OrderId a01dda96-0e1a-4b04-8300-dc471802a83b 
2019-05-17 14:46:50  :: Initializing Mock Simulated Server...
2019-05-17 14:46:50  :: Initializing all collections...
2019-05-17 14:46:51  :: 5/17/2019 2:46:51 PMBaseCommunicationModule.LoadConfig
2019-05-17 14:46:51  :: Loading config:.\BitMex\incomingBitmex.xml
2019-05-17 14:46:51  :: Processing config:.\BitMex\incomingBitmex.xml
2019-05-17 14:46:51  :: Ending GetConfiguracion .\BitMex\incomingBitmex.xml
2019-05-17 14:46:51  :: Initializing WSMarketDataManager @ BitMexInstructionBasedMarketClient
2019-05-17 14:47:03  :: Connected: True - Error Message: 
2019-05-17 14:47:03  :: Initializing SecurityListManager @ BitMexInstructionBasedMarketClient
2019-05-17 14:47:03  :: Assigning events @ BitMexInstructionBasedMarketClient
2019-05-17 14:47:03  :: 5/17/2019 2:47:03 PMOrderRouterBase.LoadConfig
2019-05-17 14:47:03  :: Loading config:.\BitMex\outgoingBitmex.xml
2019-05-17 14:47:03  :: Processing config:.\BitMex\outgoingBitmex.xml
2019-05-17 14:47:03  :: Ending GetConfiguracion .\BitMex\outgoingBitmex.xml
2019-05-17 14:47:04  :: Collections Initialized...
2019-05-17 14:47:05  :: Successfully subscribed to execution event 
2019-05-17 14:47:39  :: Connecting for the first time to client 25754
2019-05-17 14:47:39  :: Connected for the first time to client 25754
2019-05-17 14:47:47  :: Incoming Login request for user MM2_CLOBUI2
2019-05-17 14:47:47  :: user MM2_CLOBUI2 Successfully logged in
2019-05-17 14:47:50  :: Incoming Login request for user MM2_CLOBUI2
2019-05-17 14:47:50  :: user MM2_CLOBUI2 Successfully logged in
2019-05-17 14:48:04  :: @Outgoing Bitmex:Routing  to market for symbol XBTU19
2019-05-17 15:08:22  :: Initializing Mock Simulated Server...
2019-05-17 15:08:22  :: Initializing all collections...
2019-05-17 15:08:22  :: 5/17/2019 3:08:22 PMBaseCommunicationModule.LoadConfig
2019-05-17 15:08:22  :: Loading config:.\BitMex\incomingBitmex.xml
2019-05-17 15:08:22  :: Processing config:.\BitMex\incomingBitmex.xml
2019-05-17 15:08:23  :: Ending GetConfiguracion .\BitMex\incomingBitmex.xml
2019-05-17 15:08:23  :: Initializing WSMarketDataManager @ BitMexInstructionBasedMarketClient
2019-05-17 15:08:35  :: Connected: True - Error Message: 
2019-05-17 15:08:35  :: Initializing SecurityListManager @ BitMexInstructionBasedMarketClient
2019-05-17 15:08:35  :: Assigning events @ BitMexInstructionBasedMarketClient
2019-05-17 15:08:35  :: 5/17/2019 3:08:35 PMOrderRouterBase.LoadConfig
2019-05-17 15:08:35  :: Loading config:.\BitMex\outgoingBitmex.xml
2019-05-17 15:08:35  :: Processing config:.\BitMex\outgoingBitmex.xml
2019-05-17 15:08:35  :: Ending GetConfiguracion .\BitMex\outgoingBitmex.xml
2019-05-17 15:08:36  :: Collections Initialized...
2019-05-17 15:08:37  :: Successfully subscribed to execution event 
2019-05-17 15:08:52  :: Connecting for the first time to client 27293
2019-05-17 15:08:52  :: Connected for the first time to client 27293
2019-05-17 15:09:00  :: Incoming Login request for user MM1_CLOBUI2
2019-05-17 15:09:00  :: user MM1_CLOBUI2 Successfully logged in
2019-05-17 15:09:04  :: @Outgoing Bitmex:Routing  to market for symbol XBTU19
2019-05-17 15:09:34  :: Initializing Mock Simulated Server...
2019-05-17 15:09:34  :: Initializing all collections...
2019-05-17 15:09:34  :: 5/17/2019 3:09:34 PMBaseCommunicationModule.LoadConfig
2019-05-17 15:09:34  :: Loading config:.\BitMex\incomingBitmex.xml
2019-05-17 15:09:34  :: Processing config:.\BitMex\incomingBitmex.xml
2019-05-17 15:09:34  :: Ending GetConfiguracion .\BitMex\incomingBitmex.xml
2019-05-17 15:09:34  :: Initializing WSMarketDataManager @ BitMexInstructionBasedMarketClient
2019-05-17 15:09:46  :: Connected: True - Error Message: 
2019-05-17 15:09:46  :: Initializing SecurityListManager @ BitMexInstructionBasedMarketClient
2019-05-17 15:09:46  :: Assigning events @ BitMexInstructionBasedMarketClient
2019-05-17 15:09:46  :: 5/17/2019 3:09:46 PMOrderRouterBase.LoadConfig
2019-05-17 15:09:46  :: Loading config:.\BitMex\outgoingBitmex.xml
2019-05-17 15:09:46  :: Processing config:.\BitMex\outgoingBitmex.xml
2019-05-17 15:09:46  :: Ending GetConfiguracion .\BitMex\outgoingBitmex.xml
2019-05-17 15:09:47  :: Collections Initialized...
2019-05-17 15:09:48  :: Successfully subscribed to execution event 
2019-05-17 15:10:01  :: Connecting for the first time to client 27362
2019-05-17 15:10:01  :: Connected for the first time to client 27362
2019-05-17 15:10:08  :: Incoming Login request for user MM2_CLOBUI2
2019-05-17 15:10:08  :: user MM2_CLOBUI2 Successfully logged in
2019-05-17 15:10:11  :: @Outgoing Bitmex:Routing  to market for symbol XBTU19
2019-05-17 15:10:50  :: @Outgoing Bitmex:Routing  to market for symbol XBTU19
2019-05-17 15:13:01  :: Initializing Mock Simulated Server...
2019-05-17 15:13:01  :: Initializing all collections...
2019-05-17 15:13:01  :: 5/17/2019 3:13:01 PMBaseCommunicationModule.LoadConfig
2019-05-17 15:13:01  :: Loading config:.\BitMex\incomingBitmex.xml
2019-05-17 15:13:01  :: Processing config:.\BitMex\incomingBitmex.xml
2019-05-17 15:13:02  :: Ending GetConfiguracion .\BitMex\incomingBitmex.xml
2019-05-17 15:13:02  :: Initializing WSMarketDataManager @ BitMexInstructionBasedMarketClient
2019-05-17 15:13:14  :: Connected: True - Error Message: 
2019-05-17 15:13:14  :: Initializing SecurityListManager @ BitMexInstructionBasedMarketClient
2019-05-17 15:13:14  :: Assigning events @ BitMexInstructionBasedMarketClient
2019-05-17 15:13:14  :: 5/17/2019 3:13:14 PMOrderRouterBase.LoadConfig
2019-05-17 15:13:14  :: Loading config:.\BitMex\outgoingBitmex.xml
2019-05-17 15:13:14  :: Processing config:.\BitMex\outgoingBitmex.xml
2019-05-17 15:13:14  :: Ending GetConfiguracion .\BitMex\outgoingBitmex.xml
2019-05-17 15:13:15  :: Collections Initialized...
2019-05-17 15:13:15  :: Successfully subscribed to execution event 
2019-05-17 15:13:24  :: Connecting for the first time to client 27677
2019-05-17 15:13:24  :: Connected for the first time to client 27677
2019-05-17 15:13:31  :: Incoming Login request for user MM2_CLOBUI2
2019-05-17 15:13:31  :: user MM2_CLOBUI2 Successfully logged in
2019-05-17 15:13:35  :: @Outgoing Bitmex:Routing  to market for symbol XBTU19
2019-05-17 15:14:02  :: Unknown order processing execution report for OrderId 049961f4-1627-cb4b-e764-1ed0ecbc0f67 
2019-05-17 15:14:02  :: Unknown order processing execution report for OrderId cf1e6097-0740-fa26-a6f4-eef175e99a30 
2019-05-17 15:14:02  :: Unknown order processing execution report for OrderId 9e556e82-603b-abb5-84e5-b6fc8ee1206d 
2019-05-17 15:14:02  :: Unknown order processing execution report for OrderId 7f5bb24f-fe82-e706-817c-b4f14a52b866 
2019-05-17 15:27:00  :: Initializing Mock Simulated Server...
2019-05-17 15:27:00  :: Initializing all collections...
2019-05-17 15:27:00  :: 5/17/2019 3:27:00 PMBaseCommunicationModule.LoadConfig
2019-05-17 15:27:00  :: Loading config:.\BitMex\incomingBitmex.xml
2019-05-17 15:27:00  :: Processing config:.\BitMex\incomingBitmex.xml
2019-05-17 15:27:00  :: Ending GetConfiguracion .\BitMex\incomingBitmex.xml
2019-05-17 15:27:00  :: Initializing WSMarketDataManager @ BitMexInstructionBasedMarketClient
2019-05-17 15:27:02  :: Connected: True - Error Message: 
2019-05-17 15:27:02  :: Initializing SecurityListManager @ BitMexInstructionBasedMarketClient
2019-05-17 15:27:02  :: Assigning events @ BitMexInstructionBasedMarketClient
2019-05-17 15:27:02  :: 5/17/2019 3:27:02 PMOrderRouterBase.LoadConfig
2019-05-17 15:27:02  :: Loading config:.\BitMex\outgoingBitmex.xml
2019-05-17 15:27:02  :: Processing config:.\BitMex\outgoingBitmex.xml
2019-05-17 15:27:02  :: Ending GetConfiguracion .\BitMex\outgoingBitmex.xml
2019-05-17 15:27:04  :: Collections Initialized...
2019-05-17 15:27:04  :: Successfully subscribed to execution event 
2019-05-17 15:27:10  :: Connecting for the first time to client 28737
2019-05-17 15:27:11  :: Connected for the first time to client 28737
2019-05-17 15:27:14  :: Incoming Login request for user MM2_CLOBUI2
2019-05-17 15:27:14  :: user MM2_CLOBUI2 Successfully logged in
2019-05-17 15:27:18  :: @Outgoing Bitmex:Routing  to market for symbol XBTU19
2019-05-17 15:28:45  :: Initializing Mock Simulated Server...
2019-05-17 15:28:45  :: Initializing all collections...
2019-05-17 15:28:45  :: 5/17/2019 3:28:45 PMBaseCommunicationModule.LoadConfig
2019-05-17 15:28:45  :: Loading config:.\BitMex\incomingBitmex.xml
2019-05-17 15:28:45  :: Processing config:.\BitMex\incomingBitmex.xml
2019-05-17 15:28:45  :: Ending GetConfiguracion .\BitMex\incomingBitmex.xml
2019-05-17 15:28:45  :: Initializing WSMarketDataManager @ BitMexInstructionBasedMarketClient
2019-05-17 15:28:46  :: Connected: True - Error Message: 
2019-05-17 15:28:46  :: Initializing SecurityListManager @ BitMexInstructionBasedMarketClient
2019-05-17 15:28:46  :: Assigning events @ BitMexInstructionBasedMarketClient
2019-05-17 15:28:46  :: 5/17/2019 3:28:46 PMOrderRouterBase.LoadConfig
2019-05-17 15:28:46  :: Loading config:.\BitMex\outgoingBitmex.xml
2019-05-17 15:28:46  :: Processing config:.\BitMex\outgoingBitmex.xml
2019-05-17 15:28:46  :: Ending GetConfiguracion .\BitMex\outgoingBitmex.xml
2019-05-17 15:28:47  :: Collections Initialized...
2019-05-17 15:28:48  :: Successfully subscribed to execution event 
2019-05-17 15:28:54  :: Connecting for the first time to client 28840
2019-05-17 15:28:54  :: Connected for the first time to client 28840
2019-05-17 15:29:07  :: Incoming Login request for user MM2_CLOBUI2
2019-05-17 15:29:07  :: user MM2_CLOBUI2 Successfully logged in
2019-05-17 15:29:10  :: @Outgoing Bitmex:Routing  to market for symbol XBTU19
2019-05-17 15:29:11  :: Unknown order processing execution report for OrderId 2d8e445c-09f9-fa66-dc6f-961026619d67 
2019-05-17 15:29:29  :: @Outgoing Bitmex:Routing  to market for symbol XBTU19
2019-05-17 15:29:48  :: Unknown order processing execution report for OrderId 4d60fd5c-a452-7bc1-b3c5-e7bfa2d0e312 
2019-05-17 15:30:15  :: @Outgoing Bitmex:Routing  to market for symbol XBTU19
2019-05-17 15:30:17  :: Unknown order processing execution report for OrderId 0c5be0a8-71f1-8567-5172-d0a4a021b5d3 
2019-05-17 15:31:25  :: Initializing Mock Simulated Server...
2019-05-17 15:31:25  :: Initializing all collections...
2019-05-17 15:31:25  :: 5/17/2019 3:31:25 PMBaseCommunicationModule.LoadConfig
2019-05-17 15:31:25  :: Loading config:.\BitMex\incomingBitmex.xml
2019-05-17 15:31:25  :: Processing config:.\BitMex\incomingBitmex.xml
2019-05-17 15:31:26  :: Ending GetConfiguracion .\BitMex\incomingBitmex.xml
2019-05-17 15:31:26  :: Initializing WSMarketDataManager @ BitMexInstructionBasedMarketClient
2019-05-17 15:31:27  :: Connected: True - Error Message: 
2019-05-17 15:31:27  :: Initializing SecurityListManager @ BitMexInstructionBasedMarketClient
2019-05-17 15:31:27  :: Assigning events @ BitMexInstructionBasedMarketClient
2019-05-17 15:31:27  :: 5/17/2019 3:31:27 PMOrderRouterBase.LoadConfig
2019-05-17 15:31:27  :: Loading config:.\BitMex\outgoingBitmex.xml
2019-05-17 15:31:27  :: Processing config:.\BitMex\outgoingBitmex.xml
2019-05-17 15:31:27  :: Ending GetConfiguracion .\BitMex\outgoingBitmex.xml
2019-05-17 15:31:28  :: Collections Initialized...
2019-05-17 15:31:29  :: Successfully subscribed to execution event 
2019-05-17 15:31:38  :: Connecting for the first time to client 29069
2019-05-17 15:31:38  :: Connected for the first time to client 29069
2019-05-17 15:31:48  :: Incoming Login request for user MM2_CLOBUI2
2019-05-17 15:31:48  :: user MM2_CLOBUI2 Successfully logged in
2019-05-17 15:31:51  :: @Outgoing Bitmex:Routing  to market for symbol XBTU19
2019-05-17 15:31:54  :: Unknown order processing execution report for OrderId 76e2fa0e-6c30-4fe6-f3e7-d9ee3cfbeb88 
2019-05-17 15:32:45  :: Unknown order processing execution report for OrderId 39cf9c63-0397-d8f5-da3b-c88d9a79b631 
2019-05-17 15:33:29  :: Initializing Mock Simulated Server...
2019-05-17 15:33:29  :: Initializing all collections...
2019-05-17 15:33:29  :: 5/17/2019 3:33:29 PMBaseCommunicationModule.LoadConfig
2019-05-17 15:33:29  :: Loading config:.\BitMex\incomingBitmex.xml
2019-05-17 15:33:29  :: Processing config:.\BitMex\incomingBitmex.xml
2019-05-17 15:33:30  :: Ending GetConfiguracion .\BitMex\incomingBitmex.xml
2019-05-17 15:33:30  :: Initializing WSMarketDataManager @ BitMexInstructionBasedMarketClient
2019-05-17 15:33:42  :: Connected: True - Error Message: 
2019-05-17 15:33:42  :: Initializing SecurityListManager @ BitMexInstructionBasedMarketClient
2019-05-17 15:33:42  :: Assigning events @ BitMexInstructionBasedMarketClient
2019-05-17 15:33:42  :: 5/17/2019 3:33:42 PMOrderRouterBase.LoadConfig
2019-05-17 15:33:42  :: Loading config:.\BitMex\outgoingBitmex.xml
2019-05-17 15:33:42  :: Processing config:.\BitMex\outgoingBitmex.xml
2019-05-17 15:33:42  :: Ending GetConfiguracion .\BitMex\outgoingBitmex.xml
2019-05-17 15:33:43  :: Collections Initialized...
2019-05-17 15:33:43  :: Successfully subscribed to execution event 
2019-05-17 15:33:50  :: Connecting for the first time to client 29193
2019-05-17 15:33:50  :: Connected for the first time to client 29193
2019-05-17 15:33:54  :: Incoming Login request for user MM2_CLOBUI2
2019-05-17 15:33:54  :: user MM2_CLOBUI2 Successfully logged in
2019-05-17 15:33:57  :: @Outgoing Bitmex:Routing  to market for symbol XBTU19
2019-05-17 15:33:58  :: Unknown order processing execution report for OrderId 2a04acd1-77d7-fae6-54e0-d0d26d4d9bf9 
2019-05-17 15:39:09  :: Initializing Mock Simulated Server...
2019-05-17 15:39:09  :: Initializing all collections...
2019-05-17 15:39:09  :: 5/17/2019 3:39:09 PMBaseCommunicationModule.LoadConfig
2019-05-17 15:39:09  :: Loading config:.\BitMex\incomingBitmex.xml
2019-05-17 15:39:09  :: Processing config:.\BitMex\incomingBitmex.xml
2019-05-17 15:39:09  :: Ending GetConfiguracion .\BitMex\incomingBitmex.xml
2019-05-17 15:39:09  :: Initializing WSMarketDataManager @ BitMexInstructionBasedMarketClient
2019-05-17 15:39:10  :: Connected: True - Error Message: 
2019-05-17 15:39:10  :: Initializing SecurityListManager @ BitMexInstructionBasedMarketClient
2019-05-17 15:39:10  :: Assigning events @ BitMexInstructionBasedMarketClient
2019-05-17 15:39:10  :: 5/17/2019 3:39:10 PMOrderRouterBase.LoadConfig
2019-05-17 15:39:10  :: Loading config:.\BitMex\outgoingBitmex.xml
2019-05-17 15:39:10  :: Processing config:.\BitMex\outgoingBitmex.xml
2019-05-17 15:39:10  :: Ending GetConfiguracion .\BitMex\outgoingBitmex.xml
2019-05-17 15:39:12  :: Collections Initialized...
2019-05-17 15:39:12  :: Successfully subscribed to execution event 
2019-05-17 15:39:23  :: Connecting for the first time to client 29571
2019-05-17 15:39:23  :: Connected for the first time to client 29571
2019-05-17 15:39:29  :: Incoming Login request for user MM2_CLOBUI2
2019-05-17 15:39:29  :: user MM2_CLOBUI2 Successfully logged in
2019-05-17 15:39:34  :: @Outgoing Bitmex:Routing  to market for symbol XBTU19
2019-05-17 15:39:39  :: Unknown order processing execution report for OrderId b023f819-0683-ea3e-ad9f-a07c0c581d41 
2019-05-17 15:39:58  :: Unknown order processing execution report for OrderId d9b8d0ad-555f-31b7-553b-2515bfe284e3 
2019-05-17 15:44:48  :: Initializing Mock Simulated Server...
2019-05-17 15:44:48  :: Initializing all collections...
2019-05-17 15:44:48  :: 5/17/2019 3:44:48 PMBaseCommunicationModule.LoadConfig
2019-05-17 15:44:48  :: Loading config:.\BitMex\incomingBitmex.xml
2019-05-17 15:44:48  :: Processing config:.\BitMex\incomingBitmex.xml
2019-05-17 15:44:48  :: Ending GetConfiguracion .\BitMex\incomingBitmex.xml
2019-05-17 15:44:48  :: Initializing WSMarketDataManager @ BitMexInstructionBasedMarketClient
2019-05-17 15:44:49  :: Connected: True - Error Message: 
2019-05-17 15:44:49  :: Initializing SecurityListManager @ BitMexInstructionBasedMarketClient
2019-05-17 15:44:49  :: Assigning events @ BitMexInstructionBasedMarketClient
2019-05-17 15:44:50  :: 5/17/2019 3:44:50 PMOrderRouterBase.LoadConfig
2019-05-17 15:44:50  :: Loading config:.\BitMex\outgoingBitmex.xml
2019-05-17 15:44:50  :: Processing config:.\BitMex\outgoingBitmex.xml
2019-05-17 15:44:50  :: Ending GetConfiguracion .\BitMex\outgoingBitmex.xml
2019-05-17 15:44:50  :: Collections Initialized...
2019-05-17 15:44:51  :: Successfully subscribed to execution event 
2019-05-17 15:45:00  :: Connecting for the first time to client 30003
2019-05-17 15:45:00  :: Connected for the first time to client 30003
2019-05-17 15:45:07  :: Incoming Login request for user MM2_CLOBUI2
2019-05-17 15:45:07  :: user MM2_CLOBUI2 Successfully logged in
2019-05-17 15:45:12  :: @Outgoing Bitmex:Routing  to market for symbol XBTU19
2019-05-17 15:45:13  :: Unknown order processing execution report for OrderId f4c94c75-7ee5-34ef-d762-7e9e38ec9d68 
2019-05-17 16:06:25  :: Initializing Mock Simulated Server...
2019-05-17 16:06:25  :: Initializing all collections...
2019-05-17 16:06:25  :: 5/17/2019 4:06:25 PMBaseCommunicationModule.LoadConfig
2019-05-17 16:06:25  :: Loading config:.\BitMex\incomingBitmex.xml
2019-05-17 16:06:25  :: Processing config:.\BitMex\incomingBitmex.xml
2019-05-17 16:06:25  :: Ending GetConfiguracion .\BitMex\incomingBitmex.xml
2019-05-17 16:06:25  :: Initializing WSMarketDataManager @ BitMexInstructionBasedMarketClient
2019-05-17 16:06:37  :: Connected: True - Error Message: 
2019-05-17 16:06:37  :: Initializing SecurityListManager @ BitMexInstructionBasedMarketClient
2019-05-17 16:06:37  :: Assigning events @ BitMexInstructionBasedMarketClient
2019-05-17 16:06:37  :: 5/17/2019 4:06:37 PMOrderRouterBase.LoadConfig
2019-05-17 16:06:37  :: Loading config:.\BitMex\outgoingBitmex.xml
2019-05-17 16:06:37  :: Processing config:.\BitMex\outgoingBitmex.xml
2019-05-17 16:06:37  :: Ending GetConfiguracion .\BitMex\outgoingBitmex.xml
2019-05-17 16:06:38  :: Collections Initialized...
2019-05-17 16:06:39  :: Successfully subscribed to execution event 
2019-05-17 16:08:39  :: Initializing Mock Simulated Server...
2019-05-17 16:08:39  :: Initializing all collections...
2019-05-17 16:08:39  :: 5/17/2019 4:08:39 PMBaseCommunicationModule.LoadConfig
2019-05-17 16:08:39  :: Loading config:.\BitMex\incomingBitmex.xml
2019-05-17 16:08:39  :: Processing config:.\BitMex\incomingBitmex.xml
2019-05-17 16:08:39  :: Ending GetConfiguracion .\BitMex\incomingBitmex.xml
2019-05-17 16:08:39  :: Initializing WSMarketDataManager @ BitMexInstructionBasedMarketClient
2019-05-17 16:08:40  :: Connected: True - Error Message: 
2019-05-17 16:08:40  :: Initializing SecurityListManager @ BitMexInstructionBasedMarketClient
2019-05-17 16:08:40  :: Assigning events @ BitMexInstructionBasedMarketClient
2019-05-17 16:08:40  :: 5/17/2019 4:08:40 PMOrderRouterBase.LoadConfig
2019-05-17 16:08:40  :: Loading config:.\BitMex\outgoingBitmex.xml
2019-05-17 16:08:40  :: Processing config:.\BitMex\outgoingBitmex.xml
2019-05-17 16:08:41  :: Ending GetConfiguracion .\BitMex\outgoingBitmex.xml
2019-05-17 16:08:41  :: Collections Initialized...
2019-05-17 16:08:42  :: Successfully subscribed to execution event 
2019-05-17 16:08:54  :: Connecting for the first time to client 31829
2019-05-17 16:08:54  :: Connected for the first time to client 31829
2019-05-17 16:09:02  :: Incoming Login request for user MM2_CLOBUI2
2019-05-17 16:09:02  :: user MM2_CLOBUI2 Successfully logged in
2019-05-17 16:09:05  :: @Outgoing Bitmex:Routing  to market for symbol XBTU19
2019-05-17 16:09:10  :: @Outgoing Bitmex:Cancelling order
2019-05-17 16:13:41  :: Initializing Mock Simulated Server...
2019-05-17 16:13:41  :: Initializing all collections...
2019-05-17 16:13:42  :: 5/17/2019 4:13:42 PMBaseCommunicationModule.LoadConfig
2019-05-17 16:13:42  :: Loading config:.\BitMex\incomingBitmex.xml
2019-05-17 16:13:42  :: Processing config:.\BitMex\incomingBitmex.xml
2019-05-17 16:13:42  :: Ending GetConfiguracion .\BitMex\incomingBitmex.xml
2019-05-17 16:13:42  :: Initializing WSMarketDataManager @ BitMexInstructionBasedMarketClient
2019-05-17 16:13:44  :: Connected: True - Error Message: 
2019-05-17 16:13:44  :: Initializing SecurityListManager @ BitMexInstructionBasedMarketClient
2019-05-17 16:13:44  :: Assigning events @ BitMexInstructionBasedMarketClient
2019-05-17 16:13:44  :: 5/17/2019 4:13:44 PMOrderRouterBase.LoadConfig
2019-05-17 16:13:44  :: Loading config:.\BitMex\outgoingBitmex.xml
2019-05-17 16:13:44  :: Processing config:.\BitMex\outgoingBitmex.xml
2019-05-17 16:13:44  :: Ending GetConfiguracion .\BitMex\outgoingBitmex.xml
2019-05-17 16:13:45  :: Collections Initialized...
2019-05-17 16:13:45  :: Successfully subscribed to execution event 
2019-05-17 16:14:12  :: Connecting for the first time to client 32266
2019-05-17 16:14:12  :: Connected for the first time to client 32266
2019-05-17 16:14:17  :: Incoming Login request for user MM2_CLOBUI2
2019-05-17 16:14:17  :: user MM2_CLOBUI2 Successfully logged in
2019-05-17 16:14:21  :: @Outgoing Bitmex:Routing  to market for symbol XBTU19
2019-05-17 16:14:22  :: Unknown order processing execution report for OrderId 1b441984-b5e8-55a2-4449-61af2abd5bda 
2019-05-17 16:14:26  :: @Outgoing Bitmex:Cancelling order
2019-05-17 17:18:42  :: Initializing Mock Simulated Server...
2019-05-17 17:18:42  :: Initializing all collections...
2019-05-17 17:18:42  :: 5/17/2019 5:18:42 PMBaseCommunicationModule.LoadConfig
2019-05-17 17:18:42  :: Loading config:.\BitMex\incomingBitmex.xml
2019-05-17 17:18:42  :: Processing config:.\BitMex\incomingBitmex.xml
2019-05-17 17:18:42  :: Ending GetConfiguracion .\BitMex\incomingBitmex.xml
2019-05-17 17:18:42  :: Initializing WSMarketDataManager @ BitMexInstructionBasedMarketClient
2019-05-17 17:18:44  :: Connected: True - Error Message: 
2019-05-17 17:18:44  :: Initializing SecurityListManager @ BitMexInstructionBasedMarketClient
2019-05-17 17:18:44  :: Assigning events @ BitMexInstructionBasedMarketClient
2019-05-17 17:18:44  :: 5/17/2019 5:18:44 PMOrderRouterBase.LoadConfig
2019-05-17 17:18:44  :: Loading config:.\BitMex\outgoingBitmex.xml
2019-05-17 17:18:44  :: Processing config:.\BitMex\outgoingBitmex.xml
2019-05-17 17:18:44  :: Ending GetConfiguracion .\BitMex\outgoingBitmex.xml
2019-05-17 17:18:45  :: Collections Initialized...
2019-05-17 17:18:46  :: Successfully subscribed to execution event 
2019-05-17 17:18:58  :: Connecting for the first time to client 37448
2019-05-17 17:18:58  :: Connected for the first time to client 37448
2019-05-17 17:19:08  :: Incoming Login request for user MM2_CLOBUI2
2019-05-17 17:19:08  :: user MM2_CLOBUI2 Successfully logged in
2019-05-17 17:19:13  :: @Outgoing Bitmex:Routing  to market for symbol XBTU19
2019-05-17 17:19:56  :: Connecting second client 37537.  Removing previous client
2019-05-17 17:19:56  :: Critical Error publishing Execution Report:Subproceso anulado.
2019-05-17 17:19:56  :: Critical Error publishing OrderCancelReplaceReject:Subproceso anulado.
2019-05-17 17:19:56  :: @Incoming Bitmex:Requesting Unsubscribe Market Data trades On Demand for Symbol: Incoming Bitmex
2019-05-17 17:19:56  :: @Incoming Bitmex:Requesting Unsubscribe Market Data quotes On Demand for Symbol: Incoming Bitmex
2019-05-17 17:19:56  :: @Incoming Bitmex:Requesting Unsubscribe Market Data order book On Demand for Symbol: Incoming Bitmex
2019-05-17 17:19:56  :: Turning threads off on socket disconnection
2019-05-17 17:19:56  :: Connected second client 37537.  Removing previous client
2019-05-17 17:20:30  :: Incoming Login request for user MM2_CLOBUI2
2019-05-17 17:20:30  :: user MM2_CLOBUI2 Successfully logged in
2019-05-17 17:20:34  :: @Outgoing Bitmex:Routing  to market for symbol XBTU19
2019-05-17 17:24:15  :: Initializing Mock Simulated Server...
2019-05-17 17:24:15  :: Initializing all collections...
2019-05-17 17:24:15  :: 5/17/2019 5:24:15 PMBaseCommunicationModule.LoadConfig
2019-05-17 17:24:15  :: Loading config:.\BitMex\incomingBitmex.xml
2019-05-17 17:24:15  :: Processing config:.\BitMex\incomingBitmex.xml
2019-05-17 17:24:15  :: Ending GetConfiguracion .\BitMex\incomingBitmex.xml
2019-05-17 17:24:15  :: Initializing WSMarketDataManager @ BitMexInstructionBasedMarketClient
2019-05-17 17:24:16  :: Connected: True - Error Message: 
2019-05-17 17:24:16  :: Initializing SecurityListManager @ BitMexInstructionBasedMarketClient
2019-05-17 17:24:16  :: Assigning events @ BitMexInstructionBasedMarketClient
2019-05-17 17:24:17  :: 5/17/2019 5:24:17 PMOrderRouterBase.LoadConfig
2019-05-17 17:24:17  :: Loading config:.\BitMex\outgoingBitmex.xml
2019-05-17 17:24:17  :: Processing config:.\BitMex\outgoingBitmex.xml
2019-05-17 17:24:17  :: Ending GetConfiguracion .\BitMex\outgoingBitmex.xml
2019-05-17 17:24:18  :: Collections Initialized...
2019-05-17 17:24:18  :: Successfully subscribed to execution event 
2019-05-17 17:24:28  :: Connecting for the first time to client 37900
2019-05-17 17:24:28  :: Connected for the first time to client 37900
2019-05-17 17:24:35  :: Incoming Login request for user MM2_CLOBUI2
2019-05-17 17:24:35  :: user MM2_CLOBUI2 Successfully logged in
2019-05-17 17:24:38  :: Incoming subscription for Service: Oy - Service key: 22@XBT-USD - UUID: APIClientUUID SubscriptionType: S UserId: MM2_CLOBUI2 JsonToken:eyJhbGciOiJIUzI1NiIsInR5cCI6IkpXVCJ9.eyJpYXQiOjE1NTEzODY5NjksImV4cCI
2019-05-17 17:24:38  :: Entering ProcessMyOrders for ServiceKey=22@XBT-USD
2019-05-17 17:24:38  :: @Outgoing Bitmex:Recovering full order list
2019-05-17 17:24:39  :: SubscriptionResponse UUID: Service:Oy ServiceKey: Success:True
2019-05-17 17:24:43  :: @Outgoing Bitmex:Routing  to market for symbol XBTU19
2019-05-17 17:48:19  :: Initializing Mock Simulated Server...
2019-05-17 17:48:19  :: Initializing all collections...
2019-05-17 17:48:19  :: 5/17/2019 5:48:19 PMBaseCommunicationModule.LoadConfig
2019-05-17 17:48:19  :: Loading config:.\BitMex\incomingBitmex.xml
2019-05-17 17:48:19  :: Processing config:.\BitMex\incomingBitmex.xml
2019-05-17 17:48:20  :: Ending GetConfiguracion .\BitMex\incomingBitmex.xml
2019-05-17 17:48:20  :: Initializing WSMarketDataManager @ BitMexInstructionBasedMarketClient
2019-05-17 17:48:32  :: Connected: True - Error Message: 
2019-05-17 17:48:32  :: Initializing SecurityListManager @ BitMexInstructionBasedMarketClient
2019-05-17 17:48:32  :: Assigning events @ BitMexInstructionBasedMarketClient
2019-05-17 17:48:32  :: 5/17/2019 5:48:32 PMOrderRouterBase.LoadConfig
2019-05-17 17:48:32  :: Loading config:.\BitMex\outgoingBitmex.xml
2019-05-17 17:48:32  :: Processing config:.\BitMex\outgoingBitmex.xml
2019-05-17 17:48:32  :: Ending GetConfiguracion .\BitMex\outgoingBitmex.xml
2019-05-17 17:48:33  :: Collections Initialized...
2019-05-17 17:48:34  :: Successfully subscribed to execution event 
2019-05-17 17:48:44  :: Connecting for the first time to client 39765
2019-05-17 17:48:44  :: Connected for the first time to client 39765
2019-05-17 17:48:53  :: Incoming Login request for user MM2_CLOBUI2
2019-05-17 17:48:53  :: user MM2_CLOBUI2 Successfully logged in
2019-05-17 17:49:41  :: Connecting second client 39819.  Removing previous client
2019-05-17 17:49:41  :: Turning threads off on socket disconnection
2019-05-17 17:49:41  :: Connected second client 39819.  Removing previous client
2019-05-17 17:49:47  :: Incoming Login request for user MM2_CLOBUI2
2019-05-17 17:49:47  :: user MM2_CLOBUI2 Successfully logged in
2019-05-17 17:51:45  :: Initializing Mock Simulated Server...
2019-05-17 17:51:45  :: Initializing all collections...
2019-05-17 17:51:45  :: 5/17/2019 5:51:45 PMBaseCommunicationModule.LoadConfig
2019-05-17 17:51:45  :: Loading config:.\BitMex\incomingBitmex.xml
2019-05-17 17:51:45  :: Processing config:.\BitMex\incomingBitmex.xml
2019-05-17 17:51:45  :: Ending GetConfiguracion .\BitMex\incomingBitmex.xml
2019-05-17 17:51:45  :: Initializing WSMarketDataManager @ BitMexInstructionBasedMarketClient
2019-05-17 17:51:58  :: Connected: True - Error Message: 
2019-05-17 17:51:58  :: Initializing SecurityListManager @ BitMexInstructionBasedMarketClient
2019-05-17 17:51:58  :: Assigning events @ BitMexInstructionBasedMarketClient
2019-05-17 17:51:58  :: 5/17/2019 5:51:58 PMOrderRouterBase.LoadConfig
2019-05-17 17:51:58  :: Loading config:.\BitMex\outgoingBitmex.xml
2019-05-17 17:51:58  :: Processing config:.\BitMex\outgoingBitmex.xml
2019-05-17 17:51:58  :: Ending GetConfiguracion .\BitMex\outgoingBitmex.xml
2019-05-17 17:51:58  :: Collections Initialized...
2019-05-17 17:51:59  :: Successfully subscribed to execution event 
2019-05-17 17:52:12  :: Initializing Mock Simulated Server...
2019-05-17 17:52:12  :: Initializing all collections...
2019-05-17 17:52:12  :: 5/17/2019 5:52:12 PMBaseCommunicationModule.LoadConfig
2019-05-17 17:52:12  :: Loading config:.\BitMex\incomingBitmex.xml
2019-05-17 17:52:12  :: Processing config:.\BitMex\incomingBitmex.xml
2019-05-17 17:52:12  :: Ending GetConfiguracion .\BitMex\incomingBitmex.xml
2019-05-17 17:52:12  :: Initializing WSMarketDataManager @ BitMexInstructionBasedMarketClient
2019-05-17 17:52:14  :: Connected: True - Error Message: 
2019-05-17 17:52:14  :: Initializing SecurityListManager @ BitMexInstructionBasedMarketClient
2019-05-17 17:52:14  :: Assigning events @ BitMexInstructionBasedMarketClient
2019-05-17 17:52:14  :: 5/17/2019 5:52:14 PMOrderRouterBase.LoadConfig
2019-05-17 17:52:14  :: Loading config:.\BitMex\outgoingBitmex.xml
2019-05-17 17:52:14  :: Processing config:.\BitMex\outgoingBitmex.xml
2019-05-17 17:52:14  :: Ending GetConfiguracion .\BitMex\outgoingBitmex.xml
2019-05-17 17:52:15  :: Collections Initialized...
2019-05-17 17:52:15  :: Successfully subscribed to execution event 
2019-05-17 17:52:21  :: Connecting for the first time to client 40000
2019-05-17 17:52:21  :: Connected for the first time to client 40000
2019-05-17 17:52:24  :: Incoming Login request for user MM2_CLOBUI2
2019-05-17 17:52:24  :: user MM2_CLOBUI2 Successfully logged in
2019-05-17 17:52:29  :: Incoming Login request for user MM2_CLOBUI2
2019-05-17 17:52:29  :: user MM2_CLOBUI2 Successfully logged in
2019-05-17 17:52:31  :: Incoming Login request for user MM2_CLOBUI2
2019-05-17 17:52:31  :: user MM2_CLOBUI2 Successfully logged in
2019-05-17 17:52:43  :: Connecting second client 40021.  Removing previous client
2019-05-17 17:52:44  :: Turning threads off on socket disconnection
2019-05-17 17:52:44  :: Connected second client 40021.  Removing previous client
2019-05-17 17:52:53  :: Incoming Login request for user MM2_CLOBUI2
2019-05-17 17:52:53  :: user MM2_CLOBUI2 Successfully logged in
2019-05-17 17:53:14  :: Initializing Mock Simulated Server...
2019-05-17 17:53:14  :: Initializing all collections...
2019-05-17 17:53:14  :: 5/17/2019 5:53:14 PMBaseCommunicationModule.LoadConfig
2019-05-17 17:53:14  :: Loading config:.\BitMex\incomingBitmex.xml
2019-05-17 17:53:14  :: Processing config:.\BitMex\incomingBitmex.xml
2019-05-17 17:53:14  :: Ending GetConfiguracion .\BitMex\incomingBitmex.xml
2019-05-17 17:53:14  :: Initializing WSMarketDataManager @ BitMexInstructionBasedMarketClient
2019-05-17 17:53:26  :: Connected: True - Error Message: 
2019-05-17 17:53:26  :: Initializing SecurityListManager @ BitMexInstructionBasedMarketClient
2019-05-17 17:53:26  :: Assigning events @ BitMexInstructionBasedMarketClient
2019-05-17 17:53:26  :: 5/17/2019 5:53:26 PMOrderRouterBase.LoadConfig
2019-05-17 17:53:26  :: Loading config:.\BitMex\outgoingBitmex.xml
2019-05-17 17:53:26  :: Processing config:.\BitMex\outgoingBitmex.xml
2019-05-17 17:53:26  :: Ending GetConfiguracion .\BitMex\outgoingBitmex.xml
2019-05-17 17:53:27  :: Collections Initialized...
2019-05-17 17:53:28  :: Successfully subscribed to execution event 
2019-05-17 17:53:39  :: Connecting for the first time to client 40079
2019-05-17 17:53:39  :: Connected for the first time to client 40079
2019-05-17 17:53:39  :: Incoming Login request for user MM2_CLOBUI2
2019-05-17 17:53:39  :: user MM2_CLOBUI2 Successfully logged in
2019-05-17 17:58:20  :: Initializing Mock Simulated Server...
2019-05-17 17:58:20  :: Initializing all collections...
2019-05-17 17:58:20  :: 5/17/2019 5:58:20 PMBaseCommunicationModule.LoadConfig
2019-05-17 17:58:20  :: Loading config:.\BitMex\incomingBitmex.xml
2019-05-17 17:58:20  :: Processing config:.\BitMex\incomingBitmex.xml
2019-05-17 17:58:20  :: Ending GetConfiguracion .\BitMex\incomingBitmex.xml
2019-05-17 17:58:20  :: Initializing WSMarketDataManager @ BitMexInstructionBasedMarketClient
2019-05-17 17:58:32  :: Connected: True - Error Message: 
2019-05-17 17:58:32  :: Initializing SecurityListManager @ BitMexInstructionBasedMarketClient
2019-05-17 17:58:32  :: Assigning events @ BitMexInstructionBasedMarketClient
2019-05-17 17:58:32  :: 5/17/2019 5:58:32 PMOrderRouterBase.LoadConfig
2019-05-17 17:58:32  :: Loading config:.\BitMex\outgoingBitmex.xml
2019-05-17 17:58:32  :: Processing config:.\BitMex\outgoingBitmex.xml
2019-05-17 17:58:32  :: Ending GetConfiguracion .\BitMex\outgoingBitmex.xml
2019-05-17 17:58:33  :: Collections Initialized...
2019-05-17 17:58:34  :: Successfully subscribed to execution event 
2019-05-17 17:58:40  :: Connecting for the first time to client 40424
2019-05-17 17:58:40  :: Connected for the first time to client 40424
2019-05-17 17:58:43  :: Incoming Login request for user MM2_CLOBUI2
2019-05-17 17:58:43  :: user MM2_CLOBUI2 Successfully logged in
2019-05-17 17:58:48  :: @Outgoing Bitmex:Routing  to market for symbol XBTU19
2019-05-17 17:58:50  :: Received Filled report for not subscribed security XBT-USD to service Oy
2019-05-17 17:58:54  :: @Outgoing Bitmex:Cancelling order
