2019-11-13 9:28:38  :: Initializing Mock Server...
2019-11-13 9:28:38  :: Initializing all collections...
2019-11-13 9:28:38  :: Creating history service for controller HistoryServiceController on URL http://localhost:29400/
2019-11-13 9:28:39  :: Collections Initialized...
2019-11-13 9:28:47  :: Connecting for the first time to client 29111
2019-11-13 9:28:47  :: Connected for the first time to client 29111
2019-11-13 9:28:59  :: OnMessage TokenRequest from IP -> 127.0.0.1
2019-11-13 9:28:59  :: OnMessage ClientLoginRequest from IP -> 127.0.0.1
2019-11-13 9:28:59  :: Sending ClientLoginResponse with UUID d2cb0c82-6442-4b80-95b7-c8b12a0c10f1
2019-11-13 9:28:59  :: Sending Instrument Batch 
2019-11-13 9:28:59  :: Sending ClientInstrumentState 
2019-11-13 9:28:59  :: Sending ClientInstrumentState 
2019-11-13 9:28:59  :: Sending ClientInstrumentState 
2019-11-13 9:28:59  :: Sending ClientInstrumentState 
2019-11-13 9:28:59  :: Sending ClientInstrumentState 
2019-11-13 9:28:59  :: Sending ClientInstrumentState 
2019-11-13 9:28:59  :: Sending ClientInstrumentState 
2019-11-13 9:28:59  :: Sending ClientInstrumentState 
2019-11-13 9:28:59  :: Sending ClientInstrumentState 
2019-11-13 9:28:59  :: Sending ClientInstrumentState 
2019-11-13 9:28:59  :: Sending ClientInstrumentState 
2019-11-13 9:28:59  :: Sending ClientInstrumentState 
2019-11-13 9:28:59  :: Sending ClientInstrumentState 
2019-11-13 9:28:59  :: Sending ClientInstrumentState 
2019-11-13 9:28:59  :: Sending ClientInstrumentState 
2019-11-13 9:28:59  :: Sending ClientInstrumentState 
2019-11-13 9:28:59  :: Sending ClientInstrumentState 
2019-11-13 9:28:59  :: Sending ClientInstrumentState 
2019-11-13 9:28:59  :: Sending ClientInstrumentState 
2019-11-13 9:28:59  :: Sending ClientInstrumentState 
2019-11-13 9:28:59  :: Sending ClientInstrumentState 
2019-11-13 9:28:59  :: Sending ClientUserRecord
2019-11-13 9:28:59  :: Sending ClientMarketStateBatch
2019-11-13 9:28:59  :: Sending ClientAccountRecordBatch 
2019-11-13 9:29:02  :: OnMessage ClientHeartbeat from IP -> 127.0.0.1
2019-11-13 9:29:05  :: OnMessage Subscribe from IP -> 127.0.0.1
2019-11-13 9:29:05  :: Incoming subscription for service LS - ServiceKey:2
2019-11-13 9:29:05  :: OnMessage ClientHeartbeat from IP -> 127.0.0.1
2019-11-13 9:29:08  :: SubscriptionResponse UUID:d2cb0c82-6442-4b80-95b7-c8b12a0c10f1 Service:LS ServiceKey:2 Success:True
2019-11-13 9:29:08  :: OnMessage ClientHeartbeat from IP -> 127.0.0.1
2019-11-13 9:29:19  :: Turning threads off on socket disconnection
2019-11-13 9:29:19  :: Critical error processing last sales message: Subproceso anulado....
2019-11-13 9:29:20  :: Turning threads off on socket disconnection
2019-11-13 9:29:23  :: Turning threads off on socket disconnection
