2019-12-27 10:50:30  :: Initializing Mock Server...
2019-12-27 10:50:30  :: Initializing all collections...
2019-12-27 10:50:31  :: Creating history service for controller HistoryServiceController on URL http://localhost:29400/
2019-12-27 10:50:31  :: Collections Initialized...
2019-12-27 10:52:35  :: Initializing Mock Server...
2019-12-27 10:52:35  :: Initializing all collections...
2019-12-27 10:52:36  :: Creating history service for controller HistoryServiceController on URL http://localhost:29400/
2019-12-27 10:52:37  :: Collections Initialized...
2019-12-27 10:52:46  :: Connecting for the first time to client 33941
2019-12-27 10:52:46  :: Connected for the first time to client 33941
2019-12-27 10:53:02  :: OnMessage TokenRequest from IP -> 127.0.0.1
2019-12-27 10:53:02  :: OnMessage ClientLoginRequest from IP -> 127.0.0.1
2019-12-27 10:53:02  :: Sending ClientLoginResponse with UUID 82ea99f5-cecb-4480-8ec7-204d6341b4f5
2019-12-27 10:53:02  :: Sending Instrument Batch 
2019-12-27 10:53:02  :: Sending ClientInstrumentState 
2019-12-27 10:53:02  :: Sending ClientInstrumentState 
2019-12-27 10:53:02  :: Sending ClientInstrumentState 
2019-12-27 10:53:02  :: Sending ClientInstrumentState 
2019-12-27 10:53:02  :: Sending ClientInstrumentState 
2019-12-27 10:53:02  :: Sending ClientInstrumentState 
2019-12-27 10:53:02  :: Sending ClientInstrumentState 
2019-12-27 10:53:02  :: Sending ClientInstrumentState 
2019-12-27 10:53:02  :: Sending ClientInstrumentState 
2019-12-27 10:53:02  :: Sending ClientInstrumentState 
2019-12-27 10:53:02  :: Sending ClientInstrumentState 
2019-12-27 10:53:02  :: Sending ClientInstrumentState 
2019-12-27 10:53:02  :: Sending ClientInstrumentState 
2019-12-27 10:53:02  :: Sending ClientInstrumentState 
2019-12-27 10:53:02  :: Sending ClientInstrumentState 
2019-12-27 10:53:02  :: Sending ClientInstrumentState 
2019-12-27 10:53:02  :: Sending ClientInstrumentState 
2019-12-27 10:53:02  :: Sending ClientInstrumentState 
2019-12-27 10:53:02  :: Sending ClientInstrumentState 
2019-12-27 10:53:02  :: Sending ClientInstrumentState 
2019-12-27 10:53:02  :: Sending ClientUserRecord
2019-12-27 10:53:02  :: Sending ClientMarketStateBatch
2019-12-27 10:53:02  :: Sending ClientAccountRecordBatch 
