2019-05-20 10:15:43  :: Initializing Mock Simulated Server...
2019-05-20 10:15:43  :: Initializing all collections...
2019-05-20 10:15:43  :: 5/20/2019 10:15:43 AMBaseCommunicationModule.LoadConfig
2019-05-20 10:15:43  :: Loading config:.\BitMex\incomingBitmex.xml
2019-05-20 10:15:43  :: Processing config:.\BitMex\incomingBitmex.xml
2019-05-20 10:15:43  :: Ending GetConfiguracion .\BitMex\incomingBitmex.xml
2019-05-20 10:15:43  :: Initializing WSMarketDataManager @ BitMexInstructionBasedMarketClient
2019-05-20 10:15:45  :: Connected: True - Error Message: 
2019-05-20 10:15:45  :: Initializing SecurityListManager @ BitMexInstructionBasedMarketClient
2019-05-20 10:15:45  :: Assigning events @ BitMexInstructionBasedMarketClient
2019-05-20 10:15:45  :: 5/20/2019 10:15:45 AMOrderRouterBase.LoadConfig
2019-05-20 10:15:45  :: Loading config:.\BitMex\outgoingBitmex.xml
2019-05-20 10:15:45  :: Processing config:.\BitMex\outgoingBitmex.xml
2019-05-20 10:15:45  :: Ending GetConfiguracion .\BitMex\outgoingBitmex.xml
2019-05-20 10:15:46  :: Collections Initialized...
2019-05-20 10:15:47  :: Successfully subscribed to execution event 
2019-05-20 10:15:59  :: Initializing Mock Simulated Server...
2019-05-20 10:15:59  :: Initializing all collections...
2019-05-20 10:15:59  :: 5/20/2019 10:15:59 AMBaseCommunicationModule.LoadConfig
2019-05-20 10:15:59  :: Loading config:.\BitMex\incomingBitmex.xml
2019-05-20 10:15:59  :: Processing config:.\BitMex\incomingBitmex.xml
2019-05-20 10:15:59  :: Ending GetConfiguracion .\BitMex\incomingBitmex.xml
2019-05-20 10:15:59  :: Initializing WSMarketDataManager @ BitMexInstructionBasedMarketClient
2019-05-20 10:16:01  :: Connected: True - Error Message: 
2019-05-20 10:16:01  :: Initializing SecurityListManager @ BitMexInstructionBasedMarketClient
2019-05-20 10:16:01  :: Assigning events @ BitMexInstructionBasedMarketClient
2019-05-20 10:16:01  :: 5/20/2019 10:16:01 AMOrderRouterBase.LoadConfig
2019-05-20 10:16:01  :: Loading config:.\BitMex\outgoingBitmex.xml
2019-05-20 10:16:01  :: Processing config:.\BitMex\outgoingBitmex.xml
2019-05-20 10:16:01  :: Ending GetConfiguracion .\BitMex\outgoingBitmex.xml
2019-05-20 10:16:01  :: Collections Initialized...
2019-05-20 10:16:02  :: Successfully subscribed to execution event 
2019-05-20 10:16:10  :: Connecting for the first time to client 25766
2019-05-20 10:16:10  :: Connected for the first time to client 25766
2019-05-20 10:16:10  :: Incoming Login request for user MM2_CLOBUI2
2019-05-20 10:16:10  :: user MM2_CLOBUI2 Successfully logged in
2019-05-20 10:16:17  :: @Outgoing Bitmex:Routing  to market for symbol XBTU19
2019-05-20 10:16:18  :: Unknown order processing execution report for OrderId 5e1fe73a-518c-867b-ed07-302b9a6e5efc 
2019-05-20 10:16:18  :: Unknown order processing execution report for OrderId 5e1fe73a-518c-867b-ed07-302b9a6e5efc 
2019-05-20 10:16:22  :: @Outgoing Bitmex:Cancelling order
2019-05-20 10:20:45  :: Initializing Mock Simulated Server...
2019-05-20 10:20:45  :: Initializing all collections...
2019-05-20 10:20:46  :: 5/20/2019 10:20:46 AMBaseCommunicationModule.LoadConfig
2019-05-20 10:20:46  :: Loading config:.\BitMex\incomingBitmex.xml
2019-05-20 10:20:46  :: Processing config:.\BitMex\incomingBitmex.xml
2019-05-20 10:20:46  :: Ending GetConfiguracion .\BitMex\incomingBitmex.xml
2019-05-20 10:20:46  :: Initializing WSMarketDataManager @ BitMexInstructionBasedMarketClient
2019-05-20 10:20:58  :: Connected: True - Error Message: 
2019-05-20 10:20:58  :: Initializing SecurityListManager @ BitMexInstructionBasedMarketClient
2019-05-20 10:20:58  :: Assigning events @ BitMexInstructionBasedMarketClient
2019-05-20 10:20:58  :: 5/20/2019 10:20:58 AMOrderRouterBase.LoadConfig
2019-05-20 10:20:58  :: Loading config:.\BitMex\outgoingBitmex.xml
2019-05-20 10:20:58  :: Processing config:.\BitMex\outgoingBitmex.xml
2019-05-20 10:20:58  :: Ending GetConfiguracion .\BitMex\outgoingBitmex.xml
2019-05-20 10:20:59  :: Collections Initialized...
2019-05-20 10:21:00  :: Successfully subscribed to execution event 
2019-05-20 10:22:52  :: Connecting for the first time to client 26246
2019-05-20 10:22:52  :: Connected for the first time to client 26246
2019-05-20 10:23:03  :: Incoming Login request for user MM2_CLOBUI2
2019-05-20 10:23:03  :: user MM2_CLOBUI2 Successfully logged in
2019-05-20 10:23:07  :: @Outgoing Bitmex:Routing  to market for symbol XBTU19
2019-05-20 10:23:08  :: Received Filled report for not subscribed security XBT-USD to service Oy
2019-05-20 10:23:12  :: @Outgoing Bitmex:Cancelling order
2019-05-20 10:30:58  :: Initializing Mock Simulated Server...
2019-05-20 10:30:58  :: Initializing all collections...
2019-05-20 10:30:58  :: 5/20/2019 10:30:58 AMBaseCommunicationModule.LoadConfig
2019-05-20 10:30:58  :: Loading config:.\BitMex\incomingBitmex.xml
2019-05-20 10:30:58  :: Processing config:.\BitMex\incomingBitmex.xml
2019-05-20 10:30:58  :: Ending GetConfiguracion .\BitMex\incomingBitmex.xml
2019-05-20 10:30:58  :: Initializing WSMarketDataManager @ BitMexInstructionBasedMarketClient
2019-05-20 10:31:11  :: Connected: True - Error Message: 
2019-05-20 10:31:11  :: Initializing SecurityListManager @ BitMexInstructionBasedMarketClient
2019-05-20 10:31:11  :: Assigning events @ BitMexInstructionBasedMarketClient
2019-05-20 10:31:11  :: 5/20/2019 10:31:11 AMOrderRouterBase.LoadConfig
2019-05-20 10:31:11  :: Loading config:.\BitMex\outgoingBitmex.xml
2019-05-20 10:31:11  :: Processing config:.\BitMex\outgoingBitmex.xml
2019-05-20 10:31:11  :: Ending GetConfiguracion .\BitMex\outgoingBitmex.xml
2019-05-20 10:31:12  :: Collections Initialized...
2019-05-20 10:31:12  :: Successfully subscribed to execution event 
2019-05-20 10:31:24  :: Connecting for the first time to client 26969
2019-05-20 10:31:24  :: Connected for the first time to client 26969
2019-05-20 10:31:30  :: Incoming Login request for user MM2_CLOBUI2
2019-05-20 10:31:30  :: user MM2_CLOBUI2 Successfully logged in
2019-05-20 10:31:33  :: @Outgoing Bitmex:Routing  to market for symbol XBTU19
2019-05-20 10:31:34  :: Unknown order processing execution report for OrderId fd60548a-8bb8-3c65-13c8-a4939fea5f07 
2019-05-20 10:31:34  :: Received Filled report for not subscribed security XBT-USD to service Oy
2019-05-20 10:31:38  :: @Outgoing Bitmex:Cancelling order
2019-05-20 10:32:29  :: Initializing Mock Simulated Server...
2019-05-20 10:32:29  :: Initializing all collections...
2019-05-20 10:32:29  :: 5/20/2019 10:32:29 AMBaseCommunicationModule.LoadConfig
2019-05-20 10:32:29  :: Loading config:.\BitMex\incomingBitmex.xml
2019-05-20 10:32:29  :: Processing config:.\BitMex\incomingBitmex.xml
2019-05-20 10:32:29  :: Ending GetConfiguracion .\BitMex\incomingBitmex.xml
2019-05-20 10:32:29  :: Initializing WSMarketDataManager @ BitMexInstructionBasedMarketClient
2019-05-20 10:32:30  :: Connected: True - Error Message: 
2019-05-20 10:32:30  :: Initializing SecurityListManager @ BitMexInstructionBasedMarketClient
2019-05-20 10:32:30  :: Assigning events @ BitMexInstructionBasedMarketClient
2019-05-20 10:32:30  :: 5/20/2019 10:32:30 AMOrderRouterBase.LoadConfig
2019-05-20 10:32:30  :: Loading config:.\BitMex\outgoingBitmex.xml
2019-05-20 10:32:30  :: Processing config:.\BitMex\outgoingBitmex.xml
2019-05-20 10:32:30  :: Ending GetConfiguracion .\BitMex\outgoingBitmex.xml
2019-05-20 10:32:31  :: Collections Initialized...
2019-05-20 10:32:32  :: Successfully subscribed to execution event 
2019-05-20 10:32:39  :: Connecting for the first time to client 27055
2019-05-20 10:32:39  :: Connected for the first time to client 27055
2019-05-20 10:32:48  :: Incoming Login request for user MM2_CLOBUI2
2019-05-20 10:32:48  :: user MM2_CLOBUI2 Successfully logged in
2019-05-20 10:32:52  :: @Outgoing Bitmex:Routing  to market for symbol XBTU19
2019-05-20 10:32:53  :: Received Filled report for not subscribed security XBT-USD to service Oy
2019-05-20 10:32:57  :: @Outgoing Bitmex:Cancelling order
2019-05-20 10:36:28  :: Connecting second client 27430.  Removing previous client
2019-05-20 10:36:28  :: Critical Error publishing Execution Report:Subproceso anulado.
2019-05-20 10:36:29  :: Critical Error publishing OrderCancelReplaceReject:Subproceso anulado.
2019-05-20 10:36:29  :: @Incoming Bitmex:Requesting Unsubscribe Market Data trades On Demand for Symbol: Incoming Bitmex
2019-05-20 10:36:29  :: @Incoming Bitmex:Requesting Unsubscribe Market Data quotes On Demand for Symbol: Incoming Bitmex
2019-05-20 10:36:29  :: @Incoming Bitmex:Requesting Unsubscribe Market Data order book On Demand for Symbol: Incoming Bitmex
2019-05-20 10:36:29  :: Turning threads off on socket disconnection
2019-05-20 10:36:29  :: Connected second client 27430.  Removing previous client
2019-05-20 10:36:35  :: Incoming Login request for user MM2_CLOBUI2
2019-05-20 10:36:35  :: user MM2_CLOBUI2 Successfully logged in
2019-05-20 10:36:40  :: @Outgoing Bitmex:Routing  to market for symbol XBTU19
2019-05-20 10:36:42  :: Received Filled report for not subscribed security XBT-USD to service Oy
2019-05-20 10:36:45  :: @Outgoing Bitmex:Cancelling order
2019-05-20 10:39:41  :: Initializing Mock Simulated Server...
2019-05-20 10:39:41  :: Initializing all collections...
2019-05-20 10:39:41  :: 5/20/2019 10:39:41 AMBaseCommunicationModule.LoadConfig
2019-05-20 10:39:41  :: Loading config:.\BitMex\incomingBitmex.xml
2019-05-20 10:39:41  :: Processing config:.\BitMex\incomingBitmex.xml
2019-05-20 10:39:41  :: Ending GetConfiguracion .\BitMex\incomingBitmex.xml
2019-05-20 10:39:41  :: Initializing WSMarketDataManager @ BitMexInstructionBasedMarketClient
2019-05-20 10:39:43  :: Connected: True - Error Message: 
2019-05-20 10:39:43  :: Initializing SecurityListManager @ BitMexInstructionBasedMarketClient
2019-05-20 10:39:43  :: Assigning events @ BitMexInstructionBasedMarketClient
2019-05-20 10:39:43  :: 5/20/2019 10:39:43 AMOrderRouterBase.LoadConfig
2019-05-20 10:39:43  :: Loading config:.\BitMex\outgoingBitmex.xml
2019-05-20 10:39:43  :: Processing config:.\BitMex\outgoingBitmex.xml
2019-05-20 10:39:43  :: Ending GetConfiguracion .\BitMex\outgoingBitmex.xml
2019-05-20 10:39:44  :: Collections Initialized...
2019-05-20 10:39:44  :: Successfully subscribed to execution event 
2019-05-20 10:39:51  :: Connecting for the first time to client 27724
2019-05-20 10:39:51  :: Connected for the first time to client 27724
2019-05-20 10:39:57  :: Incoming Login request for user MM2_CLOBUI2
2019-05-20 10:39:57  :: user MM2_CLOBUI2 Successfully logged in
2019-05-20 10:40:01  :: Incoming subscription for Service: LT - Service key: XBT-USD - UUID: APIClientUUID SubscriptionType: S UserId: MM2_CLOBUI2 JsonToken:eyJhbGciOiJIUzI1NiIsInR5cCI6IkpXVCJ9.eyJpYXQiOjE1NTEzODY5NjksImV4cCI
2019-05-20 10:40:01  :: Entering ProcessMyTrades for ServiceKey=XBT-USD
2019-05-20 10:40:02  :: SubscriptionResponse UUID: Service:LT ServiceKey: Success:True
2019-05-20 10:42:07  :: Incoming subscription for Service: Oy - Service key: 22@XBT-USD - UUID: APIClientUUID SubscriptionType: S UserId: MM2_CLOBUI2 JsonToken:eyJhbGciOiJIUzI1NiIsInR5cCI6IkpXVCJ9.eyJpYXQiOjE1NTEzODY5NjksImV4cCI
2019-05-20 10:42:07  :: Entering ProcessMyOrders for ServiceKey=22@XBT-USD
2019-05-20 10:42:07  :: @Outgoing Bitmex:Recovering full order list
2019-05-20 10:42:08  :: SubscriptionResponse UUID: Service:Oy ServiceKey: Success:True
2019-05-20 16:00:07  :: Initializing Mock Simulated Server...
2019-05-20 16:00:07  :: Initializing all collections...
2019-05-20 16:00:07  :: 5/20/2019 4:00:07 PMBaseCommunicationModule.LoadConfig
2019-05-20 16:00:07  :: Loading config:.\BitMex\incomingBitmex.xml
2019-05-20 16:00:07  :: Processing config:.\BitMex\incomingBitmex.xml
2019-05-20 16:00:07  :: Ending GetConfiguracion .\BitMex\incomingBitmex.xml
2019-05-20 16:00:07  :: Initializing WSMarketDataManager @ BitMexInstructionBasedMarketClient
2019-05-20 16:00:08  :: Connected: True - Error Message: 
2019-05-20 16:00:08  :: Initializing SecurityListManager @ BitMexInstructionBasedMarketClient
2019-05-20 16:00:08  :: Assigning events @ BitMexInstructionBasedMarketClient
2019-05-20 16:00:09  :: 5/20/2019 4:00:09 PMOrderRouterBase.LoadConfig
2019-05-20 16:00:09  :: Loading config:.\BitMex\outgoingBitmex.xml
2019-05-20 16:00:09  :: Processing config:.\BitMex\outgoingBitmex.xml
2019-05-20 16:00:09  :: Ending GetConfiguracion .\BitMex\outgoingBitmex.xml
2019-05-20 16:00:09  :: Collections Initialized...
2019-05-20 16:00:10  :: Successfully subscribed to execution event 
2019-05-20 16:00:26  :: Connecting for the first time to client 52898
2019-05-20 16:00:26  :: Connected for the first time to client 52898
2019-05-20 16:00:46  :: Incoming Login request for user MM2_CLOBUI2
2019-05-20 16:00:46  :: user MM2_CLOBUI2 Successfully logged in
2019-05-20 16:00:49  :: @Outgoing Bitmex:Routing  to market for symbol XBTU19
2019-05-20 16:00:50  :: Received Filled report for not subscribed security XBT-USD to service Oy
2019-05-20 16:02:05  :: Unknown order processing execution report for OrderId a080ae40-6c03-6279-14bd-ae0d308fd7c0 
2019-05-20 16:02:33  :: Initializing Mock Simulated Server...
2019-05-20 16:02:33  :: Initializing all collections...
2019-05-20 16:02:34  :: 5/20/2019 4:02:34 PMBaseCommunicationModule.LoadConfig
2019-05-20 16:02:34  :: Loading config:.\BitMex\incomingBitmex.xml
2019-05-20 16:02:34  :: Processing config:.\BitMex\incomingBitmex.xml
2019-05-20 16:02:34  :: Ending GetConfiguracion .\BitMex\incomingBitmex.xml
2019-05-20 16:02:34  :: Initializing WSMarketDataManager @ BitMexInstructionBasedMarketClient
2019-05-20 16:02:35  :: Connected: True - Error Message: 
2019-05-20 16:02:35  :: Initializing SecurityListManager @ BitMexInstructionBasedMarketClient
2019-05-20 16:02:35  :: Assigning events @ BitMexInstructionBasedMarketClient
2019-05-20 16:02:35  :: 5/20/2019 4:02:35 PMOrderRouterBase.LoadConfig
2019-05-20 16:02:36  :: Loading config:.\BitMex\outgoingBitmex.xml
2019-05-20 16:02:36  :: Processing config:.\BitMex\outgoingBitmex.xml
2019-05-20 16:02:36  :: Ending GetConfiguracion .\BitMex\outgoingBitmex.xml
2019-05-20 16:02:36  :: Collections Initialized...
2019-05-20 16:02:37  :: Successfully subscribed to execution event 
2019-05-20 16:02:43  :: Connecting for the first time to client 53102
2019-05-20 16:02:43  :: Connected for the first time to client 53102
2019-05-20 16:02:52  :: Incoming Login request for user MM2_CLOBUI2
2019-05-20 16:02:52  :: user MM2_CLOBUI2 Successfully logged in
2019-05-20 16:02:56  :: @Outgoing Bitmex:Routing  to market for symbol XBTU19
2019-05-20 16:03:25  :: @Outgoing Bitmex:Routing  to market for symbol XBTU19
2019-05-20 16:03:26  :: @Outgoing Bitmex:Routing  to market for symbol XBTU19
2019-05-20 16:03:26  :: @Outgoing Bitmex:Routing  to market for symbol XBTU19
2019-05-20 16:03:40  :: @Outgoing Bitmex:Cancelling all orders
2019-05-20 16:04:11  :: @Outgoing Bitmex:Routing  to market for symbol XBTU19
2019-05-20 16:04:11  :: Unknown order processing execution report for OrderId 3242606a-6f9d-5c10-de9e-beb19d8428d0 
2019-05-20 16:04:11  :: @Outgoing Bitmex:Routing  to market for symbol XBTU19
2019-05-20 16:04:12  :: @Outgoing Bitmex:Routing  to market for symbol XBTU19
2019-05-20 16:04:13  :: @Outgoing Bitmex:Routing  to market for symbol XBTU19
2019-05-20 16:04:13  :: @Outgoing Bitmex:Routing  to market for symbol XBTU19
2019-05-20 16:04:23  :: @Outgoing Bitmex:Cancelling all orders
2019-05-20 17:05:42  :: Initializing Mock Simulated Server...
2019-05-20 17:05:42  :: Initializing all collections...
2019-05-20 17:05:43  :: 5/20/2019 5:05:43 PMBaseCommunicationModule.LoadConfig
2019-05-20 17:05:43  :: Loading config:.\BitMex\incomingBitmex.xml
2019-05-20 17:05:43  :: Processing config:.\BitMex\incomingBitmex.xml
2019-05-20 17:05:43  :: Ending GetConfiguracion .\BitMex\incomingBitmex.xml
2019-05-20 17:05:43  :: Initializing WSMarketDataManager @ BitMexInstructionBasedMarketClient
2019-05-20 17:05:46  :: Connected: True - Error Message: 
2019-05-20 17:05:46  :: Initializing SecurityListManager @ BitMexInstructionBasedMarketClient
2019-05-20 17:05:46  :: Assigning events @ BitMexInstructionBasedMarketClient
2019-05-20 17:05:46  :: 5/20/2019 5:05:46 PMOrderRouterBase.LoadConfig
2019-05-20 17:05:46  :: Loading config:.\BitMex\outgoingBitmex.xml
2019-05-20 17:05:46  :: Processing config:.\BitMex\outgoingBitmex.xml
2019-05-20 17:05:46  :: Ending GetConfiguracion .\BitMex\outgoingBitmex.xml
2019-05-20 17:05:47  :: Collections Initialized...
2019-05-20 17:05:48  :: Successfully subscribed to execution event 
2019-05-20 17:07:32  :: Connecting for the first time to client 1273
2019-05-20 17:07:32  :: Connected for the first time to client 1273
2019-05-20 17:08:02  :: Incoming Login request for user MM2_CLOBUI2
2019-05-20 17:08:02  :: user MM2_CLOBUI2 Successfully logged in
2019-05-20 17:08:08  :: Incoming subscription for Service: Oy - Service key: * - UUID: APIClientUUID SubscriptionType: S UserId: MM2_CLOBUI2 JsonToken:eyJhbGciOiJIUzI1NiIsInR5cCI6IkpXVCJ9.eyJpYXQiOjE1NTEzODY5NjksImV4cCI
2019-05-20 17:08:08  :: Entering ProcessMyOrders for ServiceKey=*
2019-05-20 17:08:08  :: @Outgoing Bitmex:Recovering full order list
2019-05-20 17:08:10  :: SubscriptionResponse UUID: Service:Oy ServiceKey: Success:True
2019-05-20 17:08:10  :: Incoming subscription for Service: Oy - Service key: * - UUID: APIClientUUID SubscriptionType: S UserId: MM2_CLOBUI2 JsonToken:eyJhbGciOiJIUzI1NiIsInR5cCI6IkpXVCJ9.eyJpYXQiOjE1NTEzODY5NjksImV4cCI
2019-05-20 17:08:10  :: Entering ProcessMyOrders for ServiceKey=*
2019-05-20 17:08:10  :: @Outgoing Bitmex:Recovering full order list
2019-05-20 17:08:10  :: SubscriptionResponse UUID:APIClientUUID Service:Oy ServiceKey:* Success:True
2019-05-20 17:08:16  :: @Outgoing Bitmex:Routing  to market for symbol XBTU19
2019-05-20 17:08:16  :: Received Filled report for not subscribed security XBT-USD to service Oy
2019-05-20 17:08:23  :: @Outgoing Bitmex:Routing  to market for symbol XBTU19
2019-05-20 17:08:24  :: Received Filled report for not subscribed security XBT-USD to service Oy
2019-05-20 17:08:28  :: @Outgoing Bitmex:Cancelling order
2019-05-20 17:11:40  :: Initializing Mock Simulated Server...
2019-05-20 17:11:40  :: Initializing all collections...
2019-05-20 17:11:40  :: 5/20/2019 5:11:40 PMBaseCommunicationModule.LoadConfig
2019-05-20 17:11:40  :: Loading config:.\BitMex\incomingBitmex.xml
2019-05-20 17:11:40  :: Processing config:.\BitMex\incomingBitmex.xml
2019-05-20 17:11:40  :: Ending GetConfiguracion .\BitMex\incomingBitmex.xml
2019-05-20 17:11:40  :: Initializing WSMarketDataManager @ BitMexInstructionBasedMarketClient
2019-05-20 17:11:42  :: Connected: True - Error Message: 
2019-05-20 17:11:42  :: Initializing SecurityListManager @ BitMexInstructionBasedMarketClient
2019-05-20 17:11:42  :: Assigning events @ BitMexInstructionBasedMarketClient
2019-05-20 17:11:42  :: 5/20/2019 5:11:42 PMOrderRouterBase.LoadConfig
2019-05-20 17:11:42  :: Loading config:.\BitMex\outgoingBitmex.xml
2019-05-20 17:11:42  :: Processing config:.\BitMex\outgoingBitmex.xml
2019-05-20 17:11:42  :: Ending GetConfiguracion .\BitMex\outgoingBitmex.xml
2019-05-20 17:11:43  :: Collections Initialized...
2019-05-20 17:11:44  :: Successfully subscribed to execution event 
2019-05-20 17:11:56  :: Connecting for the first time to client 1697
2019-05-20 17:11:56  :: Connected for the first time to client 1697
2019-05-20 17:12:06  :: Incoming Login request for user MM2_CLOBUI2
2019-05-20 17:12:06  :: user MM2_CLOBUI2 Successfully logged in
2019-05-20 17:12:18  :: Incoming subscription for Service: Oy - Service key: 22@XBT-USD - UUID: APIClientUUID SubscriptionType: S UserId: MM2_CLOBUI2 JsonToken:eyJhbGciOiJIUzI1NiIsInR5cCI6IkpXVCJ9.eyJpYXQiOjE1NTEzODY5NjksImV4cCI
2019-05-20 17:12:18  :: Entering ProcessMyOrders for ServiceKey=22@XBT-USD
2019-05-20 17:12:18  :: @Outgoing Bitmex:Recovering full order list
2019-05-20 17:12:19  :: SubscriptionResponse UUID: Service:Oy ServiceKey: Success:True
2019-05-20 17:12:27  :: @Outgoing Bitmex:Routing  to market for symbol XBTU19
2019-05-20 17:12:27  :: Unknown order processing execution report for OrderId 38f0a7a0-389d-dede-7ab3-ada34e9dadef 
2019-05-20 17:12:27  :: Unknown order processing execution report for OrderId 38f0a7a0-389d-dede-7ab3-ada34e9dadef 
2019-05-20 17:12:43  :: @Outgoing Bitmex:Routing  to market for symbol XBTU19
2019-05-20 17:12:44  :: Unknown order processing execution report for OrderId 3e278e7c-0466-1e56-0704-917835480d34 
2019-05-20 17:12:44  :: Unknown order processing execution report for OrderId 3e278e7c-0466-1e56-0704-917835480d34 
2019-05-20 17:13:00  :: @Outgoing Bitmex:Routing  to market for symbol XBTU19
2019-05-20 17:13:00  :: Unknown order processing execution report for OrderId 847f29e0-3dfb-d854-1554-0bcb91495fa7 
2019-05-20 17:14:04  :: Initializing Mock Simulated Server...
2019-05-20 17:14:04  :: Initializing all collections...
2019-05-20 17:14:04  :: 5/20/2019 5:14:04 PMBaseCommunicationModule.LoadConfig
2019-05-20 17:14:04  :: Loading config:.\BitMex\incomingBitmex.xml
2019-05-20 17:14:04  :: Processing config:.\BitMex\incomingBitmex.xml
2019-05-20 17:14:04  :: Ending GetConfiguracion .\BitMex\incomingBitmex.xml
2019-05-20 17:14:04  :: Initializing WSMarketDataManager @ BitMexInstructionBasedMarketClient
2019-05-20 17:14:06  :: Connected: True - Error Message: 
2019-05-20 17:14:06  :: Initializing SecurityListManager @ BitMexInstructionBasedMarketClient
2019-05-20 17:14:06  :: Assigning events @ BitMexInstructionBasedMarketClient
2019-05-20 17:14:06  :: 5/20/2019 5:14:06 PMOrderRouterBase.LoadConfig
2019-05-20 17:14:06  :: Loading config:.\BitMex\outgoingBitmex.xml
2019-05-20 17:14:06  :: Processing config:.\BitMex\outgoingBitmex.xml
2019-05-20 17:14:06  :: Ending GetConfiguracion .\BitMex\outgoingBitmex.xml
2019-05-20 17:14:07  :: Collections Initialized...
2019-05-20 17:14:08  :: Successfully subscribed to execution event 
2019-05-20 17:14:14  :: Connecting for the first time to client 1904
2019-05-20 17:14:14  :: Connected for the first time to client 1904
2019-05-20 17:14:22  :: Incoming Login request for user MM2_CLOBUI2
2019-05-20 17:14:22  :: user MM2_CLOBUI2 Successfully logged in
2019-05-20 17:14:27  :: @Outgoing Bitmex:Routing  to market for symbol XBTU19
2019-05-20 17:14:28  :: Unknown order processing execution report for OrderId e3d18c3e-a0bb-04cc-a59b-ec1018f5e223 
2019-05-20 17:14:31  :: Received Filled report for not subscribed security XBT-USD to service Oy
2019-05-20 17:14:32  :: @Outgoing Bitmex:Cancelling order
2019-05-20 17:14:50  :: Connecting second client 1943.  Removing previous client
2019-05-20 17:14:50  :: Critical Error publishing Execution Report:Subproceso anulado.
2019-05-20 17:14:50  :: Critical Error publishing OrderCancelReplaceReject:Subproceso anulado.
2019-05-20 17:14:50  :: @Incoming Bitmex:Requesting Unsubscribe Market Data trades On Demand for Symbol: Incoming Bitmex
2019-05-20 17:14:50  :: @Incoming Bitmex:Requesting Unsubscribe Market Data quotes On Demand for Symbol: Incoming Bitmex
2019-05-20 17:14:50  :: @Incoming Bitmex:Requesting Unsubscribe Market Data order book On Demand for Symbol: Incoming Bitmex
2019-05-20 17:14:50  :: Turning threads off on socket disconnection
2019-05-20 17:14:50  :: Connected second client 1943.  Removing previous client
2019-05-20 17:14:55  :: Incoming Login request for user MM2_CLOBUI2
2019-05-20 17:14:55  :: user MM2_CLOBUI2 Successfully logged in
2019-05-20 17:14:58  :: @Outgoing Bitmex:Routing  to market for symbol XBTU19
2019-05-20 17:15:03  :: @Outgoing Bitmex:Cancelling order
2019-05-20 17:17:33  :: Connecting second client 2152.  Removing previous client
2019-05-20 17:17:33  :: Critical Error publishing Execution Report:Subproceso anulado.
2019-05-20 17:17:34  :: @Incoming Bitmex:Requesting Unsubscribe Market Data trades On Demand for Symbol: Incoming Bitmex
2019-05-20 17:17:34  :: Critical Error publishing OrderCancelReplaceReject:Subproceso anulado.
2019-05-20 17:17:34  :: @Incoming Bitmex:Requesting Unsubscribe Market Data quotes On Demand for Symbol: Incoming Bitmex
2019-05-20 17:17:34  :: @Incoming Bitmex:Requesting Unsubscribe Market Data order book On Demand for Symbol: Incoming Bitmex
2019-05-20 17:17:34  :: Turning threads off on socket disconnection
2019-05-20 17:17:34  :: Connected second client 2152.  Removing previous client
2019-05-20 17:17:39  :: Incoming Login request for user MM2_CLOBUI2
2019-05-20 17:17:39  :: user MM2_CLOBUI2 Successfully logged in
2019-05-20 17:17:43  :: @Outgoing Bitmex:Routing  to market for symbol XBTU19
2019-05-20 17:17:44  :: Received Filled report for not subscribed security XBT-USD to service Oy
2019-05-20 17:17:53  :: Connecting second client 2170.  Removing previous client
2019-05-20 17:17:53  :: Critical Error publishing Execution Report:Subproceso anulado.
2019-05-20 17:17:53  :: @Incoming Bitmex:Requesting Unsubscribe Market Data trades On Demand for Symbol: Incoming Bitmex
2019-05-20 17:17:53  :: @Incoming Bitmex:Requesting Unsubscribe Market Data quotes On Demand for Symbol: Incoming Bitmex
2019-05-20 17:17:53  :: Critical Error publishing OrderCancelReplaceReject:Subproceso anulado.
2019-05-20 17:17:53  :: @Incoming Bitmex:Requesting Unsubscribe Market Data order book On Demand for Symbol: Incoming Bitmex
2019-05-20 17:17:53  :: Turning threads off on socket disconnection
2019-05-20 17:17:53  :: Connected second client 2170.  Removing previous client
2019-05-20 17:18:01  :: Incoming Login request for user MM2_CLOBUI2
2019-05-20 17:18:01  :: user MM2_CLOBUI2 Successfully logged in
2019-05-20 17:18:08  :: Incoming subscription for Service: Oy - Service key: * - UUID: APIClientUUID SubscriptionType: S UserId: MM2_CLOBUI2 JsonToken:eyJhbGciOiJIUzI1NiIsInR5cCI6IkpXVCJ9.eyJpYXQiOjE1NTEzODY5NjksImV4cCI
2019-05-20 17:18:08  :: Entering ProcessMyOrders for ServiceKey=*
2019-05-20 17:18:08  :: @Outgoing Bitmex:Recovering full order list
2019-05-20 17:18:08  :: SubscriptionResponse UUID: Service:Oy ServiceKey: Success:True
2019-05-20 17:18:13  :: @Outgoing Bitmex:Routing  to market for symbol XBTU19
2019-05-20 17:18:14  :: Received Filled report for not subscribed security XBT-USD to service Oy
2019-05-20 17:18:23  :: @Outgoing Bitmex:Routing  to market for symbol XBTU19
2019-05-20 17:18:24  :: Received Filled report for not subscribed security XBT-USD to service Oy
2019-05-20 17:18:55  :: @Outgoing Bitmex:Routing  to market for symbol XBTU19
2019-05-20 17:21:07  :: Initializing Mock Simulated Server...
2019-05-20 17:21:07  :: Initializing all collections...
2019-05-20 17:21:07  :: 5/20/2019 5:21:07 PMBaseCommunicationModule.LoadConfig
2019-05-20 17:21:07  :: Loading config:.\BitMex\incomingBitmex.xml
2019-05-20 17:21:07  :: Processing config:.\BitMex\incomingBitmex.xml
2019-05-20 17:21:07  :: Ending GetConfiguracion .\BitMex\incomingBitmex.xml
2019-05-20 17:21:07  :: Initializing WSMarketDataManager @ BitMexInstructionBasedMarketClient
2019-05-20 17:21:09  :: Connected: True - Error Message: 
2019-05-20 17:21:09  :: Initializing SecurityListManager @ BitMexInstructionBasedMarketClient
2019-05-20 17:21:09  :: Assigning events @ BitMexInstructionBasedMarketClient
2019-05-20 17:21:09  :: 5/20/2019 5:21:09 PMOrderRouterBase.LoadConfig
2019-05-20 17:21:09  :: Loading config:.\BitMex\outgoingBitmex.xml
2019-05-20 17:21:09  :: Processing config:.\BitMex\outgoingBitmex.xml
2019-05-20 17:21:09  :: Ending GetConfiguracion .\BitMex\outgoingBitmex.xml
2019-05-20 17:21:10  :: Collections Initialized...
2019-05-20 17:21:11  :: Successfully subscribed to execution event 
2019-05-20 17:21:18  :: Connecting for the first time to client 2375
2019-05-20 17:21:18  :: Connected for the first time to client 2375
2019-05-20 17:21:23  :: Incoming Login request for user MM2_CLOBUI2
2019-05-20 17:21:23  :: user MM2_CLOBUI2 Successfully logged in
2019-05-20 17:21:28  :: Incoming subscription for Service: Oy - Service key: 22@XBT-USD - UUID: APIClientUUID SubscriptionType: S UserId: MM2_CLOBUI2 JsonToken:eyJhbGciOiJIUzI1NiIsInR5cCI6IkpXVCJ9.eyJpYXQiOjE1NTEzODY5NjksImV4cCI
2019-05-20 17:21:28  :: Entering ProcessMyOrders for ServiceKey=22@XBT-USD
2019-05-20 17:21:28  :: @Outgoing Bitmex:Recovering full order list
2019-05-20 17:21:29  :: SubscriptionResponse UUID: Service:Oy ServiceKey: Success:True
2019-05-20 17:21:38  :: @Outgoing Bitmex:Routing  to market for symbol XBTU19
